#
# There is insufficient memory for the Java Runtime Environment to continue.
# Native memory allocation (malloc) failed to allocate 1572176 bytes for Chunk::new
# Possible reasons:
#   The system is out of physical RAM or swap space
#   The process is running with CompressedOops enabled, and the Java Heap may be blocking the growth of the native heap
# Possible solutions:
#   Reduce memory load on the system
#   Increase physical memory or swap space
#   Check if swap backing store is full
#   Decrease Java heap size (-Xmx/-Xms)
#   Decrease number of Java threads
#   Decrease Java thread stack sizes (-Xss)
#   Set larger code cache with -XX:ReservedCodeCacheSize=
#   JVM is running with Unscaled Compressed Oops mode in which the Java heap is
#     placed in the first 4GB address space. The Java Heap base address is the
#     maximum limit for the native heap growth. Please use -XX:HeapBaseMinAddress
#     to set the Java Heap base and to place the Java Heap above 4GB virtual address.
# This output file may be truncated or incomplete.
#
#  Out of Memory Error (arena.cpp:189), pid=10280, tid=12624
#
# JRE version: Java(TM) SE Runtime Environment (17.0.8+9) (build 17.0.8+9-LTS-211)
# Java VM: Java HotSpot(TM) 64-Bit Server VM (17.0.8+9-LTS-211, mixed mode, sharing, tiered, compressed oops, compressed class ptrs, g1 gc, windows-amd64)
# No core dump will be written. Minidumps are not enabled by default on client versions of Windows
#

---------------  S U M M A R Y ------------

Command Line: --add-opens=java.base/java.util=ALL-UNNAMED --add-opens=java.base/java.lang=ALL-UNNAMED --add-opens=java.base/java.lang.invoke=ALL-UNNAMED --add-opens=java.prefs/java.util.prefs=ALL-UNNAMED --add-opens=java.base/java.nio.charset=ALL-UNNAMED --add-opens=java.base/java.net=ALL-UNNAMED --add-opens=java.base/java.util.concurrent.atomic=ALL-UNNAMED -XX:MaxMetaspaceSize=384m -XX:+HeapDumpOnOutOfMemoryError -Xms256m -Xmx512m -Dfile.encoding=windows-1252 -Duser.country=US -Duser.language=en -Duser.variant -javaagent:C:\Users\Student\.gradle\wrapper\dists\gradle-8.5-bin\5t9huq95ubn472n8rpzujfbqh\gradle-8.5\lib\agents\gradle-instrumentation-agent-8.5.jar org.gradle.launcher.daemon.bootstrap.GradleDaemon 8.5

Host: Intel(R) Core(TM) i5-10400 CPU @ 2.90GHz, 12 cores, 7G,  Windows 10 , 64 bit Build 19041 (10.0.19041.804)
Time: Mon Apr  1 19:47:30 2024 SE Asia Standard Time elapsed time: 14.355113 seconds (0d 0h 0m 14s)

---------------  T H R E A D  ---------------

Current thread (0x000002435d55cdb0):  JavaThread "C2 CompilerThread0" daemon [_thread_in_native, id=12624, stack(0x000000d5b7300000,0x000000d5b7400000)]


Current CompileTask:
C2:  14355 5637       4       groovy.lang.MetaClassImpl$1MOPIter::methodNameAction (325 bytes)

Stack: [0x000000d5b7300000,0x000000d5b7400000]
Native frames: (J=compiled Java code, j=interpreted, Vv=VM code, C=native code)
V  [jvm.dll+0x677d0a]
V  [jvm.dll+0x7d8c54]
V  [jvm.dll+0x7da3fe]
V  [jvm.dll+0x7daa63]
V  [jvm.dll+0x245c5f]
V  [jvm.dll+0xaaa6b]
V  [jvm.dll+0xab00c]
V  [jvm.dll+0x361e3f]
V  [jvm.dll+0x32c551]
V  [jvm.dll+0x32b9ea]
V  [jvm.dll+0x217fff]
V  [jvm.dll+0x217431]
V  [jvm.dll+0x1a3af0]
V  [jvm.dll+0x2270be]
V  [jvm.dll+0x22535b]
V  [jvm.dll+0x78e7bc]
V  [jvm.dll+0x788bba]
V  [jvm.dll+0x676b35]
C  [ucrtbase.dll+0x21bb2]
C  [KERNEL32.DLL+0x17034]
C  [ntdll.dll+0x52651]


---------------  P R O C E S S  ---------------

Threads class SMR info:
_java_thread_list=0x000002437b428880, length=75, elements={
0x0000024342811820, 0x000002435d53e540, 0x000002435d53f2c0, 0x000002435d557660,
0x000002435d55a030, 0x000002435d55a8f0, 0x000002435d55b1b0, 0x000002435d55cdb0,
0x000002435d55d6b0, 0x000002435d576310, 0x000002435d528210, 0x000002435d83ad20,
0x0000024378b4b070, 0x00000243784ac0e0, 0x0000024378df7800, 0x00000243781955e0,
0x00000243790f1310, 0x00000243777c6050, 0x00000243777c6930, 0x0000024378f0d430,
0x0000024377fb4360, 0x0000024377fb34f0, 0x0000024377fb39c0, 0x0000024377fb51d0,
0x0000024377fb3e90, 0x0000024377fb6510, 0x0000024377fb56a0, 0x0000024377fb6040,
0x0000024377fb5b70, 0x0000024377fb69e0, 0x0000024379699ba0, 0x000002437969aa10,
0x000002437969d090, 0x000002437969a540, 0x0000024379698d30, 0x000002437969bd50,
0x000002437969b3b0, 0x000002437969c220, 0x000002437969c6f0, 0x000002437969da30,
0x000002437969df00, 0x000002437969fbe0, 0x000002437969e3d0, 0x000002437969ed70,
0x000002437969f240, 0x000002437969f710, 0x00000243796a00b0, 0x0000024379698860,
0x000002437703dde0, 0x000002437703bc30, 0x0000024377039a80, 0x0000024377039f50,
0x000002437703a420, 0x000002437703c100, 0x000002437703adc0, 0x000002437703c5d0,
0x000002437703caa0, 0x000002437703d910, 0x000002437703b290, 0x000002437703d440,
0x000002437703e2b0, 0x000002437703e780, 0x000002437703ec50, 0x000002437703f120,
0x000002437703f5f0, 0x0000024377037da0, 0x0000024377038270, 0x0000024377038c10,
0x00000243770390e0, 0x0000024377038740, 0x00000243770395b0, 0x000002437703a8f0,
0x0000024379797690, 0x000002437be6cb30, 0x000002437be6c620
}

Java Threads: ( => current thread )
  0x0000024342811820 JavaThread "main" [_thread_blocked, id=1512, stack(0x000000d5b6600000,0x000000d5b6700000)]
  0x000002435d53e540 JavaThread "Reference Handler" daemon [_thread_blocked, id=12584, stack(0x000000d5b6d00000,0x000000d5b6e00000)]
  0x000002435d53f2c0 JavaThread "Finalizer" daemon [_thread_blocked, id=9260, stack(0x000000d5b6e00000,0x000000d5b6f00000)]
  0x000002435d557660 JavaThread "Signal Dispatcher" daemon [_thread_blocked, id=9472, stack(0x000000d5b6f00000,0x000000d5b7000000)]
  0x000002435d55a030 JavaThread "Attach Listener" daemon [_thread_blocked, id=3956, stack(0x000000d5b7000000,0x000000d5b7100000)]
  0x000002435d55a8f0 JavaThread "Service Thread" daemon [_thread_blocked, id=3104, stack(0x000000d5b7100000,0x000000d5b7200000)]
  0x000002435d55b1b0 JavaThread "Monitor Deflation Thread" daemon [_thread_blocked, id=11160, stack(0x000000d5b7200000,0x000000d5b7300000)]
=>0x000002435d55cdb0 JavaThread "C2 CompilerThread0" daemon [_thread_in_native, id=12624, stack(0x000000d5b7300000,0x000000d5b7400000)]
  0x000002435d55d6b0 JavaThread "C1 CompilerThread0" daemon [_thread_blocked, id=2340, stack(0x000000d5b7400000,0x000000d5b7500000)]
  0x000002435d576310 JavaThread "Sweeper thread" daemon [_thread_blocked, id=1884, stack(0x000000d5b7500000,0x000000d5b7600000)]
  0x000002435d528210 JavaThread "Common-Cleaner" daemon [_thread_blocked, id=12872, stack(0x000000d5b7600000,0x000000d5b7700000)]
  0x000002435d83ad20 JavaThread "Notification Thread" daemon [_thread_blocked, id=6700, stack(0x000000d5b7700000,0x000000d5b7800000)]
  0x0000024378b4b070 JavaThread "Daemon health stats" [_thread_blocked, id=11576, stack(0x000000d5b7a00000,0x000000d5b7b00000)]
  0x00000243784ac0e0 JavaThread "Incoming local TCP Connector on port 51877" [_thread_in_native, id=11268, stack(0x000000d5b7900000,0x000000d5b7a00000)]
  0x0000024378df7800 JavaThread "Daemon periodic checks" [_thread_blocked, id=11136, stack(0x000000d5b8000000,0x000000d5b8100000)]
  0x00000243781955e0 JavaThread "Daemon" [_thread_blocked, id=10844, stack(0x000000d5b8100000,0x000000d5b8200000)]
  0x00000243790f1310 JavaThread "Handler for socket connection from /127.0.0.1:51877 to /127.0.0.1:51878" [_thread_in_native, id=10176, stack(0x000000d5b8200000,0x000000d5b8300000)]
  0x00000243777c6050 JavaThread "Cancel handler" [_thread_blocked, id=9988, stack(0x000000d5b8300000,0x000000d5b8400000)]
  0x00000243777c6930 JavaThread "Daemon worker" [_thread_blocked, id=10608, stack(0x000000d5b8400000,0x000000d5b8500000)]
  0x0000024378f0d430 JavaThread "Asynchronous log dispatcher for DefaultDaemonConnection: socket connection from /127.0.0.1:51877 to /127.0.0.1:51878" [_thread_blocked, id=1812, stack(0x000000d5b8500000,0x000000d5b8600000)]
  0x0000024377fb4360 JavaThread "Stdin handler" [_thread_blocked, id=10436, stack(0x000000d5b8600000,0x000000d5b8700000)]
  0x0000024377fb34f0 JavaThread "Daemon client event forwarder" [_thread_blocked, id=9440, stack(0x000000d5b8700000,0x000000d5b8800000)]
  0x0000024377fb39c0 JavaThread "Cache worker for journal cache (C:\Users\Student\.gradle\caches\journal-1)" [_thread_blocked, id=5400, stack(0x000000d5b8900000,0x000000d5b8a00000)]
  0x0000024377fb51d0 JavaThread "File lock request listener" [_thread_in_native, id=5900, stack(0x000000d5b8a00000,0x000000d5b8b00000)]
  0x0000024377fb3e90 JavaThread "File lock release action executor" [_thread_blocked, id=12792, stack(0x000000d5b8b00000,0x000000d5b8c00000)]
  0x0000024377fb6510 JavaThread "Cache worker for file hash cache (C:\Users\Student\.gradle\caches\8.5\fileHashes)" [_thread_blocked, id=10680, stack(0x000000d5b8c00000,0x000000d5b8d00000)]
  0x0000024377fb56a0 JavaThread "File watcher server" daemon [_thread_in_native, id=10884, stack(0x000000d5b8e00000,0x000000d5b8f00000)]
  0x0000024377fb6040 JavaThread "File watcher consumer" daemon [_thread_blocked, id=2308, stack(0x000000d5b8f00000,0x000000d5b9000000)]
  0x0000024377fb5b70 JavaThread "Cache worker for checksums cache (T:\SoftwareArchitecture-Week7\Service2_User\.gradle\8.5\checksums)" [_thread_blocked, id=2500, stack(0x000000d5b9600000,0x000000d5b9700000)]
  0x0000024377fb69e0 JavaThread "Cache worker for file hash cache (T:\SoftwareArchitecture-Week7\Service2_User\.gradle\8.5\fileHashes)" [_thread_blocked, id=11192, stack(0x000000d5b9700000,0x000000d5b9800000)]
  0x0000024379699ba0 JavaThread "Cache worker for cache directory md-supplier (C:\Users\Student\.gradle\caches\8.5\md-supplier)" [_thread_blocked, id=9620, stack(0x000000d5b9800000,0x000000d5b9900000)]
  0x000002437969aa10 JavaThread "Cache worker for cache directory md-rule (C:\Users\Student\.gradle\caches\8.5\md-rule)" [_thread_blocked, id=12752, stack(0x000000d5b9900000,0x000000d5b9a00000)]
  0x000002437969d090 JavaThread "Cache worker for file content cache (C:\Users\Student\.gradle\caches\8.5\fileContent)" [_thread_blocked, id=10456, stack(0x000000d5b9a00000,0x000000d5b9b00000)]
  0x000002437969a540 JavaThread "Cache worker for execution history cache (C:\Users\Student\.gradle\caches\8.5\executionHistory)" [_thread_blocked, id=11352, stack(0x000000d5b9b00000,0x000000d5b9c00000)]
  0x0000024379698d30 JavaThread "jar transforms" [_thread_blocked, id=10516, stack(0x000000d5b9c00000,0x000000d5b9d00000)]
  0x000002437969bd50 JavaThread "jar transforms Thread 2" [_thread_blocked, id=2296, stack(0x000000d5b9d00000,0x000000d5b9e00000)]
  0x000002437969b3b0 JavaThread "jar transforms Thread 3" [_thread_blocked, id=12680, stack(0x000000d5b9e00000,0x000000d5b9f00000)]
  0x000002437969c220 JavaThread "jar transforms Thread 4" [_thread_blocked, id=2728, stack(0x000000d5b9f00000,0x000000d5ba000000)]
  0x000002437969c6f0 JavaThread "jar transforms Thread 5" [_thread_blocked, id=8576, stack(0x000000d5ba000000,0x000000d5ba100000)]
  0x000002437969da30 JavaThread "jar transforms Thread 6" [_thread_blocked, id=4308, stack(0x000000d5ba100000,0x000000d5ba200000)]
  0x000002437969df00 JavaThread "Cache worker for dependencies-accessors (T:\SoftwareArchitecture-Week7\Service2_User\.gradle\8.5\dependencies-accessors)" [_thread_blocked, id=4148, stack(0x000000d5ba200000,0x000000d5ba300000)]
  0x000002437969fbe0 JavaThread "jar transforms Thread 7" [_thread_blocked, id=13080, stack(0x000000d5ba300000,0x000000d5ba400000)]
  0x000002437969e3d0 JavaThread "Cache worker for Build Output Cleanup Cache (T:\SoftwareArchitecture-Week7\Service2_User\.gradle\buildOutputCleanup)" [_thread_blocked, id=9004, stack(0x000000d5ba400000,0x000000d5ba500000)]
  0x000002437969ed70 JavaThread "Unconstrained build operations" [_thread_blocked, id=3528, stack(0x000000d5b8800000,0x000000d5b8900000)]
  0x000002437969f240 JavaThread "Unconstrained build operations Thread 2" [_thread_blocked, id=6072, stack(0x000000d5b8d00000,0x000000d5b8e00000)]
  0x000002437969f710 JavaThread "Unconstrained build operations Thread 3" [_thread_blocked, id=8076, stack(0x000000d5ba500000,0x000000d5ba600000)]
  0x00000243796a00b0 JavaThread "Unconstrained build operations Thread 4" [_thread_blocked, id=11116, stack(0x000000d5ba600000,0x000000d5ba700000)]
  0x0000024379698860 JavaThread "Unconstrained build operations Thread 5" [_thread_blocked, id=11796, stack(0x000000d5ba700000,0x000000d5ba800000)]
  0x000002437703dde0 JavaThread "Unconstrained build operations Thread 6" [_thread_blocked, id=11908, stack(0x000000d5ba800000,0x000000d5ba900000)]
  0x000002437703bc30 JavaThread "Unconstrained build operations Thread 7" [_thread_blocked, id=9296, stack(0x000000d5ba900000,0x000000d5baa00000)]
  0x0000024377039a80 JavaThread "Unconstrained build operations Thread 8" [_thread_blocked, id=8364, stack(0x000000d5baa00000,0x000000d5bab00000)]
  0x0000024377039f50 JavaThread "Unconstrained build operations Thread 9" [_thread_blocked, id=11248, stack(0x000000d5bab00000,0x000000d5bac00000)]
  0x000002437703a420 JavaThread "Unconstrained build operations Thread 10" [_thread_blocked, id=2260, stack(0x000000d5bac00000,0x000000d5bad00000)]
  0x000002437703c100 JavaThread "Unconstrained build operations Thread 11" [_thread_blocked, id=2772, stack(0x000000d5bad00000,0x000000d5bae00000)]
  0x000002437703adc0 JavaThread "jar transforms Thread 8" [_thread_blocked, id=8396, stack(0x000000d5baf00000,0x000000d5bb000000)]
  0x000002437703c5d0 JavaThread "jar transforms Thread 9" [_thread_blocked, id=10660, stack(0x000000d5bb000000,0x000000d5bb100000)]
  0x000002437703caa0 JavaThread "jar transforms Thread 10" [_thread_blocked, id=6540, stack(0x000000d5bb100000,0x000000d5bb200000)]
  0x000002437703d910 JavaThread "jar transforms Thread 11" [_thread_blocked, id=1872, stack(0x000000d5bb200000,0x000000d5bb300000)]
  0x000002437703b290 JavaThread "jar transforms Thread 12" [_thread_blocked, id=11824, stack(0x000000d5bb300000,0x000000d5bb400000)]
  0x000002437703d440 JavaThread "Memory manager" [_thread_blocked, id=2384, stack(0x000000d5bb400000,0x000000d5bb500000)]
  0x000002437703e2b0 JavaThread "included builds" [_thread_blocked, id=6688, stack(0x000000d5bb600000,0x000000d5bb700000)]
  0x000002437703e780 JavaThread "Execution worker" [_thread_blocked, id=5992, stack(0x000000d5bb700000,0x000000d5bb800000)]
  0x000002437703ec50 JavaThread "Execution worker Thread 2" [_thread_blocked, id=13156, stack(0x000000d5bb800000,0x000000d5bb900000)]
  0x000002437703f120 JavaThread "Execution worker Thread 3" [_thread_blocked, id=3032, stack(0x000000d5bb900000,0x000000d5bba00000)]
  0x000002437703f5f0 JavaThread "Execution worker Thread 4" [_thread_blocked, id=6448, stack(0x000000d5bba00000,0x000000d5bbb00000)]
  0x0000024377037da0 JavaThread "Execution worker Thread 5" [_thread_blocked, id=12324, stack(0x000000d5bbb00000,0x000000d5bbc00000)]
  0x0000024377038270 JavaThread "Execution worker Thread 6" [_thread_blocked, id=12776, stack(0x000000d5bbc00000,0x000000d5bbd00000)]
  0x0000024377038c10 JavaThread "Execution worker Thread 7" [_thread_blocked, id=8972, stack(0x000000d5bbd00000,0x000000d5bbe00000)]
  0x00000243770390e0 JavaThread "Execution worker Thread 8" [_thread_blocked, id=5024, stack(0x000000d5bbe00000,0x000000d5bbf00000)]
  0x0000024377038740 JavaThread "Execution worker Thread 9" [_thread_blocked, id=3880, stack(0x000000d5bbf00000,0x000000d5bc000000)]
  0x00000243770395b0 JavaThread "Execution worker Thread 10" [_thread_blocked, id=11348, stack(0x000000d5bc000000,0x000000d5bc100000)]
  0x000002437703a8f0 JavaThread "Execution worker Thread 11" [_thread_blocked, id=12312, stack(0x000000d5bc100000,0x000000d5bc200000)]
  0x0000024379797690 JavaThread "Cache worker for execution history cache (T:\SoftwareArchitecture-Week7\Service2_User\.gradle\8.5\executionHistory)" [_thread_blocked, id=840, stack(0x000000d5bc200000,0x000000d5bc300000)]
  0x000002437be6cb30 JavaThread "C2 CompilerThread1" daemon [_thread_blocked, id=5476, stack(0x000000d5bae00000,0x000000d5baf00000)]
  0x000002437be6c620 JavaThread "C2 CompilerThread2" daemon [_thread_blocked, id=9012, stack(0x000000d5bb500000,0x000000d5bb600000)]

Other Threads:
  0x000002435d5379d0 VMThread "VM Thread" [stack: 0x000000d5b6c00000,0x000000d5b6d00000] [id=11344]
  0x000002435d89ce20 WatcherThread [stack: 0x000000d5b7800000,0x000000d5b7900000] [id=6368]
  0x0000024342841cf0 GCTaskThread "GC Thread#0" [stack: 0x000000d5b6700000,0x000000d5b6800000] [id=3480]
  0x00000243777cae10 GCTaskThread "GC Thread#1" [stack: 0x000000d5b7b00000,0x000000d5b7c00000] [id=7536]
  0x0000024377c5e720 GCTaskThread "GC Thread#2" [stack: 0x000000d5b7c00000,0x000000d5b7d00000] [id=4772]
  0x0000024377590190 GCTaskThread "GC Thread#3" [stack: 0x000000d5b7d00000,0x000000d5b7e00000] [id=12828]
  0x00000243778154e0 GCTaskThread "GC Thread#4" [stack: 0x000000d5b7e00000,0x000000d5b7f00000] [id=6984]
  0x00000243774dee40 GCTaskThread "GC Thread#5" [stack: 0x000000d5b7f00000,0x000000d5b8000000] [id=1356]
  0x0000024378221680 GCTaskThread "GC Thread#6" [stack: 0x000000d5b9000000,0x000000d5b9100000] [id=8348]
  0x0000024378221120 GCTaskThread "GC Thread#7" [stack: 0x000000d5b9100000,0x000000d5b9200000] [id=9424]
  0x0000024378221930 GCTaskThread "GC Thread#8" [stack: 0x000000d5b9200000,0x000000d5b9300000] [id=9300]
  0x0000024378221e90 GCTaskThread "GC Thread#9" [stack: 0x000000d5b9300000,0x000000d5b9400000] [id=4968]
  0x0000024342847b50 ConcurrentGCThread "G1 Main Marker" [stack: 0x000000d5b6800000,0x000000d5b6900000] [id=12976]
  0x0000024342848470 ConcurrentGCThread "G1 Conc#0" [stack: 0x000000d5b6900000,0x000000d5b6a00000] [id=7892]
  0x000002437b82cbb0 ConcurrentGCThread "G1 Conc#1" [stack: 0x000000d5b9400000,0x000000d5b9500000] [id=12572]
  0x000002437b82be40 ConcurrentGCThread "G1 Conc#2" [stack: 0x000000d5b9500000,0x000000d5b9600000] [id=9392]
  0x00000243428ee900 ConcurrentGCThread "G1 Refine#0" [stack: 0x000000d5b6a00000,0x000000d5b6b00000] [id=12932]
  0x000002435d3fe370 ConcurrentGCThread "G1 Service" [stack: 0x000000d5b6b00000,0x000000d5b6c00000] [id=7576]

Threads with active compile tasks:
C2 CompilerThread0    14365 5637       4       groovy.lang.MetaClassImpl$1MOPIter::methodNameAction (325 bytes)

VM state: not at safepoint (normal execution)

VM Mutex/Monitor currently owned by a thread: None

Heap address: 0x00000000e0000000, size: 512 MB, Compressed Oops mode: 32-bit

CDS archive(s) mapped at: [0x000002435e000000-0x000002435ebd0000-0x000002435ebd0000), size 12386304, SharedBaseAddress: 0x000002435e000000, ArchiveRelocationMode: 1.
Compressed class space mapped at: 0x000002435f000000-0x0000024373000000, reserved size: 335544320
Narrow klass base: 0x000002435e000000, Narrow klass shift: 0, Narrow klass range: 0x100000000

GC Precious Log:
 CPUs: 12 total, 12 available
 Memory: 7939M
 Large Page Support: Disabled
 NUMA Support: Disabled
 Compressed Oops: Enabled (32-bit)
 Heap Region Size: 1M
 Heap Min Capacity: 256M
 Heap Initial Capacity: 256M
 Heap Max Capacity: 512M
 Pre-touch: Disabled
 Parallel Workers: 10
 Concurrent Workers: 3
 Concurrent Refinement Workers: 10
 Periodic GC: Disabled

Heap:
 garbage-first heap   total 262144K, used 50657K [0x00000000e0000000, 0x0000000100000000)
  region size 1024K, 29 young (29696K), 19 survivors (19456K)
 Metaspace       used 48971K, committed 49472K, reserved 393216K
  class space    used 7069K, committed 7360K, reserved 327680K

Heap Regions: E=young(eden), S=young(survivor), O=old, HS=humongous(starts), HC=humongous(continues), CS=collection set, F=free, OA=open archive, CA=closed archive, TAMS=top-at-mark-start (previous, next)
|   0|0x00000000e0000000, 0x00000000e0100000, 0x00000000e0100000|100%|HS|  |TAMS 0x00000000e0100000, 0x00000000e0000000| Complete 
|   1|0x00000000e0100000, 0x00000000e0200000, 0x00000000e0200000|100%|HC|  |TAMS 0x00000000e0200000, 0x00000000e0100000| Complete 
|   2|0x00000000e0200000, 0x00000000e0300000, 0x00000000e0300000|100%|HC|  |TAMS 0x00000000e0300000, 0x00000000e0200000| Complete 
|   3|0x00000000e0300000, 0x00000000e0400000, 0x00000000e0400000|100%|HC|  |TAMS 0x00000000e0400000, 0x00000000e0300000| Complete 
|   4|0x00000000e0400000, 0x00000000e0500000, 0x00000000e0500000|100%| O|  |TAMS 0x00000000e0500000, 0x00000000e0400000| Untracked 
|   5|0x00000000e0500000, 0x00000000e0600000, 0x00000000e0600000|100%| O|  |TAMS 0x00000000e0600000, 0x00000000e0500000| Untracked 
|   6|0x00000000e0600000, 0x00000000e0700000, 0x00000000e0700000|100%| O|  |TAMS 0x00000000e0700000, 0x00000000e0600000| Untracked 
|   7|0x00000000e0700000, 0x00000000e0800000, 0x00000000e0800000|100%| O|  |TAMS 0x00000000e0800000, 0x00000000e0700000| Untracked 
|   8|0x00000000e0800000, 0x00000000e0900000, 0x00000000e0900000|100%| O|  |TAMS 0x00000000e0900000, 0x00000000e0800000| Untracked 
|   9|0x00000000e0900000, 0x00000000e0a00000, 0x00000000e0a00000|100%| O|  |TAMS 0x00000000e0a00000, 0x00000000e0900000| Untracked 
|  10|0x00000000e0a00000, 0x00000000e0b00000, 0x00000000e0b00000|100%| O|  |TAMS 0x00000000e0ad7c00, 0x00000000e0a00000| Untracked 
|  11|0x00000000e0b00000, 0x00000000e0b00000, 0x00000000e0c00000|  0%| F|  |TAMS 0x00000000e0b00000, 0x00000000e0b00000| Untracked 
|  12|0x00000000e0c00000, 0x00000000e0c00000, 0x00000000e0d00000|  0%| F|  |TAMS 0x00000000e0c00000, 0x00000000e0c00000| Untracked 
|  13|0x00000000e0d00000, 0x00000000e0d00000, 0x00000000e0e00000|  0%| F|  |TAMS 0x00000000e0d00000, 0x00000000e0d00000| Untracked 
|  14|0x00000000e0e00000, 0x00000000e0e00000, 0x00000000e0f00000|  0%| F|  |TAMS 0x00000000e0e00000, 0x00000000e0e00000| Untracked 
|  15|0x00000000e0f00000, 0x00000000e0f00000, 0x00000000e1000000|  0%| F|  |TAMS 0x00000000e0f00000, 0x00000000e0f00000| Untracked 
|  16|0x00000000e1000000, 0x00000000e1100000, 0x00000000e1100000|100%| O|  |TAMS 0x00000000e1000000, 0x00000000e1000000| Untracked 
|  17|0x00000000e1100000, 0x00000000e1200000, 0x00000000e1200000|100%| O|  |TAMS 0x00000000e1100000, 0x00000000e1100000| Untracked 
|  18|0x00000000e1200000, 0x00000000e1300000, 0x00000000e1300000|100%| O|  |TAMS 0x00000000e1200000, 0x00000000e1200000| Untracked 
|  19|0x00000000e1300000, 0x00000000e1400000, 0x00000000e1400000|100%| O|  |TAMS 0x00000000e1300000, 0x00000000e1300000| Untracked 
|  20|0x00000000e1400000, 0x00000000e1500000, 0x00000000e1500000|100%| O|  |TAMS 0x00000000e1400000, 0x00000000e1400000| Untracked 
|  21|0x00000000e1500000, 0x00000000e1600000, 0x00000000e1600000|100%| O|  |TAMS 0x00000000e1500000, 0x00000000e1500000| Untracked 
|  22|0x00000000e1600000, 0x00000000e1700000, 0x00000000e1700000|100%| O|  |TAMS 0x00000000e1600000, 0x00000000e1600000| Untracked 
|  23|0x00000000e1700000, 0x00000000e1800000, 0x00000000e1800000|100%| O|  |TAMS 0x00000000e1700000, 0x00000000e1700000| Untracked 
|  24|0x00000000e1800000, 0x00000000e1900000, 0x00000000e1900000|100%| O|  |TAMS 0x00000000e1800000, 0x00000000e1800000| Untracked 
|  25|0x00000000e1900000, 0x00000000e1a00000, 0x00000000e1a00000|100%| O|  |TAMS 0x00000000e1900000, 0x00000000e1900000| Untracked 
|  26|0x00000000e1a00000, 0x00000000e1b00000, 0x00000000e1b00000|100%| O|  |TAMS 0x00000000e1a00000, 0x00000000e1a00000| Untracked 
|  27|0x00000000e1b00000, 0x00000000e1b53800, 0x00000000e1c00000| 32%| O|  |TAMS 0x00000000e1b00000, 0x00000000e1b00000| Untracked 
|  28|0x00000000e1c00000, 0x00000000e1c00000, 0x00000000e1d00000|  0%| F|  |TAMS 0x00000000e1c00000, 0x00000000e1c00000| Untracked 
|  29|0x00000000e1d00000, 0x00000000e1d00000, 0x00000000e1e00000|  0%| F|  |TAMS 0x00000000e1d00000, 0x00000000e1d00000| Untracked 
|  30|0x00000000e1e00000, 0x00000000e1e00000, 0x00000000e1f00000|  0%| F|  |TAMS 0x00000000e1e00000, 0x00000000e1e00000| Untracked 
|  31|0x00000000e1f00000, 0x00000000e1f00000, 0x00000000e2000000|  0%| F|  |TAMS 0x00000000e1f00000, 0x00000000e1f00000| Untracked 
|  32|0x00000000e2000000, 0x00000000e2000000, 0x00000000e2100000|  0%| F|  |TAMS 0x00000000e2000000, 0x00000000e2000000| Untracked 
|  33|0x00000000e2100000, 0x00000000e2100000, 0x00000000e2200000|  0%| F|  |TAMS 0x00000000e2100000, 0x00000000e2100000| Untracked 
|  34|0x00000000e2200000, 0x00000000e2200000, 0x00000000e2300000|  0%| F|  |TAMS 0x00000000e2200000, 0x00000000e2200000| Untracked 
|  35|0x00000000e2300000, 0x00000000e2300000, 0x00000000e2400000|  0%| F|  |TAMS 0x00000000e2300000, 0x00000000e2300000| Untracked 
|  36|0x00000000e2400000, 0x00000000e2400000, 0x00000000e2500000|  0%| F|  |TAMS 0x00000000e2400000, 0x00000000e2400000| Untracked 
|  37|0x00000000e2500000, 0x00000000e2500000, 0x00000000e2600000|  0%| F|  |TAMS 0x00000000e2500000, 0x00000000e2500000| Untracked 
|  38|0x00000000e2600000, 0x00000000e2600000, 0x00000000e2700000|  0%| F|  |TAMS 0x00000000e2600000, 0x00000000e2600000| Untracked 
|  39|0x00000000e2700000, 0x00000000e2700000, 0x00000000e2800000|  0%| F|  |TAMS 0x00000000e2700000, 0x00000000e2700000| Untracked 
|  40|0x00000000e2800000, 0x00000000e2800000, 0x00000000e2900000|  0%| F|  |TAMS 0x00000000e2800000, 0x00000000e2800000| Untracked 
|  41|0x00000000e2900000, 0x00000000e2900000, 0x00000000e2a00000|  0%| F|  |TAMS 0x00000000e2900000, 0x00000000e2900000| Untracked 
|  42|0x00000000e2a00000, 0x00000000e2a00000, 0x00000000e2b00000|  0%| F|  |TAMS 0x00000000e2a00000, 0x00000000e2a00000| Untracked 
|  43|0x00000000e2b00000, 0x00000000e2b00000, 0x00000000e2c00000|  0%| F|  |TAMS 0x00000000e2b00000, 0x00000000e2b00000| Untracked 
|  44|0x00000000e2c00000, 0x00000000e2c00000, 0x00000000e2d00000|  0%| F|  |TAMS 0x00000000e2c00000, 0x00000000e2c00000| Untracked 
|  45|0x00000000e2d00000, 0x00000000e2d00000, 0x00000000e2e00000|  0%| F|  |TAMS 0x00000000e2d00000, 0x00000000e2d00000| Untracked 
|  46|0x00000000e2e00000, 0x00000000e2e00000, 0x00000000e2f00000|  0%| F|  |TAMS 0x00000000e2e00000, 0x00000000e2e00000| Untracked 
|  47|0x00000000e2f00000, 0x00000000e2f00000, 0x00000000e3000000|  0%| F|  |TAMS 0x00000000e2f00000, 0x00000000e2f00000| Untracked 
|  48|0x00000000e3000000, 0x00000000e3000000, 0x00000000e3100000|  0%| F|  |TAMS 0x00000000e3000000, 0x00000000e3000000| Untracked 
|  49|0x00000000e3100000, 0x00000000e3100000, 0x00000000e3200000|  0%| F|  |TAMS 0x00000000e3100000, 0x00000000e3100000| Untracked 
|  50|0x00000000e3200000, 0x00000000e3200000, 0x00000000e3300000|  0%| F|  |TAMS 0x00000000e3200000, 0x00000000e3200000| Untracked 
|  51|0x00000000e3300000, 0x00000000e3300000, 0x00000000e3400000|  0%| F|  |TAMS 0x00000000e3300000, 0x00000000e3300000| Untracked 
|  52|0x00000000e3400000, 0x00000000e3400000, 0x00000000e3500000|  0%| F|  |TAMS 0x00000000e3400000, 0x00000000e3400000| Untracked 
|  53|0x00000000e3500000, 0x00000000e3500000, 0x00000000e3600000|  0%| F|  |TAMS 0x00000000e3500000, 0x00000000e3500000| Untracked 
|  54|0x00000000e3600000, 0x00000000e3600000, 0x00000000e3700000|  0%| F|  |TAMS 0x00000000e3600000, 0x00000000e3600000| Untracked 
|  55|0x00000000e3700000, 0x00000000e3700000, 0x00000000e3800000|  0%| F|  |TAMS 0x00000000e3700000, 0x00000000e3700000| Untracked 
|  56|0x00000000e3800000, 0x00000000e3800000, 0x00000000e3900000|  0%| F|  |TAMS 0x00000000e3800000, 0x00000000e3800000| Untracked 
|  57|0x00000000e3900000, 0x00000000e3900000, 0x00000000e3a00000|  0%| F|  |TAMS 0x00000000e3900000, 0x00000000e3900000| Untracked 
|  58|0x00000000e3a00000, 0x00000000e3a00000, 0x00000000e3b00000|  0%| F|  |TAMS 0x00000000e3a00000, 0x00000000e3a00000| Untracked 
|  59|0x00000000e3b00000, 0x00000000e3b00000, 0x00000000e3c00000|  0%| F|  |TAMS 0x00000000e3b00000, 0x00000000e3b00000| Untracked 
|  60|0x00000000e3c00000, 0x00000000e3c00000, 0x00000000e3d00000|  0%| F|  |TAMS 0x00000000e3c00000, 0x00000000e3c00000| Untracked 
|  61|0x00000000e3d00000, 0x00000000e3d00000, 0x00000000e3e00000|  0%| F|  |TAMS 0x00000000e3d00000, 0x00000000e3d00000| Untracked 
|  62|0x00000000e3e00000, 0x00000000e3e00000, 0x00000000e3f00000|  0%| F|  |TAMS 0x00000000e3e00000, 0x00000000e3e00000| Untracked 
|  63|0x00000000e3f00000, 0x00000000e3f00000, 0x00000000e4000000|  0%| F|  |TAMS 0x00000000e3f00000, 0x00000000e3f00000| Untracked 
|  64|0x00000000e4000000, 0x00000000e4000000, 0x00000000e4100000|  0%| F|  |TAMS 0x00000000e4000000, 0x00000000e4000000| Untracked 
|  65|0x00000000e4100000, 0x00000000e4100000, 0x00000000e4200000|  0%| F|  |TAMS 0x00000000e4100000, 0x00000000e4100000| Untracked 
|  66|0x00000000e4200000, 0x00000000e4200000, 0x00000000e4300000|  0%| F|  |TAMS 0x00000000e4200000, 0x00000000e4200000| Untracked 
|  67|0x00000000e4300000, 0x00000000e4300000, 0x00000000e4400000|  0%| F|  |TAMS 0x00000000e4300000, 0x00000000e4300000| Untracked 
|  68|0x00000000e4400000, 0x00000000e4400000, 0x00000000e4500000|  0%| F|  |TAMS 0x00000000e4400000, 0x00000000e4400000| Untracked 
|  69|0x00000000e4500000, 0x00000000e4500000, 0x00000000e4600000|  0%| F|  |TAMS 0x00000000e4500000, 0x00000000e4500000| Untracked 
|  70|0x00000000e4600000, 0x00000000e4600000, 0x00000000e4700000|  0%| F|  |TAMS 0x00000000e4600000, 0x00000000e4600000| Untracked 
|  71|0x00000000e4700000, 0x00000000e4700000, 0x00000000e4800000|  0%| F|  |TAMS 0x00000000e4700000, 0x00000000e4700000| Untracked 
|  72|0x00000000e4800000, 0x00000000e4800000, 0x00000000e4900000|  0%| F|  |TAMS 0x00000000e4800000, 0x00000000e4800000| Untracked 
|  73|0x00000000e4900000, 0x00000000e4900000, 0x00000000e4a00000|  0%| F|  |TAMS 0x00000000e4900000, 0x00000000e4900000| Untracked 
|  74|0x00000000e4a00000, 0x00000000e4a00000, 0x00000000e4b00000|  0%| F|  |TAMS 0x00000000e4a00000, 0x00000000e4a00000| Untracked 
|  75|0x00000000e4b00000, 0x00000000e4b00000, 0x00000000e4c00000|  0%| F|  |TAMS 0x00000000e4b00000, 0x00000000e4b00000| Untracked 
|  76|0x00000000e4c00000, 0x00000000e4c00000, 0x00000000e4d00000|  0%| F|  |TAMS 0x00000000e4c00000, 0x00000000e4c00000| Untracked 
|  77|0x00000000e4d00000, 0x00000000e4d00000, 0x00000000e4e00000|  0%| F|  |TAMS 0x00000000e4d00000, 0x00000000e4d00000| Untracked 
|  78|0x00000000e4e00000, 0x00000000e4e00000, 0x00000000e4f00000|  0%| F|  |TAMS 0x00000000e4e00000, 0x00000000e4e00000| Untracked 
|  79|0x00000000e4f00000, 0x00000000e4f00000, 0x00000000e5000000|  0%| F|  |TAMS 0x00000000e4f00000, 0x00000000e4f00000| Untracked 
|  80|0x00000000e5000000, 0x00000000e5000000, 0x00000000e5100000|  0%| F|  |TAMS 0x00000000e5000000, 0x00000000e5000000| Untracked 
|  81|0x00000000e5100000, 0x00000000e5100000, 0x00000000e5200000|  0%| F|  |TAMS 0x00000000e5100000, 0x00000000e5100000| Untracked 
|  82|0x00000000e5200000, 0x00000000e5200000, 0x00000000e5300000|  0%| F|  |TAMS 0x00000000e5200000, 0x00000000e5200000| Untracked 
|  83|0x00000000e5300000, 0x00000000e5300000, 0x00000000e5400000|  0%| F|  |TAMS 0x00000000e5300000, 0x00000000e5300000| Untracked 
|  84|0x00000000e5400000, 0x00000000e5424e00, 0x00000000e5500000| 14%| S|CS|TAMS 0x00000000e5400000, 0x00000000e5400000| Complete 
|  85|0x00000000e5500000, 0x00000000e5600000, 0x00000000e5600000|100%| S|CS|TAMS 0x00000000e5500000, 0x00000000e5500000| Complete 
|  86|0x00000000e5600000, 0x00000000e5700000, 0x00000000e5700000|100%| S|CS|TAMS 0x00000000e5600000, 0x00000000e5600000| Complete 
|  87|0x00000000e5700000, 0x00000000e5800000, 0x00000000e5800000|100%| S|CS|TAMS 0x00000000e5700000, 0x00000000e5700000| Complete 
|  88|0x00000000e5800000, 0x00000000e5900000, 0x00000000e5900000|100%| S|CS|TAMS 0x00000000e5800000, 0x00000000e5800000| Complete 
|  89|0x00000000e5900000, 0x00000000e5a00000, 0x00000000e5a00000|100%| S|CS|TAMS 0x00000000e5900000, 0x00000000e5900000| Complete 
|  90|0x00000000e5a00000, 0x00000000e5b00000, 0x00000000e5b00000|100%| S|CS|TAMS 0x00000000e5a00000, 0x00000000e5a00000| Complete 
|  91|0x00000000e5b00000, 0x00000000e5c00000, 0x00000000e5c00000|100%| S|CS|TAMS 0x00000000e5b00000, 0x00000000e5b00000| Complete 
|  92|0x00000000e5c00000, 0x00000000e5d00000, 0x00000000e5d00000|100%| S|CS|TAMS 0x00000000e5c00000, 0x00000000e5c00000| Complete 
|  93|0x00000000e5d00000, 0x00000000e5e00000, 0x00000000e5e00000|100%| S|CS|TAMS 0x00000000e5d00000, 0x00000000e5d00000| Complete 
|  94|0x00000000e5e00000, 0x00000000e5f00000, 0x00000000e5f00000|100%| S|CS|TAMS 0x00000000e5e00000, 0x00000000e5e00000| Complete 
|  95|0x00000000e5f00000, 0x00000000e6000000, 0x00000000e6000000|100%| S|CS|TAMS 0x00000000e5f00000, 0x00000000e5f00000| Complete 
|  96|0x00000000e6000000, 0x00000000e6100000, 0x00000000e6100000|100%| S|CS|TAMS 0x00000000e6000000, 0x00000000e6000000| Complete 
|  97|0x00000000e6100000, 0x00000000e6200000, 0x00000000e6200000|100%| S|CS|TAMS 0x00000000e6100000, 0x00000000e6100000| Complete 
|  98|0x00000000e6200000, 0x00000000e6300000, 0x00000000e6300000|100%| S|CS|TAMS 0x00000000e6200000, 0x00000000e6200000| Complete 
|  99|0x00000000e6300000, 0x00000000e6400000, 0x00000000e6400000|100%| S|CS|TAMS 0x00000000e6300000, 0x00000000e6300000| Complete 
| 100|0x00000000e6400000, 0x00000000e6500000, 0x00000000e6500000|100%| S|CS|TAMS 0x00000000e6400000, 0x00000000e6400000| Complete 
| 101|0x00000000e6500000, 0x00000000e6600000, 0x00000000e6600000|100%| S|CS|TAMS 0x00000000e6500000, 0x00000000e6500000| Complete 
| 102|0x00000000e6600000, 0x00000000e6700000, 0x00000000e6700000|100%| S|CS|TAMS 0x00000000e6600000, 0x00000000e6600000| Complete 
| 103|0x00000000e6700000, 0x00000000e6700000, 0x00000000e6800000|  0%| F|  |TAMS 0x00000000e6700000, 0x00000000e6700000| Untracked 
| 104|0x00000000e6800000, 0x00000000e6800000, 0x00000000e6900000|  0%| F|  |TAMS 0x00000000e6800000, 0x00000000e6800000| Untracked 
| 105|0x00000000e6900000, 0x00000000e6900000, 0x00000000e6a00000|  0%| F|  |TAMS 0x00000000e6900000, 0x00000000e6900000| Untracked 
| 106|0x00000000e6a00000, 0x00000000e6a00000, 0x00000000e6b00000|  0%| F|  |TAMS 0x00000000e6a00000, 0x00000000e6a00000| Untracked 
| 107|0x00000000e6b00000, 0x00000000e6b00000, 0x00000000e6c00000|  0%| F|  |TAMS 0x00000000e6b00000, 0x00000000e6b00000| Untracked 
| 108|0x00000000e6c00000, 0x00000000e6c00000, 0x00000000e6d00000|  0%| F|  |TAMS 0x00000000e6c00000, 0x00000000e6c00000| Untracked 
| 109|0x00000000e6d00000, 0x00000000e6d00000, 0x00000000e6e00000|  0%| F|  |TAMS 0x00000000e6d00000, 0x00000000e6d00000| Untracked 
| 110|0x00000000e6e00000, 0x00000000e6e00000, 0x00000000e6f00000|  0%| F|  |TAMS 0x00000000e6e00000, 0x00000000e6e00000| Untracked 
| 111|0x00000000e6f00000, 0x00000000e6f00000, 0x00000000e7000000|  0%| F|  |TAMS 0x00000000e6f00000, 0x00000000e6f00000| Untracked 
| 112|0x00000000e7000000, 0x00000000e7000000, 0x00000000e7100000|  0%| F|  |TAMS 0x00000000e7000000, 0x00000000e7000000| Untracked 
| 113|0x00000000e7100000, 0x00000000e7100000, 0x00000000e7200000|  0%| F|  |TAMS 0x00000000e7100000, 0x00000000e7100000| Untracked 
| 114|0x00000000e7200000, 0x00000000e7200000, 0x00000000e7300000|  0%| F|  |TAMS 0x00000000e7200000, 0x00000000e7200000| Untracked 
| 115|0x00000000e7300000, 0x00000000e7300000, 0x00000000e7400000|  0%| F|  |TAMS 0x00000000e7300000, 0x00000000e7300000| Untracked 
| 116|0x00000000e7400000, 0x00000000e7400000, 0x00000000e7500000|  0%| F|  |TAMS 0x00000000e7400000, 0x00000000e7400000| Untracked 
| 117|0x00000000e7500000, 0x00000000e7500000, 0x00000000e7600000|  0%| F|  |TAMS 0x00000000e7500000, 0x00000000e7500000| Untracked 
| 118|0x00000000e7600000, 0x00000000e7600000, 0x00000000e7700000|  0%| F|  |TAMS 0x00000000e7600000, 0x00000000e7600000| Untracked 
| 119|0x00000000e7700000, 0x00000000e7700000, 0x00000000e7800000|  0%| F|  |TAMS 0x00000000e7700000, 0x00000000e7700000| Untracked 
| 120|0x00000000e7800000, 0x00000000e7800000, 0x00000000e7900000|  0%| F|  |TAMS 0x00000000e7800000, 0x00000000e7800000| Untracked 
| 121|0x00000000e7900000, 0x00000000e7900000, 0x00000000e7a00000|  0%| F|  |TAMS 0x00000000e7900000, 0x00000000e7900000| Untracked 
| 122|0x00000000e7a00000, 0x00000000e7a00000, 0x00000000e7b00000|  0%| F|  |TAMS 0x00000000e7a00000, 0x00000000e7a00000| Untracked 
| 123|0x00000000e7b00000, 0x00000000e7b00000, 0x00000000e7c00000|  0%| F|  |TAMS 0x00000000e7b00000, 0x00000000e7b00000| Untracked 
| 124|0x00000000e7c00000, 0x00000000e7c00000, 0x00000000e7d00000|  0%| F|  |TAMS 0x00000000e7c00000, 0x00000000e7c00000| Untracked 
| 125|0x00000000e7d00000, 0x00000000e7d00000, 0x00000000e7e00000|  0%| F|  |TAMS 0x00000000e7d00000, 0x00000000e7d00000| Untracked 
| 126|0x00000000e7e00000, 0x00000000e7e00000, 0x00000000e7f00000|  0%| F|  |TAMS 0x00000000e7e00000, 0x00000000e7e00000| Untracked 
| 127|0x00000000e7f00000, 0x00000000e7f00000, 0x00000000e8000000|  0%| F|  |TAMS 0x00000000e7f00000, 0x00000000e7f00000| Untracked 
| 128|0x00000000e8000000, 0x00000000e8000000, 0x00000000e8100000|  0%| F|  |TAMS 0x00000000e8000000, 0x00000000e8000000| Untracked 
| 129|0x00000000e8100000, 0x00000000e8100000, 0x00000000e8200000|  0%| F|  |TAMS 0x00000000e8100000, 0x00000000e8100000| Untracked 
| 130|0x00000000e8200000, 0x00000000e8200000, 0x00000000e8300000|  0%| F|  |TAMS 0x00000000e8200000, 0x00000000e8200000| Untracked 
| 131|0x00000000e8300000, 0x00000000e8300000, 0x00000000e8400000|  0%| F|  |TAMS 0x00000000e8300000, 0x00000000e8300000| Untracked 
| 132|0x00000000e8400000, 0x00000000e8400000, 0x00000000e8500000|  0%| F|  |TAMS 0x00000000e8400000, 0x00000000e8400000| Untracked 
| 133|0x00000000e8500000, 0x00000000e8500000, 0x00000000e8600000|  0%| F|  |TAMS 0x00000000e8500000, 0x00000000e8500000| Untracked 
| 134|0x00000000e8600000, 0x00000000e8600000, 0x00000000e8700000|  0%| F|  |TAMS 0x00000000e8600000, 0x00000000e8600000| Untracked 
| 135|0x00000000e8700000, 0x00000000e8700000, 0x00000000e8800000|  0%| F|  |TAMS 0x00000000e8700000, 0x00000000e8700000| Untracked 
| 136|0x00000000e8800000, 0x00000000e8800000, 0x00000000e8900000|  0%| F|  |TAMS 0x00000000e8800000, 0x00000000e8800000| Untracked 
| 137|0x00000000e8900000, 0x00000000e8900000, 0x00000000e8a00000|  0%| F|  |TAMS 0x00000000e8900000, 0x00000000e8900000| Untracked 
| 138|0x00000000e8a00000, 0x00000000e8a00000, 0x00000000e8b00000|  0%| F|  |TAMS 0x00000000e8a00000, 0x00000000e8a00000| Untracked 
| 139|0x00000000e8b00000, 0x00000000e8b00000, 0x00000000e8c00000|  0%| F|  |TAMS 0x00000000e8b00000, 0x00000000e8b00000| Untracked 
| 140|0x00000000e8c00000, 0x00000000e8c00000, 0x00000000e8d00000|  0%| F|  |TAMS 0x00000000e8c00000, 0x00000000e8c00000| Untracked 
| 141|0x00000000e8d00000, 0x00000000e8d00000, 0x00000000e8e00000|  0%| F|  |TAMS 0x00000000e8d00000, 0x00000000e8d00000| Untracked 
| 142|0x00000000e8e00000, 0x00000000e8e00000, 0x00000000e8f00000|  0%| F|  |TAMS 0x00000000e8e00000, 0x00000000e8e00000| Untracked 
| 143|0x00000000e8f00000, 0x00000000e8f00000, 0x00000000e9000000|  0%| F|  |TAMS 0x00000000e8f00000, 0x00000000e8f00000| Untracked 
| 144|0x00000000e9000000, 0x00000000e9000000, 0x00000000e9100000|  0%| F|  |TAMS 0x00000000e9000000, 0x00000000e9000000| Untracked 
| 145|0x00000000e9100000, 0x00000000e9100000, 0x00000000e9200000|  0%| F|  |TAMS 0x00000000e9100000, 0x00000000e9100000| Untracked 
| 146|0x00000000e9200000, 0x00000000e9200000, 0x00000000e9300000|  0%| F|  |TAMS 0x00000000e9200000, 0x00000000e9200000| Untracked 
| 147|0x00000000e9300000, 0x00000000e9300000, 0x00000000e9400000|  0%| F|  |TAMS 0x00000000e9300000, 0x00000000e9300000| Untracked 
| 148|0x00000000e9400000, 0x00000000e9400000, 0x00000000e9500000|  0%| F|  |TAMS 0x00000000e9400000, 0x00000000e9400000| Untracked 
| 149|0x00000000e9500000, 0x00000000e9500000, 0x00000000e9600000|  0%| F|  |TAMS 0x00000000e9500000, 0x00000000e9500000| Untracked 
| 150|0x00000000e9600000, 0x00000000e9600000, 0x00000000e9700000|  0%| F|  |TAMS 0x00000000e9600000, 0x00000000e9600000| Untracked 
| 151|0x00000000e9700000, 0x00000000e9700000, 0x00000000e9800000|  0%| F|  |TAMS 0x00000000e9700000, 0x00000000e9700000| Untracked 
| 152|0x00000000e9800000, 0x00000000e9800000, 0x00000000e9900000|  0%| F|  |TAMS 0x00000000e9800000, 0x00000000e9800000| Untracked 
| 153|0x00000000e9900000, 0x00000000e9900000, 0x00000000e9a00000|  0%| F|  |TAMS 0x00000000e9900000, 0x00000000e9900000| Untracked 
| 154|0x00000000e9a00000, 0x00000000e9a00000, 0x00000000e9b00000|  0%| F|  |TAMS 0x00000000e9a00000, 0x00000000e9a00000| Untracked 
| 155|0x00000000e9b00000, 0x00000000e9b00000, 0x00000000e9c00000|  0%| F|  |TAMS 0x00000000e9b00000, 0x00000000e9b00000| Untracked 
| 156|0x00000000e9c00000, 0x00000000e9c00000, 0x00000000e9d00000|  0%| F|  |TAMS 0x00000000e9c00000, 0x00000000e9c00000| Untracked 
| 157|0x00000000e9d00000, 0x00000000e9d00000, 0x00000000e9e00000|  0%| F|  |TAMS 0x00000000e9d00000, 0x00000000e9d00000| Untracked 
| 158|0x00000000e9e00000, 0x00000000e9e00000, 0x00000000e9f00000|  0%| F|  |TAMS 0x00000000e9e00000, 0x00000000e9e00000| Untracked 
| 159|0x00000000e9f00000, 0x00000000e9f00000, 0x00000000ea000000|  0%| F|  |TAMS 0x00000000e9f00000, 0x00000000e9f00000| Untracked 
| 160|0x00000000ea000000, 0x00000000ea000000, 0x00000000ea100000|  0%| F|  |TAMS 0x00000000ea000000, 0x00000000ea000000| Untracked 
| 161|0x00000000ea100000, 0x00000000ea100000, 0x00000000ea200000|  0%| F|  |TAMS 0x00000000ea100000, 0x00000000ea100000| Untracked 
| 162|0x00000000ea200000, 0x00000000ea200000, 0x00000000ea300000|  0%| F|  |TAMS 0x00000000ea200000, 0x00000000ea200000| Untracked 
| 163|0x00000000ea300000, 0x00000000ea300000, 0x00000000ea400000|  0%| F|  |TAMS 0x00000000ea300000, 0x00000000ea300000| Untracked 
| 164|0x00000000ea400000, 0x00000000ea400000, 0x00000000ea500000|  0%| F|  |TAMS 0x00000000ea400000, 0x00000000ea400000| Untracked 
| 165|0x00000000ea500000, 0x00000000ea500000, 0x00000000ea600000|  0%| F|  |TAMS 0x00000000ea500000, 0x00000000ea500000| Untracked 
| 166|0x00000000ea600000, 0x00000000ea600000, 0x00000000ea700000|  0%| F|  |TAMS 0x00000000ea600000, 0x00000000ea600000| Untracked 
| 167|0x00000000ea700000, 0x00000000ea700000, 0x00000000ea800000|  0%| F|  |TAMS 0x00000000ea700000, 0x00000000ea700000| Untracked 
| 168|0x00000000ea800000, 0x00000000ea800000, 0x00000000ea900000|  0%| F|  |TAMS 0x00000000ea800000, 0x00000000ea800000| Untracked 
| 169|0x00000000ea900000, 0x00000000ea900000, 0x00000000eaa00000|  0%| F|  |TAMS 0x00000000ea900000, 0x00000000ea900000| Untracked 
| 170|0x00000000eaa00000, 0x00000000eaa00000, 0x00000000eab00000|  0%| F|  |TAMS 0x00000000eaa00000, 0x00000000eaa00000| Untracked 
| 171|0x00000000eab00000, 0x00000000eab00000, 0x00000000eac00000|  0%| F|  |TAMS 0x00000000eab00000, 0x00000000eab00000| Untracked 
| 172|0x00000000eac00000, 0x00000000eac00000, 0x00000000ead00000|  0%| F|  |TAMS 0x00000000eac00000, 0x00000000eac00000| Untracked 
| 173|0x00000000ead00000, 0x00000000ead00000, 0x00000000eae00000|  0%| F|  |TAMS 0x00000000ead00000, 0x00000000ead00000| Untracked 
| 174|0x00000000eae00000, 0x00000000eae00000, 0x00000000eaf00000|  0%| F|  |TAMS 0x00000000eae00000, 0x00000000eae00000| Untracked 
| 175|0x00000000eaf00000, 0x00000000eaf00000, 0x00000000eb000000|  0%| F|  |TAMS 0x00000000eaf00000, 0x00000000eaf00000| Untracked 
| 176|0x00000000eb000000, 0x00000000eb000000, 0x00000000eb100000|  0%| F|  |TAMS 0x00000000eb000000, 0x00000000eb000000| Untracked 
| 177|0x00000000eb100000, 0x00000000eb100000, 0x00000000eb200000|  0%| F|  |TAMS 0x00000000eb100000, 0x00000000eb100000| Untracked 
| 178|0x00000000eb200000, 0x00000000eb200000, 0x00000000eb300000|  0%| F|  |TAMS 0x00000000eb200000, 0x00000000eb200000| Untracked 
| 179|0x00000000eb300000, 0x00000000eb300000, 0x00000000eb400000|  0%| F|  |TAMS 0x00000000eb300000, 0x00000000eb300000| Untracked 
| 180|0x00000000eb400000, 0x00000000eb400000, 0x00000000eb500000|  0%| F|  |TAMS 0x00000000eb400000, 0x00000000eb400000| Untracked 
| 181|0x00000000eb500000, 0x00000000eb500000, 0x00000000eb600000|  0%| F|  |TAMS 0x00000000eb500000, 0x00000000eb500000| Untracked 
| 182|0x00000000eb600000, 0x00000000eb600000, 0x00000000eb700000|  0%| F|  |TAMS 0x00000000eb600000, 0x00000000eb600000| Untracked 
| 183|0x00000000eb700000, 0x00000000eb700000, 0x00000000eb800000|  0%| F|  |TAMS 0x00000000eb700000, 0x00000000eb700000| Untracked 
| 184|0x00000000eb800000, 0x00000000eb800000, 0x00000000eb900000|  0%| F|  |TAMS 0x00000000eb800000, 0x00000000eb800000| Untracked 
| 185|0x00000000eb900000, 0x00000000eb900000, 0x00000000eba00000|  0%| F|  |TAMS 0x00000000eb900000, 0x00000000eb900000| Untracked 
| 186|0x00000000eba00000, 0x00000000eba00000, 0x00000000ebb00000|  0%| F|  |TAMS 0x00000000eba00000, 0x00000000eba00000| Untracked 
| 187|0x00000000ebb00000, 0x00000000ebb00000, 0x00000000ebc00000|  0%| F|  |TAMS 0x00000000ebb00000, 0x00000000ebb00000| Untracked 
| 188|0x00000000ebc00000, 0x00000000ebc00000, 0x00000000ebd00000|  0%| F|  |TAMS 0x00000000ebc00000, 0x00000000ebc00000| Untracked 
| 189|0x00000000ebd00000, 0x00000000ebd00000, 0x00000000ebe00000|  0%| F|  |TAMS 0x00000000ebd00000, 0x00000000ebd00000| Untracked 
| 190|0x00000000ebe00000, 0x00000000ebe00000, 0x00000000ebf00000|  0%| F|  |TAMS 0x00000000ebe00000, 0x00000000ebe00000| Untracked 
| 191|0x00000000ebf00000, 0x00000000ebf00000, 0x00000000ec000000|  0%| F|  |TAMS 0x00000000ebf00000, 0x00000000ebf00000| Untracked 
| 192|0x00000000ec000000, 0x00000000ec000000, 0x00000000ec100000|  0%| F|  |TAMS 0x00000000ec000000, 0x00000000ec000000| Untracked 
| 193|0x00000000ec100000, 0x00000000ec100000, 0x00000000ec200000|  0%| F|  |TAMS 0x00000000ec100000, 0x00000000ec100000| Untracked 
| 194|0x00000000ec200000, 0x00000000ec200000, 0x00000000ec300000|  0%| F|  |TAMS 0x00000000ec200000, 0x00000000ec200000| Untracked 
| 195|0x00000000ec300000, 0x00000000ec300000, 0x00000000ec400000|  0%| F|  |TAMS 0x00000000ec300000, 0x00000000ec300000| Untracked 
| 196|0x00000000ec400000, 0x00000000ec400000, 0x00000000ec500000|  0%| F|  |TAMS 0x00000000ec400000, 0x00000000ec400000| Untracked 
| 197|0x00000000ec500000, 0x00000000ec500000, 0x00000000ec600000|  0%| F|  |TAMS 0x00000000ec500000, 0x00000000ec500000| Untracked 
| 198|0x00000000ec600000, 0x00000000ec600000, 0x00000000ec700000|  0%| F|  |TAMS 0x00000000ec600000, 0x00000000ec600000| Untracked 
| 199|0x00000000ec700000, 0x00000000ec700000, 0x00000000ec800000|  0%| F|  |TAMS 0x00000000ec700000, 0x00000000ec700000| Untracked 
| 200|0x00000000ec800000, 0x00000000ec800000, 0x00000000ec900000|  0%| F|  |TAMS 0x00000000ec800000, 0x00000000ec800000| Untracked 
| 201|0x00000000ec900000, 0x00000000ec900000, 0x00000000eca00000|  0%| F|  |TAMS 0x00000000ec900000, 0x00000000ec900000| Untracked 
| 202|0x00000000eca00000, 0x00000000eca00000, 0x00000000ecb00000|  0%| F|  |TAMS 0x00000000eca00000, 0x00000000eca00000| Untracked 
| 203|0x00000000ecb00000, 0x00000000ecb00000, 0x00000000ecc00000|  0%| F|  |TAMS 0x00000000ecb00000, 0x00000000ecb00000| Untracked 
| 204|0x00000000ecc00000, 0x00000000ecc00000, 0x00000000ecd00000|  0%| F|  |TAMS 0x00000000ecc00000, 0x00000000ecc00000| Untracked 
| 205|0x00000000ecd00000, 0x00000000ecd00000, 0x00000000ece00000|  0%| F|  |TAMS 0x00000000ecd00000, 0x00000000ecd00000| Untracked 
| 206|0x00000000ece00000, 0x00000000ece00000, 0x00000000ecf00000|  0%| F|  |TAMS 0x00000000ece00000, 0x00000000ece00000| Untracked 
| 207|0x00000000ecf00000, 0x00000000ecf00000, 0x00000000ed000000|  0%| F|  |TAMS 0x00000000ecf00000, 0x00000000ecf00000| Untracked 
| 208|0x00000000ed000000, 0x00000000ed000000, 0x00000000ed100000|  0%| F|  |TAMS 0x00000000ed000000, 0x00000000ed000000| Untracked 
| 209|0x00000000ed100000, 0x00000000ed100000, 0x00000000ed200000|  0%| F|  |TAMS 0x00000000ed100000, 0x00000000ed100000| Untracked 
| 210|0x00000000ed200000, 0x00000000ed200000, 0x00000000ed300000|  0%| F|  |TAMS 0x00000000ed200000, 0x00000000ed200000| Untracked 
| 211|0x00000000ed300000, 0x00000000ed300000, 0x00000000ed400000|  0%| F|  |TAMS 0x00000000ed300000, 0x00000000ed300000| Untracked 
| 212|0x00000000ed400000, 0x00000000ed400000, 0x00000000ed500000|  0%| F|  |TAMS 0x00000000ed400000, 0x00000000ed400000| Untracked 
| 213|0x00000000ed500000, 0x00000000ed500000, 0x00000000ed600000|  0%| F|  |TAMS 0x00000000ed500000, 0x00000000ed500000| Untracked 
| 214|0x00000000ed600000, 0x00000000ed600000, 0x00000000ed700000|  0%| F|  |TAMS 0x00000000ed600000, 0x00000000ed600000| Untracked 
| 215|0x00000000ed700000, 0x00000000ed700000, 0x00000000ed800000|  0%| F|  |TAMS 0x00000000ed700000, 0x00000000ed700000| Untracked 
| 216|0x00000000ed800000, 0x00000000ed800000, 0x00000000ed900000|  0%| F|  |TAMS 0x00000000ed800000, 0x00000000ed800000| Untracked 
| 217|0x00000000ed900000, 0x00000000ed900000, 0x00000000eda00000|  0%| F|  |TAMS 0x00000000ed900000, 0x00000000ed900000| Untracked 
| 218|0x00000000eda00000, 0x00000000eda00000, 0x00000000edb00000|  0%| F|  |TAMS 0x00000000eda00000, 0x00000000eda00000| Untracked 
| 219|0x00000000edb00000, 0x00000000edb00000, 0x00000000edc00000|  0%| F|  |TAMS 0x00000000edb00000, 0x00000000edb00000| Untracked 
| 220|0x00000000edc00000, 0x00000000edc00000, 0x00000000edd00000|  0%| F|  |TAMS 0x00000000edc00000, 0x00000000edc00000| Untracked 
| 221|0x00000000edd00000, 0x00000000edd00000, 0x00000000ede00000|  0%| F|  |TAMS 0x00000000edd00000, 0x00000000edd00000| Untracked 
| 222|0x00000000ede00000, 0x00000000ede00000, 0x00000000edf00000|  0%| F|  |TAMS 0x00000000ede00000, 0x00000000ede00000| Untracked 
| 223|0x00000000edf00000, 0x00000000edf00000, 0x00000000ee000000|  0%| F|  |TAMS 0x00000000edf00000, 0x00000000edf00000| Untracked 
| 224|0x00000000ee000000, 0x00000000ee000000, 0x00000000ee100000|  0%| F|  |TAMS 0x00000000ee000000, 0x00000000ee000000| Untracked 
| 225|0x00000000ee100000, 0x00000000ee100000, 0x00000000ee200000|  0%| F|  |TAMS 0x00000000ee100000, 0x00000000ee100000| Untracked 
| 226|0x00000000ee200000, 0x00000000ee200000, 0x00000000ee300000|  0%| F|  |TAMS 0x00000000ee200000, 0x00000000ee200000| Untracked 
| 227|0x00000000ee300000, 0x00000000ee300000, 0x00000000ee400000|  0%| F|  |TAMS 0x00000000ee300000, 0x00000000ee300000| Untracked 
| 228|0x00000000ee400000, 0x00000000ee400000, 0x00000000ee500000|  0%| F|  |TAMS 0x00000000ee400000, 0x00000000ee400000| Untracked 
| 229|0x00000000ee500000, 0x00000000ee500000, 0x00000000ee600000|  0%| F|  |TAMS 0x00000000ee500000, 0x00000000ee500000| Untracked 
| 230|0x00000000ee600000, 0x00000000ee600000, 0x00000000ee700000|  0%| F|  |TAMS 0x00000000ee600000, 0x00000000ee600000| Untracked 
| 231|0x00000000ee700000, 0x00000000ee700000, 0x00000000ee800000|  0%| F|  |TAMS 0x00000000ee700000, 0x00000000ee700000| Untracked 
| 232|0x00000000ee800000, 0x00000000ee800000, 0x00000000ee900000|  0%| F|  |TAMS 0x00000000ee800000, 0x00000000ee800000| Untracked 
| 233|0x00000000ee900000, 0x00000000ee900000, 0x00000000eea00000|  0%| F|  |TAMS 0x00000000ee900000, 0x00000000ee900000| Untracked 
| 234|0x00000000eea00000, 0x00000000eea00000, 0x00000000eeb00000|  0%| F|  |TAMS 0x00000000eea00000, 0x00000000eea00000| Untracked 
| 235|0x00000000eeb00000, 0x00000000eeb00000, 0x00000000eec00000|  0%| F|  |TAMS 0x00000000eeb00000, 0x00000000eeb00000| Untracked 
| 236|0x00000000eec00000, 0x00000000eec00000, 0x00000000eed00000|  0%| F|  |TAMS 0x00000000eec00000, 0x00000000eec00000| Untracked 
| 237|0x00000000eed00000, 0x00000000eed00000, 0x00000000eee00000|  0%| F|  |TAMS 0x00000000eed00000, 0x00000000eed00000| Untracked 
| 238|0x00000000eee00000, 0x00000000eee00000, 0x00000000eef00000|  0%| F|  |TAMS 0x00000000eee00000, 0x00000000eee00000| Untracked 
| 239|0x00000000eef00000, 0x00000000eef00000, 0x00000000ef000000|  0%| F|  |TAMS 0x00000000eef00000, 0x00000000eef00000| Untracked 
| 240|0x00000000ef000000, 0x00000000ef000000, 0x00000000ef100000|  0%| F|  |TAMS 0x00000000ef000000, 0x00000000ef000000| Untracked 
| 241|0x00000000ef100000, 0x00000000ef100000, 0x00000000ef200000|  0%| F|  |TAMS 0x00000000ef100000, 0x00000000ef100000| Untracked 
| 242|0x00000000ef200000, 0x00000000ef200000, 0x00000000ef300000|  0%| F|  |TAMS 0x00000000ef200000, 0x00000000ef200000| Untracked 
| 243|0x00000000ef300000, 0x00000000ef300000, 0x00000000ef400000|  0%| F|  |TAMS 0x00000000ef300000, 0x00000000ef300000| Untracked 
| 244|0x00000000ef400000, 0x00000000ef400000, 0x00000000ef500000|  0%| F|  |TAMS 0x00000000ef400000, 0x00000000ef400000| Untracked 
| 245|0x00000000ef500000, 0x00000000ef500000, 0x00000000ef600000|  0%| F|  |TAMS 0x00000000ef500000, 0x00000000ef500000| Untracked 
| 246|0x00000000ef600000, 0x00000000ef6da120, 0x00000000ef700000| 85%| E|  |TAMS 0x00000000ef600000, 0x00000000ef600000| Complete 
| 247|0x00000000ef700000, 0x00000000ef800000, 0x00000000ef800000|100%| E|CS|TAMS 0x00000000ef700000, 0x00000000ef700000| Complete 
| 248|0x00000000ef800000, 0x00000000ef900000, 0x00000000ef900000|100%| E|CS|TAMS 0x00000000ef800000, 0x00000000ef800000| Complete 
| 249|0x00000000ef900000, 0x00000000efa00000, 0x00000000efa00000|100%| E|CS|TAMS 0x00000000ef900000, 0x00000000ef900000| Complete 
| 250|0x00000000efa00000, 0x00000000efb00000, 0x00000000efb00000|100%| E|CS|TAMS 0x00000000efa00000, 0x00000000efa00000| Complete 
| 251|0x00000000efb00000, 0x00000000efc00000, 0x00000000efc00000|100%| E|CS|TAMS 0x00000000efb00000, 0x00000000efb00000| Complete 
| 252|0x00000000efc00000, 0x00000000efd00000, 0x00000000efd00000|100%| E|CS|TAMS 0x00000000efc00000, 0x00000000efc00000| Complete 
| 253|0x00000000efd00000, 0x00000000efe00000, 0x00000000efe00000|100%| E|CS|TAMS 0x00000000efd00000, 0x00000000efd00000| Complete 
| 254|0x00000000efe00000, 0x00000000eff00000, 0x00000000eff00000|100%| E|CS|TAMS 0x00000000efe00000, 0x00000000efe00000| Complete 
| 255|0x00000000eff00000, 0x00000000f0000000, 0x00000000f0000000|100%| E|CS|TAMS 0x00000000eff00000, 0x00000000eff00000| Complete 

Card table byte_map: [0x0000024359710000,0x0000024359810000] _byte_map_base: 0x0000024359010000

Marking Bits (Prev, Next): (CMBitMap*) 0x0000024342843220, (CMBitMap*) 0x0000024342843260
 Prev Bits: [0x0000024359910000, 0x000002435a110000)
 Next Bits: [0x000002435a110000, 0x000002435a910000)

Polling page: 0x0000024340780000

Metaspace:

Usage:
  Non-class:     40.92 MB used.
      Class:      6.90 MB used.
       Both:     47.82 MB used.

Virtual space:
  Non-class space:       64.00 MB reserved,      41.12 MB ( 64%) committed,  1 nodes.
      Class space:      320.00 MB reserved,       7.19 MB (  2%) committed,  1 nodes.
             Both:      384.00 MB reserved,      48.31 MB ( 13%) committed. 

Chunk freelists:
   Non-Class:  6.88 MB
       Class:  8.73 MB
        Both:  15.61 MB

MaxMetaspaceSize: 384.00 MB
CompressedClassSpaceSize: 320.00 MB
Initial GC threshold: 21.00 MB
Current GC threshold: 58.69 MB
CDS: on
MetaspaceReclaimPolicy: balanced
 - commit_granule_bytes: 65536.
 - commit_granule_words: 8192.
 - virtual_space_node_default_size: 8388608.
 - enlarge_chunks_in_place: 1.
 - new_chunks_are_fully_committed: 0.
 - uncommit_free_chunks: 1.
 - use_allocation_guard: 0.
 - handle_deallocations: 1.


Internal statistics:

num_allocs_failed_limit: 6.
num_arena_births: 558.
num_arena_deaths: 0.
num_vsnodes_births: 2.
num_vsnodes_deaths: 0.
num_space_committed: 773.
num_space_uncommitted: 0.
num_chunks_returned_to_freelist: 6.
num_chunks_taken_from_freelist: 2507.
num_chunk_merges: 6.
num_chunk_splits: 1646.
num_chunks_enlarged: 1113.
num_purges: 0.
num_inconsistent_stats: 0.

CodeHeap 'non-profiled nmethods': size=120000Kb used=2980Kb max_used=3197Kb free=117019Kb
 bounds [0x0000024351b90000, 0x0000024351ec0000, 0x00000243590c0000]
CodeHeap 'profiled nmethods': size=120000Kb used=9850Kb max_used=10021Kb free=110149Kb
 bounds [0x000002434a0c0000, 0x000002434aab0000, 0x00000243515f0000]
CodeHeap 'non-nmethods': size=5760Kb used=2322Kb max_used=2422Kb free=3437Kb
 bounds [0x00000243515f0000, 0x0000024351860000, 0x0000024351b90000]
 total_blobs=5861 nmethods=5027 adapters=745
 compilation: enabled
              stopped_count=0, restarted_count=0
 full_count=0

Compilation events (20 events):
Event: 13.990 Thread 0x000002435d55d6b0 nmethod 5747 0x000002434a1cf790 code [0x000002434a1cf920, 0x000002434a1cfa98]
Event: 13.991 Thread 0x000002435d55d6b0 5748       1       org.gradle.internal.typeconversion.NotationConverterToNotationParserAdapter$ResultImpl::access$100 (5 bytes)
Event: 13.991 Thread 0x000002435d55d6b0 nmethod 5748 0x0000024351c59890 code [0x0000024351c59a20, 0x0000024351c59ad8]
Event: 13.991 Thread 0x000002435d55d6b0 5749       1       org.gradle.internal.typeconversion.NotationConverterToNotationParserAdapter$ResultImpl::access$200 (5 bytes)
Event: 13.991 Thread 0x000002435d55d6b0 nmethod 5749 0x0000024351c35d10 code [0x0000024351c35ea0, 0x0000024351c35f58]
Event: 13.991 Thread 0x000002435d55d6b0 5750       3       org.apache.commons.lang.text.StrBuilder::ensureCapacity (39 bytes)
Event: 13.991 Thread 0x000002435d55d6b0 nmethod 5750 0x000002434a0ca010 code [0x000002434a0ca1c0, 0x000002434a0ca448]
Event: 13.991 Thread 0x000002435d55d6b0 5751       3       java.util.Spliterators$IteratorSpliterator::forEachRemaining (58 bytes)
Event: 13.991 Thread 0x000002435d55d6b0 nmethod 5751 0x000002434a0c9710 code [0x000002434a0c9900, 0x000002434a0c9e38]
Event: 13.992 Thread 0x000002437b738a90 nmethod 5610 0x0000024351c35890 code [0x0000024351c35a00, 0x0000024351c35c58]
Event: 13.992 Thread 0x000002437b738a90 5601       4       java.util.ArrayList::toArray (57 bytes)
Event: 13.992 Thread 0x000002435d55d6b0 5752       3       com.esotericsoftware.kryo.io.Output::writeUtf8Length (405 bytes)
Event: 13.992 Thread 0x000002435d55d6b0 nmethod 5752 0x000002434a0c8990 code [0x000002434a0c8bc0, 0x000002434a0c9368]
Event: 13.992 Thread 0x000002435d55d6b0 5753       3       sun.security.provider.SHA2::implCompress0 (490 bytes)
Event: 13.993 Thread 0x000002435d55d6b0 nmethod 5753 0x000002434a0c7a10 code [0x000002434a0c7c00, 0x000002434a0c84a8]
Event: 13.994 Thread 0x000002437b738a90 nmethod 5601 0x0000024351c34e10 code [0x0000024351c34fa0, 0x0000024351c35478]
Event: 13.994 Thread 0x000002437b738a90 5619       4       java.util.Spliterators$ArraySpliterator::estimateSize (11 bytes)
Event: 13.994 Thread 0x000002437b738a90 nmethod 5619 0x0000024351bbc410 code [0x0000024351bbc580, 0x0000024351bbc5f8]
Event: 13.994 Thread 0x000002437b738a90 5682       4       java.util.ArrayList::elementData (7 bytes)
Event: 13.995 Thread 0x000002437b738a90 nmethod 5682 0x0000024351bbc110 code [0x0000024351bbc280, 0x0000024351bbc338]

GC Heap History (10 events):
Event: 0.841 GC heap before
{Heap before GC invocations=0 (full 0):
 garbage-first heap   total 262144K, used 26624K [0x00000000e0000000, 0x0000000100000000)
  region size 1024K, 23 young (23552K), 0 survivors (0K)
 Metaspace       used 3041K, committed 3136K, reserved 393216K
  class space    used 391K, committed 448K, reserved 327680K
}
Event: 0.844 GC heap after
{Heap after GC invocations=1 (full 0):
 garbage-first heap   total 262144K, used 10978K [0x00000000e0000000, 0x0000000100000000)
  region size 1024K, 3 young (3072K), 3 survivors (3072K)
 Metaspace       used 3041K, committed 3136K, reserved 393216K
  class space    used 391K, committed 448K, reserved 327680K
}
Event: 1.207 GC heap before
{Heap before GC invocations=1 (full 0):
 garbage-first heap   total 262144K, used 38626K [0x00000000e0000000, 0x0000000100000000)
  region size 1024K, 30 young (30720K), 3 survivors (3072K)
 Metaspace       used 3990K, committed 4160K, reserved 393216K
  class space    used 491K, committed 576K, reserved 327680K
}
Event: 1.210 GC heap after
{Heap after GC invocations=2 (full 0):
 garbage-first heap   total 262144K, used 11819K [0x00000000e0000000, 0x0000000100000000)
  region size 1024K, 1 young (1024K), 1 survivors (1024K)
 Metaspace       used 3990K, committed 4160K, reserved 393216K
  class space    used 491K, committed 576K, reserved 327680K
}
Event: 5.374 GC heap before
{Heap before GC invocations=2 (full 0):
 garbage-first heap   total 262144K, used 131627K [0x00000000e0000000, 0x0000000100000000)
  region size 1024K, 119 young (121856K), 1 survivors (1024K)
 Metaspace       used 21244K, committed 21504K, reserved 393216K
  class space    used 3140K, committed 3264K, reserved 327680K
}
Event: 5.517 GC heap after
{Heap after GC invocations=3 (full 0):
 garbage-first heap   total 262144K, used 23038K [0x00000000e0000000, 0x0000000100000000)
  region size 1024K, 12 young (12288K), 12 survivors (12288K)
 Metaspace       used 21244K, committed 21504K, reserved 393216K
  class space    used 3140K, committed 3264K, reserved 327680K
}
Event: 8.860 GC heap before
{Heap before GC invocations=4 (full 0):
 garbage-first heap   total 262144K, used 138750K [0x00000000e0000000, 0x0000000100000000)
  region size 1024K, 122 young (124928K), 12 survivors (12288K)
 Metaspace       used 35557K, committed 35968K, reserved 393216K
  class space    used 4971K, committed 5184K, reserved 327680K
}
Event: 8.880 GC heap after
{Heap after GC invocations=5 (full 0):
 garbage-first heap   total 262144K, used 32550K [0x00000000e0000000, 0x0000000100000000)
  region size 1024K, 10 young (10240K), 10 survivors (10240K)
 Metaspace       used 35557K, committed 35968K, reserved 393216K
  class space    used 4971K, committed 5184K, reserved 327680K
}
Event: 13.753 GC heap before
{Heap before GC invocations=6 (full 0):
 garbage-first heap   total 262144K, used 180006K [0x00000000e0000000, 0x0000000100000000)
  region size 1024K, 153 young (156672K), 10 survivors (10240K)
 Metaspace       used 47857K, committed 48384K, reserved 393216K
  class space    used 6871K, committed 7168K, reserved 327680K
}
Event: 13.768 GC heap after
{Heap after GC invocations=7 (full 0):
 garbage-first heap   total 262144K, used 41441K [0x00000000e0000000, 0x0000000100000000)
  region size 1024K, 19 young (19456K), 19 survivors (19456K)
 Metaspace       used 47857K, committed 48384K, reserved 393216K
  class space    used 6871K, committed 7168K, reserved 327680K
}

Deoptimization events (20 events):
Event: 13.750 Thread 0x00000243770395b0 Uncommon trap: trap_request=0xffffff45 fr.pc=0x0000024351d4f828 relative=0x0000000000000388
Event: 13.750 Thread 0x00000243770395b0 Uncommon trap: reason=unstable_if action=reinterpret pc=0x0000024351d4f828 method=java.util.HashMap$HashIterator.<init>(Ljava/util/HashMap;)V @ 45 c2
Event: 13.750 Thread 0x00000243770395b0 DEOPT PACKING pc=0x0000024351d4f828 sp=0x000000d5bc0ff300
Event: 13.750 Thread 0x00000243770395b0 DEOPT UNPACKING pc=0x00000243516423a3 sp=0x000000d5bc0ff2b8 mode 2
Event: 13.864 Thread 0x000002437703e2b0 Uncommon trap: trap_request=0xffffffc6 fr.pc=0x0000024351e0a63c relative=0x000000000000029c
Event: 13.864 Thread 0x000002437703e2b0 Uncommon trap: reason=bimorphic_or_optimized_type_check action=maybe_recompile pc=0x0000024351e0a63c method=java.util.stream.StreamOpFlag.fromCharacteristics(Ljava/util/Spliterator;)I @ 14 c2
Event: 13.864 Thread 0x000002437703e2b0 DEOPT PACKING pc=0x0000024351e0a63c sp=0x000000d5bb6fd560
Event: 13.864 Thread 0x000002437703e2b0 DEOPT UNPACKING pc=0x00000243516423a3 sp=0x000000d5bb6fd448 mode 2
Event: 13.912 Thread 0x000002437703e2b0 Uncommon trap: trap_request=0xffffff45 fr.pc=0x0000024351e05a1c relative=0x000000000000007c
Event: 13.912 Thread 0x000002437703e2b0 Uncommon trap: reason=unstable_if action=reinterpret pc=0x0000024351e05a1c method=java.util.Spliterator.getExactSizeIfKnown()J @ 9 c2
Event: 13.912 Thread 0x000002437703e2b0 DEOPT PACKING pc=0x0000024351e05a1c sp=0x000000d5bb6fc950
Event: 13.912 Thread 0x000002437703e2b0 DEOPT UNPACKING pc=0x00000243516423a3 sp=0x000000d5bb6fc8e8 mode 2
Event: 13.933 Thread 0x0000024379797690 Uncommon trap: trap_request=0xffffffde fr.pc=0x0000024351db01e8 relative=0x0000000000000868
Event: 13.933 Thread 0x0000024379797690 Uncommon trap: reason=class_check action=maybe_recompile pc=0x0000024351db01e8 method=java.io.BufferedInputStream.read1([BII)I @ 39 c2
Event: 13.933 Thread 0x0000024379797690 DEOPT PACKING pc=0x0000024351db01e8 sp=0x000000d5bc2fdee0
Event: 13.933 Thread 0x0000024379797690 DEOPT UNPACKING pc=0x00000243516423a3 sp=0x000000d5bc2fddf8 mode 2
Event: 13.958 Thread 0x000002437703e2b0 Uncommon trap: trap_request=0xffffff45 fr.pc=0x0000024351c79430 relative=0x00000000000005f0
Event: 13.958 Thread 0x000002437703e2b0 Uncommon trap: reason=unstable_if action=reinterpret pc=0x0000024351c79430 method=java.lang.String.regionMatches(ZILjava/lang/String;II)Z @ 1 c2
Event: 13.958 Thread 0x000002437703e2b0 DEOPT PACKING pc=0x0000024351c79430 sp=0x000000d5bb6f98e0
Event: 13.958 Thread 0x000002437703e2b0 DEOPT UNPACKING pc=0x00000243516423a3 sp=0x000000d5bb6f9888 mode 2

Classes unloaded (0 events):
No events

Classes redefined (0 events):
No events

Internal exceptions (20 events):
Event: 13.698 Thread 0x00000243777c6930 Exception <a 'java/lang/ClassNotFoundException'{0x00000000e6cbf9a0}: org/gradle/language/jvm/tasks/ProcessResourcesBeanInfo> (0x00000000e6cbf9a0) 
thrown [s\open\src\hotspot\share\classfile\systemDictionary.cpp, line 256]
Event: 13.699 Thread 0x00000243777c6930 Exception <a 'java/lang/ClassNotFoundException'{0x00000000e6cc9e10}: org/gradle/api/tasks/CopyBeanInfo> (0x00000000e6cc9e10) 
thrown [s\open\src\hotspot\share\classfile\systemDictionary.cpp, line 256]
Event: 13.699 Thread 0x00000243777c6930 Exception <a 'java/lang/ClassNotFoundException'{0x00000000e6cd48b8}: org/gradle/api/tasks/AbstractCopyTaskBeanInfo> (0x00000000e6cd48b8) 
thrown [s\open\src\hotspot\share\classfile\systemDictionary.cpp, line 256]
Event: 13.700 Thread 0x00000243777c6930 Exception <a 'java/lang/ClassNotFoundException'{0x00000000e6cdee48}: org/gradle/api/tasks/AbstractCopyTaskCustomizer> (0x00000000e6cdee48) 
thrown [s\open\src\hotspot\share\classfile\systemDictionary.cpp, line 256]
Event: 13.704 Thread 0x00000243777c6930 Exception <a 'java/lang/ClassNotFoundException'{0x00000000e6b5e6c0}: org/gradle/api/tasks/CopyCustomizer> (0x00000000e6b5e6c0) 
thrown [s\open\src\hotspot\share\classfile\systemDictionary.cpp, line 256]
Event: 13.705 Thread 0x00000243777c6930 Exception <a 'java/lang/ClassNotFoundException'{0x00000000e6b824d0}: org/gradle/language/jvm/tasks/ProcessResourcesCustomizer> (0x00000000e6b824d0) 
thrown [s\open\src\hotspot\share\classfile\systemDictionary.cpp, line 256]
Event: 13.707 Thread 0x00000243777c6930 Exception <a 'java/lang/ClassNotFoundException'{0x00000000e6ba3080}: org/gradle/language/jvm/tasks/ProcessResources_DecoratedCustomizer> (0x00000000e6ba3080) 
thrown [s\open\src\hotspot\share\classfile\systemDictionary.cpp, line 256]
Event: 13.714 Thread 0x00000243777c6930 Exception <a 'java/lang/ClassNotFoundException'{0x00000000e6a43918}: org/gradle/api/DefaultTask_DecoratedBeanInfo> (0x00000000e6a43918) 
thrown [s\open\src\hotspot\share\classfile\systemDictionary.cpp, line 256]
Event: 13.715 Thread 0x00000243777c6930 Exception <a 'java/lang/ClassNotFoundException'{0x00000000e6a4dd00}: org/gradle/api/DefaultTask_DecoratedCustomizer> (0x00000000e6a4dd00) 
thrown [s\open\src\hotspot\share\classfile\systemDictionary.cpp, line 256]
Event: 13.783 Thread 0x000002437703e780 Exception <a 'java/lang/NoSuchMethodError'{0x00000000effe1688}: 'java.lang.Object java.lang.invoke.DirectMethodHandle$Holder.newInvokeSpecial(java.lang.Object, java.lang.Object, java.lang.Object, java.lang.Object, int, java.lang.Object)'> (0x00000000effe1688) 
thrown [s\open\src\hotspot\share\interpreter\linkResolver.cpp, line 759]
Event: 13.783 Thread 0x000002437703e780 Exception <a 'java/lang/NoSuchMethodError'{0x00000000effe5700}: 'java.lang.Object java.lang.invoke.Invokers$Holder.linkToTargetMethod(java.lang.Object, java.lang.Object, java.lang.Object, int, java.lang.Object, java.lang.Object)'> (0x00000000effe5700) 
thrown [s\open\src\hotspot\share\interpreter\linkResolver.cpp, line 759]
Event: 13.800 Thread 0x000002437703e2b0 Exception <a 'java/lang/NoSuchMethodError'{0x00000000efe88b50}: 'void java.lang.invoke.DirectMethodHandle$Holder.invokeInterface(java.lang.Object, java.lang.Object, java.lang.Object, java.lang.Object)'> (0x00000000efe88b50) 
thrown [s\open\src\hotspot\share\interpreter\linkResolver.cpp, line 759]
Event: 13.878 Thread 0x0000024377fb34f0 Exception <a 'java/lang/NoSuchMethodError'{0x00000000efb951f8}: static Lorg/gradle/internal/build/event/types/DefaultTaskStartedProgressEvent;.<clinit>()V> (0x00000000efb951f8) 
thrown [s\open\src\hotspot\share\prims\jni.cpp, line 1107]
Event: 13.880 Thread 0x0000024377fb34f0 Exception <a 'java/lang/NoSuchMethodError'{0x00000000efb97260}: static Lorg/gradle/internal/build/event/types/AbstractProgressEvent;.<clinit>()V> (0x00000000efb97260) 
thrown [s\open\src\hotspot\share\prims\jni.cpp, line 1107]
Event: 13.882 Thread 0x0000024377fb34f0 Exception <a 'java/lang/NoSuchMethodError'{0x00000000efba1cb8}: static Lorg/gradle/internal/build/event/types/DefaultTaskDescriptor;.<clinit>()V> (0x00000000efba1cb8) 
thrown [s\open\src\hotspot\share\prims\jni.cpp, line 1107]
Event: 13.888 Thread 0x0000024377fb34f0 Exception <a 'java/lang/NoSuchMethodError'{0x00000000efbe2dc8}: static Lorg/gradle/internal/operations/OperationIdentifier;.<clinit>()V> (0x00000000efbe2dc8) 
thrown [s\open\src\hotspot\share\prims\jni.cpp, line 1107]
Event: 13.890 Thread 0x0000024377fb34f0 Exception <a 'java/lang/NoSuchMethodError'{0x00000000efbeca10}: static Lorg/gradle/internal/build/event/types/DefaultBinaryPluginIdentifier;.<clinit>()V> (0x00000000efbeca10) 
thrown [s\open\src\hotspot\share\prims\jni.cpp, line 1107]
Event: 13.896 Thread 0x000002437703e2b0 Exception <a 'java/lang/IncompatibleClassChangeError'{0x00000000efa115a8}: Found class java.lang.Object, but interface was expected> (0x00000000efa115a8) 
thrown [s\open\src\hotspot\share\interpreter\linkResolver.cpp, line 826]
Event: 13.985 Thread 0x000002437703e2b0 Exception <a 'java/lang/IncompatibleClassChangeError'{0x00000000ef7050a0}: Found class java.lang.Object, but interface was expected> (0x00000000ef7050a0) 
thrown [s\open\src\hotspot\share\interpreter\linkResolver.cpp, line 826]
Event: 13.987 Thread 0x000002437703e2b0 Exception <a 'java/lang/NoSuchMethodError'{0x00000000ef7202b8}: static Ljava/lang/Object;.<clinit>()V> (0x00000000ef7202b8) 
thrown [s\open\src\hotspot\share\prims\jni.cpp, line 1107]

VM Operations (20 events):
Event: 12.109 Executing VM operation: HandshakeAllThreads
Event: 12.109 Executing VM operation: HandshakeAllThreads done
Event: 12.603 Executing VM operation: HandshakeAllThreads
Event: 12.604 Executing VM operation: HandshakeAllThreads done
Event: 12.683 Executing VM operation: ICBufferFull
Event: 12.683 Executing VM operation: ICBufferFull done
Event: 13.222 Executing VM operation: HandshakeAllThreads
Event: 13.223 Executing VM operation: HandshakeAllThreads done
Event: 13.231 Executing VM operation: HandshakeAllThreads
Event: 13.231 Executing VM operation: HandshakeAllThreads done
Event: 13.357 Executing VM operation: ICBufferFull
Event: 13.358 Executing VM operation: ICBufferFull done
Event: 13.628 Executing VM operation: HandshakeAllThreads
Event: 13.628 Executing VM operation: HandshakeAllThreads done
Event: 13.753 Executing VM operation: G1CollectForAllocation
Event: 13.768 Executing VM operation: G1CollectForAllocation done
Event: 13.851 Executing VM operation: HandshakeAllThreads
Event: 13.851 Executing VM operation: HandshakeAllThreads done
Event: 13.854 Executing VM operation: HandshakeAllThreads
Event: 13.854 Executing VM operation: HandshakeAllThreads done

Events (20 events):
Event: 13.879 loading class java/io/ObjectStreamClass$5
Event: 13.879 loading class java/io/ObjectStreamClass$5 done
Event: 13.880 loading class java/io/ObjectStreamClass$ClassDataSlot
Event: 13.880 loading class java/io/ObjectStreamClass$ClassDataSlot done
Event: 13.882 loading class jdk/internal/reflect/UnsafeQualifiedStaticLongFieldAccessorImpl
Event: 13.883 loading class jdk/internal/reflect/UnsafeQualifiedStaticLongFieldAccessorImpl done
Event: 13.885 loading class java/io/SerialCallbackContext
Event: 13.885 loading class java/io/SerialCallbackContext done
Event: 13.943 loading class java/util/stream/ReferencePipeline$4
Event: 13.943 loading class java/util/stream/ReferencePipeline$4 done
Event: 13.943 loading class java/util/stream/ReduceOps$6
Event: 13.943 loading class java/util/stream/ReduceOps$6 done
Event: 13.943 loading class java/util/stream/ReduceOps$5ReducingSink
Event: 13.944 loading class java/util/stream/ReduceOps$5ReducingSink done
Event: 13.944 loading class java/util/stream/ReferencePipeline$4$1
Event: 13.944 loading class java/util/stream/ReferencePipeline$4$1 done
Event: 13.986 loading class java/util/concurrent/ConcurrentSkipListMap$KeySet
Event: 13.986 loading class java/util/concurrent/ConcurrentSkipListMap$KeySet done
Event: 13.987 loading class java/util/concurrent/ConcurrentSkipListMap$KeyIterator
Event: 13.987 loading class java/util/concurrent/ConcurrentSkipListMap$KeyIterator done


Dynamic libraries:
0x00007ff7c6170000 - 0x00007ff7c6180000 	C:\Java\jdk-17\bin\java.exe
0x00007fff66670000 - 0x00007fff66865000 	C:\Windows\SYSTEM32\ntdll.dll
0x00007fff66570000 - 0x00007fff6662d000 	C:\Windows\System32\KERNEL32.DLL
0x00007fff64400000 - 0x00007fff646c9000 	C:\Windows\System32\KERNELBASE.dll
0x00007fff64300000 - 0x00007fff64400000 	C:\Windows\System32\ucrtbase.dll
0x00007fff4aef0000 - 0x00007fff4af0b000 	C:\Java\jdk-17\bin\VCRUNTIME140.dll
0x00007fff4aa10000 - 0x00007fff4aa29000 	C:\Java\jdk-17\bin\jli.dll
0x00007fff661a0000 - 0x00007fff6624c000 	C:\Windows\System32\ADVAPI32.dll
0x00007fff660a0000 - 0x00007fff6613e000 	C:\Windows\System32\msvcrt.dll
0x00007fff64d30000 - 0x00007fff64dcc000 	C:\Windows\System32\sechost.dll
0x00007fff66300000 - 0x00007fff6642b000 	C:\Windows\System32\RPCRT4.dll
0x00007fff647f0000 - 0x00007fff64990000 	C:\Windows\System32\USER32.dll
0x00007fff642a0000 - 0x00007fff642c2000 	C:\Windows\System32\win32u.dll
0x00007fff46930000 - 0x00007fff46bca000 	C:\Windows\WinSxS\amd64_microsoft.windows.common-controls_6595b64144ccf1df_6.0.19041.844_none_ca00b6081b84eb1d\COMCTL32.dll
0x00007fff64c20000 - 0x00007fff64c4a000 	C:\Windows\System32\GDI32.dll
0x00007fff64010000 - 0x00007fff6411b000 	C:\Windows\System32\gdi32full.dll
0x00007fff63db0000 - 0x00007fff63e4d000 	C:\Windows\System32\msvcp_win.dll
0x00007fff5d220000 - 0x00007fff5d22a000 	C:\Windows\SYSTEM32\VERSION.dll
0x00007fff66540000 - 0x00007fff66570000 	C:\Windows\System32\IMM32.DLL
0x00007fff59e10000 - 0x00007fff59e1c000 	C:\Java\jdk-17\bin\vcruntime140_1.dll
0x00007fff3c930000 - 0x00007fff3c9be000 	C:\Java\jdk-17\bin\msvcp140.dll
0x00007fff194d0000 - 0x00007fff1a0ae000 	C:\Java\jdk-17\bin\server\jvm.dll
0x00007fff66430000 - 0x00007fff66438000 	C:\Windows\System32\PSAPI.DLL
0x00007fff4ae90000 - 0x00007fff4ae99000 	C:\Windows\SYSTEM32\WSOCK32.dll
0x00007fff64e30000 - 0x00007fff64e9b000 	C:\Windows\System32\WS2_32.dll
0x00007fff51460000 - 0x00007fff51487000 	C:\Windows\SYSTEM32\WINMM.dll
0x00007fff61c10000 - 0x00007fff61c22000 	C:\Windows\SYSTEM32\kernel.appcore.dll
0x00007fff58060000 - 0x00007fff5806a000 	C:\Java\jdk-17\bin\jimage.dll
0x00007fff51270000 - 0x00007fff51454000 	C:\Windows\SYSTEM32\DBGHELP.DLL
0x00007fff50a30000 - 0x00007fff50a5c000 	C:\Windows\SYSTEM32\dbgcore.DLL
0x00007fff64120000 - 0x00007fff641a0000 	C:\Windows\System32\bcryptPrimitives.dll
0x00007fff5f980000 - 0x00007fff5f98e000 	C:\Java\jdk-17\bin\instrument.dll
0x00007fff49a10000 - 0x00007fff49a35000 	C:\Java\jdk-17\bin\java.dll
0x00007fff3a9f0000 - 0x00007fff3aac7000 	C:\Java\jdk-17\bin\jsvml.dll
0x00007fff65950000 - 0x00007fff66092000 	C:\Windows\System32\SHELL32.dll
0x00007fff61ef0000 - 0x00007fff62680000 	C:\Windows\SYSTEM32\windows.storage.dll
0x00007fff65440000 - 0x00007fff65795000 	C:\Windows\System32\combase.dll
0x00007fff63680000 - 0x00007fff636ac000 	C:\Windows\SYSTEM32\Wldp.dll
0x00007fff66250000 - 0x00007fff662fe000 	C:\Windows\System32\SHCORE.dll
0x00007fff64790000 - 0x00007fff647e5000 	C:\Windows\System32\shlwapi.dll
0x00007fff63cf0000 - 0x00007fff63d0f000 	C:\Windows\SYSTEM32\profapi.dll
0x00007fff47b50000 - 0x00007fff47b68000 	C:\Java\jdk-17\bin\zip.dll
0x00007fff4a4e0000 - 0x00007fff4a4f9000 	C:\Java\jdk-17\bin\net.dll
0x00007fff5dd90000 - 0x00007fff5de9c000 	C:\Windows\SYSTEM32\WINHTTP.dll
0x00007fff63470000 - 0x00007fff634da000 	C:\Windows\system32\mswsock.dll
0x00007fff4a2f0000 - 0x00007fff4a306000 	C:\Java\jdk-17\bin\nio.dll
0x00007fff4acb0000 - 0x00007fff4acc0000 	C:\Java\jdk-17\bin\verify.dll
0x00007fff5e750000 - 0x00007fff5e777000 	C:\Users\Student\.gradle\native\c067742578af261105cb4f569cf0c3c89f3d7b1fecec35dd04571415982c5e48\windows-amd64\native-platform.dll
0x00007fff4a180000 - 0x00007fff4a2c4000 	C:\Users\Student\.gradle\native\38dada09dfb8b06ba9b0570ebf7e218e3eb74d4ef43ca46872605cf95ebc2f47\windows-amd64\native-platform-file-events.dll
0x00007fff5fcc0000 - 0x00007fff5fcca000 	C:\Java\jdk-17\bin\management.dll
0x00007fff5fc00000 - 0x00007fff5fc0b000 	C:\Java\jdk-17\bin\management_ext.dll
0x00007fff63730000 - 0x00007fff63748000 	C:\Windows\SYSTEM32\CRYPTSP.dll
0x00007fff62e30000 - 0x00007fff62e64000 	C:\Windows\system32\rsaenh.dll
0x00007fff642d0000 - 0x00007fff642f7000 	C:\Windows\System32\bcrypt.dll
0x00007fff63cb0000 - 0x00007fff63cde000 	C:\Windows\SYSTEM32\USERENV.dll
0x00007fff635f0000 - 0x00007fff635fc000 	C:\Windows\SYSTEM32\CRYPTBASE.dll
0x00007fff63180000 - 0x00007fff631bb000 	C:\Windows\SYSTEM32\IPHLPAPI.DLL
0x00007fff64780000 - 0x00007fff64788000 	C:\Windows\System32\NSI.dll
0x00007fff5dd70000 - 0x00007fff5dd87000 	C:\Windows\SYSTEM32\dhcpcsvc6.DLL
0x00007fff5dd40000 - 0x00007fff5dd5d000 	C:\Windows\SYSTEM32\dhcpcsvc.DLL
0x00007fff631c0000 - 0x00007fff6328b000 	C:\Windows\SYSTEM32\DNSAPI.dll
0x00007fff5e660000 - 0x00007fff5e66e000 	C:\Java\jdk-17\bin\sunmscapi.dll
0x00007fff63e50000 - 0x00007fff63faf000 	C:\Windows\System32\CRYPT32.dll
0x00007fff636f0000 - 0x00007fff63717000 	C:\Windows\SYSTEM32\ncrypt.dll
0x00007fff636b0000 - 0x00007fff636eb000 	C:\Windows\SYSTEM32\NTASN1.dll
0x00007fff5fa10000 - 0x00007fff5fa17000 	C:\Windows\system32\wshunix.dll

dbghelp: loaded successfully - version: 4.0.5 - missing functions: none
symbol engine: initialized successfully - sym options: 0x614 - pdb path: .;C:\Java\jdk-17\bin;C:\Windows\SYSTEM32;C:\Windows\WinSxS\amd64_microsoft.windows.common-controls_6595b64144ccf1df_6.0.19041.844_none_ca00b6081b84eb1d;C:\Java\jdk-17\bin\server;C:\Users\Student\.gradle\native\c067742578af261105cb4f569cf0c3c89f3d7b1fecec35dd04571415982c5e48\windows-amd64;C:\Users\Student\.gradle\native\38dada09dfb8b06ba9b0570ebf7e218e3eb74d4ef43ca46872605cf95ebc2f47\windows-amd64

VM Arguments:
jvm_args: --add-opens=java.base/java.util=ALL-UNNAMED --add-opens=java.base/java.lang=ALL-UNNAMED --add-opens=java.base/java.lang.invoke=ALL-UNNAMED --add-opens=java.prefs/java.util.prefs=ALL-UNNAMED --add-opens=java.base/java.nio.charset=ALL-UNNAMED --add-opens=java.base/java.net=ALL-UNNAMED --add-opens=java.base/java.util.concurrent.atomic=ALL-UNNAMED -XX:MaxMetaspaceSize=384m -XX:+HeapDumpOnOutOfMemoryError -Xms256m -Xmx512m -Dfile.encoding=windows-1252 -Duser.country=US -Duser.language=en -Duser.variant -javaagent:C:\Users\Student\.gradle\wrapper\dists\gradle-8.5-bin\5t9huq95ubn472n8rpzujfbqh\gradle-8.5\lib\agents\gradle-instrumentation-agent-8.5.jar 
java_command: org.gradle.launcher.daemon.bootstrap.GradleDaemon 8.5
java_class_path (initial): C:\Users\Student\.gradle\wrapper\dists\gradle-8.5-bin\5t9huq95ubn472n8rpzujfbqh\gradle-8.5\lib\gradle-launcher-8.5.jar
Launcher Type: SUN_STANDARD

[Global flags]
     intx CICompilerCount                          = 4                                         {product} {ergonomic}
   size_t CompressedClassSpaceSize                 = 335544320                                 {product} {ergonomic}
     uint ConcGCThreads                            = 3                                         {product} {ergonomic}
     uint G1ConcRefinementThreads                  = 10                                        {product} {ergonomic}
   size_t G1HeapRegionSize                         = 1048576                                   {product} {ergonomic}
    uintx GCDrainStackTargetSize                   = 64                                        {product} {ergonomic}
     bool HeapDumpOnOutOfMemoryError               = true                                   {manageable} {command line}
   size_t InitialHeapSize                          = 268435456                                 {product} {command line}
   size_t MarkStackSize                            = 4194304                                   {product} {ergonomic}
   size_t MaxHeapSize                              = 536870912                                 {product} {command line}
   size_t MaxMetaspaceSize                         = 402653184                                 {product} {command line}
   size_t MaxNewSize                               = 321912832                                 {product} {ergonomic}
   size_t MinHeapDeltaBytes                        = 1048576                                   {product} {ergonomic}
   size_t MinHeapSize                              = 268435456                                 {product} {command line}
    uintx NonNMethodCodeHeapSize                   = 5839372                                {pd product} {ergonomic}
    uintx NonProfiledCodeHeapSize                  = 122909434                              {pd product} {ergonomic}
    uintx ProfiledCodeHeapSize                     = 122909434                              {pd product} {ergonomic}
    uintx ReservedCodeCacheSize                    = 251658240                              {pd product} {ergonomic}
     bool SegmentedCodeCache                       = true                                      {product} {ergonomic}
   size_t SoftMaxHeapSize                          = 536870912                              {manageable} {ergonomic}
     bool UseCompressedClassPointers               = true                           {product lp64_product} {ergonomic}
     bool UseCompressedOops                        = true                           {product lp64_product} {ergonomic}
     bool UseG1GC                                  = true                                      {product} {ergonomic}
     bool UseLargePagesIndividualAllocation        = false                                  {pd product} {ergonomic}

Logging:
Log output configuration:
 #0: stdout all=warning uptime,level,tags
 #1: stderr all=off uptime,level,tags

Environment Variables:
JAVA_HOME=C:\Java\jdk-17
PATH=C:\Program Files\Common Files\Oracle\Java\javapath;C:\Program Files\copasi.org\COPASI 4.30.240\bin;C:\Program Files (x86)\Common Files\Intel\Shared Files\cpp\bin\Intel64;C:\ProgramData\Anaconda3;C:\ProgramData\Anaconda3\Library\mingw-w64\bin;C:\ProgramData\Anaconda3\Library\usr\bin;C:\ProgramData\Anaconda3\Library\bin;C:\ProgramData\Anaconda3\Scripts;C:\Windows\system32;C:\Windows;C:\Windows\System32\Wbem;C:\Windows\System32\WindowsPowerShell\v1.0\;C:\Windows\System32\OpenSSH\;C:\Program Files\MATLAB\R2013a\runtime\win64;C:\Program Files\MATLAB\R2013a\bin;C:\Program Files (x86)\Microsoft SQL Server\110\Tools\Binn\;C:\Program Files\Microsoft SQL Server\110\Tools\Binn\;C:\Program Files\Microsoft SQL Server\110\DTS\Binn\;C:\Program Files (x86)\Microsoft SQL Server\110\Tools\Binn\ManagementStudio\;C:\Program Files (x86)\Microsoft Visual Studio 10.0\Common7\IDE\PrivateAssemblies\;C:\Program Files (x86)\Microsoft SQL Server\110\DTS\Binn\;C:\Program Files\java\jdk-11.0.9\bin\;C:\Program Files\Git\cmd\;C:\Program Files (x86)\Microsoft SQL Server\Client SDK\ODBC\110\Tools\Binn\;C:\Program Files (x86)\Microsoft SQL Server\120\Tools\Binn\;C:\Program Files (x86)\Microsoft SQL Server\120\DTS\Binn\;C:\Program Files\Microsoft SQL Server\130\Tools\Binn\;C:\Program Files\dotnet\;C:\Program Files\Microsoft SQL Server\Client SDK\ODBC\170\Tools\Binn\;C:\Program Files\nodejs\;C:\gradle-8.2.1\bin\;C:\Program Files\MongoDB\Server\5.0\bin\;C:\Program Files\MongoDB\Tools\100\bin\;C:\Java\apache-maven-3.9.4\bin;;C:\Program Files\Docker\Docker\resources\bin;C:\Users\Student\AppData\Local\Programs\Python\Python312\Scripts\;C:\Users\Student\AppData\Local\Programs\Python\Python312\;C:\Users\Student\AppData\Local\Microsoft\WindowsApps;C:\Users\Student\AppData\Local\Programs\Microsoft VS Code\bin;C:\Users\Student\.dotnet\tools;C:\Users\Student\AppData\Roaming\npm;C:\Users\Student\AppData\Local\Programs\mongosh\;C:\Program Files\MongoDB\Tools\100;C:\Program Files\MongoDB\Server\5.0\bin;;C:\Progra
USERNAME=Student
OS=Windows_NT
PROCESSOR_IDENTIFIER=Intel64 Family 6 Model 165 Stepping 3, GenuineIntel



---------------  S Y S T E M  ---------------

OS:
 Windows 10 , 64 bit Build 19041 (10.0.19041.804)
OS uptime: 0 days 1:36 hours
Hyper-V role detected

CPU: total 12 (initial active 12) (6 cores per cpu, 2 threads per core) family 6 model 165 stepping 3 microcode 0xe0, cx8, cmov, fxsr, ht, mmx, 3dnowpref, sse, sse2, sse3, ssse3, sse4.1, sse4.2, popcnt, lzcnt, tsc, tscinvbit, avx, avx2, aes, erms, clmul, bmi1, bmi2, adx, fma, vzeroupper, clflush, clflushopt, hv

Memory: 4k page, system-wide physical 7939M (836M free)
TotalPageFile size 11539M (AvailPageFile size 300M)
current process WorkingSet (physical memory assigned to process): 381M, peak: 388M
current process commit charge ("private bytes"): 492M, peak: 499M

vm_info: Java HotSpot(TM) 64-Bit Server VM (17.0.8+9-LTS-211) for windows-amd64 JRE (17.0.8+9-LTS-211), built on Jun 14 2023 10:34:31 by "mach5one" with MS VC++ 17.1 (VS2022)

END.
