#
# There is insufficient memory for the Java Runtime Environment to continue.
# Native memory allocation (malloc) failed to allocate 32744 bytes for ChunkPool::allocate
# Possible reasons:
#   The system is out of physical RAM or swap space
#   The process is running with CompressedOops enabled, and the Java Heap may be blocking the growth of the native heap
# Possible solutions:
#   Reduce memory load on the system
#   Increase physical memory or swap space
#   Check if swap backing store is full
#   Decrease Java heap size (-Xmx/-Xms)
#   Decrease number of Java threads
#   Decrease Java thread stack sizes (-Xss)
#   Set larger code cache with -XX:ReservedCodeCacheSize=
#   JVM is running with Unscaled Compressed Oops mode in which the Java heap is
#     placed in the first 4GB address space. The Java Heap base address is the
#     maximum limit for the native heap growth. Please use -XX:HeapBaseMinAddress
#     to set the Java Heap base and to place the Java Heap above 4GB virtual address.
# This output file may be truncated or incomplete.
#
#  Out of Memory Error (arena.cpp:78), pid=9180, tid=13256
#
# JRE version: Java(TM) SE Runtime Environment (17.0.8+9) (build 17.0.8+9-LTS-211)
# Java VM: Java HotSpot(TM) 64-Bit Server VM (17.0.8+9-LTS-211, mixed mode, sharing, tiered, compressed oops, compressed class ptrs, g1 gc, windows-amd64)
# No core dump will be written. Minidumps are not enabled by default on client versions of Windows
#

---------------  S U M M A R Y ------------

Command Line: --add-opens=java.base/java.util=ALL-UNNAMED --add-opens=java.base/java.lang=ALL-UNNAMED --add-opens=java.base/java.lang.invoke=ALL-UNNAMED --add-opens=java.prefs/java.util.prefs=ALL-UNNAMED --add-opens=java.base/java.nio.charset=ALL-UNNAMED --add-opens=java.base/java.net=ALL-UNNAMED --add-opens=java.base/java.util.concurrent.atomic=ALL-UNNAMED -XX:MaxMetaspaceSize=384m -XX:+HeapDumpOnOutOfMemoryError -Xms256m -Xmx512m -Dfile.encoding=windows-1252 -Duser.country=US -Duser.language=en -Duser.variant -javaagent:C:\Users\Student\.gradle\wrapper\dists\gradle-8.5-bin\5t9huq95ubn472n8rpzujfbqh\gradle-8.5\lib\agents\gradle-instrumentation-agent-8.5.jar org.gradle.launcher.daemon.bootstrap.GradleDaemon 8.5

Host: Intel(R) Core(TM) i5-10400 CPU @ 2.90GHz, 12 cores, 7G,  Windows 10 , 64 bit Build 19041 (10.0.19041.804)
Time: Mon Apr  1 19:47:30 2024 SE Asia Standard Time elapsed time: 14.352362 seconds (0d 0h 0m 14s)

---------------  T H R E A D  ---------------

Current thread (0x000001c8dde0de10):  JavaThread "C1 CompilerThread0" daemon [_thread_in_native, id=13256, stack(0x000000121d800000,0x000000121d900000)]


Current CompileTask:
C1:  14352 4212       3       java.net.DatagramPacket::<init> (8 bytes)

Stack: [0x000000121d800000,0x000000121d900000]
Native frames: (J=compiled Java code, j=interpreted, Vv=VM code, C=native code)
V  [jvm.dll+0x677d0a]
V  [jvm.dll+0x7d8c54]
V  [jvm.dll+0x7da3fe]
V  [jvm.dll+0x7daa63]
V  [jvm.dll+0x245c5f]
V  [jvm.dll+0xaacc0]
V  [jvm.dll+0xab00c]
V  [jvm.dll+0x664c73]
V  [jvm.dll+0x1798d0]
V  [jvm.dll+0x17729e]
V  [jvm.dll+0x17764a]
V  [jvm.dll+0x17a017]
V  [jvm.dll+0x134d83]
V  [jvm.dll+0x13468f]
V  [jvm.dll+0x1348c8]
V  [jvm.dll+0x133d61]
V  [jvm.dll+0x135a0d]
V  [jvm.dll+0x2270be]
V  [jvm.dll+0x22535b]
V  [jvm.dll+0x78e7bc]
V  [jvm.dll+0x788bba]
V  [jvm.dll+0x676b35]
C  [ucrtbase.dll+0x21bb2]
C  [KERNEL32.DLL+0x17034]
C  [ntdll.dll+0x52651]


---------------  P R O C E S S  ---------------

Threads class SMR info:
_java_thread_list=0x000001c8fa02e590, length=45, elements={
0x000001c8c31e7df0, 0x000001c8dddf0f70, 0x000001c8dddf1af0, 0x000001c8dde08dc0,
0x000001c8dde09940, 0x000001c8dde0b210, 0x000001c8dde0bad0, 0x000001c8dde177d0,
0x000001c8dde0de10, 0x000001c8dde1bf60, 0x000001c8f7078210, 0x000001c8f71ae1b0,
0x000001c8f885e0f0, 0x000001c8f9d22330, 0x000001c8f8d51e20, 0x000001c8f8c5d440,
0x000001c8f903f020, 0x000001c8f91036c0, 0x000001c8f9b9e860, 0x000001c8f84ffce0,
0x000001c8f9318470, 0x000001c8f9319c80, 0x000001c8f9318e10, 0x000001c8f931a620,
0x000001c8f931afc0, 0x000001c8f931a150, 0x000001c8f931aaf0, 0x000001c8f9317ad0,
0x000001c8f9317600, 0x000001c8f93197b0, 0x000001c8f93192e0, 0x000001c8f9cbb580,
0x000001c8f9cb9d70, 0x000001c8f9cb5540, 0x000001c8f9cb8a30, 0x000001c8f9cb93d0,
0x000001c8f9cb5ee0, 0x000001c8f9cb5070, 0x000001c8f9cbc3f0, 0x000001c8f9cb76f0,
0x000001c8f9cbc8c0, 0x000001c8f9186ad0, 0x000001c8f9cb6880, 0x000001c8f91753e0,
0x000001c8f9cb63b0
}

Java Threads: ( => current thread )
  0x000001c8c31e7df0 JavaThread "main" [_thread_blocked, id=6976, stack(0x000000121ca00000,0x000000121cb00000)]
  0x000001c8dddf0f70 JavaThread "Reference Handler" daemon [_thread_blocked, id=11152, stack(0x000000121d100000,0x000000121d200000)]
  0x000001c8dddf1af0 JavaThread "Finalizer" daemon [_thread_blocked, id=10952, stack(0x000000121d200000,0x000000121d300000)]
  0x000001c8dde08dc0 JavaThread "Signal Dispatcher" daemon [_thread_blocked, id=10748, stack(0x000000121d300000,0x000000121d400000)]
  0x000001c8dde09940 JavaThread "Attach Listener" daemon [_thread_blocked, id=10860, stack(0x000000121d400000,0x000000121d500000)]
  0x000001c8dde0b210 JavaThread "Service Thread" daemon [_thread_blocked, id=8352, stack(0x000000121d500000,0x000000121d600000)]
  0x000001c8dde0bad0 JavaThread "Monitor Deflation Thread" daemon [_thread_blocked, id=9128, stack(0x000000121d600000,0x000000121d700000)]
  0x000001c8dde177d0 JavaThread "C2 CompilerThread0" daemon [_thread_in_native, id=6360, stack(0x000000121d700000,0x000000121d800000)]
=>0x000001c8dde0de10 JavaThread "C1 CompilerThread0" daemon [_thread_in_native, id=13256, stack(0x000000121d800000,0x000000121d900000)]
  0x000001c8dde1bf60 JavaThread "Sweeper thread" daemon [_thread_blocked, id=8876, stack(0x000000121d900000,0x000000121da00000)]
  0x000001c8f7078210 JavaThread "Common-Cleaner" daemon [_thread_blocked, id=2548, stack(0x000000121da00000,0x000000121db00000)]
  0x000001c8f71ae1b0 JavaThread "Notification Thread" daemon [_thread_blocked, id=12848, stack(0x000000121db00000,0x000000121dc00000)]
  0x000001c8f885e0f0 JavaThread "Daemon health stats" [_thread_blocked, id=11672, stack(0x000000121e400000,0x000000121e500000)]
  0x000001c8f9d22330 JavaThread "Incoming local TCP Connector on port 51875" [_thread_in_native, id=10448, stack(0x000000121e500000,0x000000121e600000)]
  0x000001c8f8d51e20 JavaThread "Daemon periodic checks" [_thread_blocked, id=10572, stack(0x000000121e600000,0x000000121e700000)]
  0x000001c8f8c5d440 JavaThread "Daemon" [_thread_blocked, id=12488, stack(0x000000121e700000,0x000000121e800000)]
  0x000001c8f903f020 JavaThread "Handler for socket connection from /127.0.0.1:51875 to /127.0.0.1:51876" [_thread_in_native, id=3584, stack(0x000000121e800000,0x000000121e900000)]
  0x000001c8f91036c0 JavaThread "Cancel handler" [_thread_blocked, id=9196, stack(0x000000121e900000,0x000000121ea00000)]
  0x000001c8f9b9e860 JavaThread "Daemon worker" [_thread_in_Java, id=9372, stack(0x000000121ea00000,0x000000121eb00000)]
  0x000001c8f84ffce0 JavaThread "Asynchronous log dispatcher for DefaultDaemonConnection: socket connection from /127.0.0.1:51875 to /127.0.0.1:51876" [_thread_blocked, id=1768, stack(0x000000121eb00000,0x000000121ec00000)]
  0x000001c8f9318470 JavaThread "Stdin handler" [_thread_blocked, id=12728, stack(0x000000121ec00000,0x000000121ed00000)]
  0x000001c8f9319c80 JavaThread "Daemon client event forwarder" [_thread_blocked, id=10800, stack(0x000000121de00000,0x000000121df00000)]
  0x000001c8f9318e10 JavaThread "Cache worker for journal cache (C:\Users\Student\.gradle\caches\journal-1)" [_thread_blocked, id=10672, stack(0x000000121dd00000,0x000000121de00000)]
  0x000001c8f931a620 JavaThread "File lock request listener" [_thread_in_native, id=6264, stack(0x000000121ed00000,0x000000121ee00000)]
  0x000001c8f931afc0 JavaThread "File lock release action executor" [_thread_blocked, id=13184, stack(0x000000121ee00000,0x000000121ef00000)]
  0x000001c8f931a150 JavaThread "Cache worker for file hash cache (C:\Users\Student\.gradle\caches\8.5\fileHashes)" [_thread_blocked, id=13068, stack(0x000000121f000000,0x000000121f100000)]
  0x000001c8f931aaf0 JavaThread "File watcher server" daemon [_thread_in_native, id=3116, stack(0x000000121f100000,0x000000121f200000)]
  0x000001c8f9317ad0 JavaThread "File watcher consumer" daemon [_thread_blocked, id=12772, stack(0x000000121f200000,0x000000121f300000)]
  0x000001c8f9317600 JavaThread "Cache worker for checksums cache (T:\SoftwareArchitecture-Week7\Service1_Order\.gradle\8.5\checksums)" [_thread_blocked, id=10304, stack(0x000000121f900000,0x000000121fa00000)]
  0x000001c8f93197b0 JavaThread "Cache worker for file hash cache (T:\SoftwareArchitecture-Week7\Service1_Order\.gradle\8.5\fileHashes)" [_thread_blocked, id=12556, stack(0x000000121fa00000,0x000000121fb00000)]
  0x000001c8f93192e0 JavaThread "Cache worker for cache directory md-supplier (C:\Users\Student\.gradle\caches\8.5\md-supplier)" [_thread_blocked, id=4084, stack(0x000000121fb00000,0x000000121fc00000)]
  0x000001c8f9cbb580 JavaThread "Cache worker for cache directory md-rule (C:\Users\Student\.gradle\caches\8.5\md-rule)" [_thread_blocked, id=13100, stack(0x000000121fc00000,0x000000121fd00000)]
  0x000001c8f9cb9d70 JavaThread "Cache worker for file content cache (C:\Users\Student\.gradle\caches\8.5\fileContent)" [_thread_blocked, id=12216, stack(0x000000121ef00000,0x000000121f000000)]
  0x000001c8f9cb5540 JavaThread "Cache worker for execution history cache (C:\Users\Student\.gradle\caches\8.5\executionHistory)" [_thread_blocked, id=9896, stack(0x000000121fd00000,0x000000121fe00000)]
  0x000001c8f9cb8a30 JavaThread "jar transforms" [_thread_blocked, id=13252, stack(0x000000121fe00000,0x000000121ff00000)]
  0x000001c8f9cb93d0 JavaThread "jar transforms Thread 2" [_thread_blocked, id=11092, stack(0x000000121ff00000,0x0000001220000000)]
  0x000001c8f9cb5ee0 JavaThread "File lock release action executor Thread 2" [_thread_blocked, id=11572, stack(0x0000001220200000,0x0000001220300000)]
  0x000001c8f9cb5070 JavaThread "jar transforms Thread 3" [_thread_blocked, id=12684, stack(0x0000001220300000,0x0000001220400000)]
  0x000001c8f9cbc3f0 JavaThread "jar transforms Thread 4" [_thread_blocked, id=7380, stack(0x0000001220000000,0x0000001220100000)]
  0x000001c8f9cb76f0 JavaThread "jar transforms Thread 5" [_thread_blocked, id=5500, stack(0x0000001220100000,0x0000001220200000)]
  0x000001c8f9cbc8c0 JavaThread "jar transforms Thread 6" [_thread_blocked, id=12972, stack(0x0000001220400000,0x0000001220500000)]
  0x000001c8f9186ad0 JavaThread "C2 CompilerThread1" daemon [_thread_in_native, id=10648, stack(0x0000001220500000,0x0000001220600000)]
  0x000001c8f9cb6880 JavaThread "Cache worker for dependencies-accessors (T:\SoftwareArchitecture-Week7\Service1_Order\.gradle\8.5\dependencies-accessors)" [_thread_blocked, id=1428, stack(0x0000001220600000,0x0000001220700000)]
  0x000001c8f91753e0 JavaThread "C2 CompilerThread2" daemon [_thread_in_native, id=13272, stack(0x0000001220700000,0x0000001220800000)]
  0x000001c8f9cb63b0 JavaThread "jar transforms Thread 7" [_thread_blocked, id=1344, stack(0x0000001220800000,0x0000001220900000)]

Other Threads:
  0x000001c8dddebca0 VMThread "VM Thread" [stack: 0x000000121d000000,0x000000121d100000] [id=11788]
  0x000001c8f71e7cb0 WatcherThread [stack: 0x000000121dc00000,0x000000121dd00000] [id=12840]
  0x000001c8c32180c0 GCTaskThread "GC Thread#0" [stack: 0x000000121cb00000,0x000000121cc00000] [id=13024]
  0x000001c8f80f64e0 GCTaskThread "GC Thread#1" [stack: 0x000000121df00000,0x000000121e000000] [id=2388]
  0x000001c8f7f488b0 GCTaskThread "GC Thread#2" [stack: 0x000000121e000000,0x000000121e100000] [id=8380]
  0x000001c8f7f48b60 GCTaskThread "GC Thread#3" [stack: 0x000000121e100000,0x000000121e200000] [id=11924]
  0x000001c8f7f48e10 GCTaskThread "GC Thread#4" [stack: 0x000000121e200000,0x000000121e300000] [id=9868]
  0x000001c8f7f490c0 GCTaskThread "GC Thread#5" [stack: 0x000000121e300000,0x000000121e400000] [id=12408]
  0x000001c8f9eb85d0 GCTaskThread "GC Thread#6" [stack: 0x000000121f300000,0x000000121f400000] [id=11848]
  0x000001c8f9a79860 GCTaskThread "GC Thread#7" [stack: 0x000000121f400000,0x000000121f500000] [id=11792]
  0x000001c8f9a79b10 GCTaskThread "GC Thread#8" [stack: 0x000000121f500000,0x000000121f600000] [id=12608]
  0x000001c8fa073c40 GCTaskThread "GC Thread#9" [stack: 0x000000121f600000,0x000000121f700000] [id=576]
  0x000001c8c321de20 ConcurrentGCThread "G1 Main Marker" [stack: 0x000000121cc00000,0x000000121cd00000] [id=8252]
  0x000001c8c321e640 ConcurrentGCThread "G1 Conc#0" [stack: 0x000000121cd00000,0x000000121ce00000] [id=12592]
  0x000001c8f9f0c890 ConcurrentGCThread "G1 Conc#1" [stack: 0x000000121f700000,0x000000121f800000] [id=10708]
  0x000001c8f9f0b060 ConcurrentGCThread "G1 Conc#2" [stack: 0x000000121f800000,0x000000121f900000] [id=11720]
  0x000001c8c32becd0 ConcurrentGCThread "G1 Refine#0" [stack: 0x000000121ce00000,0x000000121cf00000] [id=7292]
  0x000001c8ddcb42a0 ConcurrentGCThread "G1 Service" [stack: 0x000000121cf00000,0x000000121d000000] [id=12652]

Threads with active compile tasks:
C2 CompilerThread0    14456 4266       4       java.security.SecureClassLoader::defineClass (16 bytes)
C1 CompilerThread0    14456 4212       3       java.net.DatagramPacket::<init> (8 bytes)
C2 CompilerThread1    14456 4269       4       java.util.regex.Pattern::compile (500 bytes)
C2 CompilerThread2    14456 4182       4       org.gradle.internal.service.DefaultServiceRegistry$OwnServices::getService (309 bytes)

VM state: not at safepoint (normal execution)

VM Mutex/Monitor currently owned by a thread: None

Heap address: 0x00000000e0000000, size: 512 MB, Compressed Oops mode: 32-bit

CDS archive(s) mapped at: [0x000001c8de000000-0x000001c8debd0000-0x000001c8debd0000), size 12386304, SharedBaseAddress: 0x000001c8de000000, ArchiveRelocationMode: 1.
Compressed class space mapped at: 0x000001c8df000000-0x000001c8f3000000, reserved size: 335544320
Narrow klass base: 0x000001c8de000000, Narrow klass shift: 0, Narrow klass range: 0x100000000

GC Precious Log:
 CPUs: 12 total, 12 available
 Memory: 7939M
 Large Page Support: Disabled
 NUMA Support: Disabled
 Compressed Oops: Enabled (32-bit)
 Heap Region Size: 1M
 Heap Min Capacity: 256M
 Heap Initial Capacity: 256M
 Heap Max Capacity: 512M
 Pre-touch: Disabled
 Parallel Workers: 10
 Concurrent Workers: 3
 Concurrent Refinement Workers: 10
 Periodic GC: Disabled

Heap:
 garbage-first heap   total 262144K, used 63768K [0x00000000e0000000, 0x0000000100000000)
  region size 1024K, 33 young (33792K), 1 survivors (1024K)
 Metaspace       used 39993K, committed 40448K, reserved 393216K
  class space    used 5564K, committed 5760K, reserved 327680K

Heap Regions: E=young(eden), S=young(survivor), O=old, HS=humongous(starts), HC=humongous(continues), CS=collection set, F=free, OA=open archive, CA=closed archive, TAMS=top-at-mark-start (previous, next)
|   0|0x00000000e0000000, 0x00000000e0100000, 0x00000000e0100000|100%|HS|  |TAMS 0x00000000e0100000, 0x00000000e0000000| Complete 
|   1|0x00000000e0100000, 0x00000000e0200000, 0x00000000e0200000|100%|HC|  |TAMS 0x00000000e0200000, 0x00000000e0100000| Complete 
|   2|0x00000000e0200000, 0x00000000e0300000, 0x00000000e0300000|100%|HC|  |TAMS 0x00000000e0300000, 0x00000000e0200000| Complete 
|   3|0x00000000e0300000, 0x00000000e0400000, 0x00000000e0400000|100%|HC|  |TAMS 0x00000000e0400000, 0x00000000e0300000| Complete 
|   4|0x00000000e0400000, 0x00000000e0500000, 0x00000000e0500000|100%| O|  |TAMS 0x00000000e0500000, 0x00000000e0400000| Untracked 
|   5|0x00000000e0500000, 0x00000000e0600000, 0x00000000e0600000|100%|HS|  |TAMS 0x00000000e0500000, 0x00000000e0500000| Complete 
|   6|0x00000000e0600000, 0x00000000e0700000, 0x00000000e0700000|100%| O|  |TAMS 0x00000000e0700000, 0x00000000e0600000| Untracked 
|   7|0x00000000e0700000, 0x00000000e0800000, 0x00000000e0800000|100%| O|  |TAMS 0x00000000e0800000, 0x00000000e0700000| Untracked 
|   8|0x00000000e0800000, 0x00000000e0900000, 0x00000000e0900000|100%| O|  |TAMS 0x00000000e0900000, 0x00000000e0800000| Untracked 
|   9|0x00000000e0900000, 0x00000000e0a00000, 0x00000000e0a00000|100%| O|  |TAMS 0x00000000e0a00000, 0x00000000e0900000| Untracked 
|  10|0x00000000e0a00000, 0x00000000e0b00000, 0x00000000e0b00000|100%| O|  |TAMS 0x00000000e0b00000, 0x00000000e0a00000| Complete 
|  11|0x00000000e0b00000, 0x00000000e0c00000, 0x00000000e0c00000|100%| O|  |TAMS 0x00000000e0c00000, 0x00000000e0b00000| Untracked 
|  12|0x00000000e0c00000, 0x00000000e0d00000, 0x00000000e0d00000|100%| O|  |TAMS 0x00000000e0d00000, 0x00000000e0c00000| Untracked 
|  13|0x00000000e0d00000, 0x00000000e0e00000, 0x00000000e0e00000|100%| O|  |TAMS 0x00000000e0e00000, 0x00000000e0d00000| Untracked 
|  14|0x00000000e0e00000, 0x00000000e0f00000, 0x00000000e0f00000|100%| O|  |TAMS 0x00000000e0f00000, 0x00000000e0e00000| Untracked 
|  15|0x00000000e0f00000, 0x00000000e1000000, 0x00000000e1000000|100%| O|  |TAMS 0x00000000e1000000, 0x00000000e0f00000| Untracked 
|  16|0x00000000e1000000, 0x00000000e1100000, 0x00000000e1100000|100%| O|  |TAMS 0x00000000e1100000, 0x00000000e1000000| Untracked 
|  17|0x00000000e1100000, 0x00000000e1200000, 0x00000000e1200000|100%| O|  |TAMS 0x00000000e1200000, 0x00000000e1100000| Untracked 
|  18|0x00000000e1200000, 0x00000000e1300000, 0x00000000e1300000|100%| O|  |TAMS 0x00000000e1300000, 0x00000000e1200000| Untracked 
|  19|0x00000000e1300000, 0x00000000e1400000, 0x00000000e1400000|100%| O|  |TAMS 0x00000000e1400000, 0x00000000e1300000| Untracked 
|  20|0x00000000e1400000, 0x00000000e1500000, 0x00000000e1500000|100%| O|  |TAMS 0x00000000e1500000, 0x00000000e1400000| Untracked 
|  21|0x00000000e1500000, 0x00000000e1600000, 0x00000000e1600000|100%| O|  |TAMS 0x00000000e1600000, 0x00000000e1500000| Untracked 
|  22|0x00000000e1600000, 0x00000000e1700000, 0x00000000e1700000|100%| O|  |TAMS 0x00000000e1700000, 0x00000000e1600000| Untracked 
|  23|0x00000000e1700000, 0x00000000e1800000, 0x00000000e1800000|100%| O|  |TAMS 0x00000000e1800000, 0x00000000e1700000| Untracked 
|  24|0x00000000e1800000, 0x00000000e1900000, 0x00000000e1900000|100%| O|  |TAMS 0x00000000e1900000, 0x00000000e1800000| Untracked 
|  25|0x00000000e1900000, 0x00000000e1a00000, 0x00000000e1a00000|100%| O|  |TAMS 0x00000000e1a00000, 0x00000000e1900000| Untracked 
|  26|0x00000000e1a00000, 0x00000000e1b00000, 0x00000000e1b00000|100%| O|  |TAMS 0x00000000e1b00000, 0x00000000e1a00000| Untracked 
|  27|0x00000000e1b00000, 0x00000000e1c00000, 0x00000000e1c00000|100%| O|  |TAMS 0x00000000e1c00000, 0x00000000e1b00000| Untracked 
|  28|0x00000000e1c00000, 0x00000000e1d00000, 0x00000000e1d00000|100%| O|  |TAMS 0x00000000e1d00000, 0x00000000e1c00000| Untracked 
|  29|0x00000000e1d00000, 0x00000000e1e00000, 0x00000000e1e00000|100%| O|  |TAMS 0x00000000e1e00000, 0x00000000e1d00000| Untracked 
|  30|0x00000000e1e00000, 0x00000000e1ee5c00, 0x00000000e1f00000| 89%| O|  |TAMS 0x00000000e1ee5c00, 0x00000000e1e00000| Untracked 
|  31|0x00000000e1f00000, 0x00000000e2000000, 0x00000000e2000000|100%|HS|  |TAMS 0x00000000e1f00000, 0x00000000e1f00000| Complete 
|  32|0x00000000e2000000, 0x00000000e2000000, 0x00000000e2100000|  0%| F|  |TAMS 0x00000000e2000000, 0x00000000e2000000| Untracked 
|  33|0x00000000e2100000, 0x00000000e2100000, 0x00000000e2200000|  0%| F|  |TAMS 0x00000000e2100000, 0x00000000e2100000| Untracked 
|  34|0x00000000e2200000, 0x00000000e2200000, 0x00000000e2300000|  0%| F|  |TAMS 0x00000000e2200000, 0x00000000e2200000| Untracked 
|  35|0x00000000e2300000, 0x00000000e2300000, 0x00000000e2400000|  0%| F|  |TAMS 0x00000000e2300000, 0x00000000e2300000| Untracked 
|  36|0x00000000e2400000, 0x00000000e2400000, 0x00000000e2500000|  0%| F|  |TAMS 0x00000000e2400000, 0x00000000e2400000| Untracked 
|  37|0x00000000e2500000, 0x00000000e2500000, 0x00000000e2600000|  0%| F|  |TAMS 0x00000000e2500000, 0x00000000e2500000| Untracked 
|  38|0x00000000e2600000, 0x00000000e2600000, 0x00000000e2700000|  0%| F|  |TAMS 0x00000000e2600000, 0x00000000e2600000| Untracked 
|  39|0x00000000e2700000, 0x00000000e2700000, 0x00000000e2800000|  0%| F|  |TAMS 0x00000000e2700000, 0x00000000e2700000| Untracked 
|  40|0x00000000e2800000, 0x00000000e2800000, 0x00000000e2900000|  0%| F|  |TAMS 0x00000000e2800000, 0x00000000e2800000| Untracked 
|  41|0x00000000e2900000, 0x00000000e2900000, 0x00000000e2a00000|  0%| F|  |TAMS 0x00000000e2900000, 0x00000000e2900000| Untracked 
|  42|0x00000000e2a00000, 0x00000000e2a00000, 0x00000000e2b00000|  0%| F|  |TAMS 0x00000000e2a00000, 0x00000000e2a00000| Untracked 
|  43|0x00000000e2b00000, 0x00000000e2b00000, 0x00000000e2c00000|  0%| F|  |TAMS 0x00000000e2b00000, 0x00000000e2b00000| Untracked 
|  44|0x00000000e2c00000, 0x00000000e2c00000, 0x00000000e2d00000|  0%| F|  |TAMS 0x00000000e2c00000, 0x00000000e2c00000| Untracked 
|  45|0x00000000e2d00000, 0x00000000e2d00000, 0x00000000e2e00000|  0%| F|  |TAMS 0x00000000e2d00000, 0x00000000e2d00000| Untracked 
|  46|0x00000000e2e00000, 0x00000000e2e00000, 0x00000000e2f00000|  0%| F|  |TAMS 0x00000000e2e00000, 0x00000000e2e00000| Untracked 
|  47|0x00000000e2f00000, 0x00000000e2f00000, 0x00000000e3000000|  0%| F|  |TAMS 0x00000000e2f00000, 0x00000000e2f00000| Untracked 
|  48|0x00000000e3000000, 0x00000000e3000000, 0x00000000e3100000|  0%| F|  |TAMS 0x00000000e3000000, 0x00000000e3000000| Untracked 
|  49|0x00000000e3100000, 0x00000000e3100000, 0x00000000e3200000|  0%| F|  |TAMS 0x00000000e3100000, 0x00000000e3100000| Untracked 
|  50|0x00000000e3200000, 0x00000000e3200000, 0x00000000e3300000|  0%| F|  |TAMS 0x00000000e3200000, 0x00000000e3200000| Untracked 
|  51|0x00000000e3300000, 0x00000000e3300000, 0x00000000e3400000|  0%| F|  |TAMS 0x00000000e3300000, 0x00000000e3300000| Untracked 
|  52|0x00000000e3400000, 0x00000000e3400000, 0x00000000e3500000|  0%| F|  |TAMS 0x00000000e3400000, 0x00000000e3400000| Untracked 
|  53|0x00000000e3500000, 0x00000000e3500000, 0x00000000e3600000|  0%| F|  |TAMS 0x00000000e3500000, 0x00000000e3500000| Untracked 
|  54|0x00000000e3600000, 0x00000000e3600000, 0x00000000e3700000|  0%| F|  |TAMS 0x00000000e3600000, 0x00000000e3600000| Untracked 
|  55|0x00000000e3700000, 0x00000000e3700000, 0x00000000e3800000|  0%| F|  |TAMS 0x00000000e3700000, 0x00000000e3700000| Untracked 
|  56|0x00000000e3800000, 0x00000000e3800000, 0x00000000e3900000|  0%| F|  |TAMS 0x00000000e3800000, 0x00000000e3800000| Untracked 
|  57|0x00000000e3900000, 0x00000000e3900000, 0x00000000e3a00000|  0%| F|  |TAMS 0x00000000e3900000, 0x00000000e3900000| Untracked 
|  58|0x00000000e3a00000, 0x00000000e3a00000, 0x00000000e3b00000|  0%| F|  |TAMS 0x00000000e3a00000, 0x00000000e3a00000| Untracked 
|  59|0x00000000e3b00000, 0x00000000e3b00000, 0x00000000e3c00000|  0%| F|  |TAMS 0x00000000e3b00000, 0x00000000e3b00000| Untracked 
|  60|0x00000000e3c00000, 0x00000000e3c00000, 0x00000000e3d00000|  0%| F|  |TAMS 0x00000000e3c00000, 0x00000000e3c00000| Untracked 
|  61|0x00000000e3d00000, 0x00000000e3d00000, 0x00000000e3e00000|  0%| F|  |TAMS 0x00000000e3d00000, 0x00000000e3d00000| Untracked 
|  62|0x00000000e3e00000, 0x00000000e3e00000, 0x00000000e3f00000|  0%| F|  |TAMS 0x00000000e3e00000, 0x00000000e3e00000| Untracked 
|  63|0x00000000e3f00000, 0x00000000e3f00000, 0x00000000e4000000|  0%| F|  |TAMS 0x00000000e3f00000, 0x00000000e3f00000| Untracked 
|  64|0x00000000e4000000, 0x00000000e4000000, 0x00000000e4100000|  0%| F|  |TAMS 0x00000000e4000000, 0x00000000e4000000| Untracked 
|  65|0x00000000e4100000, 0x00000000e4100000, 0x00000000e4200000|  0%| F|  |TAMS 0x00000000e4100000, 0x00000000e4100000| Untracked 
|  66|0x00000000e4200000, 0x00000000e4200000, 0x00000000e4300000|  0%| F|  |TAMS 0x00000000e4200000, 0x00000000e4200000| Untracked 
|  67|0x00000000e4300000, 0x00000000e4300000, 0x00000000e4400000|  0%| F|  |TAMS 0x00000000e4300000, 0x00000000e4300000| Untracked 
|  68|0x00000000e4400000, 0x00000000e4400000, 0x00000000e4500000|  0%| F|  |TAMS 0x00000000e4400000, 0x00000000e4400000| Untracked 
|  69|0x00000000e4500000, 0x00000000e4500000, 0x00000000e4600000|  0%| F|  |TAMS 0x00000000e4500000, 0x00000000e4500000| Untracked 
|  70|0x00000000e4600000, 0x00000000e4600000, 0x00000000e4700000|  0%| F|  |TAMS 0x00000000e4600000, 0x00000000e4600000| Untracked 
|  71|0x00000000e4700000, 0x00000000e4700000, 0x00000000e4800000|  0%| F|  |TAMS 0x00000000e4700000, 0x00000000e4700000| Untracked 
|  72|0x00000000e4800000, 0x00000000e4800000, 0x00000000e4900000|  0%| F|  |TAMS 0x00000000e4800000, 0x00000000e4800000| Untracked 
|  73|0x00000000e4900000, 0x00000000e4900000, 0x00000000e4a00000|  0%| F|  |TAMS 0x00000000e4900000, 0x00000000e4900000| Untracked 
|  74|0x00000000e4a00000, 0x00000000e4a00000, 0x00000000e4b00000|  0%| F|  |TAMS 0x00000000e4a00000, 0x00000000e4a00000| Untracked 
|  75|0x00000000e4b00000, 0x00000000e4b00000, 0x00000000e4c00000|  0%| F|  |TAMS 0x00000000e4b00000, 0x00000000e4b00000| Untracked 
|  76|0x00000000e4c00000, 0x00000000e4c00000, 0x00000000e4d00000|  0%| F|  |TAMS 0x00000000e4c00000, 0x00000000e4c00000| Untracked 
|  77|0x00000000e4d00000, 0x00000000e4d00000, 0x00000000e4e00000|  0%| F|  |TAMS 0x00000000e4d00000, 0x00000000e4d00000| Untracked 
|  78|0x00000000e4e00000, 0x00000000e4e00000, 0x00000000e4f00000|  0%| F|  |TAMS 0x00000000e4e00000, 0x00000000e4e00000| Untracked 
|  79|0x00000000e4f00000, 0x00000000e4f00000, 0x00000000e5000000|  0%| F|  |TAMS 0x00000000e4f00000, 0x00000000e4f00000| Untracked 
|  80|0x00000000e5000000, 0x00000000e5000000, 0x00000000e5100000|  0%| F|  |TAMS 0x00000000e5000000, 0x00000000e5000000| Untracked 
|  81|0x00000000e5100000, 0x00000000e5100000, 0x00000000e5200000|  0%| F|  |TAMS 0x00000000e5100000, 0x00000000e5100000| Untracked 
|  82|0x00000000e5200000, 0x00000000e5200000, 0x00000000e5300000|  0%| F|  |TAMS 0x00000000e5200000, 0x00000000e5200000| Untracked 
|  83|0x00000000e5300000, 0x00000000e5300000, 0x00000000e5400000|  0%| F|  |TAMS 0x00000000e5300000, 0x00000000e5300000| Untracked 
|  84|0x00000000e5400000, 0x00000000e5400000, 0x00000000e5500000|  0%| F|  |TAMS 0x00000000e5400000, 0x00000000e5400000| Untracked 
|  85|0x00000000e5500000, 0x00000000e5500000, 0x00000000e5600000|  0%| F|  |TAMS 0x00000000e5500000, 0x00000000e5500000| Untracked 
|  86|0x00000000e5600000, 0x00000000e5600000, 0x00000000e5700000|  0%| F|  |TAMS 0x00000000e5600000, 0x00000000e5600000| Untracked 
|  87|0x00000000e5700000, 0x00000000e5700000, 0x00000000e5800000|  0%| F|  |TAMS 0x00000000e5700000, 0x00000000e5700000| Untracked 
|  88|0x00000000e5800000, 0x00000000e5800000, 0x00000000e5900000|  0%| F|  |TAMS 0x00000000e5800000, 0x00000000e5800000| Untracked 
|  89|0x00000000e5900000, 0x00000000e5900000, 0x00000000e5a00000|  0%| F|  |TAMS 0x00000000e5900000, 0x00000000e5900000| Untracked 
|  90|0x00000000e5a00000, 0x00000000e5a00000, 0x00000000e5b00000|  0%| F|  |TAMS 0x00000000e5a00000, 0x00000000e5a00000| Untracked 
|  91|0x00000000e5b00000, 0x00000000e5b00000, 0x00000000e5c00000|  0%| F|  |TAMS 0x00000000e5b00000, 0x00000000e5b00000| Untracked 
|  92|0x00000000e5c00000, 0x00000000e5c00000, 0x00000000e5d00000|  0%| F|  |TAMS 0x00000000e5c00000, 0x00000000e5c00000| Untracked 
|  93|0x00000000e5d00000, 0x00000000e5d00000, 0x00000000e5e00000|  0%| F|  |TAMS 0x00000000e5d00000, 0x00000000e5d00000| Untracked 
|  94|0x00000000e5e00000, 0x00000000e5e00000, 0x00000000e5f00000|  0%| F|  |TAMS 0x00000000e5e00000, 0x00000000e5e00000| Untracked 
|  95|0x00000000e5f00000, 0x00000000e5f00000, 0x00000000e6000000|  0%| F|  |TAMS 0x00000000e5f00000, 0x00000000e5f00000| Untracked 
|  96|0x00000000e6000000, 0x00000000e6000000, 0x00000000e6100000|  0%| F|  |TAMS 0x00000000e6000000, 0x00000000e6000000| Untracked 
|  97|0x00000000e6100000, 0x00000000e6100000, 0x00000000e6200000|  0%| F|  |TAMS 0x00000000e6100000, 0x00000000e6100000| Untracked 
|  98|0x00000000e6200000, 0x00000000e6200000, 0x00000000e6300000|  0%| F|  |TAMS 0x00000000e6200000, 0x00000000e6200000| Untracked 
|  99|0x00000000e6300000, 0x00000000e6300000, 0x00000000e6400000|  0%| F|  |TAMS 0x00000000e6300000, 0x00000000e6300000| Untracked 
| 100|0x00000000e6400000, 0x00000000e6400000, 0x00000000e6500000|  0%| F|  |TAMS 0x00000000e6400000, 0x00000000e6400000| Untracked 
| 101|0x00000000e6500000, 0x00000000e6500000, 0x00000000e6600000|  0%| F|  |TAMS 0x00000000e6500000, 0x00000000e6500000| Untracked 
| 102|0x00000000e6600000, 0x00000000e6600000, 0x00000000e6700000|  0%| F|  |TAMS 0x00000000e6600000, 0x00000000e6600000| Untracked 
| 103|0x00000000e6700000, 0x00000000e6700000, 0x00000000e6800000|  0%| F|  |TAMS 0x00000000e6700000, 0x00000000e6700000| Untracked 
| 104|0x00000000e6800000, 0x00000000e6800000, 0x00000000e6900000|  0%| F|  |TAMS 0x00000000e6800000, 0x00000000e6800000| Untracked 
| 105|0x00000000e6900000, 0x00000000e6900000, 0x00000000e6a00000|  0%| F|  |TAMS 0x00000000e6900000, 0x00000000e6900000| Untracked 
| 106|0x00000000e6a00000, 0x00000000e6a00000, 0x00000000e6b00000|  0%| F|  |TAMS 0x00000000e6a00000, 0x00000000e6a00000| Untracked 
| 107|0x00000000e6b00000, 0x00000000e6b00000, 0x00000000e6c00000|  0%| F|  |TAMS 0x00000000e6b00000, 0x00000000e6b00000| Untracked 
| 108|0x00000000e6c00000, 0x00000000e6c00000, 0x00000000e6d00000|  0%| F|  |TAMS 0x00000000e6c00000, 0x00000000e6c00000| Untracked 
| 109|0x00000000e6d00000, 0x00000000e6d00000, 0x00000000e6e00000|  0%| F|  |TAMS 0x00000000e6d00000, 0x00000000e6d00000| Untracked 
| 110|0x00000000e6e00000, 0x00000000e6e00000, 0x00000000e6f00000|  0%| F|  |TAMS 0x00000000e6e00000, 0x00000000e6e00000| Untracked 
| 111|0x00000000e6f00000, 0x00000000e6f00000, 0x00000000e7000000|  0%| F|  |TAMS 0x00000000e6f00000, 0x00000000e6f00000| Untracked 
| 112|0x00000000e7000000, 0x00000000e7000000, 0x00000000e7100000|  0%| F|  |TAMS 0x00000000e7000000, 0x00000000e7000000| Untracked 
| 113|0x00000000e7100000, 0x00000000e7100000, 0x00000000e7200000|  0%| F|  |TAMS 0x00000000e7100000, 0x00000000e7100000| Untracked 
| 114|0x00000000e7200000, 0x00000000e7200000, 0x00000000e7300000|  0%| F|  |TAMS 0x00000000e7200000, 0x00000000e7200000| Untracked 
| 115|0x00000000e7300000, 0x00000000e7300000, 0x00000000e7400000|  0%| F|  |TAMS 0x00000000e7300000, 0x00000000e7300000| Untracked 
| 116|0x00000000e7400000, 0x00000000e7400000, 0x00000000e7500000|  0%| F|  |TAMS 0x00000000e7400000, 0x00000000e7400000| Untracked 
| 117|0x00000000e7500000, 0x00000000e7500000, 0x00000000e7600000|  0%| F|  |TAMS 0x00000000e7500000, 0x00000000e7500000| Untracked 
| 118|0x00000000e7600000, 0x00000000e7600000, 0x00000000e7700000|  0%| F|  |TAMS 0x00000000e7600000, 0x00000000e7600000| Untracked 
| 119|0x00000000e7700000, 0x00000000e7700000, 0x00000000e7800000|  0%| F|  |TAMS 0x00000000e7700000, 0x00000000e7700000| Untracked 
| 120|0x00000000e7800000, 0x00000000e7800000, 0x00000000e7900000|  0%| F|  |TAMS 0x00000000e7800000, 0x00000000e7800000| Untracked 
| 121|0x00000000e7900000, 0x00000000e7900000, 0x00000000e7a00000|  0%| F|  |TAMS 0x00000000e7900000, 0x00000000e7900000| Untracked 
| 122|0x00000000e7a00000, 0x00000000e7a00000, 0x00000000e7b00000|  0%| F|  |TAMS 0x00000000e7a00000, 0x00000000e7a00000| Untracked 
| 123|0x00000000e7b00000, 0x00000000e7b00000, 0x00000000e7c00000|  0%| F|  |TAMS 0x00000000e7b00000, 0x00000000e7b00000| Untracked 
| 124|0x00000000e7c00000, 0x00000000e7c00000, 0x00000000e7d00000|  0%| F|  |TAMS 0x00000000e7c00000, 0x00000000e7c00000| Untracked 
| 125|0x00000000e7d00000, 0x00000000e7d00000, 0x00000000e7e00000|  0%| F|  |TAMS 0x00000000e7d00000, 0x00000000e7d00000| Untracked 
| 126|0x00000000e7e00000, 0x00000000e7e00000, 0x00000000e7f00000|  0%| F|  |TAMS 0x00000000e7e00000, 0x00000000e7e00000| Untracked 
| 127|0x00000000e7f00000, 0x00000000e7f00000, 0x00000000e8000000|  0%| F|  |TAMS 0x00000000e7f00000, 0x00000000e7f00000| Untracked 
| 128|0x00000000e8000000, 0x00000000e8000000, 0x00000000e8100000|  0%| F|  |TAMS 0x00000000e8000000, 0x00000000e8000000| Untracked 
| 129|0x00000000e8100000, 0x00000000e8100000, 0x00000000e8200000|  0%| F|  |TAMS 0x00000000e8100000, 0x00000000e8100000| Untracked 
| 130|0x00000000e8200000, 0x00000000e8200000, 0x00000000e8300000|  0%| F|  |TAMS 0x00000000e8200000, 0x00000000e8200000| Untracked 
| 131|0x00000000e8300000, 0x00000000e8300000, 0x00000000e8400000|  0%| F|  |TAMS 0x00000000e8300000, 0x00000000e8300000| Untracked 
| 132|0x00000000e8400000, 0x00000000e8400000, 0x00000000e8500000|  0%| F|  |TAMS 0x00000000e8400000, 0x00000000e8400000| Untracked 
| 133|0x00000000e8500000, 0x00000000e8500000, 0x00000000e8600000|  0%| F|  |TAMS 0x00000000e8500000, 0x00000000e8500000| Untracked 
| 134|0x00000000e8600000, 0x00000000e8600000, 0x00000000e8700000|  0%| F|  |TAMS 0x00000000e8600000, 0x00000000e8600000| Untracked 
| 135|0x00000000e8700000, 0x00000000e8700000, 0x00000000e8800000|  0%| F|  |TAMS 0x00000000e8700000, 0x00000000e8700000| Untracked 
| 136|0x00000000e8800000, 0x00000000e8800000, 0x00000000e8900000|  0%| F|  |TAMS 0x00000000e8800000, 0x00000000e8800000| Untracked 
| 137|0x00000000e8900000, 0x00000000e8900000, 0x00000000e8a00000|  0%| F|  |TAMS 0x00000000e8900000, 0x00000000e8900000| Untracked 
| 138|0x00000000e8a00000, 0x00000000e8a00000, 0x00000000e8b00000|  0%| F|  |TAMS 0x00000000e8a00000, 0x00000000e8a00000| Untracked 
| 139|0x00000000e8b00000, 0x00000000e8b00000, 0x00000000e8c00000|  0%| F|  |TAMS 0x00000000e8b00000, 0x00000000e8b00000| Untracked 
| 140|0x00000000e8c00000, 0x00000000e8c00000, 0x00000000e8d00000|  0%| F|  |TAMS 0x00000000e8c00000, 0x00000000e8c00000| Untracked 
| 141|0x00000000e8d00000, 0x00000000e8d00000, 0x00000000e8e00000|  0%| F|  |TAMS 0x00000000e8d00000, 0x00000000e8d00000| Untracked 
| 142|0x00000000e8e00000, 0x00000000e8e00000, 0x00000000e8f00000|  0%| F|  |TAMS 0x00000000e8e00000, 0x00000000e8e00000| Untracked 
| 143|0x00000000e8f00000, 0x00000000e8f00000, 0x00000000e9000000|  0%| F|  |TAMS 0x00000000e8f00000, 0x00000000e8f00000| Untracked 
| 144|0x00000000e9000000, 0x00000000e9000000, 0x00000000e9100000|  0%| F|  |TAMS 0x00000000e9000000, 0x00000000e9000000| Untracked 
| 145|0x00000000e9100000, 0x00000000e9100000, 0x00000000e9200000|  0%| F|  |TAMS 0x00000000e9100000, 0x00000000e9100000| Untracked 
| 146|0x00000000e9200000, 0x00000000e9200000, 0x00000000e9300000|  0%| F|  |TAMS 0x00000000e9200000, 0x00000000e9200000| Untracked 
| 147|0x00000000e9300000, 0x00000000e9300000, 0x00000000e9400000|  0%| F|  |TAMS 0x00000000e9300000, 0x00000000e9300000| Untracked 
| 148|0x00000000e9400000, 0x00000000e9400000, 0x00000000e9500000|  0%| F|  |TAMS 0x00000000e9400000, 0x00000000e9400000| Untracked 
| 149|0x00000000e9500000, 0x00000000e9500000, 0x00000000e9600000|  0%| F|  |TAMS 0x00000000e9500000, 0x00000000e9500000| Untracked 
| 150|0x00000000e9600000, 0x00000000e9600000, 0x00000000e9700000|  0%| F|  |TAMS 0x00000000e9600000, 0x00000000e9600000| Untracked 
| 151|0x00000000e9700000, 0x00000000e9700000, 0x00000000e9800000|  0%| F|  |TAMS 0x00000000e9700000, 0x00000000e9700000| Untracked 
| 152|0x00000000e9800000, 0x00000000e9800000, 0x00000000e9900000|  0%| F|  |TAMS 0x00000000e9800000, 0x00000000e9800000| Untracked 
| 153|0x00000000e9900000, 0x00000000e9900000, 0x00000000e9a00000|  0%| F|  |TAMS 0x00000000e9900000, 0x00000000e9900000| Untracked 
| 154|0x00000000e9a00000, 0x00000000e9a00000, 0x00000000e9b00000|  0%| F|  |TAMS 0x00000000e9a00000, 0x00000000e9a00000| Untracked 
| 155|0x00000000e9b00000, 0x00000000e9b00000, 0x00000000e9c00000|  0%| F|  |TAMS 0x00000000e9b00000, 0x00000000e9b00000| Untracked 
| 156|0x00000000e9c00000, 0x00000000e9c00000, 0x00000000e9d00000|  0%| F|  |TAMS 0x00000000e9c00000, 0x00000000e9c00000| Untracked 
| 157|0x00000000e9d00000, 0x00000000e9d00000, 0x00000000e9e00000|  0%| F|  |TAMS 0x00000000e9d00000, 0x00000000e9d00000| Untracked 
| 158|0x00000000e9e00000, 0x00000000e9e00000, 0x00000000e9f00000|  0%| F|  |TAMS 0x00000000e9e00000, 0x00000000e9e00000| Untracked 
| 159|0x00000000e9f00000, 0x00000000e9f00000, 0x00000000ea000000|  0%| F|  |TAMS 0x00000000e9f00000, 0x00000000e9f00000| Untracked 
| 160|0x00000000ea000000, 0x00000000ea000000, 0x00000000ea100000|  0%| F|  |TAMS 0x00000000ea000000, 0x00000000ea000000| Untracked 
| 161|0x00000000ea100000, 0x00000000ea100000, 0x00000000ea200000|  0%| F|  |TAMS 0x00000000ea100000, 0x00000000ea100000| Untracked 
| 162|0x00000000ea200000, 0x00000000ea200000, 0x00000000ea300000|  0%| F|  |TAMS 0x00000000ea200000, 0x00000000ea200000| Untracked 
| 163|0x00000000ea300000, 0x00000000ea300000, 0x00000000ea400000|  0%| F|  |TAMS 0x00000000ea300000, 0x00000000ea300000| Untracked 
| 164|0x00000000ea400000, 0x00000000ea400000, 0x00000000ea500000|  0%| F|  |TAMS 0x00000000ea400000, 0x00000000ea400000| Untracked 
| 165|0x00000000ea500000, 0x00000000ea500000, 0x00000000ea600000|  0%| F|  |TAMS 0x00000000ea500000, 0x00000000ea500000| Untracked 
| 166|0x00000000ea600000, 0x00000000ea600000, 0x00000000ea700000|  0%| F|  |TAMS 0x00000000ea600000, 0x00000000ea600000| Untracked 
| 167|0x00000000ea700000, 0x00000000ea700000, 0x00000000ea800000|  0%| F|  |TAMS 0x00000000ea700000, 0x00000000ea700000| Untracked 
| 168|0x00000000ea800000, 0x00000000ea800000, 0x00000000ea900000|  0%| F|  |TAMS 0x00000000ea800000, 0x00000000ea800000| Untracked 
| 169|0x00000000ea900000, 0x00000000ea900000, 0x00000000eaa00000|  0%| F|  |TAMS 0x00000000ea900000, 0x00000000ea900000| Untracked 
| 170|0x00000000eaa00000, 0x00000000eaa00000, 0x00000000eab00000|  0%| F|  |TAMS 0x00000000eaa00000, 0x00000000eaa00000| Untracked 
| 171|0x00000000eab00000, 0x00000000eab00000, 0x00000000eac00000|  0%| F|  |TAMS 0x00000000eab00000, 0x00000000eab00000| Untracked 
| 172|0x00000000eac00000, 0x00000000eac00000, 0x00000000ead00000|  0%| F|  |TAMS 0x00000000eac00000, 0x00000000eac00000| Untracked 
| 173|0x00000000ead00000, 0x00000000ead00000, 0x00000000eae00000|  0%| F|  |TAMS 0x00000000ead00000, 0x00000000ead00000| Untracked 
| 174|0x00000000eae00000, 0x00000000eae00000, 0x00000000eaf00000|  0%| F|  |TAMS 0x00000000eae00000, 0x00000000eae00000| Untracked 
| 175|0x00000000eaf00000, 0x00000000eaf00000, 0x00000000eb000000|  0%| F|  |TAMS 0x00000000eaf00000, 0x00000000eaf00000| Untracked 
| 176|0x00000000eb000000, 0x00000000eb000000, 0x00000000eb100000|  0%| F|  |TAMS 0x00000000eb000000, 0x00000000eb000000| Untracked 
| 177|0x00000000eb100000, 0x00000000eb100000, 0x00000000eb200000|  0%| F|  |TAMS 0x00000000eb100000, 0x00000000eb100000| Untracked 
| 178|0x00000000eb200000, 0x00000000eb200000, 0x00000000eb300000|  0%| F|  |TAMS 0x00000000eb200000, 0x00000000eb200000| Untracked 
| 179|0x00000000eb300000, 0x00000000eb300000, 0x00000000eb400000|  0%| F|  |TAMS 0x00000000eb300000, 0x00000000eb300000| Untracked 
| 180|0x00000000eb400000, 0x00000000eb400000, 0x00000000eb500000|  0%| F|  |TAMS 0x00000000eb400000, 0x00000000eb400000| Untracked 
| 181|0x00000000eb500000, 0x00000000eb500000, 0x00000000eb600000|  0%| F|  |TAMS 0x00000000eb500000, 0x00000000eb500000| Untracked 
| 182|0x00000000eb600000, 0x00000000eb600000, 0x00000000eb700000|  0%| F|  |TAMS 0x00000000eb600000, 0x00000000eb600000| Untracked 
| 183|0x00000000eb700000, 0x00000000eb700000, 0x00000000eb800000|  0%| F|  |TAMS 0x00000000eb700000, 0x00000000eb700000| Untracked 
| 184|0x00000000eb800000, 0x00000000eb800000, 0x00000000eb900000|  0%| F|  |TAMS 0x00000000eb800000, 0x00000000eb800000| Untracked 
| 185|0x00000000eb900000, 0x00000000eb900000, 0x00000000eba00000|  0%| F|  |TAMS 0x00000000eb900000, 0x00000000eb900000| Untracked 
| 186|0x00000000eba00000, 0x00000000eba00000, 0x00000000ebb00000|  0%| F|  |TAMS 0x00000000eba00000, 0x00000000eba00000| Untracked 
| 187|0x00000000ebb00000, 0x00000000ebb00000, 0x00000000ebc00000|  0%| F|  |TAMS 0x00000000ebb00000, 0x00000000ebb00000| Untracked 
| 188|0x00000000ebc00000, 0x00000000ebc00000, 0x00000000ebd00000|  0%| F|  |TAMS 0x00000000ebc00000, 0x00000000ebc00000| Untracked 
| 189|0x00000000ebd00000, 0x00000000ebd00000, 0x00000000ebe00000|  0%| F|  |TAMS 0x00000000ebd00000, 0x00000000ebd00000| Untracked 
| 190|0x00000000ebe00000, 0x00000000ebe00000, 0x00000000ebf00000|  0%| F|  |TAMS 0x00000000ebe00000, 0x00000000ebe00000| Untracked 
| 191|0x00000000ebf00000, 0x00000000ebf00000, 0x00000000ec000000|  0%| F|  |TAMS 0x00000000ebf00000, 0x00000000ebf00000| Untracked 
| 192|0x00000000ec000000, 0x00000000ec000000, 0x00000000ec100000|  0%| F|  |TAMS 0x00000000ec000000, 0x00000000ec000000| Untracked 
| 193|0x00000000ec100000, 0x00000000ec100000, 0x00000000ec200000|  0%| F|  |TAMS 0x00000000ec100000, 0x00000000ec100000| Untracked 
| 194|0x00000000ec200000, 0x00000000ec200000, 0x00000000ec300000|  0%| F|  |TAMS 0x00000000ec200000, 0x00000000ec200000| Untracked 
| 195|0x00000000ec300000, 0x00000000ec300000, 0x00000000ec400000|  0%| F|  |TAMS 0x00000000ec300000, 0x00000000ec300000| Untracked 
| 196|0x00000000ec400000, 0x00000000ec400000, 0x00000000ec500000|  0%| F|  |TAMS 0x00000000ec400000, 0x00000000ec400000| Untracked 
| 197|0x00000000ec500000, 0x00000000ec500000, 0x00000000ec600000|  0%| F|  |TAMS 0x00000000ec500000, 0x00000000ec500000| Untracked 
| 198|0x00000000ec600000, 0x00000000ec600000, 0x00000000ec700000|  0%| F|  |TAMS 0x00000000ec600000, 0x00000000ec600000| Untracked 
| 199|0x00000000ec700000, 0x00000000ec700000, 0x00000000ec800000|  0%| F|  |TAMS 0x00000000ec700000, 0x00000000ec700000| Untracked 
| 200|0x00000000ec800000, 0x00000000ec800000, 0x00000000ec900000|  0%| F|  |TAMS 0x00000000ec800000, 0x00000000ec800000| Untracked 
| 201|0x00000000ec900000, 0x00000000ec900000, 0x00000000eca00000|  0%| F|  |TAMS 0x00000000ec900000, 0x00000000ec900000| Untracked 
| 202|0x00000000eca00000, 0x00000000eca00000, 0x00000000ecb00000|  0%| F|  |TAMS 0x00000000eca00000, 0x00000000eca00000| Untracked 
| 203|0x00000000ecb00000, 0x00000000ecb00000, 0x00000000ecc00000|  0%| F|  |TAMS 0x00000000ecb00000, 0x00000000ecb00000| Untracked 
| 204|0x00000000ecc00000, 0x00000000ecc00000, 0x00000000ecd00000|  0%| F|  |TAMS 0x00000000ecc00000, 0x00000000ecc00000| Untracked 
| 205|0x00000000ecd00000, 0x00000000ecd00000, 0x00000000ece00000|  0%| F|  |TAMS 0x00000000ecd00000, 0x00000000ecd00000| Untracked 
| 206|0x00000000ece00000, 0x00000000ece00000, 0x00000000ecf00000|  0%| F|  |TAMS 0x00000000ece00000, 0x00000000ece00000| Untracked 
| 207|0x00000000ecf00000, 0x00000000ecf00000, 0x00000000ed000000|  0%| F|  |TAMS 0x00000000ecf00000, 0x00000000ecf00000| Untracked 
| 208|0x00000000ed000000, 0x00000000ed000000, 0x00000000ed100000|  0%| F|  |TAMS 0x00000000ed000000, 0x00000000ed000000| Untracked 
| 209|0x00000000ed100000, 0x00000000ed100000, 0x00000000ed200000|  0%| F|  |TAMS 0x00000000ed100000, 0x00000000ed100000| Untracked 
| 210|0x00000000ed200000, 0x00000000ed200000, 0x00000000ed300000|  0%| F|  |TAMS 0x00000000ed200000, 0x00000000ed200000| Untracked 
| 211|0x00000000ed300000, 0x00000000ed300000, 0x00000000ed400000|  0%| F|  |TAMS 0x00000000ed300000, 0x00000000ed300000| Untracked 
| 212|0x00000000ed400000, 0x00000000ed400000, 0x00000000ed500000|  0%| F|  |TAMS 0x00000000ed400000, 0x00000000ed400000| Untracked 
| 213|0x00000000ed500000, 0x00000000ed500000, 0x00000000ed600000|  0%| F|  |TAMS 0x00000000ed500000, 0x00000000ed500000| Untracked 
| 214|0x00000000ed600000, 0x00000000ed600000, 0x00000000ed700000|  0%| F|  |TAMS 0x00000000ed600000, 0x00000000ed600000| Untracked 
| 215|0x00000000ed700000, 0x00000000ed700000, 0x00000000ed800000|  0%| F|  |TAMS 0x00000000ed700000, 0x00000000ed700000| Untracked 
| 216|0x00000000ed800000, 0x00000000ed800000, 0x00000000ed900000|  0%| F|  |TAMS 0x00000000ed800000, 0x00000000ed800000| Untracked 
| 217|0x00000000ed900000, 0x00000000ed900000, 0x00000000eda00000|  0%| F|  |TAMS 0x00000000ed900000, 0x00000000ed900000| Untracked 
| 218|0x00000000eda00000, 0x00000000eda00000, 0x00000000edb00000|  0%| F|  |TAMS 0x00000000eda00000, 0x00000000eda00000| Untracked 
| 219|0x00000000edb00000, 0x00000000edb00000, 0x00000000edc00000|  0%| F|  |TAMS 0x00000000edb00000, 0x00000000edb00000| Untracked 
| 220|0x00000000edc00000, 0x00000000edc00000, 0x00000000edd00000|  0%| F|  |TAMS 0x00000000edc00000, 0x00000000edc00000| Untracked 
| 221|0x00000000edd00000, 0x00000000edd00000, 0x00000000ede00000|  0%| F|  |TAMS 0x00000000edd00000, 0x00000000edd00000| Untracked 
| 222|0x00000000ede00000, 0x00000000ede80800, 0x00000000edf00000| 50%| E|  |TAMS 0x00000000ede00000, 0x00000000ede00000| Complete 
| 223|0x00000000edf00000, 0x00000000ee000000, 0x00000000ee000000|100%| E|CS|TAMS 0x00000000edf00000, 0x00000000edf00000| Complete 
| 224|0x00000000ee000000, 0x00000000ee100000, 0x00000000ee100000|100%| E|CS|TAMS 0x00000000ee000000, 0x00000000ee000000| Complete 
| 225|0x00000000ee100000, 0x00000000ee200000, 0x00000000ee200000|100%| E|CS|TAMS 0x00000000ee100000, 0x00000000ee100000| Complete 
| 226|0x00000000ee200000, 0x00000000ee300000, 0x00000000ee300000|100%| E|CS|TAMS 0x00000000ee200000, 0x00000000ee200000| Complete 
| 227|0x00000000ee300000, 0x00000000ee400000, 0x00000000ee400000|100%| E|CS|TAMS 0x00000000ee300000, 0x00000000ee300000| Complete 
| 228|0x00000000ee400000, 0x00000000ee500000, 0x00000000ee500000|100%| E|CS|TAMS 0x00000000ee400000, 0x00000000ee400000| Complete 
| 229|0x00000000ee500000, 0x00000000ee600000, 0x00000000ee600000|100%| E|CS|TAMS 0x00000000ee500000, 0x00000000ee500000| Complete 
| 230|0x00000000ee600000, 0x00000000ee700000, 0x00000000ee700000|100%| E|CS|TAMS 0x00000000ee600000, 0x00000000ee600000| Complete 
| 231|0x00000000ee700000, 0x00000000ee800000, 0x00000000ee800000|100%| E|CS|TAMS 0x00000000ee700000, 0x00000000ee700000| Complete 
| 232|0x00000000ee800000, 0x00000000ee900000, 0x00000000ee900000|100%| E|CS|TAMS 0x00000000ee800000, 0x00000000ee800000| Complete 
| 233|0x00000000ee900000, 0x00000000eea00000, 0x00000000eea00000|100%| E|CS|TAMS 0x00000000ee900000, 0x00000000ee900000| Complete 
| 234|0x00000000eea00000, 0x00000000eeb00000, 0x00000000eeb00000|100%| E|CS|TAMS 0x00000000eea00000, 0x00000000eea00000| Complete 
| 235|0x00000000eeb00000, 0x00000000eec00000, 0x00000000eec00000|100%| E|CS|TAMS 0x00000000eeb00000, 0x00000000eeb00000| Complete 
| 236|0x00000000eec00000, 0x00000000eed00000, 0x00000000eed00000|100%| E|CS|TAMS 0x00000000eec00000, 0x00000000eec00000| Complete 
| 237|0x00000000eed00000, 0x00000000eee00000, 0x00000000eee00000|100%| E|CS|TAMS 0x00000000eed00000, 0x00000000eed00000| Complete 
| 238|0x00000000eee00000, 0x00000000eef00000, 0x00000000eef00000|100%| E|CS|TAMS 0x00000000eee00000, 0x00000000eee00000| Complete 
| 239|0x00000000eef00000, 0x00000000ef000000, 0x00000000ef000000|100%| E|CS|TAMS 0x00000000eef00000, 0x00000000eef00000| Complete 
| 240|0x00000000ef000000, 0x00000000ef100000, 0x00000000ef100000|100%| E|CS|TAMS 0x00000000ef000000, 0x00000000ef000000| Complete 
| 241|0x00000000ef100000, 0x00000000ef200000, 0x00000000ef200000|100%| E|CS|TAMS 0x00000000ef100000, 0x00000000ef100000| Complete 
| 242|0x00000000ef200000, 0x00000000ef300000, 0x00000000ef300000|100%| E|CS|TAMS 0x00000000ef200000, 0x00000000ef200000| Complete 
| 243|0x00000000ef300000, 0x00000000ef400000, 0x00000000ef400000|100%| E|CS|TAMS 0x00000000ef300000, 0x00000000ef300000| Complete 
| 244|0x00000000ef400000, 0x00000000ef500000, 0x00000000ef500000|100%| E|CS|TAMS 0x00000000ef400000, 0x00000000ef400000| Complete 
| 245|0x00000000ef500000, 0x00000000ef600000, 0x00000000ef600000|100%| E|CS|TAMS 0x00000000ef500000, 0x00000000ef500000| Complete 
| 246|0x00000000ef600000, 0x00000000ef700000, 0x00000000ef700000|100%| E|CS|TAMS 0x00000000ef600000, 0x00000000ef600000| Complete 
| 247|0x00000000ef700000, 0x00000000ef800000, 0x00000000ef800000|100%| E|CS|TAMS 0x00000000ef700000, 0x00000000ef700000| Complete 
| 248|0x00000000ef800000, 0x00000000ef900000, 0x00000000ef900000|100%| E|CS|TAMS 0x00000000ef800000, 0x00000000ef800000| Complete 
| 249|0x00000000ef900000, 0x00000000efa00000, 0x00000000efa00000|100%| E|CS|TAMS 0x00000000ef900000, 0x00000000ef900000| Complete 
| 250|0x00000000efa00000, 0x00000000efa60630, 0x00000000efb00000| 37%| S|CS|TAMS 0x00000000efa00000, 0x00000000efa00000| Complete 
| 251|0x00000000efb00000, 0x00000000efc00000, 0x00000000efc00000|100%| E|CS|TAMS 0x00000000efb00000, 0x00000000efb00000| Complete 
| 252|0x00000000efc00000, 0x00000000efd00000, 0x00000000efd00000|100%| E|CS|TAMS 0x00000000efc00000, 0x00000000efc00000| Complete 
| 253|0x00000000efd00000, 0x00000000efe00000, 0x00000000efe00000|100%| E|CS|TAMS 0x00000000efd00000, 0x00000000efd00000| Complete 
| 254|0x00000000efe00000, 0x00000000eff00000, 0x00000000eff00000|100%| E|  |TAMS 0x00000000efe00000, 0x00000000efe00000| Complete 
| 255|0x00000000eff00000, 0x00000000f0000000, 0x00000000f0000000|100%| E|CS|TAMS 0x00000000eff00000, 0x00000000eff00000| Complete 

Card table byte_map: [0x000001c8d9fd0000,0x000001c8da0d0000] _byte_map_base: 0x000001c8d98d0000

Marking Bits (Prev, Next): (CMBitMap*) 0x000001c8c32194f0, (CMBitMap*) 0x000001c8c3219530
 Prev Bits: [0x000001c8da1d0000, 0x000001c8da9d0000)
 Next Bits: [0x000001c8da9d0000, 0x000001c8db1d0000)

Polling page: 0x000001c8c0e40000

Metaspace:

Usage:
  Non-class:     33.66 MB used.
      Class:      5.44 MB used.
       Both:     39.10 MB used.

Virtual space:
  Non-class space:       64.00 MB reserved,      33.88 MB ( 53%) committed,  1 nodes.
      Class space:      320.00 MB reserved,       5.62 MB (  2%) committed,  1 nodes.
             Both:      384.00 MB reserved,      39.50 MB ( 10%) committed. 

Chunk freelists:
   Non-Class:  13.44 MB
       Class:  10.19 MB
        Both:  23.63 MB

MaxMetaspaceSize: 384.00 MB
CompressedClassSpaceSize: 320.00 MB
Initial GC threshold: 21.00 MB
Current GC threshold: 60.00 MB
CDS: on
MetaspaceReclaimPolicy: balanced
 - commit_granule_bytes: 65536.
 - commit_granule_words: 8192.
 - virtual_space_node_default_size: 8388608.
 - enlarge_chunks_in_place: 1.
 - new_chunks_are_fully_committed: 0.
 - uncommit_free_chunks: 1.
 - use_allocation_guard: 0.
 - handle_deallocations: 1.


Internal statistics:

num_allocs_failed_limit: 12.
num_arena_births: 364.
num_arena_deaths: 0.
num_vsnodes_births: 2.
num_vsnodes_deaths: 0.
num_space_committed: 632.
num_space_uncommitted: 0.
num_chunks_returned_to_freelist: 12.
num_chunks_taken_from_freelist: 1832.
num_chunk_merges: 12.
num_chunk_splits: 1250.
num_chunks_enlarged: 895.
num_purges: 0.
num_inconsistent_stats: 0.

CodeHeap 'non-profiled nmethods': size=120000Kb used=2631Kb max_used=2631Kb free=117368Kb
 bounds [0x000001c8d2560000, 0x000001c8d2800000, 0x000001c8d9a90000]
CodeHeap 'profiled nmethods': size=120000Kb used=8738Kb max_used=8738Kb free=111261Kb
 bounds [0x000001c8caa90000, 0x000001c8cb320000, 0x000001c8d1fc0000]
CodeHeap 'non-nmethods': size=5760Kb used=2299Kb max_used=2393Kb free=3460Kb
 bounds [0x000001c8d1fc0000, 0x000001c8d2230000, 0x000001c8d2560000]
 total_blobs=5057 nmethods=4244 adapters=724
 compilation: enabled
              stopped_count=0, restarted_count=0
 full_count=0

Compilation events (20 events):
Event: 13.812 Thread 0x000001c8dde0de10 4202       3       org.gradle.internal.time.DefaultTimer::getElapsedMillis (29 bytes)
Event: 13.813 Thread 0x000001c8dde0de10 nmethod 4202 0x000001c8cb315890 code [0x000001c8cb315a60, 0x000001c8cb315d68]
Event: 14.023 Thread 0x000001c8dde0de10 4203       3       java.util.concurrent.locks.ReentrantLock::tryLock (8 bytes)
Event: 14.023 Thread 0x000001c8dde0de10 nmethod 4203 0x000001c8cb315f10 code [0x000001c8cb3160c0, 0x000001c8cb316208]
Event: 14.023 Thread 0x000001c8dde0de10 4204       3       java.util.concurrent.locks.ReentrantLock$Sync::tryLock (63 bytes)
Event: 14.023 Thread 0x000001c8dde0de10 nmethod 4204 0x000001c8cb316310 code [0x000001c8cb3164e0, 0x000001c8cb316938]
Event: 14.024 Thread 0x000001c8dde0de10 4205       3       org.gradle.cache.internal.filelock.LockInfo::<init> (22 bytes)
Event: 14.024 Thread 0x000001c8dde0de10 nmethod 4205 0x000001c8cb316a10 code [0x000001c8cb316bc0, 0x000001c8cb316e18]
Event: 14.024 Thread 0x000001c8dde0de10 4206       3       java.lang.Long::equals (30 bytes)
Event: 14.024 Thread 0x000001c8dde0de10 nmethod 4206 0x000001c8cb316f10 code [0x000001c8cb3170c0, 0x000001c8cb3174b8]
Event: 14.038 Thread 0x000001c8dde0de10 4207       3       com.google.common.base.Preconditions::checkState (17 bytes)
Event: 14.038 Thread 0x000001c8dde0de10 nmethod 4207 0x000001c8cb317590 code [0x000001c8cb317760, 0x000001c8cb317ad8]
Event: 14.039 Thread 0x000001c8dde0de10 4208       3       com.google.common.cache.LocalCache$Segment::drainRecencyQueue (45 bytes)
Event: 14.039 Thread 0x000001c8dde0de10 nmethod 4208 0x000001c8cb317c90 code [0x000001c8cb317e80, 0x000001c8cb318488]
Event: 14.039 Thread 0x000001c8dde0de10 4209       3       java.util.concurrent.locks.ReentrantLock::isHeldByCurrentThread (8 bytes)
Event: 14.039 Thread 0x000001c8dde0de10 nmethod 4209 0x000001c8cb318610 code [0x000001c8cb3187c0, 0x000001c8cb3189d8]
Event: 14.040 Thread 0x000001c8dde0de10 4210       1       org.gradle.cache.internal.filelock.LockOptionsBuilder::getMode (5 bytes)
Event: 14.040 Thread 0x000001c8dde0de10 nmethod 4210 0x000001c8d27d1d90 code [0x000001c8d27d1f20, 0x000001c8d27d1ff8]
Event: 14.041 Thread 0x000001c8f9186ad0 4211       4       java.io.FilterInputStream::<init> (10 bytes)
Event: 14.041 Thread 0x000001c8dde0de10 4212       3       java.net.DatagramPacket::<init> (8 bytes)

GC Heap History (12 events):
Event: 0.841 GC heap before
{Heap before GC invocations=0 (full 0):
 garbage-first heap   total 262144K, used 26624K [0x00000000e0000000, 0x0000000100000000)
  region size 1024K, 23 young (23552K), 0 survivors (0K)
 Metaspace       used 3037K, committed 3136K, reserved 393216K
  class space    used 391K, committed 448K, reserved 327680K
}
Event: 0.845 GC heap after
{Heap after GC invocations=1 (full 0):
 garbage-first heap   total 262144K, used 10711K [0x00000000e0000000, 0x0000000100000000)
  region size 1024K, 3 young (3072K), 3 survivors (3072K)
 Metaspace       used 3037K, committed 3136K, reserved 393216K
  class space    used 391K, committed 448K, reserved 327680K
}
Event: 1.209 GC heap before
{Heap before GC invocations=1 (full 0):
 garbage-first heap   total 262144K, used 38359K [0x00000000e0000000, 0x0000000100000000)
  region size 1024K, 30 young (30720K), 3 survivors (3072K)
 Metaspace       used 3992K, committed 4160K, reserved 393216K
  class space    used 493K, committed 576K, reserved 327680K
}
Event: 1.212 GC heap after
{Heap after GC invocations=2 (full 0):
 garbage-first heap   total 262144K, used 11528K [0x00000000e0000000, 0x0000000100000000)
  region size 1024K, 1 young (1024K), 1 survivors (1024K)
 Metaspace       used 3992K, committed 4160K, reserved 393216K
  class space    used 493K, committed 576K, reserved 327680K
}
Event: 7.017 GC heap before
{Heap before GC invocations=2 (full 0):
 garbage-first heap   total 262144K, used 132360K [0x00000000e0000000, 0x0000000100000000)
  region size 1024K, 120 young (122880K), 1 survivors (1024K)
 Metaspace       used 21250K, committed 21504K, reserved 393216K
  class space    used 3134K, committed 3264K, reserved 327680K
}
Event: 7.030 GC heap after
{Heap after GC invocations=3 (full 0):
 garbage-first heap   total 262144K, used 22958K [0x00000000e0000000, 0x0000000100000000)
  region size 1024K, 12 young (12288K), 12 survivors (12288K)
 Metaspace       used 21250K, committed 21504K, reserved 393216K
  class space    used 3134K, committed 3264K, reserved 327680K
}
Event: 13.036 GC heap before
{Heap before GC invocations=4 (full 0):
 garbage-first heap   total 262144K, used 140718K [0x00000000e0000000, 0x0000000100000000)
  region size 1024K, 124 young (126976K), 12 survivors (12288K)
 Metaspace       used 35579K, committed 35968K, reserved 393216K
  class space    used 4972K, committed 5184K, reserved 327680K
}
Event: 13.051 GC heap after
{Heap after GC invocations=5 (full 0):
 garbage-first heap   total 262144K, used 31407K [0x00000000e0000000, 0x0000000100000000)
  region size 1024K, 9 young (9216K), 9 survivors (9216K)
 Metaspace       used 35579K, committed 35968K, reserved 393216K
  class space    used 4972K, committed 5184K, reserved 327680K
}
Event: 13.129 GC heap before
{Heap before GC invocations=5 (full 0):
 garbage-first heap   total 262144K, used 32431K [0x00000000e0000000, 0x0000000100000000)
  region size 1024K, 12 young (12288K), 9 survivors (9216K)
 Metaspace       used 35892K, committed 36288K, reserved 393216K
  class space    used 5008K, committed 5184K, reserved 327680K
}
Event: 13.136 GC heap after
{Heap after GC invocations=6 (full 0):
 garbage-first heap   total 262144K, used 31639K [0x00000000e0000000, 0x0000000100000000)
  region size 1024K, 1 young (1024K), 1 survivors (1024K)
 Metaspace       used 35892K, committed 36288K, reserved 393216K
  class space    used 5008K, committed 5184K, reserved 327680K
}
Event: 13.226 GC heap before
{Heap before GC invocations=6 (full 0):
 garbage-first heap   total 262144K, used 34711K [0x00000000e0000000, 0x0000000100000000)
  region size 1024K, 5 young (5120K), 1 survivors (1024K)
 Metaspace       used 36289K, committed 36608K, reserved 393216K
  class space    used 5077K, committed 5248K, reserved 327680K
}
Event: 13.228 GC heap after
{Heap after GC invocations=7 (full 0):
 garbage-first heap   total 262144K, used 31000K [0x00000000e0000000, 0x0000000100000000)
  region size 1024K, 1 young (1024K), 1 survivors (1024K)
 Metaspace       used 36289K, committed 36608K, reserved 393216K
  class space    used 5077K, committed 5248K, reserved 327680K
}

Deoptimization events (20 events):
Event: 13.110 Thread 0x000001c8f9b9e860 Uncommon trap: trap_request=0xffffff45 fr.pc=0x000001c8d26ebbec relative=0x00000000000000ec
Event: 13.110 Thread 0x000001c8f9b9e860 Uncommon trap: reason=unstable_if action=reinterpret pc=0x000001c8d26ebbec method=org.objectweb.asm.ByteVector.putShort(I)Lorg/objectweb/asm/ByteVector; @ 13 c2
Event: 13.110 Thread 0x000001c8f9b9e860 DEOPT PACKING pc=0x000001c8d26ebbec sp=0x000000121eaf8900
Event: 13.110 Thread 0x000001c8f9b9e860 DEOPT UNPACKING pc=0x000001c8d20123a3 sp=0x000000121eaf8898 mode 2
Event: 13.185 Thread 0x000001c8f9b9e860 Uncommon trap: trap_request=0xffffff45 fr.pc=0x000001c8d27a9808 relative=0x0000000000001728
Event: 13.185 Thread 0x000001c8f9b9e860 Uncommon trap: reason=unstable_if action=reinterpret pc=0x000001c8d27a9808 method=java.util.concurrent.ConcurrentHashMap.computeIfAbsent(Ljava/lang/Object;Ljava/util/function/Function;)Ljava/lang/Object; @ 123 c2
Event: 13.185 Thread 0x000001c8f9b9e860 DEOPT PACKING pc=0x000001c8d27a9808 sp=0x000000121eaf9be0
Event: 13.185 Thread 0x000001c8f9b9e860 DEOPT UNPACKING pc=0x000001c8d20123a3 sp=0x000000121eaf9b60 mode 2
Event: 13.324 Thread 0x000001c8f9b9e860 Uncommon trap: trap_request=0xffffff45 fr.pc=0x000001c8d25ecef4 relative=0x00000000000001d4
Event: 13.324 Thread 0x000001c8f9b9e860 Uncommon trap: reason=unstable_if action=reinterpret pc=0x000001c8d25ecef4 method=java.net.URI$Parser.scan(IILjava/lang/String;)I @ 26 c2
Event: 13.324 Thread 0x000001c8f9b9e860 DEOPT PACKING pc=0x000001c8d25ecef4 sp=0x000000121eaf92d0
Event: 13.324 Thread 0x000001c8f9b9e860 DEOPT UNPACKING pc=0x000001c8d20123a3 sp=0x000000121eaf9260 mode 2
Event: 13.324 Thread 0x000001c8f9b9e860 Uncommon trap: trap_request=0xffffff45 fr.pc=0x000001c8d25c4b58 relative=0x0000000000000138
Event: 13.324 Thread 0x000001c8f9b9e860 Uncommon trap: reason=unstable_if action=reinterpret pc=0x000001c8d25c4b58 method=java.net.URI.match(CJJ)Z @ 45 c2
Event: 13.324 Thread 0x000001c8f9b9e860 DEOPT PACKING pc=0x000001c8d25c4b58 sp=0x000000121eaf9040
Event: 13.324 Thread 0x000001c8f9b9e860 DEOPT UNPACKING pc=0x000001c8d20123a3 sp=0x000000121eaf8f78 mode 2
Event: 13.324 Thread 0x000001c8f9b9e860 Uncommon trap: trap_request=0xffffff45 fr.pc=0x000001c8d2585f4c relative=0x000000000000004c
Event: 13.324 Thread 0x000001c8f9b9e860 Uncommon trap: reason=unstable_if action=reinterpret pc=0x000001c8d2585f4c method=java.net.URI.match(CJJ)Z @ 19 c2
Event: 13.324 Thread 0x000001c8f9b9e860 DEOPT PACKING pc=0x000001c8d2585f4c sp=0x000000121eaf9050
Event: 13.324 Thread 0x000001c8f9b9e860 DEOPT UNPACKING pc=0x000001c8d20123a3 sp=0x000000121eaf9000 mode 2

Classes unloaded (0 events):
No events

Classes redefined (0 events):
No events

Internal exceptions (20 events):
Event: 11.640 Thread 0x000001c8f9b9e860 Exception <a 'sun/nio/fs/WindowsException'{0x00000000ea459260}> (0x00000000ea459260) 
thrown [s\open\src\hotspot\share\prims\jni.cpp, line 516]
Event: 11.640 Thread 0x000001c8f9b9e860 Exception <a 'sun/nio/fs/WindowsException'{0x00000000ea45a7d8}> (0x00000000ea45a7d8) 
thrown [s\open\src\hotspot\share\prims\jni.cpp, line 516]
Event: 11.640 Thread 0x000001c8f9b9e860 Exception <a 'sun/nio/fs/WindowsException'{0x00000000ea45bd80}> (0x00000000ea45bd80) 
thrown [s\open\src\hotspot\share\prims\jni.cpp, line 516]
Event: 12.048 Thread 0x000001c8f9b9e860 Exception <a 'java/lang/IncompatibleClassChangeError'{0x00000000ea499760}: Found class java.lang.Object, but interface was expected> (0x00000000ea499760) 
thrown [s\open\src\hotspot\share\interpreter\linkResolver.cpp, line 826]
Event: 12.686 Thread 0x000001c8f9b9e860 Exception <a 'java/lang/ClassNotFoundException'{0x00000000ea2a1468}: settings_5v7ytchx4b4xmghku5y6om146BeanInfo> (0x00000000ea2a1468) 
thrown [s\open\src\hotspot\share\classfile\systemDictionary.cpp, line 256]
Event: 12.686 Thread 0x000001c8f9b9e860 Exception <a 'java/lang/ClassNotFoundException'{0x00000000ea2abbb8}: org/gradle/initialization/SettingsScriptBeanInfo> (0x00000000ea2abbb8) 
thrown [s\open\src\hotspot\share\classfile\systemDictionary.cpp, line 256]
Event: 12.687 Thread 0x000001c8f9b9e860 Exception <a 'java/lang/ClassNotFoundException'{0x00000000ea2b6468}: org/gradle/plugin/use/internal/PluginsAwareScriptBeanInfo> (0x00000000ea2b6468) 
thrown [s\open\src\hotspot\share\classfile\systemDictionary.cpp, line 256]
Event: 12.687 Thread 0x000001c8f9b9e860 Exception <a 'java/lang/ClassNotFoundException'{0x00000000ea2c0f78}: org/gradle/plugin/use/internal/PluginsAwareScriptCustomizer> (0x00000000ea2c0f78) 
thrown [s\open\src\hotspot\share\classfile\systemDictionary.cpp, line 256]
Event: 12.687 Thread 0x000001c8f9b9e860 Exception <a 'java/lang/ClassNotFoundException'{0x00000000ea2d3798}: org/gradle/initialization/SettingsScriptCustomizer> (0x00000000ea2d3798) 
thrown [s\open\src\hotspot\share\classfile\systemDictionary.cpp, line 256]
Event: 12.688 Thread 0x000001c8f9b9e860 Exception <a 'java/lang/ClassNotFoundException'{0x00000000ea2e1718}: settings_5v7ytchx4b4xmghku5y6om146Customizer> (0x00000000ea2e1718) 
thrown [s\open\src\hotspot\share\classfile\systemDictionary.cpp, line 256]
Event: 12.692 Thread 0x000001c8f9b9e860 Exception <a 'java/lang/ClassNotFoundException'{0x00000000ea17b168}: org/gradle/initialization/DefaultSettings_DecoratedBeanInfo> (0x00000000ea17b168) 
thrown [s\open\src\hotspot\share\classfile\systemDictionary.cpp, line 256]
Event: 12.693 Thread 0x000001c8f9b9e860 Exception <a 'java/lang/ClassNotFoundException'{0x00000000ea18b638}: org/gradle/initialization/DefaultSettingsBeanInfo> (0x00000000ea18b638) 
thrown [s\open\src\hotspot\share\classfile\systemDictionary.cpp, line 256]
Event: 12.693 Thread 0x000001c8f9b9e860 Exception <a 'java/lang/ClassNotFoundException'{0x00000000ea19b1c0}: org/gradle/initialization/DefaultSettingsCustomizer> (0x00000000ea19b1c0) 
thrown [s\open\src\hotspot\share\classfile\systemDictionary.cpp, line 256]
Event: 12.697 Thread 0x000001c8f9b9e860 Exception <a 'java/lang/ClassNotFoundException'{0x00000000ea1e0e60}: org/gradle/initialization/DefaultSettings_DecoratedCustomizer> (0x00000000ea1e0e60) 
thrown [s\open\src\hotspot\share\classfile\systemDictionary.cpp, line 256]
Event: 12.701 Thread 0x000001c8f9b9e860 Exception <a 'java/lang/ClassNotFoundException'{0x00000000ea057328}: org/gradle/initialization/DefaultProjectDescriptorBeanInfo> (0x00000000ea057328) 
thrown [s\open\src\hotspot\share\classfile\systemDictionary.cpp, line 256]
Event: 12.702 Thread 0x000001c8f9b9e860 Exception <a 'java/lang/ClassNotFoundException'{0x00000000ea065c98}: org/gradle/initialization/DefaultProjectDescriptorCustomizer> (0x00000000ea065c98) 
thrown [s\open\src\hotspot\share\classfile\systemDictionary.cpp, line 256]
Event: 12.708 Thread 0x000001c8f9b9e860 Exception <a 'java/lang/NoSuchMethodError'{0x00000000ea0ad718}: 'void java.lang.invoke.DirectMethodHandle$Holder.invokeInterface(java.lang.Object, java.lang.Object)'> (0x00000000ea0ad718) 
thrown [s\open\src\hotspot\share\interpreter\linkResolver.cpp, line 759]
Event: 12.727 Thread 0x000001c8f9b9e860 Implicit null exception at 0x000001c8d270bd6c to 0x000001c8d270be20
Event: 13.055 Thread 0x000001c8f9b9e860 Exception <a 'java/lang/NoSuchMethodError'{0x00000000eff20bb0}: 'long java.lang.invoke.DirectMethodHandle$Holder.invokeStatic(java.lang.Object, long)'> (0x00000000eff20bb0) 
thrown [s\open\src\hotspot\share\interpreter\linkResolver.cpp, line 759]
Event: 13.350 Thread 0x000001c8f9b9e860 Exception <a 'java/lang/NoSuchMethodError'{0x00000000ef805df8}: 'void java.lang.invoke.DirectMethodHandle$Holder.invokeStatic(java.lang.Object, java.lang.Object, java.lang.Object, java.lang.Object, java.lang.Object, java.lang.Object)'> (0x00000000ef805df8) 
thrown [s\open\src\hotspot\share\interpreter\linkResolver.cpp, line 759]

VM Operations (20 events):
Event: 12.441 Executing VM operation: HandshakeAllThreads
Event: 12.441 Executing VM operation: HandshakeAllThreads done
Event: 12.799 Executing VM operation: HandshakeAllThreads
Event: 12.799 Executing VM operation: HandshakeAllThreads done
Event: 12.799 Executing VM operation: Cleanup
Event: 12.799 Executing VM operation: Cleanup done
Event: 12.845 Executing VM operation: HandshakeAllThreads
Event: 12.845 Executing VM operation: HandshakeAllThreads done
Event: 13.035 Executing VM operation: CollectForMetadataAllocation
Event: 13.051 Executing VM operation: CollectForMetadataAllocation done
Event: 13.076 Executing VM operation: HandshakeAllThreads
Event: 13.076 Executing VM operation: HandshakeAllThreads done
Event: 13.129 Executing VM operation: CollectForMetadataAllocation
Event: 13.136 Executing VM operation: CollectForMetadataAllocation done
Event: 13.226 Executing VM operation: CollectForMetadataAllocation
Event: 13.228 Executing VM operation: CollectForMetadataAllocation done
Event: 13.251 Executing VM operation: G1Concurrent
Event: 13.254 Executing VM operation: G1Concurrent done
Event: 13.262 Executing VM operation: G1Concurrent
Event: 13.262 Executing VM operation: G1Concurrent done

Events (20 events):
Event: 13.079 Thread 0x000001c8f91753e0 Thread added: 0x000001c8f91753e0
Event: 13.327 loading class javax/net/ssl/HostnameVerifier
Event: 13.327 loading class javax/net/ssl/HostnameVerifier done
Event: 13.330 loading class javax/net/ssl/TrustManager
Event: 13.330 loading class javax/net/ssl/TrustManager done
Event: 13.330 loading class javax/net/ssl/X509TrustManager
Event: 13.330 loading class javax/net/ssl/X509TrustManager done
Event: 13.332 loading class javax/net/ssl/SSLException
Event: 13.332 loading class javax/net/ssl/SSLException done
Event: 13.332 loading class javax/net/ssl/SSLPeerUnverifiedException
Event: 13.332 loading class javax/net/ssl/SSLPeerUnverifiedException done
Event: 13.332 loading class javax/naming/NamingException
Event: 13.333 loading class javax/naming/NamingException done
Event: 13.333 loading class javax/naming/InvalidNameException
Event: 13.333 loading class javax/naming/InvalidNameException done
Event: 13.333 loading class java/security/cert/CertificateParsingException
Event: 13.333 loading class java/security/cert/CertificateException
Event: 13.333 loading class java/security/cert/CertificateException done
Event: 13.333 loading class java/security/cert/CertificateParsingException done
Event: 14.040 Thread 0x000001c8f9cb63b0 Thread added: 0x000001c8f9cb63b0


Dynamic libraries:
0x00007ff7c6170000 - 0x00007ff7c6180000 	C:\Java\jdk-17\bin\java.exe
0x00007fff66670000 - 0x00007fff66865000 	C:\Windows\SYSTEM32\ntdll.dll
0x00007fff66570000 - 0x00007fff6662d000 	C:\Windows\System32\KERNEL32.DLL
0x00007fff64400000 - 0x00007fff646c9000 	C:\Windows\System32\KERNELBASE.dll
0x00007fff64300000 - 0x00007fff64400000 	C:\Windows\System32\ucrtbase.dll
0x00007fff4aa10000 - 0x00007fff4aa29000 	C:\Java\jdk-17\bin\jli.dll
0x00007fff4aef0000 - 0x00007fff4af0b000 	C:\Java\jdk-17\bin\VCRUNTIME140.dll
0x00007fff661a0000 - 0x00007fff6624c000 	C:\Windows\System32\ADVAPI32.dll
0x00007fff660a0000 - 0x00007fff6613e000 	C:\Windows\System32\msvcrt.dll
0x00007fff64d30000 - 0x00007fff64dcc000 	C:\Windows\System32\sechost.dll
0x00007fff66300000 - 0x00007fff6642b000 	C:\Windows\System32\RPCRT4.dll
0x00007fff647f0000 - 0x00007fff64990000 	C:\Windows\System32\USER32.dll
0x00007fff642a0000 - 0x00007fff642c2000 	C:\Windows\System32\win32u.dll
0x00007fff64c20000 - 0x00007fff64c4a000 	C:\Windows\System32\GDI32.dll
0x00007fff46930000 - 0x00007fff46bca000 	C:\Windows\WinSxS\amd64_microsoft.windows.common-controls_6595b64144ccf1df_6.0.19041.844_none_ca00b6081b84eb1d\COMCTL32.dll
0x00007fff64010000 - 0x00007fff6411b000 	C:\Windows\System32\gdi32full.dll
0x00007fff63db0000 - 0x00007fff63e4d000 	C:\Windows\System32\msvcp_win.dll
0x00007fff5d220000 - 0x00007fff5d22a000 	C:\Windows\SYSTEM32\VERSION.dll
0x00007fff66540000 - 0x00007fff66570000 	C:\Windows\System32\IMM32.DLL
0x00007fff59e10000 - 0x00007fff59e1c000 	C:\Java\jdk-17\bin\vcruntime140_1.dll
0x00007fff3c930000 - 0x00007fff3c9be000 	C:\Java\jdk-17\bin\msvcp140.dll
0x00007fff194d0000 - 0x00007fff1a0ae000 	C:\Java\jdk-17\bin\server\jvm.dll
0x00007fff66430000 - 0x00007fff66438000 	C:\Windows\System32\PSAPI.DLL
0x00007fff51460000 - 0x00007fff51487000 	C:\Windows\SYSTEM32\WINMM.dll
0x00007fff4ae90000 - 0x00007fff4ae99000 	C:\Windows\SYSTEM32\WSOCK32.dll
0x00007fff64e30000 - 0x00007fff64e9b000 	C:\Windows\System32\WS2_32.dll
0x00007fff61c10000 - 0x00007fff61c22000 	C:\Windows\SYSTEM32\kernel.appcore.dll
0x00007fff58060000 - 0x00007fff5806a000 	C:\Java\jdk-17\bin\jimage.dll
0x00007fff51270000 - 0x00007fff51454000 	C:\Windows\SYSTEM32\DBGHELP.DLL
0x00007fff50a30000 - 0x00007fff50a5c000 	C:\Windows\SYSTEM32\dbgcore.DLL
0x00007fff64120000 - 0x00007fff641a0000 	C:\Windows\System32\bcryptPrimitives.dll
0x00007fff5f980000 - 0x00007fff5f98e000 	C:\Java\jdk-17\bin\instrument.dll
0x00007fff49a10000 - 0x00007fff49a35000 	C:\Java\jdk-17\bin\java.dll
0x00007fff3a9f0000 - 0x00007fff3aac7000 	C:\Java\jdk-17\bin\jsvml.dll
0x00007fff65950000 - 0x00007fff66092000 	C:\Windows\System32\SHELL32.dll
0x00007fff61ef0000 - 0x00007fff62680000 	C:\Windows\SYSTEM32\windows.storage.dll
0x00007fff65440000 - 0x00007fff65795000 	C:\Windows\System32\combase.dll
0x00007fff63680000 - 0x00007fff636ac000 	C:\Windows\SYSTEM32\Wldp.dll
0x00007fff66250000 - 0x00007fff662fe000 	C:\Windows\System32\SHCORE.dll
0x00007fff64790000 - 0x00007fff647e5000 	C:\Windows\System32\shlwapi.dll
0x00007fff63cf0000 - 0x00007fff63d0f000 	C:\Windows\SYSTEM32\profapi.dll
0x00007fff47b50000 - 0x00007fff47b68000 	C:\Java\jdk-17\bin\zip.dll
0x00007fff4a4e0000 - 0x00007fff4a4f9000 	C:\Java\jdk-17\bin\net.dll
0x00007fff5dd90000 - 0x00007fff5de9c000 	C:\Windows\SYSTEM32\WINHTTP.dll
0x00007fff63470000 - 0x00007fff634da000 	C:\Windows\system32\mswsock.dll
0x00007fff4a2f0000 - 0x00007fff4a306000 	C:\Java\jdk-17\bin\nio.dll
0x00007fff4acb0000 - 0x00007fff4acc0000 	C:\Java\jdk-17\bin\verify.dll
0x00007fff5e750000 - 0x00007fff5e777000 	C:\Users\Student\.gradle\native\c067742578af261105cb4f569cf0c3c89f3d7b1fecec35dd04571415982c5e48\windows-amd64\native-platform.dll
0x00007fff4a180000 - 0x00007fff4a2c4000 	C:\Users\Student\.gradle\native\38dada09dfb8b06ba9b0570ebf7e218e3eb74d4ef43ca46872605cf95ebc2f47\windows-amd64\native-platform-file-events.dll
0x00007fff5fcc0000 - 0x00007fff5fcca000 	C:\Java\jdk-17\bin\management.dll
0x00007fff5fc00000 - 0x00007fff5fc0b000 	C:\Java\jdk-17\bin\management_ext.dll
0x00007fff63730000 - 0x00007fff63748000 	C:\Windows\SYSTEM32\CRYPTSP.dll
0x00007fff62e30000 - 0x00007fff62e64000 	C:\Windows\system32\rsaenh.dll
0x00007fff642d0000 - 0x00007fff642f7000 	C:\Windows\System32\bcrypt.dll
0x00007fff63cb0000 - 0x00007fff63cde000 	C:\Windows\SYSTEM32\USERENV.dll
0x00007fff635f0000 - 0x00007fff635fc000 	C:\Windows\SYSTEM32\CRYPTBASE.dll
0x00007fff63180000 - 0x00007fff631bb000 	C:\Windows\SYSTEM32\IPHLPAPI.DLL
0x00007fff64780000 - 0x00007fff64788000 	C:\Windows\System32\NSI.dll
0x00007fff5dd70000 - 0x00007fff5dd87000 	C:\Windows\SYSTEM32\dhcpcsvc6.DLL
0x00007fff5dd40000 - 0x00007fff5dd5d000 	C:\Windows\SYSTEM32\dhcpcsvc.DLL
0x00007fff631c0000 - 0x00007fff6328b000 	C:\Windows\SYSTEM32\DNSAPI.dll
0x00007fff5e660000 - 0x00007fff5e66e000 	C:\Java\jdk-17\bin\sunmscapi.dll
0x00007fff63e50000 - 0x00007fff63faf000 	C:\Windows\System32\CRYPT32.dll
0x00007fff636f0000 - 0x00007fff63717000 	C:\Windows\SYSTEM32\ncrypt.dll
0x00007fff636b0000 - 0x00007fff636eb000 	C:\Windows\SYSTEM32\NTASN1.dll
0x00007fff5fa10000 - 0x00007fff5fa17000 	C:\Windows\system32\wshunix.dll

dbghelp: loaded successfully - version: 4.0.5 - missing functions: none
symbol engine: initialized successfully - sym options: 0x614 - pdb path: .;C:\Java\jdk-17\bin;C:\Windows\SYSTEM32;C:\Windows\WinSxS\amd64_microsoft.windows.common-controls_6595b64144ccf1df_6.0.19041.844_none_ca00b6081b84eb1d;C:\Java\jdk-17\bin\server;C:\Users\Student\.gradle\native\c067742578af261105cb4f569cf0c3c89f3d7b1fecec35dd04571415982c5e48\windows-amd64;C:\Users\Student\.gradle\native\38dada09dfb8b06ba9b0570ebf7e218e3eb74d4ef43ca46872605cf95ebc2f47\windows-amd64

VM Arguments:
jvm_args: --add-opens=java.base/java.util=ALL-UNNAMED --add-opens=java.base/java.lang=ALL-UNNAMED --add-opens=java.base/java.lang.invoke=ALL-UNNAMED --add-opens=java.prefs/java.util.prefs=ALL-UNNAMED --add-opens=java.base/java.nio.charset=ALL-UNNAMED --add-opens=java.base/java.net=ALL-UNNAMED --add-opens=java.base/java.util.concurrent.atomic=ALL-UNNAMED -XX:MaxMetaspaceSize=384m -XX:+HeapDumpOnOutOfMemoryError -Xms256m -Xmx512m -Dfile.encoding=windows-1252 -Duser.country=US -Duser.language=en -Duser.variant -javaagent:C:\Users\Student\.gradle\wrapper\dists\gradle-8.5-bin\5t9huq95ubn472n8rpzujfbqh\gradle-8.5\lib\agents\gradle-instrumentation-agent-8.5.jar 
java_command: org.gradle.launcher.daemon.bootstrap.GradleDaemon 8.5
java_class_path (initial): C:\Users\Student\.gradle\wrapper\dists\gradle-8.5-bin\5t9huq95ubn472n8rpzujfbqh\gradle-8.5\lib\gradle-launcher-8.5.jar
Launcher Type: SUN_STANDARD

[Global flags]
     intx CICompilerCount                          = 4                                         {product} {ergonomic}
   size_t CompressedClassSpaceSize                 = 335544320                                 {product} {ergonomic}
     uint ConcGCThreads                            = 3                                         {product} {ergonomic}
     uint G1ConcRefinementThreads                  = 10                                        {product} {ergonomic}
   size_t G1HeapRegionSize                         = 1048576                                   {product} {ergonomic}
    uintx GCDrainStackTargetSize                   = 64                                        {product} {ergonomic}
     bool HeapDumpOnOutOfMemoryError               = true                                   {manageable} {command line}
   size_t InitialHeapSize                          = 268435456                                 {product} {command line}
   size_t MarkStackSize                            = 4194304                                   {product} {ergonomic}
   size_t MaxHeapSize                              = 536870912                                 {product} {command line}
   size_t MaxMetaspaceSize                         = 402653184                                 {product} {command line}
   size_t MaxNewSize                               = 321912832                                 {product} {ergonomic}
   size_t MinHeapDeltaBytes                        = 1048576                                   {product} {ergonomic}
   size_t MinHeapSize                              = 268435456                                 {product} {command line}
    uintx NonNMethodCodeHeapSize                   = 5839372                                {pd product} {ergonomic}
    uintx NonProfiledCodeHeapSize                  = 122909434                              {pd product} {ergonomic}
    uintx ProfiledCodeHeapSize                     = 122909434                              {pd product} {ergonomic}
    uintx ReservedCodeCacheSize                    = 251658240                              {pd product} {ergonomic}
     bool SegmentedCodeCache                       = true                                      {product} {ergonomic}
   size_t SoftMaxHeapSize                          = 536870912                              {manageable} {ergonomic}
     bool UseCompressedClassPointers               = true                           {product lp64_product} {ergonomic}
     bool UseCompressedOops                        = true                           {product lp64_product} {ergonomic}
     bool UseG1GC                                  = true                                      {product} {ergonomic}
     bool UseLargePagesIndividualAllocation        = false                                  {pd product} {ergonomic}

Logging:
Log output configuration:
 #0: stdout all=warning uptime,level,tags
 #1: stderr all=off uptime,level,tags

Environment Variables:
JAVA_HOME=C:\Java\jdk-17
PATH=C:\Program Files\Common Files\Oracle\Java\javapath;C:\Program Files\copasi.org\COPASI 4.30.240\bin;C:\Program Files (x86)\Common Files\Intel\Shared Files\cpp\bin\Intel64;C:\ProgramData\Anaconda3;C:\ProgramData\Anaconda3\Library\mingw-w64\bin;C:\ProgramData\Anaconda3\Library\usr\bin;C:\ProgramData\Anaconda3\Library\bin;C:\ProgramData\Anaconda3\Scripts;C:\Windows\system32;C:\Windows;C:\Windows\System32\Wbem;C:\Windows\System32\WindowsPowerShell\v1.0\;C:\Windows\System32\OpenSSH\;C:\Program Files\MATLAB\R2013a\runtime\win64;C:\Program Files\MATLAB\R2013a\bin;C:\Program Files (x86)\Microsoft SQL Server\110\Tools\Binn\;C:\Program Files\Microsoft SQL Server\110\Tools\Binn\;C:\Program Files\Microsoft SQL Server\110\DTS\Binn\;C:\Program Files (x86)\Microsoft SQL Server\110\Tools\Binn\ManagementStudio\;C:\Program Files (x86)\Microsoft Visual Studio 10.0\Common7\IDE\PrivateAssemblies\;C:\Program Files (x86)\Microsoft SQL Server\110\DTS\Binn\;C:\Program Files\java\jdk-11.0.9\bin\;C:\Program Files\Git\cmd\;C:\Program Files (x86)\Microsoft SQL Server\Client SDK\ODBC\110\Tools\Binn\;C:\Program Files (x86)\Microsoft SQL Server\120\Tools\Binn\;C:\Program Files (x86)\Microsoft SQL Server\120\DTS\Binn\;C:\Program Files\Microsoft SQL Server\130\Tools\Binn\;C:\Program Files\dotnet\;C:\Program Files\Microsoft SQL Server\Client SDK\ODBC\170\Tools\Binn\;C:\Program Files\nodejs\;C:\gradle-8.2.1\bin\;C:\Program Files\MongoDB\Server\5.0\bin\;C:\Program Files\MongoDB\Tools\100\bin\;C:\Java\apache-maven-3.9.4\bin;;C:\Program Files\Docker\Docker\resources\bin;C:\Users\Student\AppData\Local\Programs\Python\Python312\Scripts\;C:\Users\Student\AppData\Local\Programs\Python\Python312\;C:\Users\Student\AppData\Local\Microsoft\WindowsApps;C:\Users\Student\AppData\Local\Programs\Microsoft VS Code\bin;C:\Users\Student\.dotnet\tools;C:\Users\Student\AppData\Roaming\npm;C:\Users\Student\AppData\Local\Programs\mongosh\;C:\Program Files\MongoDB\Tools\100;C:\Program Files\MongoDB\Server\5.0\bin;;C:\Progra
USERNAME=Student
OS=Windows_NT
PROCESSOR_IDENTIFIER=Intel64 Family 6 Model 165 Stepping 3, GenuineIntel



---------------  S Y S T E M  ---------------

OS:
 Windows 10 , 64 bit Build 19041 (10.0.19041.804)
OS uptime: 0 days 1:36 hours
Hyper-V role detected

CPU: total 12 (initial active 12) (6 cores per cpu, 2 threads per core) family 6 model 165 stepping 3 microcode 0xe0, cx8, cmov, fxsr, ht, mmx, 3dnowpref, sse, sse2, sse3, ssse3, sse4.1, sse4.2, popcnt, lzcnt, tsc, tscinvbit, avx, avx2, aes, erms, clmul, bmi1, bmi2, adx, fma, vzeroupper, clflush, clflushopt, hv

Memory: 4k page, system-wide physical 7939M (827M free)
TotalPageFile size 11539M (AvailPageFile size 298M)
current process WorkingSet (physical memory assigned to process): 349M, peak: 351M
current process commit charge ("private bytes"): 488M, peak: 489M

vm_info: Java HotSpot(TM) 64-Bit Server VM (17.0.8+9-LTS-211) for windows-amd64 JRE (17.0.8+9-LTS-211), built on Jun 14 2023 10:34:31 by "mach5one" with MS VC++ 17.1 (VS2022)

END.
