#
# There is insufficient memory for the Java Runtime Environment to continue.
# Native memory allocation (malloc) failed to allocate 887376 bytes for Chunk::new
# Possible reasons:
#   The system is out of physical RAM or swap space
#   The process is running with CompressedOops enabled, and the Java Heap may be blocking the growth of the native heap
# Possible solutions:
#   Reduce memory load on the system
#   Increase physical memory or swap space
#   Check if swap backing store is full
#   Decrease Java heap size (-Xmx/-Xms)
#   Decrease number of Java threads
#   Decrease Java thread stack sizes (-Xss)
#   Set larger code cache with -XX:ReservedCodeCacheSize=
#   JVM is running with Unscaled Compressed Oops mode in which the Java heap is
#     placed in the first 4GB address space. The Java Heap base address is the
#     maximum limit for the native heap growth. Please use -XX:HeapBaseMinAddress
#     to set the Java Heap base and to place the Java Heap above 4GB virtual address.
# This output file may be truncated or incomplete.
#
#  Out of Memory Error (arena.cpp:189), pid=6548, tid=10992
#
# JRE version: Java(TM) SE Runtime Environment (17.0.8+9) (build 17.0.8+9-LTS-211)
# Java VM: Java HotSpot(TM) 64-Bit Server VM (17.0.8+9-LTS-211, mixed mode, sharing, tiered, compressed oops, compressed class ptrs, g1 gc, windows-amd64)
# No core dump will be written. Minidumps are not enabled by default on client versions of Windows
#

---------------  S U M M A R Y ------------

Command Line: --add-opens=java.base/java.util=ALL-UNNAMED --add-opens=java.base/java.lang=ALL-UNNAMED --add-opens=java.base/java.lang.invoke=ALL-UNNAMED --add-opens=java.prefs/java.util.prefs=ALL-UNNAMED --add-opens=java.base/java.nio.charset=ALL-UNNAMED --add-opens=java.base/java.net=ALL-UNNAMED --add-opens=java.base/java.util.concurrent.atomic=ALL-UNNAMED -XX:MaxMetaspaceSize=384m -XX:+HeapDumpOnOutOfMemoryError -Xms256m -Xmx512m -Dfile.encoding=windows-1252 -Duser.country=US -Duser.language=en -Duser.variant -javaagent:C:\Users\Student\.gradle\wrapper\dists\gradle-8.5-bin\5t9huq95ubn472n8rpzujfbqh\gradle-8.5\lib\agents\gradle-instrumentation-agent-8.5.jar org.gradle.launcher.daemon.bootstrap.GradleDaemon 8.5

Host: Intel(R) Core(TM) i5-10400 CPU @ 2.90GHz, 12 cores, 7G,  Windows 10 , 64 bit Build 19041 (10.0.19041.804)
Time: Mon Apr  1 19:47:22 2024 SE Asia Standard Time elapsed time: 31.596998 seconds (0d 0h 0m 31s)

---------------  T H R E A D  ---------------

Current thread (0x00000176442c96f0):  JavaThread "C2 CompilerThread2" daemon [_thread_in_native, id=10992, stack(0x000000326c200000,0x000000326c300000)]


Current CompileTask:
C2:  31597 11208       4       org.gradle.api.internal.DefaultNamedDomainObjectCollection::findByName (61 bytes)

Stack: [0x000000326c200000,0x000000326c300000]
Native frames: (J=compiled Java code, j=interpreted, Vv=VM code, C=native code)
V  [jvm.dll+0x677d0a]
V  [jvm.dll+0x7d8c54]
V  [jvm.dll+0x7da3fe]
V  [jvm.dll+0x7daa63]
V  [jvm.dll+0x245c5f]
V  [jvm.dll+0xaaa6b]
V  [jvm.dll+0xab00c]
V  [jvm.dll+0x361e3f]
V  [jvm.dll+0x1bb87a]
V  [jvm.dll+0x218157]
V  [jvm.dll+0x217431]
V  [jvm.dll+0x1a3af0]
V  [jvm.dll+0x2270be]
V  [jvm.dll+0x22535b]
V  [jvm.dll+0x78e7bc]
V  [jvm.dll+0x788bba]
V  [jvm.dll+0x676b35]
C  [ucrtbase.dll+0x21bb2]
C  [KERNEL32.DLL+0x17034]
C  [ntdll.dll+0x52651]


---------------  P R O C E S S  ---------------

Threads class SMR info:
_java_thread_list=0x000001764095d770, length=149, elements={
0x000001760ad22d50, 0x0000017625a86800, 0x0000017625a87580, 0x0000017625aa03c0,
0x0000017625aa2f50, 0x0000017625aa5e40, 0x0000017625aa6700, 0x0000017625aa77b0,
0x0000017625ab8ec0, 0x0000017625aba7d0, 0x0000017625a73130, 0x0000017625da6f40,
0x000001764069a320, 0x000001763fc82680, 0x000001764073dce0, 0x0000017640fa6140,
0x0000017641636240, 0x00000176412d5a20, 0x00000176412d5550, 0x00000176412d5ef0,
0x0000017643233840, 0x0000017643236d30, 0x0000017643230cf0, 0x0000017643233370,
0x00000176432341e0, 0x0000017643230350, 0x0000017643235ec0, 0x00000176432329d0,
0x0000017643237200, 0x0000017643232ea0, 0x00000176432376d0, 0x00000176432346b0,
0x00000176410d5bd0, 0x00000176410d3550, 0x00000176410d8250, 0x00000176410d4890,
0x00000176410d60a0, 0x00000176410d43c0, 0x00000176410d78b0, 0x00000176421ab890,
0x00000176421a96e0, 0x0000017645034220, 0x0000017645038a50, 0x0000017645039d90,
0x0000017645033d50, 0x0000017645035560, 0x0000017645037710, 0x00000176442c87c0,
0x00000176450333b0, 0x0000017645032ee0, 0x00000176450398c0, 0x00000176450346f0,
0x0000017645032540, 0x00000176442c96f0, 0x0000017645032a10, 0x0000017645034bc0,
0x0000017645033880, 0x0000017645035090, 0x0000017645038f20, 0x0000017645037be0,
0x00000176450393f0, 0x0000017645036d70, 0x0000017645035f00, 0x0000017645035a30,
0x00000176450363d0, 0x0000017645037240, 0x0000017645038580, 0x00000176421af720,
0x00000176421abd60, 0x00000176421ac230, 0x00000176421a8d40, 0x00000176421ac700,
0x00000176421ae8b0, 0x00000176421acbd0, 0x00000176421a9210, 0x00000176421b0590,
0x00000176421aed80, 0x00000176421adf10, 0x00000176421af250, 0x00000176421afbf0,
0x00000176421a9bb0, 0x00000176421b00c0, 0x00000176421aa550, 0x00000176421aa080,
0x00000176421aaa20, 0x00000176421aaef0, 0x00000176421ab3c0, 0x00000176421ad570,
0x00000176421ada40, 0x00000176421ae3e0, 0x00000176410d5700, 0x00000176410d3a20,
0x00000176410d90c0, 0x00000176410d6a40, 0x00000176410d8720, 0x00000176410d6570,
0x00000176410d6f10, 0x00000176410d3080, 0x00000176410d73e0, 0x00000176410d4d60,
0x00000176410da400, 0x00000176410d8bf0, 0x00000176410d5230, 0x00000176410d9590,
0x00000176410d9a60, 0x00000176410d9f30, 0x00000176410d3ef0, 0x00000176432311c0,
0x0000017643230820, 0x0000017643236860, 0x0000017643233d10, 0x000001764322fe80,
0x0000017643231b60, 0x0000017643236390, 0x0000017643235050, 0x00000176432359f0,
0x0000017643235520, 0x0000017643232030, 0x00000176412d6890, 0x00000176412d5080,
0x0000017644dfe220, 0x0000017644e003d0, 0x0000017644e02a50, 0x0000017644e04260,
0x0000017644e04730, 0x0000017644e00d70, 0x0000017644dfff00, 0x0000017644dff090,
0x0000017644dfdd50, 0x0000017644e055a0, 0x0000017644e02f20, 0x0000017644e008a0,
0x0000017644dfebc0, 0x0000017644e04c00, 0x0000017644dfe6f0, 0x0000017644e01240,
0x0000017644e050d0, 0x0000017644dff560, 0x0000017644dffa30, 0x0000017644e033f0,
0x0000017644e038c0, 0x0000017644e01710, 0x0000017644e01be0, 0x0000017644e020b0,
0x0000017644e02580, 0x0000017640bdc6e0, 0x0000017640bdaed0, 0x0000017640bddef0,
0x0000017640bda060
}

Java Threads: ( => current thread )
  0x000001760ad22d50 JavaThread "main" [_thread_blocked, id=12260, stack(0x0000003268400000,0x0000003268500000)]
  0x0000017625a86800 JavaThread "Reference Handler" daemon [_thread_blocked, id=5944, stack(0x0000003268b00000,0x0000003268c00000)]
  0x0000017625a87580 JavaThread "Finalizer" daemon [_thread_blocked, id=8488, stack(0x0000003268c00000,0x0000003268d00000)]
  0x0000017625aa03c0 JavaThread "Signal Dispatcher" daemon [_thread_blocked, id=10128, stack(0x0000003268d00000,0x0000003268e00000)]
  0x0000017625aa2f50 JavaThread "Attach Listener" daemon [_thread_blocked, id=7524, stack(0x0000003268e00000,0x0000003268f00000)]
  0x0000017625aa5e40 JavaThread "Service Thread" daemon [_thread_blocked, id=7652, stack(0x0000003268f00000,0x0000003269000000)]
  0x0000017625aa6700 JavaThread "Monitor Deflation Thread" daemon [_thread_blocked, id=9980, stack(0x0000003269000000,0x0000003269100000)]
  0x0000017625aa77b0 JavaThread "C2 CompilerThread0" daemon [_thread_blocked, id=8912, stack(0x0000003269100000,0x0000003269200000)]
  0x0000017625ab8ec0 JavaThread "C1 CompilerThread0" daemon [_thread_blocked, id=8304, stack(0x0000003269200000,0x0000003269300000)]
  0x0000017625aba7d0 JavaThread "Sweeper thread" daemon [_thread_blocked, id=2612, stack(0x0000003269300000,0x0000003269400000)]
  0x0000017625a73130 JavaThread "Common-Cleaner" daemon [_thread_blocked, id=6044, stack(0x0000003269400000,0x0000003269500000)]
  0x0000017625da6f40 JavaThread "Notification Thread" daemon [_thread_blocked, id=10136, stack(0x0000003269500000,0x0000003269600000)]
  0x000001764069a320 JavaThread "Daemon health stats" [_thread_blocked, id=10316, stack(0x0000003269e00000,0x0000003269f00000)]
  0x000001763fc82680 JavaThread "Incoming local TCP Connector on port 51864" [_thread_in_native, id=9772, stack(0x0000003269f00000,0x000000326a000000)]
  0x000001764073dce0 JavaThread "Daemon periodic checks" [_thread_blocked, id=8820, stack(0x000000326a000000,0x000000326a100000)]
  0x0000017640fa6140 JavaThread "Daemon" [_thread_blocked, id=11856, stack(0x000000326a100000,0x000000326a200000)]
  0x0000017641636240 JavaThread "Daemon worker" [_thread_blocked, id=12328, stack(0x000000326a400000,0x000000326a500000)]
  0x00000176412d5a20 JavaThread "Cache worker for journal cache (C:\Users\Student\.gradle\caches\journal-1)" [_thread_blocked, id=12256, stack(0x000000326a800000,0x000000326a900000)]
  0x00000176412d5550 JavaThread "File lock request listener" [_thread_in_native, id=12344, stack(0x000000326a900000,0x000000326aa00000)]
  0x00000176412d5ef0 JavaThread "File lock release action executor" [_thread_blocked, id=4048, stack(0x000000326aa00000,0x000000326ab00000)]
  0x0000017643233840 JavaThread "Cache worker for file hash cache (C:\Users\Student\.gradle\caches\8.5\fileHashes)" [_thread_blocked, id=13012, stack(0x000000326ab00000,0x000000326ac00000)]
  0x0000017643236d30 JavaThread "File watcher server" daemon [_thread_in_native, id=12320, stack(0x000000326ac00000,0x000000326ad00000)]
  0x0000017643230cf0 JavaThread "File watcher consumer" daemon [_thread_blocked, id=6380, stack(0x000000326ad00000,0x000000326ae00000)]
  0x0000017643233370 JavaThread "Cache worker for file content cache (C:\Users\Student\.gradle\caches\8.5\fileContent)" [_thread_blocked, id=9400, stack(0x000000326b700000,0x000000326b800000)]
  0x00000176432341e0 JavaThread "Cache worker for execution history cache (C:\Users\Student\.gradle\caches\8.5\executionHistory)" [_thread_blocked, id=12588, stack(0x000000326b800000,0x000000326b900000)]
  0x0000017643230350 JavaThread "jar transforms" [_thread_blocked, id=11228, stack(0x000000326b900000,0x000000326ba00000)]
  0x0000017643235ec0 JavaThread "jar transforms Thread 2" [_thread_blocked, id=10072, stack(0x0000003269700000,0x0000003269800000)]
  0x00000176432329d0 JavaThread "jar transforms Thread 3" [_thread_blocked, id=6576, stack(0x000000326bb00000,0x000000326bc00000)]
  0x0000017643237200 JavaThread "jar transforms Thread 4" [_thread_blocked, id=13308, stack(0x000000326bc00000,0x000000326bd00000)]
  0x0000017643232ea0 JavaThread "jar transforms Thread 5" [_thread_blocked, id=12704, stack(0x000000326bd00000,0x000000326be00000)]
  0x00000176432376d0 JavaThread "jar transforms Thread 6" [_thread_blocked, id=8040, stack(0x000000326be00000,0x000000326bf00000)]
  0x00000176432346b0 JavaThread "jar transforms Thread 7" [_thread_blocked, id=2400, stack(0x000000326c000000,0x000000326c100000)]
  0x00000176410d5bd0 JavaThread "jar transforms Thread 8" [_thread_blocked, id=10444, stack(0x000000326cd00000,0x000000326ce00000)]
  0x00000176410d3550 JavaThread "jar transforms Thread 9" [_thread_blocked, id=9240, stack(0x000000326ce00000,0x000000326cf00000)]
  0x00000176410d8250 JavaThread "jar transforms Thread 10" [_thread_blocked, id=2184, stack(0x000000326cf00000,0x000000326d000000)]
  0x00000176410d4890 JavaThread "jar transforms Thread 11" [_thread_blocked, id=12392, stack(0x000000326d000000,0x000000326d100000)]
  0x00000176410d60a0 JavaThread "jar transforms Thread 12" [_thread_blocked, id=13188, stack(0x000000326d100000,0x000000326d200000)]
  0x00000176410d43c0 JavaThread "Memory manager" [_thread_blocked, id=11812, stack(0x000000326d200000,0x000000326d300000)]
  0x00000176410d78b0 JavaThread "included builds" [_thread_blocked, id=11196, stack(0x000000326d300000,0x000000326d400000)]
  0x00000176421ab890 JavaThread "Daemon Thread 2" [_thread_blocked, id=12636, stack(0x000000326a200000,0x000000326a300000)]
  0x00000176421a96e0 JavaThread "included builds" [_thread_blocked, id=10692, stack(0x000000326d800000,0x000000326d900000)]
  0x0000017645034220 JavaThread "included builds" [_thread_blocked, id=9252, stack(0x000000326d900000,0x000000326da00000)]
  0x0000017645038a50 JavaThread "Handler for socket connection from /127.0.0.1:51864 to /127.0.0.1:51880" [_thread_in_native, id=11568, stack(0x0000003269800000,0x0000003269900000)]
  0x0000017645039d90 JavaThread "Cancel handler" [_thread_blocked, id=8156, stack(0x000000326a300000,0x000000326a400000)]
  0x0000017645033d50 JavaThread "Asynchronous log dispatcher for DefaultDaemonConnection: socket connection from /127.0.0.1:51864 to /127.0.0.1:51880" [_thread_blocked, id=8668, stack(0x000000326a500000,0x000000326a600000)]
  0x0000017645035560 JavaThread "Stdin handler" [_thread_blocked, id=10720, stack(0x000000326a600000,0x000000326a700000)]
  0x0000017645037710 JavaThread "Daemon client event forwarder" [_thread_blocked, id=11708, stack(0x000000326a700000,0x000000326a800000)]
  0x00000176442c87c0 JavaThread "C2 CompilerThread1" daemon [_thread_in_native, id=9276, stack(0x000000326b400000,0x000000326b500000)]
  0x00000176450333b0 JavaThread "Cache worker for checksums cache (T:\SoftwareArchitecture-Week7\Service2_User\.gradle\8.5\checksums)" [_thread_blocked, id=10972, stack(0x000000326b500000,0x000000326b600000)]
  0x0000017645032ee0 JavaThread "Cache worker for file hash cache (T:\SoftwareArchitecture-Week7\Service2_User\.gradle\8.5\fileHashes)" [_thread_blocked, id=8272, stack(0x000000326b600000,0x000000326b700000)]
  0x00000176450398c0 JavaThread "Cache worker for cache directory md-supplier (C:\Users\Student\.gradle\caches\8.5\md-supplier)" [_thread_blocked, id=11332, stack(0x000000326ba00000,0x000000326bb00000)]
  0x00000176450346f0 JavaThread "Cache worker for cache directory md-rule (C:\Users\Student\.gradle\caches\8.5\md-rule)" [_thread_blocked, id=8696, stack(0x000000326bf00000,0x000000326c000000)]
  0x0000017645032540 JavaThread "Cache worker for dependencies-accessors (T:\SoftwareArchitecture-Week7\Service2_User\.gradle\8.5\dependencies-accessors)" [_thread_blocked, id=11548, stack(0x000000326c100000,0x000000326c200000)]
=>0x00000176442c96f0 JavaThread "C2 CompilerThread2" daemon [_thread_in_native, id=10992, stack(0x000000326c200000,0x000000326c300000)]
  0x0000017645032a10 JavaThread "Cache worker for Build Output Cleanup Cache (T:\SoftwareArchitecture-Week7\Service2_User\.gradle\buildOutputCleanup)" [_thread_blocked, id=10412, stack(0x000000326c300000,0x000000326c400000)]
  0x0000017645034bc0 JavaThread "Unconstrained build operations" [_thread_blocked, id=8752, stack(0x000000326c400000,0x000000326c500000)]
  0x0000017645033880 JavaThread "Unconstrained build operations Thread 2" [_thread_blocked, id=12696, stack(0x000000326c500000,0x000000326c600000)]
  0x0000017645035090 JavaThread "Unconstrained build operations Thread 3" [_thread_blocked, id=12428, stack(0x000000326c600000,0x000000326c700000)]
  0x0000017645038f20 JavaThread "Unconstrained build operations Thread 4" [_thread_blocked, id=2736, stack(0x000000326c700000,0x000000326c800000)]
  0x0000017645037be0 JavaThread "Unconstrained build operations Thread 5" [_thread_blocked, id=12724, stack(0x000000326c800000,0x000000326c900000)]
  0x00000176450393f0 JavaThread "Unconstrained build operations Thread 6" [_thread_blocked, id=12612, stack(0x000000326c900000,0x000000326ca00000)]
  0x0000017645036d70 JavaThread "Unconstrained build operations Thread 7" [_thread_blocked, id=11396, stack(0x000000326ca00000,0x000000326cb00000)]
  0x0000017645035f00 JavaThread "Unconstrained build operations Thread 8" [_thread_blocked, id=10872, stack(0x000000326cb00000,0x000000326cc00000)]
  0x0000017645035a30 JavaThread "Unconstrained build operations Thread 9" [_thread_blocked, id=3788, stack(0x000000326cc00000,0x000000326cd00000)]
  0x00000176450363d0 JavaThread "Unconstrained build operations Thread 10" [_thread_blocked, id=9204, stack(0x000000326d400000,0x000000326d500000)]
  0x0000017645037240 JavaThread "Unconstrained build operations Thread 11" [_thread_blocked, id=12108, stack(0x000000326d500000,0x000000326d600000)]
  0x0000017645038580 JavaThread "included builds" [_thread_blocked, id=3152, stack(0x000000326da00000,0x000000326db00000)]
  0x00000176421af720 JavaThread "Execution worker" [_thread_blocked, id=8704, stack(0x000000326db00000,0x000000326dc00000)]
  0x00000176421abd60 JavaThread "Execution worker Thread 2" [_thread_blocked, id=11764, stack(0x000000326dc00000,0x000000326dd00000)]
  0x00000176421ac230 JavaThread "Execution worker Thread 3" [_thread_blocked, id=13128, stack(0x000000326dd00000,0x000000326de00000)]
  0x00000176421a8d40 JavaThread "Execution worker Thread 4" [_thread_blocked, id=6020, stack(0x000000326de00000,0x000000326df00000)]
  0x00000176421ac700 JavaThread "Execution worker Thread 5" [_thread_blocked, id=2716, stack(0x000000326df00000,0x000000326e000000)]
  0x00000176421ae8b0 JavaThread "Execution worker Thread 6" [_thread_blocked, id=13064, stack(0x000000326e000000,0x000000326e100000)]
  0x00000176421acbd0 JavaThread "Execution worker Thread 7" [_thread_blocked, id=12400, stack(0x000000326e100000,0x000000326e200000)]
  0x00000176421a9210 JavaThread "Execution worker Thread 8" [_thread_blocked, id=10960, stack(0x000000326e200000,0x000000326e300000)]
  0x00000176421b0590 JavaThread "Execution worker Thread 9" [_thread_blocked, id=7768, stack(0x000000326e300000,0x000000326e400000)]
  0x00000176421aed80 JavaThread "Execution worker Thread 10" [_thread_blocked, id=11368, stack(0x000000326e400000,0x000000326e500000)]
  0x00000176421adf10 JavaThread "Execution worker Thread 11" [_thread_blocked, id=6248, stack(0x000000326e500000,0x000000326e600000)]
  0x00000176421af250 JavaThread "Cache worker for execution history cache (T:\SoftwareArchitecture-Week7\Service2_User\.gradle\8.5\executionHistory)" [_thread_blocked, id=12616, stack(0x000000326e600000,0x000000326e700000)]
  0x00000176421afbf0 JavaThread "Unconstrained build operations Thread 12" [_thread_blocked, id=1592, stack(0x000000326e700000,0x000000326e800000)]
  0x00000176421a9bb0 JavaThread "Unconstrained build operations Thread 13" [_thread_blocked, id=11172, stack(0x000000326e800000,0x000000326e900000)]
  0x00000176421b00c0 JavaThread "Unconstrained build operations Thread 14" [_thread_blocked, id=11204, stack(0x000000326e900000,0x000000326ea00000)]
  0x00000176421aa550 JavaThread "Unconstrained build operations Thread 15" [_thread_blocked, id=6916, stack(0x000000326ea00000,0x000000326eb00000)]
  0x00000176421aa080 JavaThread "Unconstrained build operations Thread 16" [_thread_blocked, id=1308, stack(0x000000326eb00000,0x000000326ec00000)]
  0x00000176421aaa20 JavaThread "Unconstrained build operations Thread 17" [_thread_blocked, id=11216, stack(0x000000326ec00000,0x000000326ed00000)]
  0x00000176421aaef0 JavaThread "Unconstrained build operations Thread 18" [_thread_blocked, id=12900, stack(0x000000326ed00000,0x000000326ee00000)]
  0x00000176421ab3c0 JavaThread "Unconstrained build operations Thread 19" [_thread_blocked, id=10944, stack(0x000000326ee00000,0x000000326ef00000)]
  0x00000176421ad570 JavaThread "Unconstrained build operations Thread 20" [_thread_blocked, id=10264, stack(0x000000326ef00000,0x000000326f000000)]
  0x00000176421ada40 JavaThread "Unconstrained build operations Thread 21" [_thread_blocked, id=12688, stack(0x000000326f000000,0x000000326f100000)]
  0x00000176421ae3e0 JavaThread "Unconstrained build operations Thread 22" [_thread_blocked, id=6132, stack(0x000000326f100000,0x000000326f200000)]
  0x00000176410d5700 JavaThread "Unconstrained build operations Thread 23" [_thread_blocked, id=12824, stack(0x000000326f200000,0x000000326f300000)]
  0x00000176410d3a20 JavaThread "Unconstrained build operations Thread 24" [_thread_blocked, id=8044, stack(0x000000326f300000,0x000000326f400000)]
  0x00000176410d90c0 JavaThread "Unconstrained build operations Thread 25" [_thread_blocked, id=11148, stack(0x000000326f400000,0x000000326f500000)]
  0x00000176410d6a40 JavaThread "Unconstrained build operations Thread 26" [_thread_blocked, id=8776, stack(0x000000326f500000,0x000000326f600000)]
  0x00000176410d8720 JavaThread "Unconstrained build operations Thread 27" [_thread_blocked, id=7248, stack(0x000000326f600000,0x000000326f700000)]
  0x00000176410d6570 JavaThread "Unconstrained build operations Thread 28" [_thread_blocked, id=11884, stack(0x000000326f700000,0x000000326f800000)]
  0x00000176410d6f10 JavaThread "Unconstrained build operations Thread 29" [_thread_blocked, id=3944, stack(0x000000326f800000,0x000000326f900000)]
  0x00000176410d3080 JavaThread "Unconstrained build operations Thread 30" [_thread_blocked, id=5792, stack(0x000000326f900000,0x000000326fa00000)]
  0x00000176410d73e0 JavaThread "Unconstrained build operations Thread 31" [_thread_blocked, id=9796, stack(0x000000326fa00000,0x000000326fb00000)]
  0x00000176410d4d60 JavaThread "Unconstrained build operations Thread 32" [_thread_blocked, id=3336, stack(0x000000326fb00000,0x000000326fc00000)]
  0x00000176410da400 JavaThread "Unconstrained build operations Thread 33" [_thread_blocked, id=3544, stack(0x000000326fc00000,0x000000326fd00000)]
  0x00000176410d8bf0 JavaThread "Unconstrained build operations Thread 34" [_thread_blocked, id=616, stack(0x000000326fd00000,0x000000326fe00000)]
  0x00000176410d5230 JavaThread "Unconstrained build operations Thread 35" [_thread_blocked, id=10148, stack(0x000000326fe00000,0x000000326ff00000)]
  0x00000176410d9590 JavaThread "Unconstrained build operations Thread 36" [_thread_blocked, id=13232, stack(0x000000326ff00000,0x0000003270000000)]
  0x00000176410d9a60 JavaThread "Unconstrained build operations Thread 37" [_thread_blocked, id=6396, stack(0x0000003270000000,0x0000003270100000)]
  0x00000176410d9f30 JavaThread "Unconstrained build operations Thread 38" [_thread_blocked, id=7752, stack(0x0000003270100000,0x0000003270200000)]
  0x00000176410d3ef0 JavaThread "Unconstrained build operations Thread 39" [_thread_blocked, id=10104, stack(0x0000003270200000,0x0000003270300000)]
  0x00000176432311c0 JavaThread "Unconstrained build operations Thread 40" [_thread_blocked, id=10292, stack(0x0000003270300000,0x0000003270400000)]
  0x0000017643230820 JavaThread "Unconstrained build operations Thread 41" [_thread_blocked, id=10408, stack(0x0000003270400000,0x0000003270500000)]
  0x0000017643236860 JavaThread "Unconstrained build operations Thread 42" [_thread_blocked, id=3896, stack(0x0000003270500000,0x0000003270600000)]
  0x0000017643233d10 JavaThread "Unconstrained build operations Thread 43" [_thread_blocked, id=11244, stack(0x0000003270600000,0x0000003270700000)]
  0x000001764322fe80 JavaThread "Unconstrained build operations Thread 44" [_thread_blocked, id=11252, stack(0x0000003270700000,0x0000003270800000)]
  0x0000017643231b60 JavaThread "Unconstrained build operations Thread 45" [_thread_blocked, id=11084, stack(0x0000003270800000,0x0000003270900000)]
  0x0000017643236390 JavaThread "Unconstrained build operations Thread 46" [_thread_blocked, id=4024, stack(0x0000003270900000,0x0000003270a00000)]
  0x0000017643235050 JavaThread "Unconstrained build operations Thread 47" [_thread_blocked, id=11932, stack(0x0000003270a00000,0x0000003270b00000)]
  0x00000176432359f0 JavaThread "Unconstrained build operations Thread 48" [_thread_blocked, id=11236, stack(0x0000003270b00000,0x0000003270c00000)]
  0x0000017643235520 JavaThread "Unconstrained build operations Thread 49" [_thread_blocked, id=10232, stack(0x0000003270c00000,0x0000003270d00000)]
  0x0000017643232030 JavaThread "Unconstrained build operations Thread 50" [_thread_blocked, id=10604, stack(0x0000003270d00000,0x0000003270e00000)]
  0x00000176412d6890 JavaThread "Unconstrained build operations Thread 51" [_thread_blocked, id=10728, stack(0x0000003270e00000,0x0000003270f00000)]
  0x00000176412d5080 JavaThread "Unconstrained build operations Thread 52" [_thread_blocked, id=5208, stack(0x0000003270f00000,0x0000003271000000)]
  0x0000017644dfe220 JavaThread "Unconstrained build operations Thread 53" [_thread_blocked, id=7788, stack(0x0000003271000000,0x0000003271100000)]
  0x0000017644e003d0 JavaThread "Unconstrained build operations Thread 54" [_thread_blocked, id=11964, stack(0x0000003271100000,0x0000003271200000)]
  0x0000017644e02a50 JavaThread "Unconstrained build operations Thread 55" [_thread_blocked, id=8732, stack(0x0000003271200000,0x0000003271300000)]
  0x0000017644e04260 JavaThread "Unconstrained build operations Thread 56" [_thread_blocked, id=3124, stack(0x0000003271300000,0x0000003271400000)]
  0x0000017644e04730 JavaThread "Unconstrained build operations Thread 57" [_thread_blocked, id=10852, stack(0x0000003271400000,0x0000003271500000)]
  0x0000017644e00d70 JavaThread "Unconstrained build operations Thread 58" [_thread_blocked, id=1160, stack(0x0000003271500000,0x0000003271600000)]
  0x0000017644dfff00 JavaThread "Unconstrained build operations Thread 59" [_thread_blocked, id=11100, stack(0x0000003271600000,0x0000003271700000)]
  0x0000017644dff090 JavaThread "Unconstrained build operations Thread 60" [_thread_blocked, id=3836, stack(0x0000003271700000,0x0000003271800000)]
  0x0000017644dfdd50 JavaThread "Unconstrained build operations Thread 61" [_thread_blocked, id=2888, stack(0x0000003271800000,0x0000003271900000)]
  0x0000017644e055a0 JavaThread "Unconstrained build operations Thread 62" [_thread_blocked, id=10916, stack(0x0000003271900000,0x0000003271a00000)]
  0x0000017644e02f20 JavaThread "Unconstrained build operations Thread 63" [_thread_blocked, id=10396, stack(0x0000003271a00000,0x0000003271b00000)]
  0x0000017644e008a0 JavaThread "Unconstrained build operations Thread 64" [_thread_blocked, id=12552, stack(0x0000003271b00000,0x0000003271c00000)]
  0x0000017644dfebc0 JavaThread "Unconstrained build operations Thread 65" [_thread_blocked, id=8612, stack(0x0000003271c00000,0x0000003271d00000)]
  0x0000017644e04c00 JavaThread "Unconstrained build operations Thread 66" [_thread_blocked, id=1748, stack(0x0000003271d00000,0x0000003271e00000)]
  0x0000017644dfe6f0 JavaThread "Unconstrained build operations Thread 67" [_thread_blocked, id=12928, stack(0x0000003271e00000,0x0000003271f00000)]
  0x0000017644e01240 JavaThread "Unconstrained build operations Thread 68" [_thread_blocked, id=8368, stack(0x0000003271f00000,0x0000003272000000)]
  0x0000017644e050d0 JavaThread "Unconstrained build operations Thread 69" [_thread_blocked, id=2100, stack(0x0000003272000000,0x0000003272100000)]
  0x0000017644dff560 JavaThread "Unconstrained build operations Thread 70" [_thread_blocked, id=10388, stack(0x0000003272100000,0x0000003272200000)]
  0x0000017644dffa30 JavaThread "Unconstrained build operations Thread 71" [_thread_blocked, id=13160, stack(0x0000003272200000,0x0000003272300000)]
  0x0000017644e033f0 JavaThread "Unconstrained build operations Thread 72" [_thread_blocked, id=11520, stack(0x0000003272300000,0x0000003272400000)]
  0x0000017644e038c0 JavaThread "Unconstrained build operations Thread 73" [_thread_blocked, id=12248, stack(0x0000003272400000,0x0000003272500000)]
  0x0000017644e01710 JavaThread "Unconstrained build operations Thread 74" [_thread_blocked, id=1620, stack(0x0000003272500000,0x0000003272600000)]
  0x0000017644e01be0 JavaThread "Unconstrained build operations Thread 75" [_thread_blocked, id=11048, stack(0x0000003272600000,0x0000003272700000)]
  0x0000017644e020b0 JavaThread "Unconstrained build operations Thread 76" [_thread_blocked, id=3620, stack(0x0000003272700000,0x0000003272800000)]
  0x0000017644e02580 JavaThread "Unconstrained build operations Thread 77" [_thread_blocked, id=11912, stack(0x0000003272800000,0x0000003272900000)]
  0x0000017640bdc6e0 JavaThread "Unconstrained build operations Thread 78" [_thread_blocked, id=8512, stack(0x0000003272900000,0x0000003272a00000)]
  0x0000017640bdaed0 JavaThread "Unconstrained build operations Thread 79" [_thread_blocked, id=9328, stack(0x0000003272a00000,0x0000003272b00000)]
  0x0000017640bddef0 JavaThread "Unconstrained build operations Thread 80" [_thread_new, id=10164, stack(0x0000000000000000,0x0000000000000000)]
  0x0000017640bda060 JavaThread "Unconstrained build operations Thread 81" [_thread_new, id=10636, stack(0x0000000000000000,0x0000000000000000)]

Other Threads:
  0x0000017625a81cf0 VMThread "VM Thread" [stack: 0x0000003268a00000,0x0000003268b00000] [id=3796]
  0x000001760ad23d00 WatcherThread [stack: 0x0000003269600000,0x0000003269700000] [id=7200]
  0x000001760ad52140 GCTaskThread "GC Thread#0" [stack: 0x0000003268500000,0x0000003268600000] [id=5224]
  0x000001763f3d91a0 GCTaskThread "GC Thread#1" [stack: 0x0000003269900000,0x0000003269a00000] [id=12940]
  0x000001763f8b6920 GCTaskThread "GC Thread#2" [stack: 0x0000003269a00000,0x0000003269b00000] [id=11128]
  0x000001763fadd130 GCTaskThread "GC Thread#3" [stack: 0x0000003269b00000,0x0000003269c00000] [id=11652]
  0x0000017625efc4a0 GCTaskThread "GC Thread#4" [stack: 0x0000003269c00000,0x0000003269d00000] [id=6704]
  0x000001763fced4b0 GCTaskThread "GC Thread#5" [stack: 0x0000003269d00000,0x0000003269e00000] [id=10784]
  0x0000017644ad76e0 GCTaskThread "GC Thread#6" [stack: 0x000000326ae00000,0x000000326af00000] [id=11864]
  0x0000017643312410 GCTaskThread "GC Thread#7" [stack: 0x000000326af00000,0x000000326b000000] [id=8812]
  0x00000176417fbc50 GCTaskThread "GC Thread#8" [stack: 0x000000326b000000,0x000000326b100000] [id=3496]
  0x00000176417b7d40 GCTaskThread "GC Thread#9" [stack: 0x000000326b100000,0x000000326b200000] [id=3404]
  0x000001760ad57fa0 ConcurrentGCThread "G1 Main Marker" [stack: 0x0000003268600000,0x0000003268700000] [id=7436]
  0x000001760ad588c0 ConcurrentGCThread "G1 Conc#0" [stack: 0x0000003268700000,0x0000003268800000] [id=5784]
  0x0000017641476af0 ConcurrentGCThread "G1 Conc#1" [stack: 0x000000326b200000,0x000000326b300000] [id=9112]
  0x0000017643741690 ConcurrentGCThread "G1 Conc#2" [stack: 0x000000326b300000,0x000000326b400000] [id=13040]
  0x000001760adfd5c0 ConcurrentGCThread "G1 Refine#0" [stack: 0x0000003268800000,0x0000003268900000] [id=2540]
  0x0000017643cba770 ConcurrentGCThread "G1 Refine#1" [stack: 0x000000326d600000,0x000000326d700000] [id=12892]
  0x0000017643cbad30 ConcurrentGCThread "G1 Refine#2" [stack: 0x000000326d700000,0x000000326d800000] [id=11112]
  0x000001760adfdef0 ConcurrentGCThread "G1 Service" [stack: 0x0000003268900000,0x0000003268a00000] [id=12044]

Threads with active compile tasks:
C2 CompilerThread1    31634 11341   !   4       org.gradle.internal.event.DefaultListenerManager$EventBroadcast$ListenerDispatch::dispatch (41 bytes)
C2 CompilerThread2    31634 11208       4       org.gradle.api.internal.DefaultNamedDomainObjectCollection::findByName (61 bytes)

VM state: not at safepoint (normal execution)

VM Mutex/Monitor currently owned by a thread: None

Heap address: 0x00000000e0000000, size: 512 MB, Compressed Oops mode: 32-bit

CDS archive(s) mapped at: [0x0000017626000000-0x0000017626bd0000-0x0000017626bd0000), size 12386304, SharedBaseAddress: 0x0000017626000000, ArchiveRelocationMode: 1.
Compressed class space mapped at: 0x0000017627000000-0x000001763b000000, reserved size: 335544320
Narrow klass base: 0x0000017626000000, Narrow klass shift: 0, Narrow klass range: 0x100000000

GC Precious Log:
 CPUs: 12 total, 12 available
 Memory: 7939M
 Large Page Support: Disabled
 NUMA Support: Disabled
 Compressed Oops: Enabled (32-bit)
 Heap Region Size: 1M
 Heap Min Capacity: 256M
 Heap Initial Capacity: 256M
 Heap Max Capacity: 512M
 Pre-touch: Disabled
 Parallel Workers: 10
 Concurrent Workers: 3
 Concurrent Refinement Workers: 10
 Periodic GC: Disabled

Heap:
 garbage-first heap   total 262144K, used 99527K [0x00000000e0000000, 0x0000000100000000)
  region size 1024K, 53 young (54272K), 4 survivors (4096K)
 Metaspace       used 54925K, committed 55552K, reserved 393216K
  class space    used 7490K, committed 7808K, reserved 327680K

Heap Regions: E=young(eden), S=young(survivor), O=old, HS=humongous(starts), HC=humongous(continues), CS=collection set, F=free, OA=open archive, CA=closed archive, TAMS=top-at-mark-start (previous, next)
|   0|0x00000000e0000000, 0x00000000e0100000, 0x00000000e0100000|100%|HS|  |TAMS 0x00000000e0100000, 0x00000000e0000000| Complete 
|   1|0x00000000e0100000, 0x00000000e0200000, 0x00000000e0200000|100%|HC|  |TAMS 0x00000000e0200000, 0x00000000e0100000| Complete 
|   2|0x00000000e0200000, 0x00000000e0300000, 0x00000000e0300000|100%|HC|  |TAMS 0x00000000e0300000, 0x00000000e0200000| Complete 
|   3|0x00000000e0300000, 0x00000000e0400000, 0x00000000e0400000|100%|HC|  |TAMS 0x00000000e0400000, 0x00000000e0300000| Complete 
|   4|0x00000000e0400000, 0x00000000e0500000, 0x00000000e0500000|100%| O|  |TAMS 0x00000000e0500000, 0x00000000e0400000| Untracked 
|   5|0x00000000e0500000, 0x00000000e0600000, 0x00000000e0600000|100%| O|  |TAMS 0x00000000e0600000, 0x00000000e0500000| Untracked 
|   6|0x00000000e0600000, 0x00000000e0700000, 0x00000000e0700000|100%| O|  |TAMS 0x00000000e0700000, 0x00000000e0600000| Untracked 
|   7|0x00000000e0700000, 0x00000000e0800000, 0x00000000e0800000|100%| O|  |TAMS 0x00000000e0800000, 0x00000000e0700000| Untracked 
|   8|0x00000000e0800000, 0x00000000e0900000, 0x00000000e0900000|100%| O|  |TAMS 0x00000000e0900000, 0x00000000e0800000| Untracked 
|   9|0x00000000e0900000, 0x00000000e0a00000, 0x00000000e0a00000|100%| O|  |TAMS 0x00000000e0a00000, 0x00000000e0900000| Untracked 
|  10|0x00000000e0a00000, 0x00000000e0b00000, 0x00000000e0b00000|100%| O|  |TAMS 0x00000000e0a48800, 0x00000000e0a00000| Untracked 
|  11|0x00000000e0b00000, 0x00000000e0c00000, 0x00000000e0c00000|100%| O|  |TAMS 0x00000000e0b00000, 0x00000000e0b00000| Untracked 
|  12|0x00000000e0c00000, 0x00000000e0d00000, 0x00000000e0d00000|100%| O|  |TAMS 0x00000000e0c00000, 0x00000000e0c00000| Untracked 
|  13|0x00000000e0d00000, 0x00000000e0e00000, 0x00000000e0e00000|100%| O|  |TAMS 0x00000000e0d00000, 0x00000000e0d00000| Untracked 
|  14|0x00000000e0e00000, 0x00000000e0f00000, 0x00000000e0f00000|100%| O|  |TAMS 0x00000000e0e00000, 0x00000000e0e00000| Untracked 
|  15|0x00000000e0f00000, 0x00000000e1000000, 0x00000000e1000000|100%| O|  |TAMS 0x00000000e0f00000, 0x00000000e0f00000| Untracked 
|  16|0x00000000e1000000, 0x00000000e1100000, 0x00000000e1100000|100%| O|  |TAMS 0x00000000e1000000, 0x00000000e1000000| Untracked 
|  17|0x00000000e1100000, 0x00000000e1200000, 0x00000000e1200000|100%| O|  |TAMS 0x00000000e1100000, 0x00000000e1100000| Untracked 
|  18|0x00000000e1200000, 0x00000000e1300000, 0x00000000e1300000|100%| O|  |TAMS 0x00000000e1200000, 0x00000000e1200000| Untracked 
|  19|0x00000000e1300000, 0x00000000e1400000, 0x00000000e1400000|100%| O|  |TAMS 0x00000000e1300000, 0x00000000e1300000| Untracked 
|  20|0x00000000e1400000, 0x00000000e1500000, 0x00000000e1500000|100%| O|  |TAMS 0x00000000e1400000, 0x00000000e1400000| Untracked 
|  21|0x00000000e1500000, 0x00000000e1600000, 0x00000000e1600000|100%| O|  |TAMS 0x00000000e1500000, 0x00000000e1500000| Untracked 
|  22|0x00000000e1600000, 0x00000000e1700000, 0x00000000e1700000|100%| O|  |TAMS 0x00000000e1600000, 0x00000000e1600000| Untracked 
|  23|0x00000000e1700000, 0x00000000e1800000, 0x00000000e1800000|100%| O|  |TAMS 0x00000000e1700000, 0x00000000e1700000| Untracked 
|  24|0x00000000e1800000, 0x00000000e1900000, 0x00000000e1900000|100%| O|  |TAMS 0x00000000e1800000, 0x00000000e1800000| Untracked 
|  25|0x00000000e1900000, 0x00000000e1a00000, 0x00000000e1a00000|100%| O|  |TAMS 0x00000000e1900000, 0x00000000e1900000| Untracked 
|  26|0x00000000e1a00000, 0x00000000e1b00000, 0x00000000e1b00000|100%| O|  |TAMS 0x00000000e1a00000, 0x00000000e1a00000| Untracked 
|  27|0x00000000e1b00000, 0x00000000e1c00000, 0x00000000e1c00000|100%| O|  |TAMS 0x00000000e1b00000, 0x00000000e1b00000| Untracked 
|  28|0x00000000e1c00000, 0x00000000e1d00000, 0x00000000e1d00000|100%| O|  |TAMS 0x00000000e1c00000, 0x00000000e1c00000| Untracked 
|  29|0x00000000e1d00000, 0x00000000e1e00000, 0x00000000e1e00000|100%| O|  |TAMS 0x00000000e1d00000, 0x00000000e1d00000| Untracked 
|  30|0x00000000e1e00000, 0x00000000e1f00000, 0x00000000e1f00000|100%| O|  |TAMS 0x00000000e1e00000, 0x00000000e1e00000| Untracked 
|  31|0x00000000e1f00000, 0x00000000e2000000, 0x00000000e2000000|100%| O|  |TAMS 0x00000000e1f00000, 0x00000000e1f00000| Untracked 
|  32|0x00000000e2000000, 0x00000000e2100000, 0x00000000e2100000|100%| O|  |TAMS 0x00000000e2000000, 0x00000000e2000000| Untracked 
|  33|0x00000000e2100000, 0x00000000e2200000, 0x00000000e2200000|100%| O|  |TAMS 0x00000000e2100000, 0x00000000e2100000| Untracked 
|  34|0x00000000e2200000, 0x00000000e2300000, 0x00000000e2300000|100%| O|  |TAMS 0x00000000e2200000, 0x00000000e2200000| Untracked 
|  35|0x00000000e2300000, 0x00000000e2400000, 0x00000000e2400000|100%| O|  |TAMS 0x00000000e2300000, 0x00000000e2300000| Untracked 
|  36|0x00000000e2400000, 0x00000000e2500000, 0x00000000e2500000|100%| O|  |TAMS 0x00000000e2400000, 0x00000000e2400000| Untracked 
|  37|0x00000000e2500000, 0x00000000e2600000, 0x00000000e2600000|100%| O|  |TAMS 0x00000000e2500000, 0x00000000e2500000| Untracked 
|  38|0x00000000e2600000, 0x00000000e2700000, 0x00000000e2700000|100%| O|  |TAMS 0x00000000e2600000, 0x00000000e2600000| Untracked 
|  39|0x00000000e2700000, 0x00000000e2800000, 0x00000000e2800000|100%| O|  |TAMS 0x00000000e2700000, 0x00000000e2700000| Untracked 
|  40|0x00000000e2800000, 0x00000000e2900000, 0x00000000e2900000|100%| O|  |TAMS 0x00000000e2800000, 0x00000000e2800000| Untracked 
|  41|0x00000000e2900000, 0x00000000e2a00000, 0x00000000e2a00000|100%| O|  |TAMS 0x00000000e2900000, 0x00000000e2900000| Untracked 
|  42|0x00000000e2a00000, 0x00000000e2b00000, 0x00000000e2b00000|100%| O|  |TAMS 0x00000000e2a00000, 0x00000000e2a00000| Untracked 
|  43|0x00000000e2b00000, 0x00000000e2c00000, 0x00000000e2c00000|100%| O|  |TAMS 0x00000000e2b00000, 0x00000000e2b00000| Untracked 
|  44|0x00000000e2c00000, 0x00000000e2d00000, 0x00000000e2d00000|100%| O|  |TAMS 0x00000000e2c00000, 0x00000000e2c00000| Untracked 
|  45|0x00000000e2d00000, 0x00000000e2e00000, 0x00000000e2e00000|100%| O|  |TAMS 0x00000000e2d00000, 0x00000000e2d00000| Untracked 
|  46|0x00000000e2e00000, 0x00000000e2e7be00, 0x00000000e2f00000| 48%| O|  |TAMS 0x00000000e2e00000, 0x00000000e2e00000| Untracked 
|  47|0x00000000e2f00000, 0x00000000e2f00000, 0x00000000e3000000|  0%| F|  |TAMS 0x00000000e2f00000, 0x00000000e2f00000| Untracked 
|  48|0x00000000e3000000, 0x00000000e3000000, 0x00000000e3100000|  0%| F|  |TAMS 0x00000000e3000000, 0x00000000e3000000| Untracked 
|  49|0x00000000e3100000, 0x00000000e3100000, 0x00000000e3200000|  0%| F|  |TAMS 0x00000000e3100000, 0x00000000e3100000| Untracked 
|  50|0x00000000e3200000, 0x00000000e3200000, 0x00000000e3300000|  0%| F|  |TAMS 0x00000000e3200000, 0x00000000e3200000| Untracked 
|  51|0x00000000e3300000, 0x00000000e3300000, 0x00000000e3400000|  0%| F|  |TAMS 0x00000000e3300000, 0x00000000e3300000| Untracked 
|  52|0x00000000e3400000, 0x00000000e3400000, 0x00000000e3500000|  0%| F|  |TAMS 0x00000000e3400000, 0x00000000e3400000| Untracked 
|  53|0x00000000e3500000, 0x00000000e3500000, 0x00000000e3600000|  0%| F|  |TAMS 0x00000000e3500000, 0x00000000e3500000| Untracked 
|  54|0x00000000e3600000, 0x00000000e3600000, 0x00000000e3700000|  0%| F|  |TAMS 0x00000000e3600000, 0x00000000e3600000| Untracked 
|  55|0x00000000e3700000, 0x00000000e3700000, 0x00000000e3800000|  0%| F|  |TAMS 0x00000000e3700000, 0x00000000e3700000| Untracked 
|  56|0x00000000e3800000, 0x00000000e3800000, 0x00000000e3900000|  0%| F|  |TAMS 0x00000000e3800000, 0x00000000e3800000| Untracked 
|  57|0x00000000e3900000, 0x00000000e3900000, 0x00000000e3a00000|  0%| F|  |TAMS 0x00000000e3900000, 0x00000000e3900000| Untracked 
|  58|0x00000000e3a00000, 0x00000000e3a00000, 0x00000000e3b00000|  0%| F|  |TAMS 0x00000000e3a00000, 0x00000000e3a00000| Untracked 
|  59|0x00000000e3b00000, 0x00000000e3b00000, 0x00000000e3c00000|  0%| F|  |TAMS 0x00000000e3b00000, 0x00000000e3b00000| Untracked 
|  60|0x00000000e3c00000, 0x00000000e3c00000, 0x00000000e3d00000|  0%| F|  |TAMS 0x00000000e3c00000, 0x00000000e3c00000| Untracked 
|  61|0x00000000e3d00000, 0x00000000e3d00000, 0x00000000e3e00000|  0%| F|  |TAMS 0x00000000e3d00000, 0x00000000e3d00000| Untracked 
|  62|0x00000000e3e00000, 0x00000000e3e00000, 0x00000000e3f00000|  0%| F|  |TAMS 0x00000000e3e00000, 0x00000000e3e00000| Untracked 
|  63|0x00000000e3f00000, 0x00000000e3f00000, 0x00000000e4000000|  0%| F|  |TAMS 0x00000000e3f00000, 0x00000000e3f00000| Untracked 
|  64|0x00000000e4000000, 0x00000000e4000000, 0x00000000e4100000|  0%| F|  |TAMS 0x00000000e4000000, 0x00000000e4000000| Untracked 
|  65|0x00000000e4100000, 0x00000000e4100000, 0x00000000e4200000|  0%| F|  |TAMS 0x00000000e4100000, 0x00000000e4100000| Untracked 
|  66|0x00000000e4200000, 0x00000000e4200000, 0x00000000e4300000|  0%| F|  |TAMS 0x00000000e4200000, 0x00000000e4200000| Untracked 
|  67|0x00000000e4300000, 0x00000000e4300000, 0x00000000e4400000|  0%| F|  |TAMS 0x00000000e4300000, 0x00000000e4300000| Untracked 
|  68|0x00000000e4400000, 0x00000000e4400000, 0x00000000e4500000|  0%| F|  |TAMS 0x00000000e4400000, 0x00000000e4400000| Untracked 
|  69|0x00000000e4500000, 0x00000000e4500000, 0x00000000e4600000|  0%| F|  |TAMS 0x00000000e4500000, 0x00000000e4500000| Untracked 
|  70|0x00000000e4600000, 0x00000000e4600000, 0x00000000e4700000|  0%| F|  |TAMS 0x00000000e4600000, 0x00000000e4600000| Untracked 
|  71|0x00000000e4700000, 0x00000000e4700000, 0x00000000e4800000|  0%| F|  |TAMS 0x00000000e4700000, 0x00000000e4700000| Untracked 
|  72|0x00000000e4800000, 0x00000000e4800000, 0x00000000e4900000|  0%| F|  |TAMS 0x00000000e4800000, 0x00000000e4800000| Untracked 
|  73|0x00000000e4900000, 0x00000000e4900000, 0x00000000e4a00000|  0%| F|  |TAMS 0x00000000e4900000, 0x00000000e4900000| Untracked 
|  74|0x00000000e4a00000, 0x00000000e4a00000, 0x00000000e4b00000|  0%| F|  |TAMS 0x00000000e4a00000, 0x00000000e4a00000| Untracked 
|  75|0x00000000e4b00000, 0x00000000e4b00000, 0x00000000e4c00000|  0%| F|  |TAMS 0x00000000e4b00000, 0x00000000e4b00000| Untracked 
|  76|0x00000000e4c00000, 0x00000000e4c00000, 0x00000000e4d00000|  0%| F|  |TAMS 0x00000000e4c00000, 0x00000000e4c00000| Untracked 
|  77|0x00000000e4d00000, 0x00000000e4d00000, 0x00000000e4e00000|  0%| F|  |TAMS 0x00000000e4d00000, 0x00000000e4d00000| Untracked 
|  78|0x00000000e4e00000, 0x00000000e4e00000, 0x00000000e4f00000|  0%| F|  |TAMS 0x00000000e4e00000, 0x00000000e4e00000| Untracked 
|  79|0x00000000e4f00000, 0x00000000e4f00000, 0x00000000e5000000|  0%| F|  |TAMS 0x00000000e4f00000, 0x00000000e4f00000| Untracked 
|  80|0x00000000e5000000, 0x00000000e5000000, 0x00000000e5100000|  0%| F|  |TAMS 0x00000000e5000000, 0x00000000e5000000| Untracked 
|  81|0x00000000e5100000, 0x00000000e5100000, 0x00000000e5200000|  0%| F|  |TAMS 0x00000000e5100000, 0x00000000e5100000| Untracked 
|  82|0x00000000e5200000, 0x00000000e5200000, 0x00000000e5300000|  0%| F|  |TAMS 0x00000000e5200000, 0x00000000e5200000| Untracked 
|  83|0x00000000e5300000, 0x00000000e5300000, 0x00000000e5400000|  0%| F|  |TAMS 0x00000000e5300000, 0x00000000e5300000| Untracked 
|  84|0x00000000e5400000, 0x00000000e5400000, 0x00000000e5500000|  0%| F|  |TAMS 0x00000000e5400000, 0x00000000e5400000| Untracked 
|  85|0x00000000e5500000, 0x00000000e5500000, 0x00000000e5600000|  0%| F|  |TAMS 0x00000000e5500000, 0x00000000e5500000| Untracked 
|  86|0x00000000e5600000, 0x00000000e5600000, 0x00000000e5700000|  0%| F|  |TAMS 0x00000000e5600000, 0x00000000e5600000| Untracked 
|  87|0x00000000e5700000, 0x00000000e5700000, 0x00000000e5800000|  0%| F|  |TAMS 0x00000000e5700000, 0x00000000e5700000| Untracked 
|  88|0x00000000e5800000, 0x00000000e5800000, 0x00000000e5900000|  0%| F|  |TAMS 0x00000000e5800000, 0x00000000e5800000| Untracked 
|  89|0x00000000e5900000, 0x00000000e5900000, 0x00000000e5a00000|  0%| F|  |TAMS 0x00000000e5900000, 0x00000000e5900000| Untracked 
|  90|0x00000000e5a00000, 0x00000000e5a00000, 0x00000000e5b00000|  0%| F|  |TAMS 0x00000000e5a00000, 0x00000000e5a00000| Untracked 
|  91|0x00000000e5b00000, 0x00000000e5b00000, 0x00000000e5c00000|  0%| F|  |TAMS 0x00000000e5b00000, 0x00000000e5b00000| Untracked 
|  92|0x00000000e5c00000, 0x00000000e5c00000, 0x00000000e5d00000|  0%| F|  |TAMS 0x00000000e5c00000, 0x00000000e5c00000| Untracked 
|  93|0x00000000e5d00000, 0x00000000e5d00000, 0x00000000e5e00000|  0%| F|  |TAMS 0x00000000e5d00000, 0x00000000e5d00000| Untracked 
|  94|0x00000000e5e00000, 0x00000000e5e00000, 0x00000000e5f00000|  0%| F|  |TAMS 0x00000000e5e00000, 0x00000000e5e00000| Untracked 
|  95|0x00000000e5f00000, 0x00000000e5f00000, 0x00000000e6000000|  0%| F|  |TAMS 0x00000000e5f00000, 0x00000000e5f00000| Untracked 
|  96|0x00000000e6000000, 0x00000000e6000000, 0x00000000e6100000|  0%| F|  |TAMS 0x00000000e6000000, 0x00000000e6000000| Untracked 
|  97|0x00000000e6100000, 0x00000000e6100000, 0x00000000e6200000|  0%| F|  |TAMS 0x00000000e6100000, 0x00000000e6100000| Untracked 
|  98|0x00000000e6200000, 0x00000000e6200000, 0x00000000e6300000|  0%| F|  |TAMS 0x00000000e6200000, 0x00000000e6200000| Untracked 
|  99|0x00000000e6300000, 0x00000000e6300000, 0x00000000e6400000|  0%| F|  |TAMS 0x00000000e6300000, 0x00000000e6300000| Untracked 
| 100|0x00000000e6400000, 0x00000000e6400000, 0x00000000e6500000|  0%| F|  |TAMS 0x00000000e6400000, 0x00000000e6400000| Untracked 
| 101|0x00000000e6500000, 0x00000000e6500000, 0x00000000e6600000|  0%| F|  |TAMS 0x00000000e6500000, 0x00000000e6500000| Untracked 
| 102|0x00000000e6600000, 0x00000000e6600000, 0x00000000e6700000|  0%| F|  |TAMS 0x00000000e6600000, 0x00000000e6600000| Untracked 
| 103|0x00000000e6700000, 0x00000000e6700000, 0x00000000e6800000|  0%| F|  |TAMS 0x00000000e6700000, 0x00000000e6700000| Untracked 
| 104|0x00000000e6800000, 0x00000000e6800000, 0x00000000e6900000|  0%| F|  |TAMS 0x00000000e6800000, 0x00000000e6800000| Untracked 
| 105|0x00000000e6900000, 0x00000000e6900000, 0x00000000e6a00000|  0%| F|  |TAMS 0x00000000e6900000, 0x00000000e6900000| Untracked 
| 106|0x00000000e6a00000, 0x00000000e6a00000, 0x00000000e6b00000|  0%| F|  |TAMS 0x00000000e6a00000, 0x00000000e6a00000| Untracked 
| 107|0x00000000e6b00000, 0x00000000e6b00000, 0x00000000e6c00000|  0%| F|  |TAMS 0x00000000e6b00000, 0x00000000e6b00000| Untracked 
| 108|0x00000000e6c00000, 0x00000000e6c00000, 0x00000000e6d00000|  0%| F|  |TAMS 0x00000000e6c00000, 0x00000000e6c00000| Untracked 
| 109|0x00000000e6d00000, 0x00000000e6d00000, 0x00000000e6e00000|  0%| F|  |TAMS 0x00000000e6d00000, 0x00000000e6d00000| Untracked 
| 110|0x00000000e6e00000, 0x00000000e6e00000, 0x00000000e6f00000|  0%| F|  |TAMS 0x00000000e6e00000, 0x00000000e6e00000| Untracked 
| 111|0x00000000e6f00000, 0x00000000e6f00000, 0x00000000e7000000|  0%| F|  |TAMS 0x00000000e6f00000, 0x00000000e6f00000| Untracked 
| 112|0x00000000e7000000, 0x00000000e7000000, 0x00000000e7100000|  0%| F|  |TAMS 0x00000000e7000000, 0x00000000e7000000| Untracked 
| 113|0x00000000e7100000, 0x00000000e7100000, 0x00000000e7200000|  0%| F|  |TAMS 0x00000000e7100000, 0x00000000e7100000| Untracked 
| 114|0x00000000e7200000, 0x00000000e7200000, 0x00000000e7300000|  0%| F|  |TAMS 0x00000000e7200000, 0x00000000e7200000| Untracked 
| 115|0x00000000e7300000, 0x00000000e7300000, 0x00000000e7400000|  0%| F|  |TAMS 0x00000000e7300000, 0x00000000e7300000| Untracked 
| 116|0x00000000e7400000, 0x00000000e7400000, 0x00000000e7500000|  0%| F|  |TAMS 0x00000000e7400000, 0x00000000e7400000| Untracked 
| 117|0x00000000e7500000, 0x00000000e7500000, 0x00000000e7600000|  0%| F|  |TAMS 0x00000000e7500000, 0x00000000e7500000| Untracked 
| 118|0x00000000e7600000, 0x00000000e7600000, 0x00000000e7700000|  0%| F|  |TAMS 0x00000000e7600000, 0x00000000e7600000| Untracked 
| 119|0x00000000e7700000, 0x00000000e77b61f0, 0x00000000e7800000| 71%| S|CS|TAMS 0x00000000e7700000, 0x00000000e7700000| Complete 
| 120|0x00000000e7800000, 0x00000000e7900000, 0x00000000e7900000|100%| S|CS|TAMS 0x00000000e7800000, 0x00000000e7800000| Complete 
| 121|0x00000000e7900000, 0x00000000e7a00000, 0x00000000e7a00000|100%| S|CS|TAMS 0x00000000e7900000, 0x00000000e7900000| Complete 
| 122|0x00000000e7a00000, 0x00000000e7b00000, 0x00000000e7b00000|100%| S|CS|TAMS 0x00000000e7a00000, 0x00000000e7a00000| Complete 
| 123|0x00000000e7b00000, 0x00000000e7b00000, 0x00000000e7c00000|  0%| F|  |TAMS 0x00000000e7b00000, 0x00000000e7b00000| Untracked 
| 124|0x00000000e7c00000, 0x00000000e7c00000, 0x00000000e7d00000|  0%| F|  |TAMS 0x00000000e7c00000, 0x00000000e7c00000| Untracked 
| 125|0x00000000e7d00000, 0x00000000e7d00000, 0x00000000e7e00000|  0%| F|  |TAMS 0x00000000e7d00000, 0x00000000e7d00000| Untracked 
| 126|0x00000000e7e00000, 0x00000000e7e00000, 0x00000000e7f00000|  0%| F|  |TAMS 0x00000000e7e00000, 0x00000000e7e00000| Untracked 
| 127|0x00000000e7f00000, 0x00000000e7f00000, 0x00000000e8000000|  0%| F|  |TAMS 0x00000000e7f00000, 0x00000000e7f00000| Untracked 
| 128|0x00000000e8000000, 0x00000000e8000000, 0x00000000e8100000|  0%| F|  |TAMS 0x00000000e8000000, 0x00000000e8000000| Untracked 
| 129|0x00000000e8100000, 0x00000000e8100000, 0x00000000e8200000|  0%| F|  |TAMS 0x00000000e8100000, 0x00000000e8100000| Untracked 
| 130|0x00000000e8200000, 0x00000000e8200000, 0x00000000e8300000|  0%| F|  |TAMS 0x00000000e8200000, 0x00000000e8200000| Untracked 
| 131|0x00000000e8300000, 0x00000000e8300000, 0x00000000e8400000|  0%| F|  |TAMS 0x00000000e8300000, 0x00000000e8300000| Untracked 
| 132|0x00000000e8400000, 0x00000000e8400000, 0x00000000e8500000|  0%| F|  |TAMS 0x00000000e8400000, 0x00000000e8400000| Untracked 
| 133|0x00000000e8500000, 0x00000000e8500000, 0x00000000e8600000|  0%| F|  |TAMS 0x00000000e8500000, 0x00000000e8500000| Untracked 
| 134|0x00000000e8600000, 0x00000000e8600000, 0x00000000e8700000|  0%| F|  |TAMS 0x00000000e8600000, 0x00000000e8600000| Untracked 
| 135|0x00000000e8700000, 0x00000000e8700000, 0x00000000e8800000|  0%| F|  |TAMS 0x00000000e8700000, 0x00000000e8700000| Untracked 
| 136|0x00000000e8800000, 0x00000000e8800000, 0x00000000e8900000|  0%| F|  |TAMS 0x00000000e8800000, 0x00000000e8800000| Untracked 
| 137|0x00000000e8900000, 0x00000000e8900000, 0x00000000e8a00000|  0%| F|  |TAMS 0x00000000e8900000, 0x00000000e8900000| Untracked 
| 138|0x00000000e8a00000, 0x00000000e8a00000, 0x00000000e8b00000|  0%| F|  |TAMS 0x00000000e8a00000, 0x00000000e8a00000| Untracked 
| 139|0x00000000e8b00000, 0x00000000e8b00000, 0x00000000e8c00000|  0%| F|  |TAMS 0x00000000e8b00000, 0x00000000e8b00000| Untracked 
| 140|0x00000000e8c00000, 0x00000000e8c00000, 0x00000000e8d00000|  0%| F|  |TAMS 0x00000000e8c00000, 0x00000000e8c00000| Untracked 
| 141|0x00000000e8d00000, 0x00000000e8d00000, 0x00000000e8e00000|  0%| F|  |TAMS 0x00000000e8d00000, 0x00000000e8d00000| Untracked 
| 142|0x00000000e8e00000, 0x00000000e8e00000, 0x00000000e8f00000|  0%| F|  |TAMS 0x00000000e8e00000, 0x00000000e8e00000| Untracked 
| 143|0x00000000e8f00000, 0x00000000e8f00000, 0x00000000e9000000|  0%| F|  |TAMS 0x00000000e8f00000, 0x00000000e8f00000| Untracked 
| 144|0x00000000e9000000, 0x00000000e9000000, 0x00000000e9100000|  0%| F|  |TAMS 0x00000000e9000000, 0x00000000e9000000| Untracked 
| 145|0x00000000e9100000, 0x00000000e9100000, 0x00000000e9200000|  0%| F|  |TAMS 0x00000000e9100000, 0x00000000e9100000| Untracked 
| 146|0x00000000e9200000, 0x00000000e9200000, 0x00000000e9300000|  0%| F|  |TAMS 0x00000000e9200000, 0x00000000e9200000| Untracked 
| 147|0x00000000e9300000, 0x00000000e9300000, 0x00000000e9400000|  0%| F|  |TAMS 0x00000000e9300000, 0x00000000e9300000| Untracked 
| 148|0x00000000e9400000, 0x00000000e9400000, 0x00000000e9500000|  0%| F|  |TAMS 0x00000000e9400000, 0x00000000e9400000| Untracked 
| 149|0x00000000e9500000, 0x00000000e9500000, 0x00000000e9600000|  0%| F|  |TAMS 0x00000000e9500000, 0x00000000e9500000| Untracked 
| 150|0x00000000e9600000, 0x00000000e9600000, 0x00000000e9700000|  0%| F|  |TAMS 0x00000000e9600000, 0x00000000e9600000| Untracked 
| 151|0x00000000e9700000, 0x00000000e9700000, 0x00000000e9800000|  0%| F|  |TAMS 0x00000000e9700000, 0x00000000e9700000| Untracked 
| 152|0x00000000e9800000, 0x00000000e9800000, 0x00000000e9900000|  0%| F|  |TAMS 0x00000000e9800000, 0x00000000e9800000| Untracked 
| 153|0x00000000e9900000, 0x00000000e9900000, 0x00000000e9a00000|  0%| F|  |TAMS 0x00000000e9900000, 0x00000000e9900000| Untracked 
| 154|0x00000000e9a00000, 0x00000000e9a00000, 0x00000000e9b00000|  0%| F|  |TAMS 0x00000000e9a00000, 0x00000000e9a00000| Untracked 
| 155|0x00000000e9b00000, 0x00000000e9b00000, 0x00000000e9c00000|  0%| F|  |TAMS 0x00000000e9b00000, 0x00000000e9b00000| Untracked 
| 156|0x00000000e9c00000, 0x00000000e9c00000, 0x00000000e9d00000|  0%| F|  |TAMS 0x00000000e9c00000, 0x00000000e9c00000| Untracked 
| 157|0x00000000e9d00000, 0x00000000e9d00000, 0x00000000e9e00000|  0%| F|  |TAMS 0x00000000e9d00000, 0x00000000e9d00000| Untracked 
| 158|0x00000000e9e00000, 0x00000000e9e00000, 0x00000000e9f00000|  0%| F|  |TAMS 0x00000000e9e00000, 0x00000000e9e00000| Untracked 
| 159|0x00000000e9f00000, 0x00000000e9f00000, 0x00000000ea000000|  0%| F|  |TAMS 0x00000000e9f00000, 0x00000000e9f00000| Untracked 
| 160|0x00000000ea000000, 0x00000000ea000000, 0x00000000ea100000|  0%| F|  |TAMS 0x00000000ea000000, 0x00000000ea000000| Untracked 
| 161|0x00000000ea100000, 0x00000000ea100000, 0x00000000ea200000|  0%| F|  |TAMS 0x00000000ea100000, 0x00000000ea100000| Untracked 
| 162|0x00000000ea200000, 0x00000000ea200000, 0x00000000ea300000|  0%| F|  |TAMS 0x00000000ea200000, 0x00000000ea200000| Untracked 
| 163|0x00000000ea300000, 0x00000000ea300000, 0x00000000ea400000|  0%| F|  |TAMS 0x00000000ea300000, 0x00000000ea300000| Untracked 
| 164|0x00000000ea400000, 0x00000000ea400000, 0x00000000ea500000|  0%| F|  |TAMS 0x00000000ea400000, 0x00000000ea400000| Untracked 
| 165|0x00000000ea500000, 0x00000000ea500000, 0x00000000ea600000|  0%| F|  |TAMS 0x00000000ea500000, 0x00000000ea500000| Untracked 
| 166|0x00000000ea600000, 0x00000000ea600000, 0x00000000ea700000|  0%| F|  |TAMS 0x00000000ea600000, 0x00000000ea600000| Untracked 
| 167|0x00000000ea700000, 0x00000000ea700000, 0x00000000ea800000|  0%| F|  |TAMS 0x00000000ea700000, 0x00000000ea700000| Untracked 
| 168|0x00000000ea800000, 0x00000000ea800000, 0x00000000ea900000|  0%| F|  |TAMS 0x00000000ea800000, 0x00000000ea800000| Untracked 
| 169|0x00000000ea900000, 0x00000000ea900000, 0x00000000eaa00000|  0%| F|  |TAMS 0x00000000ea900000, 0x00000000ea900000| Untracked 
| 170|0x00000000eaa00000, 0x00000000eaa00000, 0x00000000eab00000|  0%| F|  |TAMS 0x00000000eaa00000, 0x00000000eaa00000| Untracked 
| 171|0x00000000eab00000, 0x00000000eab00000, 0x00000000eac00000|  0%| F|  |TAMS 0x00000000eab00000, 0x00000000eab00000| Untracked 
| 172|0x00000000eac00000, 0x00000000eac00000, 0x00000000ead00000|  0%| F|  |TAMS 0x00000000eac00000, 0x00000000eac00000| Untracked 
| 173|0x00000000ead00000, 0x00000000ead00000, 0x00000000eae00000|  0%| F|  |TAMS 0x00000000ead00000, 0x00000000ead00000| Untracked 
| 174|0x00000000eae00000, 0x00000000eae00000, 0x00000000eaf00000|  0%| F|  |TAMS 0x00000000eae00000, 0x00000000eae00000| Untracked 
| 175|0x00000000eaf00000, 0x00000000eaf00000, 0x00000000eb000000|  0%| F|  |TAMS 0x00000000eaf00000, 0x00000000eaf00000| Untracked 
| 176|0x00000000eb000000, 0x00000000eb000000, 0x00000000eb100000|  0%| F|  |TAMS 0x00000000eb000000, 0x00000000eb000000| Untracked 
| 177|0x00000000eb100000, 0x00000000eb100000, 0x00000000eb200000|  0%| F|  |TAMS 0x00000000eb100000, 0x00000000eb100000| Untracked 
| 178|0x00000000eb200000, 0x00000000eb200000, 0x00000000eb300000|  0%| F|  |TAMS 0x00000000eb200000, 0x00000000eb200000| Untracked 
| 179|0x00000000eb300000, 0x00000000eb300000, 0x00000000eb400000|  0%| F|  |TAMS 0x00000000eb300000, 0x00000000eb300000| Untracked 
| 180|0x00000000eb400000, 0x00000000eb400000, 0x00000000eb500000|  0%| F|  |TAMS 0x00000000eb400000, 0x00000000eb400000| Untracked 
| 181|0x00000000eb500000, 0x00000000eb500000, 0x00000000eb600000|  0%| F|  |TAMS 0x00000000eb500000, 0x00000000eb500000| Untracked 
| 182|0x00000000eb600000, 0x00000000eb600000, 0x00000000eb700000|  0%| F|  |TAMS 0x00000000eb600000, 0x00000000eb600000| Untracked 
| 183|0x00000000eb700000, 0x00000000eb700000, 0x00000000eb800000|  0%| F|  |TAMS 0x00000000eb700000, 0x00000000eb700000| Untracked 
| 184|0x00000000eb800000, 0x00000000eb800000, 0x00000000eb900000|  0%| F|  |TAMS 0x00000000eb800000, 0x00000000eb800000| Untracked 
| 185|0x00000000eb900000, 0x00000000eb900000, 0x00000000eba00000|  0%| F|  |TAMS 0x00000000eb900000, 0x00000000eb900000| Untracked 
| 186|0x00000000eba00000, 0x00000000eba00000, 0x00000000ebb00000|  0%| F|  |TAMS 0x00000000eba00000, 0x00000000eba00000| Untracked 
| 187|0x00000000ebb00000, 0x00000000ebb00000, 0x00000000ebc00000|  0%| F|  |TAMS 0x00000000ebb00000, 0x00000000ebb00000| Untracked 
| 188|0x00000000ebc00000, 0x00000000ebc00000, 0x00000000ebd00000|  0%| F|  |TAMS 0x00000000ebc00000, 0x00000000ebc00000| Untracked 
| 189|0x00000000ebd00000, 0x00000000ebd00000, 0x00000000ebe00000|  0%| F|  |TAMS 0x00000000ebd00000, 0x00000000ebd00000| Untracked 
| 190|0x00000000ebe00000, 0x00000000ebe00000, 0x00000000ebf00000|  0%| F|  |TAMS 0x00000000ebe00000, 0x00000000ebe00000| Untracked 
| 191|0x00000000ebf00000, 0x00000000ebf00000, 0x00000000ec000000|  0%| F|  |TAMS 0x00000000ebf00000, 0x00000000ebf00000| Untracked 
| 192|0x00000000ec000000, 0x00000000ec000000, 0x00000000ec100000|  0%| F|  |TAMS 0x00000000ec000000, 0x00000000ec000000| Untracked 
| 193|0x00000000ec100000, 0x00000000ec100000, 0x00000000ec200000|  0%| F|  |TAMS 0x00000000ec100000, 0x00000000ec100000| Untracked 
| 194|0x00000000ec200000, 0x00000000ec200000, 0x00000000ec300000|  0%| F|  |TAMS 0x00000000ec200000, 0x00000000ec200000| Untracked 
| 195|0x00000000ec300000, 0x00000000ec300000, 0x00000000ec400000|  0%| F|  |TAMS 0x00000000ec300000, 0x00000000ec300000| Untracked 
| 196|0x00000000ec400000, 0x00000000ec400000, 0x00000000ec500000|  0%| F|  |TAMS 0x00000000ec400000, 0x00000000ec400000| Untracked 
| 197|0x00000000ec500000, 0x00000000ec500000, 0x00000000ec600000|  0%| F|  |TAMS 0x00000000ec500000, 0x00000000ec500000| Untracked 
| 198|0x00000000ec600000, 0x00000000ec600000, 0x00000000ec700000|  0%| F|  |TAMS 0x00000000ec600000, 0x00000000ec600000| Untracked 
| 199|0x00000000ec700000, 0x00000000ec700000, 0x00000000ec800000|  0%| F|  |TAMS 0x00000000ec700000, 0x00000000ec700000| Untracked 
| 200|0x00000000ec800000, 0x00000000ec800000, 0x00000000ec900000|  0%| F|  |TAMS 0x00000000ec800000, 0x00000000ec800000| Untracked 
| 201|0x00000000ec900000, 0x00000000ec900000, 0x00000000eca00000|  0%| F|  |TAMS 0x00000000ec900000, 0x00000000ec900000| Untracked 
| 202|0x00000000eca00000, 0x00000000eca00000, 0x00000000ecb00000|  0%| F|  |TAMS 0x00000000eca00000, 0x00000000eca00000| Untracked 
| 203|0x00000000ecb00000, 0x00000000ecb00000, 0x00000000ecc00000|  0%| F|  |TAMS 0x00000000ecb00000, 0x00000000ecb00000| Untracked 
| 204|0x00000000ecc00000, 0x00000000ecc00000, 0x00000000ecd00000|  0%| F|  |TAMS 0x00000000ecc00000, 0x00000000ecc00000| Untracked 
| 205|0x00000000ecd00000, 0x00000000ecd00000, 0x00000000ece00000|  0%| F|  |TAMS 0x00000000ecd00000, 0x00000000ecd00000| Untracked 
| 206|0x00000000ece00000, 0x00000000ece00000, 0x00000000ecf00000|  0%| F|  |TAMS 0x00000000ece00000, 0x00000000ece00000| Untracked 
| 207|0x00000000ecf00000, 0x00000000ecfe3148, 0x00000000ed000000| 88%| E|  |TAMS 0x00000000ecf00000, 0x00000000ecf00000| Complete 
| 208|0x00000000ed000000, 0x00000000ed100000, 0x00000000ed100000|100%| E|CS|TAMS 0x00000000ed000000, 0x00000000ed000000| Complete 
| 209|0x00000000ed100000, 0x00000000ed200000, 0x00000000ed200000|100%| E|CS|TAMS 0x00000000ed100000, 0x00000000ed100000| Complete 
| 210|0x00000000ed200000, 0x00000000ed300000, 0x00000000ed300000|100%| E|CS|TAMS 0x00000000ed200000, 0x00000000ed200000| Complete 
| 211|0x00000000ed300000, 0x00000000ed400000, 0x00000000ed400000|100%| E|  |TAMS 0x00000000ed300000, 0x00000000ed300000| Complete 
| 212|0x00000000ed400000, 0x00000000ed500000, 0x00000000ed500000|100%| E|CS|TAMS 0x00000000ed400000, 0x00000000ed400000| Complete 
| 213|0x00000000ed500000, 0x00000000ed600000, 0x00000000ed600000|100%| E|CS|TAMS 0x00000000ed500000, 0x00000000ed500000| Complete 
| 214|0x00000000ed600000, 0x00000000ed700000, 0x00000000ed700000|100%| E|CS|TAMS 0x00000000ed600000, 0x00000000ed600000| Complete 
| 215|0x00000000ed700000, 0x00000000ed800000, 0x00000000ed800000|100%| E|CS|TAMS 0x00000000ed700000, 0x00000000ed700000| Complete 
| 216|0x00000000ed800000, 0x00000000ed900000, 0x00000000ed900000|100%| E|CS|TAMS 0x00000000ed800000, 0x00000000ed800000| Complete 
| 217|0x00000000ed900000, 0x00000000eda00000, 0x00000000eda00000|100%| E|CS|TAMS 0x00000000ed900000, 0x00000000ed900000| Complete 
| 218|0x00000000eda00000, 0x00000000edb00000, 0x00000000edb00000|100%| E|CS|TAMS 0x00000000eda00000, 0x00000000eda00000| Complete 
| 219|0x00000000edb00000, 0x00000000edc00000, 0x00000000edc00000|100%| E|CS|TAMS 0x00000000edb00000, 0x00000000edb00000| Complete 
| 220|0x00000000edc00000, 0x00000000edd00000, 0x00000000edd00000|100%| E|CS|TAMS 0x00000000edc00000, 0x00000000edc00000| Complete 
| 221|0x00000000edd00000, 0x00000000ede00000, 0x00000000ede00000|100%| E|CS|TAMS 0x00000000edd00000, 0x00000000edd00000| Complete 
| 222|0x00000000ede00000, 0x00000000edf00000, 0x00000000edf00000|100%| E|CS|TAMS 0x00000000ede00000, 0x00000000ede00000| Complete 
| 223|0x00000000edf00000, 0x00000000ee000000, 0x00000000ee000000|100%| E|CS|TAMS 0x00000000edf00000, 0x00000000edf00000| Complete 
| 224|0x00000000ee000000, 0x00000000ee100000, 0x00000000ee100000|100%| E|CS|TAMS 0x00000000ee000000, 0x00000000ee000000| Complete 
| 225|0x00000000ee100000, 0x00000000ee200000, 0x00000000ee200000|100%| E|CS|TAMS 0x00000000ee100000, 0x00000000ee100000| Complete 
| 226|0x00000000ee200000, 0x00000000ee300000, 0x00000000ee300000|100%| E|CS|TAMS 0x00000000ee200000, 0x00000000ee200000| Complete 
| 227|0x00000000ee300000, 0x00000000ee400000, 0x00000000ee400000|100%| E|CS|TAMS 0x00000000ee300000, 0x00000000ee300000| Complete 
| 228|0x00000000ee400000, 0x00000000ee500000, 0x00000000ee500000|100%| E|CS|TAMS 0x00000000ee400000, 0x00000000ee400000| Complete 
| 229|0x00000000ee500000, 0x00000000ee600000, 0x00000000ee600000|100%| E|CS|TAMS 0x00000000ee500000, 0x00000000ee500000| Complete 
| 230|0x00000000ee600000, 0x00000000ee700000, 0x00000000ee700000|100%| E|CS|TAMS 0x00000000ee600000, 0x00000000ee600000| Complete 
| 231|0x00000000ee700000, 0x00000000ee800000, 0x00000000ee800000|100%| E|CS|TAMS 0x00000000ee700000, 0x00000000ee700000| Complete 
| 232|0x00000000ee800000, 0x00000000ee900000, 0x00000000ee900000|100%| E|CS|TAMS 0x00000000ee800000, 0x00000000ee800000| Complete 
| 233|0x00000000ee900000, 0x00000000eea00000, 0x00000000eea00000|100%| E|CS|TAMS 0x00000000ee900000, 0x00000000ee900000| Complete 
| 234|0x00000000eea00000, 0x00000000eeb00000, 0x00000000eeb00000|100%| E|CS|TAMS 0x00000000eea00000, 0x00000000eea00000| Complete 
| 235|0x00000000eeb00000, 0x00000000eec00000, 0x00000000eec00000|100%| E|CS|TAMS 0x00000000eeb00000, 0x00000000eeb00000| Complete 
| 236|0x00000000eec00000, 0x00000000eed00000, 0x00000000eed00000|100%| E|CS|TAMS 0x00000000eec00000, 0x00000000eec00000| Complete 
| 237|0x00000000eed00000, 0x00000000eee00000, 0x00000000eee00000|100%| E|CS|TAMS 0x00000000eed00000, 0x00000000eed00000| Complete 
| 238|0x00000000eee00000, 0x00000000eef00000, 0x00000000eef00000|100%| E|CS|TAMS 0x00000000eee00000, 0x00000000eee00000| Complete 
| 239|0x00000000eef00000, 0x00000000ef000000, 0x00000000ef000000|100%| E|CS|TAMS 0x00000000eef00000, 0x00000000eef00000| Complete 
| 240|0x00000000ef000000, 0x00000000ef100000, 0x00000000ef100000|100%| E|CS|TAMS 0x00000000ef000000, 0x00000000ef000000| Complete 
| 241|0x00000000ef100000, 0x00000000ef200000, 0x00000000ef200000|100%| E|CS|TAMS 0x00000000ef100000, 0x00000000ef100000| Complete 
| 242|0x00000000ef200000, 0x00000000ef300000, 0x00000000ef300000|100%| E|CS|TAMS 0x00000000ef200000, 0x00000000ef200000| Complete 
| 243|0x00000000ef300000, 0x00000000ef400000, 0x00000000ef400000|100%| E|CS|TAMS 0x00000000ef300000, 0x00000000ef300000| Complete 
| 244|0x00000000ef400000, 0x00000000ef500000, 0x00000000ef500000|100%| E|CS|TAMS 0x00000000ef400000, 0x00000000ef400000| Complete 
| 245|0x00000000ef500000, 0x00000000ef600000, 0x00000000ef600000|100%| E|CS|TAMS 0x00000000ef500000, 0x00000000ef500000| Complete 
| 246|0x00000000ef600000, 0x00000000ef700000, 0x00000000ef700000|100%| E|CS|TAMS 0x00000000ef600000, 0x00000000ef600000| Complete 
| 247|0x00000000ef700000, 0x00000000ef800000, 0x00000000ef800000|100%| E|CS|TAMS 0x00000000ef700000, 0x00000000ef700000| Complete 
| 248|0x00000000ef800000, 0x00000000ef900000, 0x00000000ef900000|100%| E|CS|TAMS 0x00000000ef800000, 0x00000000ef800000| Complete 
| 249|0x00000000ef900000, 0x00000000efa00000, 0x00000000efa00000|100%| E|CS|TAMS 0x00000000ef900000, 0x00000000ef900000| Complete 
| 250|0x00000000efa00000, 0x00000000efb00000, 0x00000000efb00000|100%| E|CS|TAMS 0x00000000efa00000, 0x00000000efa00000| Complete 
| 251|0x00000000efb00000, 0x00000000efc00000, 0x00000000efc00000|100%| E|CS|TAMS 0x00000000efb00000, 0x00000000efb00000| Complete 
| 252|0x00000000efc00000, 0x00000000efd00000, 0x00000000efd00000|100%| E|CS|TAMS 0x00000000efc00000, 0x00000000efc00000| Complete 
| 253|0x00000000efd00000, 0x00000000efe00000, 0x00000000efe00000|100%| E|CS|TAMS 0x00000000efd00000, 0x00000000efd00000| Complete 
| 254|0x00000000efe00000, 0x00000000eff00000, 0x00000000eff00000|100%| E|CS|TAMS 0x00000000efe00000, 0x00000000efe00000| Complete 
| 255|0x00000000eff00000, 0x00000000f0000000, 0x00000000f0000000|100%| E|CS|TAMS 0x00000000eff00000, 0x00000000eff00000| Complete 

Card table byte_map: [0x0000017621c30000,0x0000017621d30000] _byte_map_base: 0x0000017621530000

Marking Bits (Prev, Next): (CMBitMap*) 0x000001760ad53670, (CMBitMap*) 0x000001760ad536b0
 Prev Bits: [0x0000017621e30000, 0x0000017622630000)
 Next Bits: [0x0000017622630000, 0x0000017622e30000)

Polling page: 0x0000017608c90000

Metaspace:

Usage:
  Non-class:     46.32 MB used.
      Class:      7.32 MB used.
       Both:     53.64 MB used.

Virtual space:
  Non-class space:       64.00 MB reserved,      46.62 MB ( 73%) committed,  1 nodes.
      Class space:      320.00 MB reserved,       7.62 MB (  2%) committed,  1 nodes.
             Both:      384.00 MB reserved,      54.25 MB ( 14%) committed. 

Chunk freelists:
   Non-Class:  912.00 KB
       Class:  8.42 MB
        Both:  9.32 MB

MaxMetaspaceSize: 384.00 MB
CompressedClassSpaceSize: 320.00 MB
Initial GC threshold: 21.00 MB
Current GC threshold: 58.69 MB
CDS: on
MetaspaceReclaimPolicy: balanced
 - commit_granule_bytes: 65536.
 - commit_granule_words: 8192.
 - virtual_space_node_default_size: 8388608.
 - enlarge_chunks_in_place: 1.
 - new_chunks_are_fully_committed: 0.
 - uncommit_free_chunks: 1.
 - use_allocation_guard: 0.
 - handle_deallocations: 1.


Internal statistics:

num_allocs_failed_limit: 6.
num_arena_births: 740.
num_arena_deaths: 0.
num_vsnodes_births: 2.
num_vsnodes_deaths: 0.
num_space_committed: 868.
num_space_uncommitted: 0.
num_chunks_returned_to_freelist: 6.
num_chunks_taken_from_freelist: 3068.
num_chunk_merges: 6.
num_chunk_splits: 1938.
num_chunks_enlarged: 1208.
num_purges: 0.
num_inconsistent_stats: 0.

CodeHeap 'non-profiled nmethods': size=120000Kb used=6110Kb max_used=6110Kb free=113889Kb
 bounds [0x000001761a0a0000, 0x000001761a6a0000, 0x00000176215d0000]
CodeHeap 'profiled nmethods': size=120000Kb used=22353Kb max_used=22353Kb free=97646Kb
 bounds [0x00000176125d0000, 0x0000017613bb0000, 0x0000017619b00000]
CodeHeap 'non-nmethods': size=5760Kb used=2324Kb max_used=2435Kb free=3435Kb
 bounds [0x0000017619b00000, 0x0000017619d70000, 0x000001761a0a0000]
 total_blobs=11430 nmethods=10591 adapters=749
 compilation: enabled
              stopped_count=0, restarted_count=0
 full_count=0

Compilation events (20 events):
Event: 31.189 Thread 0x00000176442c87c0 nmethod 11255 0x000001761a684110 code [0x000001761a684280, 0x000001761a684318]
Event: 31.189 Thread 0x00000176442c87c0 11262       4       org.gradle.api.internal.artifacts.ivyservice.resolveengine.artifact.DefaultResolvedArtifactsBuilder::visitNode (1 bytes)
Event: 31.190 Thread 0x00000176442c87c0 nmethod 11262 0x000001761a684410 code [0x000001761a684580, 0x000001761a6845f8]
Event: 31.190 Thread 0x00000176442c87c0 11266       4       org.gradle.api.internal.artifacts.ivyservice.resolveengine.projectresult.ResolvedLocalComponentsResultGraphVisitor::visitEdges (1 bytes)
Event: 31.190 Thread 0x00000176442c87c0 nmethod 11266 0x000001761a684710 code [0x000001761a684880, 0x000001761a6848f8]
Event: 31.190 Thread 0x00000176442c87c0 11267       4       org.gradle.api.internal.artifacts.ivyservice.resolveengine.oldresult.ResolutionFailureCollector::visitEdges (1 bytes)
Event: 31.190 Thread 0x00000176442c87c0 nmethod 11267 0x000001761a684a10 code [0x000001761a684b80, 0x000001761a684bf8]
Event: 31.190 Thread 0x00000176442c87c0 11263       4       org.gradle.api.internal.artifacts.ivyservice.resolveengine.result.FileDependencyCollectingGraphVisitor::visitNode (1 bytes)
Event: 31.191 Thread 0x00000176442c87c0 nmethod 11263 0x000001761a684d10 code [0x000001761a684e80, 0x000001761a684ef8]
Event: 31.204 Thread 0x0000017625ab8ec0 11306       1       io.spring.gradle.dependencymanagement.org.apache.maven.model.MailingList::setPost (6 bytes)
Event: 31.204 Thread 0x0000017625ab8ec0 nmethod 11306 0x000001761a685010 code [0x000001761a6851a0, 0x000001761a6852b8]
Event: 31.204 Thread 0x0000017625ab8ec0 11307       3       io.spring.gradle.dependencymanagement.org.apache.maven.model.io.xpp3.MavenXpp3Reader::parseRepository (318 bytes)
Event: 31.205 Thread 0x00000176442c87c0 11308   !   4       io.spring.gradle.dependencymanagement.org.apache.maven.model.PluginContainer::clone (137 bytes)
Event: 31.213 Thread 0x0000017625ab8ec0 nmethod 11307 0x0000017613b91510 code [0x0000017613b919e0, 0x0000017613b93f08]
Event: 31.229 Thread 0x0000017625ab8ec0 11310       3       org.gradle.api.internal.artifacts.ivyservice.DefaultResolvedConfiguration::rethrowFailure (62 bytes)
Event: 31.233 Thread 0x0000017625ab8ec0 nmethod 11310 0x0000017613b94c10 code [0x0000017613b94e60, 0x0000017613b95928]
Event: 31.244 Thread 0x00000176442c87c0 nmethod 11308 0x000001761a685310 code [0x000001761a685520, 0x000001761a686588]
Event: 31.244 Thread 0x00000176442c87c0 11314       4       java.util.AbstractQueue::add (20 bytes)
Event: 31.251 Thread 0x00000176442c87c0 nmethod 11314 0x000001761a686f10 code [0x000001761a6870c0, 0x000001761a6876b8]
Event: 31.251 Thread 0x00000176442c87c0 11311       4       java.util.stream.ReduceOps$3::getOpFlags (28 bytes)

GC Heap History (16 events):
Event: 0.578 GC heap before
{Heap before GC invocations=0 (full 0):
 garbage-first heap   total 262144K, used 26624K [0x00000000e0000000, 0x0000000100000000)
  region size 1024K, 23 young (23552K), 0 survivors (0K)
 Metaspace       used 3054K, committed 3200K, reserved 393216K
  class space    used 391K, committed 448K, reserved 327680K
}
Event: 0.584 GC heap after
{Heap after GC invocations=1 (full 0):
 garbage-first heap   total 262144K, used 10511K [0x00000000e0000000, 0x0000000100000000)
  region size 1024K, 3 young (3072K), 3 survivors (3072K)
 Metaspace       used 3054K, committed 3200K, reserved 393216K
  class space    used 391K, committed 448K, reserved 327680K
}
Event: 0.963 GC heap before
{Heap before GC invocations=1 (full 0):
 garbage-first heap   total 262144K, used 38159K [0x00000000e0000000, 0x0000000100000000)
  region size 1024K, 30 young (30720K), 3 survivors (3072K)
 Metaspace       used 3992K, committed 4160K, reserved 393216K
  class space    used 491K, committed 576K, reserved 327680K
}
Event: 0.966 GC heap after
{Heap after GC invocations=2 (full 0):
 garbage-first heap   total 262144K, used 11300K [0x00000000e0000000, 0x0000000100000000)
  region size 1024K, 1 young (1024K), 1 survivors (1024K)
 Metaspace       used 3992K, committed 4160K, reserved 393216K
  class space    used 491K, committed 576K, reserved 327680K
}
Event: 2.944 GC heap before
{Heap before GC invocations=2 (full 0):
 garbage-first heap   total 262144K, used 131108K [0x00000000e0000000, 0x0000000100000000)
  region size 1024K, 119 young (121856K), 1 survivors (1024K)
 Metaspace       used 21245K, committed 21504K, reserved 393216K
  class space    used 3136K, committed 3264K, reserved 327680K
}
Event: 2.952 GC heap after
{Heap after GC invocations=3 (full 0):
 garbage-first heap   total 262144K, used 22331K [0x00000000e0000000, 0x0000000100000000)
  region size 1024K, 12 young (12288K), 12 survivors (12288K)
 Metaspace       used 21245K, committed 21504K, reserved 393216K
  class space    used 3136K, committed 3264K, reserved 327680K
}
Event: 5.096 GC heap before
{Heap before GC invocations=4 (full 0):
 garbage-first heap   total 262144K, used 140091K [0x00000000e0000000, 0x0000000100000000)
  region size 1024K, 124 young (126976K), 12 survivors (12288K)
 Metaspace       used 35694K, committed 35968K, reserved 393216K
  class space    used 4995K, committed 5120K, reserved 327680K
}
Event: 5.105 GC heap after
{Heap after GC invocations=5 (full 0):
 garbage-first heap   total 262144K, used 31851K [0x00000000e0000000, 0x0000000100000000)
  region size 1024K, 10 young (10240K), 10 survivors (10240K)
 Metaspace       used 35694K, committed 35968K, reserved 393216K
  class space    used 4995K, committed 5120K, reserved 327680K
}
Event: 6.338 GC heap before
{Heap before GC invocations=6 (full 0):
 garbage-first heap   total 262144K, used 179307K [0x00000000e0000000, 0x0000000100000000)
  region size 1024K, 153 young (156672K), 10 survivors (10240K)
 Metaspace       used 48430K, committed 48960K, reserved 393216K
  class space    used 6982K, committed 7232K, reserved 327680K
}
Event: 6.349 GC heap after
{Heap after GC invocations=7 (full 0):
 garbage-first heap   total 262144K, used 41056K [0x00000000e0000000, 0x0000000100000000)
  region size 1024K, 19 young (19456K), 19 survivors (19456K)
 Metaspace       used 48430K, committed 48960K, reserved 393216K
  class space    used 6982K, committed 7232K, reserved 327680K
}
Event: 23.732 GC heap before
{Heap before GC invocations=7 (full 0):
 garbage-first heap   total 262144K, used 177248K [0x00000000e0000000, 0x0000000100000000)
  region size 1024K, 153 young (156672K), 19 survivors (19456K)
 Metaspace       used 52837K, committed 53440K, reserved 393216K
  class space    used 7437K, committed 7744K, reserved 327680K
}
Event: 23.745 GC heap after
{Heap after GC invocations=8 (full 0):
 garbage-first heap   total 262144K, used 47825K [0x00000000e0000000, 0x0000000100000000)
  region size 1024K, 17 young (17408K), 17 survivors (17408K)
 Metaspace       used 52837K, committed 53440K, reserved 393216K
  class space    used 7437K, committed 7744K, reserved 327680K
}
Event: 25.330 GC heap before
{Heap before GC invocations=8 (full 0):
 garbage-first heap   total 262144K, used 186065K [0x00000000e0000000, 0x0000000100000000)
  region size 1024K, 153 young (156672K), 17 survivors (17408K)
 Metaspace       used 53886K, committed 54464K, reserved 393216K
  class space    used 7461K, committed 7744K, reserved 327680K
}
Event: 25.349 GC heap after
{Heap after GC invocations=9 (full 0):
 garbage-first heap   total 262144K, used 61278K [0x00000000e0000000, 0x0000000100000000)
  region size 1024K, 20 young (20480K), 20 survivors (20480K)
 Metaspace       used 53886K, committed 54464K, reserved 393216K
  class space    used 7461K, committed 7744K, reserved 327680K
}
Event: 30.222 GC heap before
{Heap before GC invocations=9 (full 0):
 garbage-first heap   total 262144K, used 196446K [0x00000000e0000000, 0x0000000100000000)
  region size 1024K, 153 young (156672K), 20 survivors (20480K)
 Metaspace       used 54708K, committed 55360K, reserved 393216K
  class space    used 7490K, committed 7808K, reserved 327680K
}
Event: 30.233 GC heap after
{Heap after GC invocations=10 (full 0):
 garbage-first heap   total 262144K, used 51399K [0x00000000e0000000, 0x0000000100000000)
  region size 1024K, 4 young (4096K), 4 survivors (4096K)
 Metaspace       used 54708K, committed 55360K, reserved 393216K
  class space    used 7490K, committed 7808K, reserved 327680K
}

Deoptimization events (20 events):
Event: 28.601 Thread 0x0000017641636240 Uncommon trap: trap_request=0xffffff66 fr.pc=0x000001761a5d9f00 relative=0x00000000000000e0
Event: 28.601 Thread 0x0000017641636240 Uncommon trap: reason=speculate_class_check action=maybe_recompile pc=0x000001761a5d9f00 method=jdk.internal.reflect.UnsafeQualifiedObjectFieldAccessorImpl.get(Ljava/lang/Object;)Ljava/lang/Object; @ 13 c2
Event: 28.601 Thread 0x0000017641636240 DEOPT PACKING pc=0x000001761a5d9f00 sp=0x000000326a4fea70
Event: 28.601 Thread 0x0000017641636240 DEOPT UNPACKING pc=0x0000017619b523a3 sp=0x000000326a4fea08 mode 2
Event: 28.609 Thread 0x0000017640fa6140 DEOPT PACKING pc=0x00000176129860ee sp=0x000000326a1fdd60
Event: 28.609 Thread 0x0000017640fa6140 DEOPT UNPACKING pc=0x0000017619b52b43 sp=0x000000326a1fd2a8 mode 0
Event: 28.626 Thread 0x0000017645035f00 Uncommon trap: trap_request=0xffffff45 fr.pc=0x000001761a40b734 relative=0x0000000000000214
Event: 28.626 Thread 0x0000017645035f00 Uncommon trap: reason=unstable_if action=reinterpret pc=0x000001761a40b734 method=com.esotericsoftware.kryo.io.Input.require(I)I @ 180 c2
Event: 28.626 Thread 0x0000017645035f00 DEOPT PACKING pc=0x000001761a40b734 sp=0x00000032698fef70
Event: 28.626 Thread 0x0000017645035f00 DEOPT UNPACKING pc=0x0000017619b523a3 sp=0x00000032698fef18 mode 2
Event: 29.331 Thread 0x000001763fc82680 Uncommon trap: trap_request=0xffffff45 fr.pc=0x000001761a2d06b4 relative=0x00000000000000b4
Event: 29.331 Thread 0x000001763fc82680 Uncommon trap: reason=unstable_if action=reinterpret pc=0x000001761a2d06b4 method=java.lang.Integer.stringSize(I)I @ 19 c2
Event: 29.331 Thread 0x000001763fc82680 DEOPT PACKING pc=0x000001761a2d06b4 sp=0x0000003269ffe570
Event: 29.331 Thread 0x000001763fc82680 DEOPT UNPACKING pc=0x0000017619b523a3 sp=0x0000003269ffe4e8 mode 2
Event: 29.421 Thread 0x0000017641636240 Uncommon trap: trap_request=0xfffffff4 fr.pc=0x000001761a5fd404 relative=0x00000000000000e4
Event: 29.421 Thread 0x0000017641636240 Uncommon trap: reason=null_check action=make_not_entrant pc=0x000001761a5fd404 method=org.gradle.tooling.internal.provider.runner.ClientBuildEventGenerator$Disabled.accept(Lorg/gradle/internal/operations/BuildOperationDescriptor;)Lorg/gradle/tooling/inter
Event: 29.421 Thread 0x0000017641636240 DEOPT PACKING pc=0x000001761a5fd404 sp=0x000000326a4fae60
Event: 29.421 Thread 0x0000017641636240 DEOPT UNPACKING pc=0x0000017619b523a3 sp=0x000000326a4fade8 mode 2
Event: 29.966 Thread 0x00000176421a9210 DEOPT PACKING pc=0x00000176126a0fbd sp=0x000000326e2f99d0
Event: 29.966 Thread 0x00000176421a9210 DEOPT UNPACKING pc=0x0000017619b52b43 sp=0x000000326e2f8e68 mode 0

Classes unloaded (0 events):
No events

Classes redefined (0 events):
No events

Internal exceptions (20 events):
Event: 23.785 Thread 0x0000017641636240 Exception <a 'java/lang/ClassNotFoundException'{0x00000000efb413e8}: groovy/lang/GroovyObjectBeanInfo> (0x00000000efb413e8) 
thrown [s\open\src\hotspot\share\classfile\systemDictionary.cpp, line 256]
Event: 23.786 Thread 0x0000017641636240 Exception <a 'java/lang/ClassNotFoundException'{0x00000000efb6ad98}: groovy/lang/GroovyObjectCustomizer> (0x00000000efb6ad98) 
thrown [s\open\src\hotspot\share\classfile\systemDictionary.cpp, line 256]
Event: 23.787 Thread 0x0000017641636240 Exception <a 'java/lang/ClassNotFoundException'{0x00000000efb81c30}: io/spring/gradle/dependencymanagement/dsl/ImportsHandlerBeanInfo> (0x00000000efb81c30) 
thrown [s\open\src\hotspot\share\classfile\systemDictionary.cpp, line 256]
Event: 23.787 Thread 0x0000017641636240 Exception <a 'java/lang/ClassNotFoundException'{0x00000000efb8d038}: io/spring/gradle/dependencymanagement/dsl/ImportsHandlerCustomizer> (0x00000000efb8d038) 
thrown [s\open\src\hotspot\share\classfile\systemDictionary.cpp, line 256]
Event: 23.793 Thread 0x0000017641636240 Exception <a 'java/lang/ClassNotFoundException'{0x00000000ef720cd0}: org/codehaus/groovy/runtime/GStringImplBeanInfo> (0x00000000ef720cd0) 
thrown [s\open\src\hotspot\share\classfile\systemDictionary.cpp, line 256]
Event: 23.796 Thread 0x0000017641636240 Exception <a 'java/lang/ClassNotFoundException'{0x00000000ef5c2598}: org/codehaus/groovy/runtime/GStringImplCustomizer> (0x00000000ef5c2598) 
thrown [s\open\src\hotspot\share\classfile\systemDictionary.cpp, line 256]
Event: 26.877 Thread 0x0000017641636240 Exception <a 'sun/nio/fs/WindowsException'{0x00000000edf65cb0}> (0x00000000edf65cb0) 
thrown [s\open\src\hotspot\share\prims\jni.cpp, line 516]
Event: 26.877 Thread 0x0000017641636240 Exception <a 'sun/nio/fs/WindowsException'{0x00000000edf67228}> (0x00000000edf67228) 
thrown [s\open\src\hotspot\share\prims\jni.cpp, line 516]
Event: 26.877 Thread 0x0000017641636240 Exception <a 'sun/nio/fs/WindowsException'{0x00000000edf687a0}> (0x00000000edf687a0) 
thrown [s\open\src\hotspot\share\prims\jni.cpp, line 516]
Event: 26.878 Thread 0x0000017641636240 Exception <a 'sun/nio/fs/WindowsException'{0x00000000edf69d18}> (0x00000000edf69d18) 
thrown [s\open\src\hotspot\share\prims\jni.cpp, line 516]
Event: 27.082 Thread 0x0000017641636240 Exception <a 'java/lang/NoClassDefFoundError'{0x00000000ed919278}: org/jetbrains/kotlin/gradle/plugin/KotlinPluginWrapper> (0x00000000ed919278) 
thrown [s\open\src\hotspot\share\oops\constantPool.cpp, line 835]
Event: 27.082 Thread 0x0000017641636240 Exception <a 'java/lang/NoClassDefFoundError'{0x00000000ed91b8c0}: org/graalvm/buildtools/gradle/NativeImagePlugin> (0x00000000ed91b8c0) 
thrown [s\open\src\hotspot\share\oops\constantPool.cpp, line 835]
Event: 27.159 Thread 0x0000017645035090 Exception <a 'java/lang/NoSuchMethodError'{0x00000000ed876bc8}: 'int java.lang.invoke.DirectMethodHandle$Holder.invokeSpecial(java.lang.Object, java.lang.Object, java.lang.Object, java.lang.Object, java.lang.Object)'> (0x00000000ed876bc8) 
thrown [s\open\src\hotspot\share\interpreter\linkResolver.cpp, line 759]
Event: 29.421 Thread 0x0000017641636240 Implicit null exception at 0x000001761a5fd360 to 0x000001761a5fd3f8
Event: 29.485 Thread 0x0000017641636240 Exception <a 'sun/nio/fs/WindowsException'{0x00000000e8318e08}> (0x00000000e8318e08) 
thrown [s\open\src\hotspot\share\prims\jni.cpp, line 516]
Event: 29.486 Thread 0x0000017641636240 Exception <a 'sun/nio/fs/WindowsException'{0x00000000e831a380}> (0x00000000e831a380) 
thrown [s\open\src\hotspot\share\prims\jni.cpp, line 516]
Event: 29.487 Thread 0x0000017641636240 Exception <a 'sun/nio/fs/WindowsException'{0x00000000e831b8f8}> (0x00000000e831b8f8) 
thrown [s\open\src\hotspot\share\prims\jni.cpp, line 516]
Event: 29.487 Thread 0x0000017641636240 Exception <a 'sun/nio/fs/WindowsException'{0x00000000e831ce70}> (0x00000000e831ce70) 
thrown [s\open\src\hotspot\share\prims\jni.cpp, line 516]
Event: 29.704 Thread 0x0000017641636240 Exception <a 'java/lang/NoClassDefFoundError'{0x00000000e7faf768}: org/jetbrains/kotlin/gradle/plugin/KotlinPluginWrapper> (0x00000000e7faf768) 
thrown [s\open\src\hotspot\share\oops\constantPool.cpp, line 835]
Event: 29.704 Thread 0x0000017641636240 Exception <a 'java/lang/NoClassDefFoundError'{0x00000000e7fb1db0}: org/graalvm/buildtools/gradle/NativeImagePlugin> (0x00000000e7fb1db0) 
thrown [s\open\src\hotspot\share\oops\constantPool.cpp, line 835]

VM Operations (20 events):
Event: 24.423 Executing VM operation: ICBufferFull
Event: 24.423 Executing VM operation: ICBufferFull done
Event: 24.949 Executing VM operation: ICBufferFull
Event: 24.949 Executing VM operation: ICBufferFull done
Event: 25.330 Executing VM operation: G1CollectForAllocation
Event: 25.350 Executing VM operation: G1CollectForAllocation done
Event: 25.712 Executing VM operation: ICBufferFull
Event: 25.712 Executing VM operation: ICBufferFull done
Event: 26.717 Executing VM operation: Cleanup
Event: 26.717 Executing VM operation: Cleanup done
Event: 27.095 Executing VM operation: ICBufferFull
Event: 27.095 Executing VM operation: ICBufferFull done
Event: 27.772 Executing VM operation: ICBufferFull
Event: 27.773 Executing VM operation: ICBufferFull done
Event: 28.433 Executing VM operation: ICBufferFull
Event: 28.433 Executing VM operation: ICBufferFull done
Event: 29.395 Executing VM operation: ICBufferFull
Event: 29.395 Executing VM operation: ICBufferFull done
Event: 30.215 Executing VM operation: G1CollectForAllocation
Event: 30.269 Executing VM operation: G1CollectForAllocation done

Events (20 events):
Event: 30.873 Thread 0x0000017644e00d70 Thread added: 0x0000017644e00d70
Event: 30.880 Thread 0x0000017644dfff00 Thread added: 0x0000017644dfff00
Event: 30.888 Thread 0x0000017644dff090 Thread added: 0x0000017644dff090
Event: 30.903 Thread 0x0000017644dfdd50 Thread added: 0x0000017644dfdd50
Event: 30.911 Thread 0x0000017644e055a0 Thread added: 0x0000017644e055a0
Event: 31.081 Thread 0x0000017644e02f20 Thread added: 0x0000017644e02f20
Event: 31.093 Thread 0x0000017644e008a0 Thread added: 0x0000017644e008a0
Event: 31.099 Thread 0x0000017644dfebc0 Thread added: 0x0000017644dfebc0
Event: 31.111 Thread 0x0000017644e04c00 Thread added: 0x0000017644e04c00
Event: 31.127 Thread 0x0000017644dfe6f0 Thread added: 0x0000017644dfe6f0
Event: 31.143 Thread 0x0000017644e01240 Thread added: 0x0000017644e01240
Event: 31.152 Thread 0x0000017644e050d0 Thread added: 0x0000017644e050d0
Event: 31.178 Thread 0x0000017644dff560 Thread added: 0x0000017644dff560
Event: 31.187 Thread 0x0000017644dffa30 Thread added: 0x0000017644dffa30
Event: 31.197 Thread 0x0000017644e033f0 Thread added: 0x0000017644e033f0
Event: 31.203 Thread 0x0000017644e038c0 Thread added: 0x0000017644e038c0
Event: 31.211 Thread 0x0000017644e01710 Thread added: 0x0000017644e01710
Event: 31.223 Thread 0x0000017644e01be0 Thread added: 0x0000017644e01be0
Event: 31.229 Thread 0x0000017644e020b0 Thread added: 0x0000017644e020b0
Event: 31.236 Thread 0x0000017644e02580 Thread added: 0x0000017644e02580


Dynamic libraries:
0x00007ff7c6170000 - 0x00007ff7c6180000 	C:\Java\jdk-17\bin\java.exe
0x00007fff66670000 - 0x00007fff66865000 	C:\Windows\SYSTEM32\ntdll.dll
0x00007fff66570000 - 0x00007fff6662d000 	C:\Windows\System32\KERNEL32.DLL
0x00007fff64400000 - 0x00007fff646c9000 	C:\Windows\System32\KERNELBASE.dll
0x00007fff64300000 - 0x00007fff64400000 	C:\Windows\System32\ucrtbase.dll
0x00007fff4aef0000 - 0x00007fff4af0b000 	C:\Java\jdk-17\bin\VCRUNTIME140.dll
0x00007fff4aa10000 - 0x00007fff4aa29000 	C:\Java\jdk-17\bin\jli.dll
0x00007fff661a0000 - 0x00007fff6624c000 	C:\Windows\System32\ADVAPI32.dll
0x00007fff660a0000 - 0x00007fff6613e000 	C:\Windows\System32\msvcrt.dll
0x00007fff64d30000 - 0x00007fff64dcc000 	C:\Windows\System32\sechost.dll
0x00007fff66300000 - 0x00007fff6642b000 	C:\Windows\System32\RPCRT4.dll
0x00007fff647f0000 - 0x00007fff64990000 	C:\Windows\System32\USER32.dll
0x00007fff642a0000 - 0x00007fff642c2000 	C:\Windows\System32\win32u.dll
0x00007fff46930000 - 0x00007fff46bca000 	C:\Windows\WinSxS\amd64_microsoft.windows.common-controls_6595b64144ccf1df_6.0.19041.844_none_ca00b6081b84eb1d\COMCTL32.dll
0x00007fff64c20000 - 0x00007fff64c4a000 	C:\Windows\System32\GDI32.dll
0x00007fff64010000 - 0x00007fff6411b000 	C:\Windows\System32\gdi32full.dll
0x00007fff63db0000 - 0x00007fff63e4d000 	C:\Windows\System32\msvcp_win.dll
0x00007fff5d220000 - 0x00007fff5d22a000 	C:\Windows\SYSTEM32\VERSION.dll
0x00007fff66540000 - 0x00007fff66570000 	C:\Windows\System32\IMM32.DLL
0x00007fff59e10000 - 0x00007fff59e1c000 	C:\Java\jdk-17\bin\vcruntime140_1.dll
0x00007fff3c930000 - 0x00007fff3c9be000 	C:\Java\jdk-17\bin\msvcp140.dll
0x00007fff194d0000 - 0x00007fff1a0ae000 	C:\Java\jdk-17\bin\server\jvm.dll
0x00007fff66430000 - 0x00007fff66438000 	C:\Windows\System32\PSAPI.DLL
0x00007fff51460000 - 0x00007fff51487000 	C:\Windows\SYSTEM32\WINMM.dll
0x00007fff4ae90000 - 0x00007fff4ae99000 	C:\Windows\SYSTEM32\WSOCK32.dll
0x00007fff64e30000 - 0x00007fff64e9b000 	C:\Windows\System32\WS2_32.dll
0x00007fff61c10000 - 0x00007fff61c22000 	C:\Windows\SYSTEM32\kernel.appcore.dll
0x00007fff58060000 - 0x00007fff5806a000 	C:\Java\jdk-17\bin\jimage.dll
0x00007fff51270000 - 0x00007fff51454000 	C:\Windows\SYSTEM32\DBGHELP.DLL
0x00007fff50a30000 - 0x00007fff50a5c000 	C:\Windows\SYSTEM32\dbgcore.DLL
0x00007fff64120000 - 0x00007fff641a0000 	C:\Windows\System32\bcryptPrimitives.dll
0x00007fff5f980000 - 0x00007fff5f98e000 	C:\Java\jdk-17\bin\instrument.dll
0x00007fff49a10000 - 0x00007fff49a35000 	C:\Java\jdk-17\bin\java.dll
0x00007fff3a9f0000 - 0x00007fff3aac7000 	C:\Java\jdk-17\bin\jsvml.dll
0x00007fff65950000 - 0x00007fff66092000 	C:\Windows\System32\SHELL32.dll
0x00007fff61ef0000 - 0x00007fff62680000 	C:\Windows\SYSTEM32\windows.storage.dll
0x00007fff65440000 - 0x00007fff65795000 	C:\Windows\System32\combase.dll
0x00007fff63680000 - 0x00007fff636ac000 	C:\Windows\SYSTEM32\Wldp.dll
0x00007fff66250000 - 0x00007fff662fe000 	C:\Windows\System32\SHCORE.dll
0x00007fff64790000 - 0x00007fff647e5000 	C:\Windows\System32\shlwapi.dll
0x00007fff63cf0000 - 0x00007fff63d0f000 	C:\Windows\SYSTEM32\profapi.dll
0x00007fff47b50000 - 0x00007fff47b68000 	C:\Java\jdk-17\bin\zip.dll
0x00007fff4a4e0000 - 0x00007fff4a4f9000 	C:\Java\jdk-17\bin\net.dll
0x00007fff5dd90000 - 0x00007fff5de9c000 	C:\Windows\SYSTEM32\WINHTTP.dll
0x00007fff63470000 - 0x00007fff634da000 	C:\Windows\system32\mswsock.dll
0x00007fff4a2f0000 - 0x00007fff4a306000 	C:\Java\jdk-17\bin\nio.dll
0x00007fff4acb0000 - 0x00007fff4acc0000 	C:\Java\jdk-17\bin\verify.dll
0x00007fff5e750000 - 0x00007fff5e777000 	C:\Users\Student\.gradle\native\c067742578af261105cb4f569cf0c3c89f3d7b1fecec35dd04571415982c5e48\windows-amd64\native-platform.dll
0x00007fff4a180000 - 0x00007fff4a2c4000 	C:\Users\Student\.gradle\native\38dada09dfb8b06ba9b0570ebf7e218e3eb74d4ef43ca46872605cf95ebc2f47\windows-amd64\native-platform-file-events.dll
0x00007fff5fcc0000 - 0x00007fff5fcca000 	C:\Java\jdk-17\bin\management.dll
0x00007fff5fc00000 - 0x00007fff5fc0b000 	C:\Java\jdk-17\bin\management_ext.dll
0x00007fff63730000 - 0x00007fff63748000 	C:\Windows\SYSTEM32\CRYPTSP.dll
0x00007fff62e30000 - 0x00007fff62e64000 	C:\Windows\system32\rsaenh.dll
0x00007fff642d0000 - 0x00007fff642f7000 	C:\Windows\System32\bcrypt.dll
0x00007fff63cb0000 - 0x00007fff63cde000 	C:\Windows\SYSTEM32\USERENV.dll
0x00007fff635f0000 - 0x00007fff635fc000 	C:\Windows\SYSTEM32\CRYPTBASE.dll
0x00007fff63180000 - 0x00007fff631bb000 	C:\Windows\SYSTEM32\IPHLPAPI.DLL
0x00007fff64780000 - 0x00007fff64788000 	C:\Windows\System32\NSI.dll
0x00007fff5dd70000 - 0x00007fff5dd87000 	C:\Windows\SYSTEM32\dhcpcsvc6.DLL
0x00007fff5dd40000 - 0x00007fff5dd5d000 	C:\Windows\SYSTEM32\dhcpcsvc.DLL
0x00007fff631c0000 - 0x00007fff6328b000 	C:\Windows\SYSTEM32\DNSAPI.dll
0x00007fff5e660000 - 0x00007fff5e66e000 	C:\Java\jdk-17\bin\sunmscapi.dll
0x00007fff63e50000 - 0x00007fff63faf000 	C:\Windows\System32\CRYPT32.dll
0x00007fff636f0000 - 0x00007fff63717000 	C:\Windows\SYSTEM32\ncrypt.dll
0x00007fff636b0000 - 0x00007fff636eb000 	C:\Windows\SYSTEM32\NTASN1.dll
0x00007fff5fa10000 - 0x00007fff5fa17000 	C:\Windows\system32\wshunix.dll

dbghelp: loaded successfully - version: 4.0.5 - missing functions: none
symbol engine: initialized successfully - sym options: 0x614 - pdb path: .;C:\Java\jdk-17\bin;C:\Windows\SYSTEM32;C:\Windows\WinSxS\amd64_microsoft.windows.common-controls_6595b64144ccf1df_6.0.19041.844_none_ca00b6081b84eb1d;C:\Java\jdk-17\bin\server;C:\Users\Student\.gradle\native\c067742578af261105cb4f569cf0c3c89f3d7b1fecec35dd04571415982c5e48\windows-amd64;C:\Users\Student\.gradle\native\38dada09dfb8b06ba9b0570ebf7e218e3eb74d4ef43ca46872605cf95ebc2f47\windows-amd64

VM Arguments:
jvm_args: --add-opens=java.base/java.util=ALL-UNNAMED --add-opens=java.base/java.lang=ALL-UNNAMED --add-opens=java.base/java.lang.invoke=ALL-UNNAMED --add-opens=java.prefs/java.util.prefs=ALL-UNNAMED --add-opens=java.base/java.nio.charset=ALL-UNNAMED --add-opens=java.base/java.net=ALL-UNNAMED --add-opens=java.base/java.util.concurrent.atomic=ALL-UNNAMED -XX:MaxMetaspaceSize=384m -XX:+HeapDumpOnOutOfMemoryError -Xms256m -Xmx512m -Dfile.encoding=windows-1252 -Duser.country=US -Duser.language=en -Duser.variant -javaagent:C:\Users\Student\.gradle\wrapper\dists\gradle-8.5-bin\5t9huq95ubn472n8rpzujfbqh\gradle-8.5\lib\agents\gradle-instrumentation-agent-8.5.jar 
java_command: org.gradle.launcher.daemon.bootstrap.GradleDaemon 8.5
java_class_path (initial): C:\Users\Student\.gradle\wrapper\dists\gradle-8.5-bin\5t9huq95ubn472n8rpzujfbqh\gradle-8.5\lib\gradle-launcher-8.5.jar
Launcher Type: SUN_STANDARD

[Global flags]
     intx CICompilerCount                          = 4                                         {product} {ergonomic}
   size_t CompressedClassSpaceSize                 = 335544320                                 {product} {ergonomic}
     uint ConcGCThreads                            = 3                                         {product} {ergonomic}
     uint G1ConcRefinementThreads                  = 10                                        {product} {ergonomic}
   size_t G1HeapRegionSize                         = 1048576                                   {product} {ergonomic}
    uintx GCDrainStackTargetSize                   = 64                                        {product} {ergonomic}
     bool HeapDumpOnOutOfMemoryError               = true                                   {manageable} {command line}
   size_t InitialHeapSize                          = 268435456                                 {product} {command line}
   size_t MarkStackSize                            = 4194304                                   {product} {ergonomic}
   size_t MaxHeapSize                              = 536870912                                 {product} {command line}
   size_t MaxMetaspaceSize                         = 402653184                                 {product} {command line}
   size_t MaxNewSize                               = 321912832                                 {product} {ergonomic}
   size_t MinHeapDeltaBytes                        = 1048576                                   {product} {ergonomic}
   size_t MinHeapSize                              = 268435456                                 {product} {command line}
    uintx NonNMethodCodeHeapSize                   = 5839372                                {pd product} {ergonomic}
    uintx NonProfiledCodeHeapSize                  = 122909434                              {pd product} {ergonomic}
    uintx ProfiledCodeHeapSize                     = 122909434                              {pd product} {ergonomic}
    uintx ReservedCodeCacheSize                    = 251658240                              {pd product} {ergonomic}
     bool SegmentedCodeCache                       = true                                      {product} {ergonomic}
   size_t SoftMaxHeapSize                          = 536870912                              {manageable} {ergonomic}
     bool UseCompressedClassPointers               = true                           {product lp64_product} {ergonomic}
     bool UseCompressedOops                        = true                           {product lp64_product} {ergonomic}
     bool UseG1GC                                  = true                                      {product} {ergonomic}
     bool UseLargePagesIndividualAllocation        = false                                  {pd product} {ergonomic}

Logging:
Log output configuration:
 #0: stdout all=warning uptime,level,tags
 #1: stderr all=off uptime,level,tags

Environment Variables:
JAVA_HOME=C:\Java\jdk-17
PATH=C:\Program Files\Common Files\Oracle\Java\javapath;C:\Program Files\copasi.org\COPASI 4.30.240\bin;C:\Program Files (x86)\Common Files\Intel\Shared Files\cpp\bin\Intel64;C:\ProgramData\Anaconda3;C:\ProgramData\Anaconda3\Library\mingw-w64\bin;C:\ProgramData\Anaconda3\Library\usr\bin;C:\ProgramData\Anaconda3\Library\bin;C:\ProgramData\Anaconda3\Scripts;C:\Windows\system32;C:\Windows;C:\Windows\System32\Wbem;C:\Windows\System32\WindowsPowerShell\v1.0\;C:\Windows\System32\OpenSSH\;C:\Program Files\MATLAB\R2013a\runtime\win64;C:\Program Files\MATLAB\R2013a\bin;C:\Program Files (x86)\Microsoft SQL Server\110\Tools\Binn\;C:\Program Files\Microsoft SQL Server\110\Tools\Binn\;C:\Program Files\Microsoft SQL Server\110\DTS\Binn\;C:\Program Files (x86)\Microsoft SQL Server\110\Tools\Binn\ManagementStudio\;C:\Program Files (x86)\Microsoft Visual Studio 10.0\Common7\IDE\PrivateAssemblies\;C:\Program Files (x86)\Microsoft SQL Server\110\DTS\Binn\;C:\Program Files\java\jdk-11.0.9\bin\;C:\Program Files\Git\cmd\;C:\Program Files (x86)\Microsoft SQL Server\Client SDK\ODBC\110\Tools\Binn\;C:\Program Files (x86)\Microsoft SQL Server\120\Tools\Binn\;C:\Program Files (x86)\Microsoft SQL Server\120\DTS\Binn\;C:\Program Files\Microsoft SQL Server\130\Tools\Binn\;C:\Program Files\dotnet\;C:\Program Files\Microsoft SQL Server\Client SDK\ODBC\170\Tools\Binn\;C:\Program Files\nodejs\;C:\gradle-8.2.1\bin\;C:\Program Files\MongoDB\Server\5.0\bin\;C:\Program Files\MongoDB\Tools\100\bin\;C:\Java\apache-maven-3.9.4\bin;;C:\Program Files\Docker\Docker\resources\bin;C:\Users\Student\AppData\Local\Programs\Python\Python312\Scripts\;C:\Users\Student\AppData\Local\Programs\Python\Python312\;C:\Users\Student\AppData\Local\Microsoft\WindowsApps;C:\Users\Student\AppData\Local\Programs\Microsoft VS Code\bin;C:\Users\Student\.dotnet\tools;C:\Users\Student\AppData\Roaming\npm;C:\Users\Student\AppData\Local\Programs\mongosh\;C:\Program Files\MongoDB\Tools\100;C:\Program Files\MongoDB\Server\5.0\bin;;C:\Progra
USERNAME=Student
OS=Windows_NT
PROCESSOR_IDENTIFIER=Intel64 Family 6 Model 165 Stepping 3, GenuineIntel



---------------  S Y S T E M  ---------------

OS:
 Windows 10 , 64 bit Build 19041 (10.0.19041.804)
OS uptime: 0 days 1:36 hours
Hyper-V role detected

CPU: total 12 (initial active 12) (6 cores per cpu, 2 threads per core) family 6 model 165 stepping 3 microcode 0xe0, cx8, cmov, fxsr, ht, mmx, 3dnowpref, sse, sse2, sse3, ssse3, sse4.1, sse4.2, popcnt, lzcnt, tsc, tscinvbit, avx, avx2, aes, erms, clmul, bmi1, bmi2, adx, fma, vzeroupper, clflush, clflushopt, hv

Memory: 4k page, system-wide physical 7939M (1030M free)
TotalPageFile size 11539M (AvailPageFile size 332M)
current process WorkingSet (physical memory assigned to process): 423M, peak: 449M
current process commit charge ("private bytes"): 509M, peak: 536M

vm_info: Java HotSpot(TM) 64-Bit Server VM (17.0.8+9-LTS-211) for windows-amd64 JRE (17.0.8+9-LTS-211), built on Jun 14 2023 10:34:31 by "mach5one" with MS VC++ 17.1 (VS2022)

END.
