#
# There is insufficient memory for the Java Runtime Environment to continue.
# Native memory allocation (malloc) failed to allocate 32744 bytes for ChunkPool::allocate
# Possible reasons:
#   The system is out of physical RAM or swap space
#   The process is running with CompressedOops enabled, and the Java Heap may be blocking the growth of the native heap
# Possible solutions:
#   Reduce memory load on the system
#   Increase physical memory or swap space
#   Check if swap backing store is full
#   Decrease Java heap size (-Xmx/-Xms)
#   Decrease number of Java threads
#   Decrease Java thread stack sizes (-Xss)
#   Set larger code cache with -XX:ReservedCodeCacheSize=
#   JVM is running with Unscaled Compressed Oops mode in which the Java heap is
#     placed in the first 4GB address space. The Java Heap base address is the
#     maximum limit for the native heap growth. Please use -XX:HeapBaseMinAddress
#     to set the Java Heap base and to place the Java Heap above 4GB virtual address.
# This output file may be truncated or incomplete.
#
#  Out of Memory Error (arena.cpp:78), pid=1820, tid=12284
#
# JRE version: Java(TM) SE Runtime Environment (17.0.8+9) (build 17.0.8+9-LTS-211)
# Java VM: Java HotSpot(TM) 64-Bit Server VM (17.0.8+9-LTS-211, mixed mode, sharing, tiered, compressed oops, compressed class ptrs, g1 gc, windows-amd64)
# No core dump will be written. Minidumps are not enabled by default on client versions of Windows
#

---------------  S U M M A R Y ------------

Command Line: --add-opens=java.base/java.util=ALL-UNNAMED --add-opens=java.base/java.lang=ALL-UNNAMED --add-opens=java.base/java.lang.invoke=ALL-UNNAMED --add-opens=java.prefs/java.util.prefs=ALL-UNNAMED --add-opens=java.base/java.nio.charset=ALL-UNNAMED --add-opens=java.base/java.net=ALL-UNNAMED --add-opens=java.base/java.util.concurrent.atomic=ALL-UNNAMED -XX:MaxMetaspaceSize=384m -XX:+HeapDumpOnOutOfMemoryError -Xms256m -Xmx512m -Dfile.encoding=windows-1252 -Duser.country=US -Duser.language=en -Duser.variant -javaagent:C:\Users\Student\.gradle\wrapper\dists\gradle-8.5-bin\5t9huq95ubn472n8rpzujfbqh\gradle-8.5\lib\agents\gradle-instrumentation-agent-8.5.jar org.gradle.launcher.daemon.bootstrap.GradleDaemon 8.5

Host: Intel(R) Core(TM) i5-10400 CPU @ 2.90GHz, 12 cores, 7G,  Windows 10 , 64 bit Build 19041 (10.0.19041.804)
Time: Mon Apr  1 19:47:30 2024 SE Asia Standard Time elapsed time: 15.886454 seconds (0d 0h 0m 15s)

---------------  T H R E A D  ---------------

Current thread (0x0000017411b5ab20):  JavaThread "C1 CompilerThread0" daemon [_thread_in_native, id=12284, stack(0x00000033cdb00000,0x00000033cdc00000)]


Current CompileTask:
C1:  15886 5247       3       sun.reflect.generics.reflectiveObjects.ParameterizedTypeImpl::toString (209 bytes)

Stack: [0x00000033cdb00000,0x00000033cdc00000]
Native frames: (J=compiled Java code, j=interpreted, Vv=VM code, C=native code)
V  [jvm.dll+0x677d0a]
V  [jvm.dll+0x7d8c54]
V  [jvm.dll+0x7da3fe]
V  [jvm.dll+0x7daa63]
V  [jvm.dll+0x245c5f]
V  [jvm.dll+0xaacc0]
V  [jvm.dll+0xab00c]
V  [jvm.dll+0x11c005]
V  [jvm.dll+0x1805c6]
V  [jvm.dll+0x18dc0c]
V  [jvm.dll+0x13439d]
V  [jvm.dll+0x134600]
V  [jvm.dll+0x1348c8]
V  [jvm.dll+0x133d61]
V  [jvm.dll+0x135a0d]
V  [jvm.dll+0x2270be]
V  [jvm.dll+0x22535b]
V  [jvm.dll+0x78e7bc]
V  [jvm.dll+0x788bba]
V  [jvm.dll+0x676b35]
C  [ucrtbase.dll+0x21bb2]
C  [KERNEL32.DLL+0x17034]
C  [ntdll.dll+0x52651]


---------------  P R O C E S S  ---------------

Threads class SMR info:
_java_thread_list=0x00000174302a1350, length=60, elements={
0x0000017476d94580, 0x0000017411b3c9a0, 0x0000017411b3d520, 0x0000017411b557b0,
0x0000017411b56330, 0x0000017411b57c00, 0x0000017411b584c0, 0x0000017411b59160,
0x0000017411b5ab20, 0x0000017411b67940, 0x000001742b0cd480, 0x000001742b1e0f20,
0x000001742d518530, 0x000001742d518a00, 0x000001742d51a210, 0x000001742d51b550,
0x000001742d51ba20, 0x000001742d518060, 0x000001742d51a6e0, 0x000001742d519870,
0x000001742d51abb0, 0x000001742d518ed0, 0x000001742d5193a0, 0x000001742d519d40,
0x000001742d945560, 0x000001742d942a10, 0x000001742d943880, 0x000001742d944bc0,
0x000001742d948a50, 0x000001742d9493f0, 0x000001742d9433b0, 0x000001742d948580,
0x000001742d945a30, 0x000001742d943d50, 0x000001742d946d70, 0x000001742d944220,
0x000001742d942070, 0x000001742d9468a0, 0x000001742d947710, 0x000001742d947be0,
0x000001742f4833c0, 0x000001742f480870, 0x000001742f47fa00, 0x000001742f47f060,
0x000001742f485570, 0x000001742f4868b0, 0x000001742f47f530, 0x000001742f4850a0,
0x000001742f482a20, 0x000001742f47fed0, 0x000001742f4803a0, 0x000001742f485a40,
0x000001742f482550, 0x000001742f480d40, 0x000001742f481bb0, 0x000001742f484bd0,
0x000001742f483890, 0x000001742f483d60, 0x000001742f4863e0, 0x000001742f485f10
}

Java Threads: ( => current thread )
  0x0000017476d94580 JavaThread "main" [_thread_blocked, id=6136, stack(0x00000033ccd00000,0x00000033cce00000)]
  0x0000017411b3c9a0 JavaThread "Reference Handler" daemon [_thread_blocked, id=12600, stack(0x00000033cd400000,0x00000033cd500000)]
  0x0000017411b3d520 JavaThread "Finalizer" daemon [_thread_blocked, id=1244, stack(0x00000033cd500000,0x00000033cd600000)]
  0x0000017411b557b0 JavaThread "Signal Dispatcher" daemon [_thread_blocked, id=8476, stack(0x00000033cd600000,0x00000033cd700000)]
  0x0000017411b56330 JavaThread "Attach Listener" daemon [_thread_blocked, id=11800, stack(0x00000033cd700000,0x00000033cd800000)]
  0x0000017411b57c00 JavaThread "Service Thread" daemon [_thread_blocked, id=7108, stack(0x00000033cd800000,0x00000033cd900000)]
  0x0000017411b584c0 JavaThread "Monitor Deflation Thread" daemon [_thread_blocked, id=11688, stack(0x00000033cd900000,0x00000033cda00000)]
  0x0000017411b59160 JavaThread "C2 CompilerThread0" daemon [_thread_in_native, id=3824, stack(0x00000033cda00000,0x00000033cdb00000)]
=>0x0000017411b5ab20 JavaThread "C1 CompilerThread0" daemon [_thread_in_native, id=12284, stack(0x00000033cdb00000,0x00000033cdc00000)]
  0x0000017411b67940 JavaThread "Sweeper thread" daemon [_thread_blocked, id=11060, stack(0x00000033cdc00000,0x00000033cdd00000)]
  0x000001742b0cd480 JavaThread "Common-Cleaner" daemon [_thread_blocked, id=1280, stack(0x00000033cdd00000,0x00000033cde00000)]
  0x000001742b1e0f20 JavaThread "Notification Thread" daemon [_thread_blocked, id=11624, stack(0x00000033cde00000,0x00000033cdf00000)]
  0x000001742d518530 JavaThread "Daemon health stats" [_thread_blocked, id=12040, stack(0x00000033ce700000,0x00000033ce800000)]
  0x000001742d518a00 JavaThread "Incoming local TCP Connector on port 51871" [_thread_in_native, id=12164, stack(0x00000033ce800000,0x00000033ce900000)]
  0x000001742d51a210 JavaThread "Daemon periodic checks" [_thread_blocked, id=10032, stack(0x00000033ce900000,0x00000033cea00000)]
  0x000001742d51b550 JavaThread "Daemon" [_thread_blocked, id=9480, stack(0x00000033cea00000,0x00000033ceb00000)]
  0x000001742d51ba20 JavaThread "Handler for socket connection from /127.0.0.1:51871 to /127.0.0.1:51872" [_thread_in_native, id=11480, stack(0x00000033ceb00000,0x00000033cec00000)]
  0x000001742d518060 JavaThread "Cancel handler" [_thread_blocked, id=12804, stack(0x00000033cec00000,0x00000033ced00000)]
  0x000001742d51a6e0 JavaThread "Daemon worker" [_thread_in_vm, id=6456, stack(0x00000033ced00000,0x00000033cee00000)]
  0x000001742d519870 JavaThread "Asynchronous log dispatcher for DefaultDaemonConnection: socket connection from /127.0.0.1:51871 to /127.0.0.1:51872" [_thread_blocked, id=12200, stack(0x00000033cee00000,0x00000033cef00000)]
  0x000001742d51abb0 JavaThread "Stdin handler" [_thread_blocked, id=1968, stack(0x00000033cef00000,0x00000033cf000000)]
  0x000001742d518ed0 JavaThread "Daemon client event forwarder" [_thread_blocked, id=1928, stack(0x00000033cf000000,0x00000033cf100000)]
  0x000001742d5193a0 JavaThread "Cache worker for journal cache (C:\Users\Student\.gradle\caches\journal-1)" [_thread_blocked, id=10088, stack(0x00000033ce000000,0x00000033ce100000)]
  0x000001742d519d40 JavaThread "File lock request listener" [_thread_in_native, id=10152, stack(0x00000033ce100000,0x00000033ce200000)]
  0x000001742d945560 JavaThread "Cache worker for file hash cache (C:\Users\Student\.gradle\caches\8.5\fileHashes)" [_thread_blocked, id=12812, stack(0x00000033cf200000,0x00000033cf300000)]
  0x000001742d942a10 JavaThread "File lock release action executor" [_thread_blocked, id=10300, stack(0x00000033cf400000,0x00000033cf500000)]
  0x000001742d943880 JavaThread "File watcher server" daemon [_thread_in_native, id=11464, stack(0x00000033cf500000,0x00000033cf600000)]
  0x000001742d944bc0 JavaThread "File watcher consumer" daemon [_thread_blocked, id=8052, stack(0x00000033cf600000,0x00000033cf700000)]
  0x000001742d948a50 JavaThread "Cache worker for checksums cache (T:\SoftwareArchitecture-Week7\Service2_User\.gradle\8.5\checksums)" [_thread_blocked, id=13164, stack(0x00000033cf100000,0x00000033cf200000)]
  0x000001742d9493f0 JavaThread "Cache worker for file hash cache (T:\SoftwareArchitecture-Week7\Service2_User\.gradle\8.5\fileHashes)" [_thread_blocked, id=1444, stack(0x00000033cfc00000,0x00000033cfd00000)]
  0x000001742d9433b0 JavaThread "Cache worker for cache directory md-supplier (C:\Users\Student\.gradle\caches\8.5\md-supplier)" [_thread_blocked, id=11948, stack(0x00000033cfd00000,0x00000033cfe00000)]
  0x000001742d948580 JavaThread "Cache worker for cache directory md-rule (C:\Users\Student\.gradle\caches\8.5\md-rule)" [_thread_blocked, id=11296, stack(0x00000033cfe00000,0x00000033cff00000)]
  0x000001742d945a30 JavaThread "Cache worker for file content cache (C:\Users\Student\.gradle\caches\8.5\fileContent)" [_thread_blocked, id=10920, stack(0x00000033cff00000,0x00000033d0000000)]
  0x000001742d943d50 JavaThread "Cache worker for execution history cache (C:\Users\Student\.gradle\caches\8.5\executionHistory)" [_thread_blocked, id=10220, stack(0x00000033d0000000,0x00000033d0100000)]
  0x000001742d946d70 JavaThread "jar transforms" [_thread_blocked, id=11176, stack(0x00000033d0100000,0x00000033d0200000)]
  0x000001742d944220 JavaThread "jar transforms Thread 2" [_thread_blocked, id=1472, stack(0x00000033d0200000,0x00000033d0300000)]
  0x000001742d942070 JavaThread "jar transforms Thread 3" [_thread_blocked, id=12744, stack(0x00000033d0500000,0x00000033d0600000)]
  0x000001742d9468a0 JavaThread "jar transforms Thread 4" [_thread_blocked, id=11992, stack(0x00000033d0600000,0x00000033d0700000)]
  0x000001742d947710 JavaThread "jar transforms Thread 5" [_thread_blocked, id=7384, stack(0x00000033d0700000,0x00000033d0800000)]
  0x000001742d947be0 JavaThread "jar transforms Thread 6" [_thread_blocked, id=9168, stack(0x00000033d0800000,0x00000033d0900000)]
  0x000001742f4833c0 JavaThread "Cache worker for dependencies-accessors (T:\SoftwareArchitecture-Week7\Service2_User\.gradle\8.5\dependencies-accessors)" [_thread_blocked, id=2188, stack(0x00000033d0900000,0x00000033d0a00000)]
  0x000001742f480870 JavaThread "jar transforms Thread 7" [_thread_blocked, id=13240, stack(0x00000033d0a00000,0x00000033d0b00000)]
  0x000001742f47fa00 JavaThread "Cache worker for Build Output Cleanup Cache (T:\SoftwareArchitecture-Week7\Service2_User\.gradle\buildOutputCleanup)" [_thread_blocked, id=9464, stack(0x00000033d0b00000,0x00000033d0c00000)]
  0x000001742f47f060 JavaThread "Unconstrained build operations" [_thread_blocked, id=10236, stack(0x00000033d0e00000,0x00000033d0f00000)]
  0x000001742f485570 JavaThread "Unconstrained build operations Thread 2" [_thread_blocked, id=9256, stack(0x00000033d0f00000,0x00000033d1000000)]
  0x000001742f4868b0 JavaThread "Unconstrained build operations Thread 3" [_thread_blocked, id=10492, stack(0x00000033d1000000,0x00000033d1100000)]
  0x000001742f47f530 JavaThread "Unconstrained build operations Thread 4" [_thread_blocked, id=3140, stack(0x00000033d1100000,0x00000033d1200000)]
  0x000001742f4850a0 JavaThread "Unconstrained build operations Thread 5" [_thread_blocked, id=11696, stack(0x00000033d1200000,0x00000033d1300000)]
  0x000001742f482a20 JavaThread "Unconstrained build operations Thread 6" [_thread_blocked, id=11840, stack(0x00000033d1300000,0x00000033d1400000)]
  0x000001742f47fed0 JavaThread "Unconstrained build operations Thread 7" [_thread_blocked, id=3784, stack(0x00000033d1400000,0x00000033d1500000)]
  0x000001742f4803a0 JavaThread "Unconstrained build operations Thread 8" [_thread_blocked, id=1552, stack(0x00000033d1500000,0x00000033d1600000)]
  0x000001742f485a40 JavaThread "Unconstrained build operations Thread 9" [_thread_blocked, id=12476, stack(0x00000033d1600000,0x00000033d1700000)]
  0x000001742f482550 JavaThread "Unconstrained build operations Thread 10" [_thread_blocked, id=12004, stack(0x00000033d1700000,0x00000033d1800000)]
  0x000001742f480d40 JavaThread "Unconstrained build operations Thread 11" [_thread_blocked, id=8792, stack(0x00000033d1800000,0x00000033d1900000)]
  0x000001742f481bb0 JavaThread "jar transforms Thread 8" [_thread_blocked, id=12036, stack(0x00000033d0c00000,0x00000033d0d00000)]
  0x000001742f484bd0 JavaThread "jar transforms Thread 9" [_thread_blocked, id=4676, stack(0x00000033d0d00000,0x00000033d0e00000)]
  0x000001742f483890 JavaThread "jar transforms Thread 10" [_thread_blocked, id=11836, stack(0x00000033d1900000,0x00000033d1a00000)]
  0x000001742f483d60 JavaThread "jar transforms Thread 11" [_thread_blocked, id=6888, stack(0x00000033d1a00000,0x00000033d1b00000)]
  0x000001742f4863e0 JavaThread "jar transforms Thread 12" [_thread_blocked, id=10780, stack(0x00000033d1b00000,0x00000033d1c00000)]
  0x000001742f485f10 JavaThread "Memory manager" [_thread_blocked, id=13204, stack(0x00000033d1d00000,0x00000033d1e00000)]

Other Threads:
  0x0000017411b386e0 VMThread "VM Thread" [stack: 0x00000033cd300000,0x00000033cd400000] [id=12296]
  0x000001742b1e13f0 WatcherThread [stack: 0x00000033cdf00000,0x00000033ce000000] [id=9660]
  0x0000017476dc4230 GCTaskThread "GC Thread#0" [stack: 0x00000033cce00000,0x00000033ccf00000] [id=12264]
  0x000001742be7cde0 GCTaskThread "GC Thread#1" [stack: 0x00000033ce200000,0x00000033ce300000] [id=6932]
  0x000001742be7d090 GCTaskThread "GC Thread#2" [stack: 0x00000033ce300000,0x00000033ce400000] [id=10496]
  0x000001742be7d340 GCTaskThread "GC Thread#3" [stack: 0x00000033ce400000,0x00000033ce500000] [id=4808]
  0x000001742be7d5f0 GCTaskThread "GC Thread#4" [stack: 0x00000033ce500000,0x00000033ce600000] [id=3820]
  0x000001742bebbcc0 GCTaskThread "GC Thread#5" [stack: 0x00000033ce600000,0x00000033ce700000] [id=7124]
  0x000001742ef37180 GCTaskThread "GC Thread#6" [stack: 0x00000033cf300000,0x00000033cf400000] [id=11036]
  0x000001742da19380 GCTaskThread "GC Thread#7" [stack: 0x00000033cf700000,0x00000033cf800000] [id=4072]
  0x000001742e347880 GCTaskThread "GC Thread#8" [stack: 0x00000033cf800000,0x00000033cf900000] [id=8844]
  0x000001742e347b30 GCTaskThread "GC Thread#9" [stack: 0x00000033cf900000,0x00000033cfa00000] [id=7676]
  0x0000017476dc9f90 ConcurrentGCThread "G1 Main Marker" [stack: 0x00000033ccf00000,0x00000033cd000000] [id=2696]
  0x0000017476dca7b0 ConcurrentGCThread "G1 Conc#0" [stack: 0x00000033cd000000,0x00000033cd100000] [id=9548]
  0x000001742e348340 ConcurrentGCThread "G1 Conc#1" [stack: 0x00000033cfa00000,0x00000033cfb00000] [id=12952]
  0x000001742e3488a0 ConcurrentGCThread "G1 Conc#2" [stack: 0x00000033cfb00000,0x00000033cfc00000] [id=788]
  0x0000017476e6d740 ConcurrentGCThread "G1 Refine#0" [stack: 0x00000033cd100000,0x00000033cd200000] [id=13288]
  0x000001742f593430 ConcurrentGCThread "G1 Refine#1" [stack: 0x00000033d0300000,0x00000033d0400000] [id=9884]
  0x000001742f594850 ConcurrentGCThread "G1 Refine#2" [stack: 0x00000033d0400000,0x00000033d0500000] [id=10684]
  0x0000017476e6df70 ConcurrentGCThread "G1 Service" [stack: 0x00000033cd200000,0x00000033cd300000] [id=12492]

Threads with active compile tasks:
C2 CompilerThread0    15989 5227       4       java.lang.PublicMethods::merge (81 bytes)
C1 CompilerThread0    15989 5247       3       sun.reflect.generics.reflectiveObjects.ParameterizedTypeImpl::toString (209 bytes)

VM state: not at safepoint (normal execution)

VM Mutex/Monitor currently owned by a thread:  ([mutex/lock_event])
[0x0000017476d909a0] Metaspace_lock - owner thread: 0x000001742d51a6e0

Heap address: 0x00000000e0000000, size: 512 MB, Compressed Oops mode: 32-bit

CDS archive(s) mapped at: [0x0000017412000000-0x0000017412bd0000-0x0000017412bd0000), size 12386304, SharedBaseAddress: 0x0000017412000000, ArchiveRelocationMode: 1.
Compressed class space mapped at: 0x0000017413000000-0x0000017427000000, reserved size: 335544320
Narrow klass base: 0x0000017412000000, Narrow klass shift: 0, Narrow klass range: 0x100000000

GC Precious Log:
 CPUs: 12 total, 12 available
 Memory: 7939M
 Large Page Support: Disabled
 NUMA Support: Disabled
 Compressed Oops: Enabled (32-bit)
 Heap Region Size: 1M
 Heap Min Capacity: 256M
 Heap Initial Capacity: 256M
 Heap Max Capacity: 512M
 Pre-touch: Disabled
 Parallel Workers: 10
 Concurrent Workers: 3
 Concurrent Refinement Workers: 10
 Periodic GC: Disabled

Heap:
 garbage-first heap   total 262144K, used 158440K [0x00000000e0000000, 0x0000000100000000)
  region size 1024K, 126 young (129024K), 1 survivors (1024K)
 Metaspace       used 46968K, committed 47360K, reserved 393216K
  class space    used 6720K, committed 6912K, reserved 327680K

Heap Regions: E=young(eden), S=young(survivor), O=old, HS=humongous(starts), HC=humongous(continues), CS=collection set, F=free, OA=open archive, CA=closed archive, TAMS=top-at-mark-start (previous, next)
|   0|0x00000000e0000000, 0x00000000e0100000, 0x00000000e0100000|100%|HS|  |TAMS 0x00000000e0100000, 0x00000000e0000000| Complete 
|   1|0x00000000e0100000, 0x00000000e0200000, 0x00000000e0200000|100%|HC|  |TAMS 0x00000000e0200000, 0x00000000e0100000| Complete 
|   2|0x00000000e0200000, 0x00000000e0300000, 0x00000000e0300000|100%|HC|  |TAMS 0x00000000e0300000, 0x00000000e0200000| Complete 
|   3|0x00000000e0300000, 0x00000000e0400000, 0x00000000e0400000|100%|HC|  |TAMS 0x00000000e0400000, 0x00000000e0300000| Complete 
|   4|0x00000000e0400000, 0x00000000e0500000, 0x00000000e0500000|100%| O|  |TAMS 0x00000000e0500000, 0x00000000e0400000| Untracked 
|   5|0x00000000e0500000, 0x00000000e0600000, 0x00000000e0600000|100%| O|  |TAMS 0x00000000e0600000, 0x00000000e0500000| Untracked 
|   6|0x00000000e0600000, 0x00000000e0700000, 0x00000000e0700000|100%| O|  |TAMS 0x00000000e0700000, 0x00000000e0600000| Untracked 
|   7|0x00000000e0700000, 0x00000000e0800000, 0x00000000e0800000|100%|HS|  |TAMS 0x00000000e0700000, 0x00000000e0700000| Complete 
|   8|0x00000000e0800000, 0x00000000e0900000, 0x00000000e0900000|100%| O|  |TAMS 0x00000000e0900000, 0x00000000e0800000| Untracked 
|   9|0x00000000e0900000, 0x00000000e0a00000, 0x00000000e0a00000|100%| O|  |TAMS 0x00000000e0a00000, 0x00000000e0900000| Untracked 
|  10|0x00000000e0a00000, 0x00000000e0b00000, 0x00000000e0b00000|100%| O|  |TAMS 0x00000000e0b00000, 0x00000000e0a00000| Untracked 
|  11|0x00000000e0b00000, 0x00000000e0c00000, 0x00000000e0c00000|100%| O|  |TAMS 0x00000000e0c00000, 0x00000000e0b00000| Untracked 
|  12|0x00000000e0c00000, 0x00000000e0d00000, 0x00000000e0d00000|100%| O|  |TAMS 0x00000000e0d00000, 0x00000000e0c00000| Untracked 
|  13|0x00000000e0d00000, 0x00000000e0e00000, 0x00000000e0e00000|100%| O|  |TAMS 0x00000000e0e00000, 0x00000000e0d00000| Untracked 
|  14|0x00000000e0e00000, 0x00000000e0f00000, 0x00000000e0f00000|100%| O|  |TAMS 0x00000000e0f00000, 0x00000000e0e00000| Untracked 
|  15|0x00000000e0f00000, 0x00000000e1000000, 0x00000000e1000000|100%| O|  |TAMS 0x00000000e1000000, 0x00000000e0f00000| Untracked 
|  16|0x00000000e1000000, 0x00000000e1100000, 0x00000000e1100000|100%| O|  |TAMS 0x00000000e1100000, 0x00000000e1000000| Untracked 
|  17|0x00000000e1100000, 0x00000000e1200000, 0x00000000e1200000|100%| O|  |TAMS 0x00000000e1200000, 0x00000000e1100000| Untracked 
|  18|0x00000000e1200000, 0x00000000e1300000, 0x00000000e1300000|100%| O|  |TAMS 0x00000000e1300000, 0x00000000e1200000| Untracked 
|  19|0x00000000e1300000, 0x00000000e1400000, 0x00000000e1400000|100%| O|  |TAMS 0x00000000e1400000, 0x00000000e1300000| Untracked 
|  20|0x00000000e1400000, 0x00000000e1500000, 0x00000000e1500000|100%| O|  |TAMS 0x00000000e1500000, 0x00000000e1400000| Untracked 
|  21|0x00000000e1500000, 0x00000000e1600000, 0x00000000e1600000|100%| O|  |TAMS 0x00000000e1600000, 0x00000000e1500000| Untracked 
|  22|0x00000000e1600000, 0x00000000e1700000, 0x00000000e1700000|100%| O|  |TAMS 0x00000000e1700000, 0x00000000e1600000| Untracked 
|  23|0x00000000e1700000, 0x00000000e1800000, 0x00000000e1800000|100%| O|  |TAMS 0x00000000e1800000, 0x00000000e1700000| Untracked 
|  24|0x00000000e1800000, 0x00000000e1900000, 0x00000000e1900000|100%| O|  |TAMS 0x00000000e1900000, 0x00000000e1800000| Untracked 
|  25|0x00000000e1900000, 0x00000000e1a00000, 0x00000000e1a00000|100%| O|  |TAMS 0x00000000e1a00000, 0x00000000e1900000| Untracked 
|  26|0x00000000e1a00000, 0x00000000e1b00000, 0x00000000e1b00000|100%| O|  |TAMS 0x00000000e1b00000, 0x00000000e1a00000| Untracked 
|  27|0x00000000e1b00000, 0x00000000e1c00000, 0x00000000e1c00000|100%| O|  |TAMS 0x00000000e1c00000, 0x00000000e1b00000| Untracked 
|  28|0x00000000e1c00000, 0x00000000e1d00000, 0x00000000e1d00000|100%| O|  |TAMS 0x00000000e1d00000, 0x00000000e1c00000| Untracked 
|  29|0x00000000e1d00000, 0x00000000e1e00000, 0x00000000e1e00000|100%| O|  |TAMS 0x00000000e1e00000, 0x00000000e1d00000| Untracked 
|  30|0x00000000e1e00000, 0x00000000e1e59e00, 0x00000000e1f00000| 35%| O|  |TAMS 0x00000000e1e59e00, 0x00000000e1e00000| Untracked 
|  31|0x00000000e1f00000, 0x00000000e2000000, 0x00000000e2000000|100%|HS|  |TAMS 0x00000000e1f00000, 0x00000000e1f00000| Complete 
|  32|0x00000000e2000000, 0x00000000e2000000, 0x00000000e2100000|  0%| F|  |TAMS 0x00000000e2000000, 0x00000000e2000000| Untracked 
|  33|0x00000000e2100000, 0x00000000e2100000, 0x00000000e2200000|  0%| F|  |TAMS 0x00000000e2100000, 0x00000000e2100000| Untracked 
|  34|0x00000000e2200000, 0x00000000e2200000, 0x00000000e2300000|  0%| F|  |TAMS 0x00000000e2200000, 0x00000000e2200000| Untracked 
|  35|0x00000000e2300000, 0x00000000e2300000, 0x00000000e2400000|  0%| F|  |TAMS 0x00000000e2300000, 0x00000000e2300000| Untracked 
|  36|0x00000000e2400000, 0x00000000e2400000, 0x00000000e2500000|  0%| F|  |TAMS 0x00000000e2400000, 0x00000000e2400000| Untracked 
|  37|0x00000000e2500000, 0x00000000e2500000, 0x00000000e2600000|  0%| F|  |TAMS 0x00000000e2500000, 0x00000000e2500000| Untracked 
|  38|0x00000000e2600000, 0x00000000e2600000, 0x00000000e2700000|  0%| F|  |TAMS 0x00000000e2600000, 0x00000000e2600000| Untracked 
|  39|0x00000000e2700000, 0x00000000e2700000, 0x00000000e2800000|  0%| F|  |TAMS 0x00000000e2700000, 0x00000000e2700000| Untracked 
|  40|0x00000000e2800000, 0x00000000e2800000, 0x00000000e2900000|  0%| F|  |TAMS 0x00000000e2800000, 0x00000000e2800000| Untracked 
|  41|0x00000000e2900000, 0x00000000e2900000, 0x00000000e2a00000|  0%| F|  |TAMS 0x00000000e2900000, 0x00000000e2900000| Untracked 
|  42|0x00000000e2a00000, 0x00000000e2a00000, 0x00000000e2b00000|  0%| F|  |TAMS 0x00000000e2a00000, 0x00000000e2a00000| Untracked 
|  43|0x00000000e2b00000, 0x00000000e2b00000, 0x00000000e2c00000|  0%| F|  |TAMS 0x00000000e2b00000, 0x00000000e2b00000| Untracked 
|  44|0x00000000e2c00000, 0x00000000e2c00000, 0x00000000e2d00000|  0%| F|  |TAMS 0x00000000e2c00000, 0x00000000e2c00000| Untracked 
|  45|0x00000000e2d00000, 0x00000000e2d00000, 0x00000000e2e00000|  0%| F|  |TAMS 0x00000000e2d00000, 0x00000000e2d00000| Untracked 
|  46|0x00000000e2e00000, 0x00000000e2e00000, 0x00000000e2f00000|  0%| F|  |TAMS 0x00000000e2e00000, 0x00000000e2e00000| Untracked 
|  47|0x00000000e2f00000, 0x00000000e2f00000, 0x00000000e3000000|  0%| F|  |TAMS 0x00000000e2f00000, 0x00000000e2f00000| Untracked 
|  48|0x00000000e3000000, 0x00000000e3000000, 0x00000000e3100000|  0%| F|  |TAMS 0x00000000e3000000, 0x00000000e3000000| Untracked 
|  49|0x00000000e3100000, 0x00000000e3100000, 0x00000000e3200000|  0%| F|  |TAMS 0x00000000e3100000, 0x00000000e3100000| Untracked 
|  50|0x00000000e3200000, 0x00000000e3200000, 0x00000000e3300000|  0%| F|  |TAMS 0x00000000e3200000, 0x00000000e3200000| Untracked 
|  51|0x00000000e3300000, 0x00000000e3300000, 0x00000000e3400000|  0%| F|  |TAMS 0x00000000e3300000, 0x00000000e3300000| Untracked 
|  52|0x00000000e3400000, 0x00000000e3400000, 0x00000000e3500000|  0%| F|  |TAMS 0x00000000e3400000, 0x00000000e3400000| Untracked 
|  53|0x00000000e3500000, 0x00000000e3500000, 0x00000000e3600000|  0%| F|  |TAMS 0x00000000e3500000, 0x00000000e3500000| Untracked 
|  54|0x00000000e3600000, 0x00000000e3600000, 0x00000000e3700000|  0%| F|  |TAMS 0x00000000e3600000, 0x00000000e3600000| Untracked 
|  55|0x00000000e3700000, 0x00000000e3700000, 0x00000000e3800000|  0%| F|  |TAMS 0x00000000e3700000, 0x00000000e3700000| Untracked 
|  56|0x00000000e3800000, 0x00000000e3800000, 0x00000000e3900000|  0%| F|  |TAMS 0x00000000e3800000, 0x00000000e3800000| Untracked 
|  57|0x00000000e3900000, 0x00000000e3900000, 0x00000000e3a00000|  0%| F|  |TAMS 0x00000000e3900000, 0x00000000e3900000| Untracked 
|  58|0x00000000e3a00000, 0x00000000e3a00000, 0x00000000e3b00000|  0%| F|  |TAMS 0x00000000e3a00000, 0x00000000e3a00000| Untracked 
|  59|0x00000000e3b00000, 0x00000000e3b00000, 0x00000000e3c00000|  0%| F|  |TAMS 0x00000000e3b00000, 0x00000000e3b00000| Untracked 
|  60|0x00000000e3c00000, 0x00000000e3c00000, 0x00000000e3d00000|  0%| F|  |TAMS 0x00000000e3c00000, 0x00000000e3c00000| Untracked 
|  61|0x00000000e3d00000, 0x00000000e3d00000, 0x00000000e3e00000|  0%| F|  |TAMS 0x00000000e3d00000, 0x00000000e3d00000| Untracked 
|  62|0x00000000e3e00000, 0x00000000e3e00000, 0x00000000e3f00000|  0%| F|  |TAMS 0x00000000e3e00000, 0x00000000e3e00000| Untracked 
|  63|0x00000000e3f00000, 0x00000000e3f00000, 0x00000000e4000000|  0%| F|  |TAMS 0x00000000e3f00000, 0x00000000e3f00000| Untracked 
|  64|0x00000000e4000000, 0x00000000e4000000, 0x00000000e4100000|  0%| F|  |TAMS 0x00000000e4000000, 0x00000000e4000000| Untracked 
|  65|0x00000000e4100000, 0x00000000e4100000, 0x00000000e4200000|  0%| F|  |TAMS 0x00000000e4100000, 0x00000000e4100000| Untracked 
|  66|0x00000000e4200000, 0x00000000e4200000, 0x00000000e4300000|  0%| F|  |TAMS 0x00000000e4200000, 0x00000000e4200000| Untracked 
|  67|0x00000000e4300000, 0x00000000e4300000, 0x00000000e4400000|  0%| F|  |TAMS 0x00000000e4300000, 0x00000000e4300000| Untracked 
|  68|0x00000000e4400000, 0x00000000e4400000, 0x00000000e4500000|  0%| F|  |TAMS 0x00000000e4400000, 0x00000000e4400000| Untracked 
|  69|0x00000000e4500000, 0x00000000e4500000, 0x00000000e4600000|  0%| F|  |TAMS 0x00000000e4500000, 0x00000000e4500000| Untracked 
|  70|0x00000000e4600000, 0x00000000e4600000, 0x00000000e4700000|  0%| F|  |TAMS 0x00000000e4600000, 0x00000000e4600000| Untracked 
|  71|0x00000000e4700000, 0x00000000e4700000, 0x00000000e4800000|  0%| F|  |TAMS 0x00000000e4700000, 0x00000000e4700000| Untracked 
|  72|0x00000000e4800000, 0x00000000e4800000, 0x00000000e4900000|  0%| F|  |TAMS 0x00000000e4800000, 0x00000000e4800000| Untracked 
|  73|0x00000000e4900000, 0x00000000e4900000, 0x00000000e4a00000|  0%| F|  |TAMS 0x00000000e4900000, 0x00000000e4900000| Untracked 
|  74|0x00000000e4a00000, 0x00000000e4a00000, 0x00000000e4b00000|  0%| F|  |TAMS 0x00000000e4a00000, 0x00000000e4a00000| Untracked 
|  75|0x00000000e4b00000, 0x00000000e4b00000, 0x00000000e4c00000|  0%| F|  |TAMS 0x00000000e4b00000, 0x00000000e4b00000| Untracked 
|  76|0x00000000e4c00000, 0x00000000e4c00000, 0x00000000e4d00000|  0%| F|  |TAMS 0x00000000e4c00000, 0x00000000e4c00000| Untracked 
|  77|0x00000000e4d00000, 0x00000000e4d00000, 0x00000000e4e00000|  0%| F|  |TAMS 0x00000000e4d00000, 0x00000000e4d00000| Untracked 
|  78|0x00000000e4e00000, 0x00000000e4e00000, 0x00000000e4f00000|  0%| F|  |TAMS 0x00000000e4e00000, 0x00000000e4e00000| Untracked 
|  79|0x00000000e4f00000, 0x00000000e4f00000, 0x00000000e5000000|  0%| F|  |TAMS 0x00000000e4f00000, 0x00000000e4f00000| Untracked 
|  80|0x00000000e5000000, 0x00000000e5000000, 0x00000000e5100000|  0%| F|  |TAMS 0x00000000e5000000, 0x00000000e5000000| Untracked 
|  81|0x00000000e5100000, 0x00000000e5100000, 0x00000000e5200000|  0%| F|  |TAMS 0x00000000e5100000, 0x00000000e5100000| Untracked 
|  82|0x00000000e5200000, 0x00000000e5200000, 0x00000000e5300000|  0%| F|  |TAMS 0x00000000e5200000, 0x00000000e5200000| Untracked 
|  83|0x00000000e5300000, 0x00000000e5300000, 0x00000000e5400000|  0%| F|  |TAMS 0x00000000e5300000, 0x00000000e5300000| Untracked 
|  84|0x00000000e5400000, 0x00000000e5400000, 0x00000000e5500000|  0%| F|  |TAMS 0x00000000e5400000, 0x00000000e5400000| Untracked 
|  85|0x00000000e5500000, 0x00000000e5500000, 0x00000000e5600000|  0%| F|  |TAMS 0x00000000e5500000, 0x00000000e5500000| Untracked 
|  86|0x00000000e5600000, 0x00000000e5600000, 0x00000000e5700000|  0%| F|  |TAMS 0x00000000e5600000, 0x00000000e5600000| Untracked 
|  87|0x00000000e5700000, 0x00000000e5700000, 0x00000000e5800000|  0%| F|  |TAMS 0x00000000e5700000, 0x00000000e5700000| Untracked 
|  88|0x00000000e5800000, 0x00000000e5800000, 0x00000000e5900000|  0%| F|  |TAMS 0x00000000e5800000, 0x00000000e5800000| Untracked 
|  89|0x00000000e5900000, 0x00000000e5900000, 0x00000000e5a00000|  0%| F|  |TAMS 0x00000000e5900000, 0x00000000e5900000| Untracked 
|  90|0x00000000e5a00000, 0x00000000e5a00000, 0x00000000e5b00000|  0%| F|  |TAMS 0x00000000e5a00000, 0x00000000e5a00000| Untracked 
|  91|0x00000000e5b00000, 0x00000000e5b00000, 0x00000000e5c00000|  0%| F|  |TAMS 0x00000000e5b00000, 0x00000000e5b00000| Untracked 
|  92|0x00000000e5c00000, 0x00000000e5c00000, 0x00000000e5d00000|  0%| F|  |TAMS 0x00000000e5c00000, 0x00000000e5c00000| Untracked 
|  93|0x00000000e5d00000, 0x00000000e5d00000, 0x00000000e5e00000|  0%| F|  |TAMS 0x00000000e5d00000, 0x00000000e5d00000| Untracked 
|  94|0x00000000e5e00000, 0x00000000e5e00000, 0x00000000e5f00000|  0%| F|  |TAMS 0x00000000e5e00000, 0x00000000e5e00000| Untracked 
|  95|0x00000000e5f00000, 0x00000000e5f00000, 0x00000000e6000000|  0%| F|  |TAMS 0x00000000e5f00000, 0x00000000e5f00000| Untracked 
|  96|0x00000000e6000000, 0x00000000e6000000, 0x00000000e6100000|  0%| F|  |TAMS 0x00000000e6000000, 0x00000000e6000000| Untracked 
|  97|0x00000000e6100000, 0x00000000e6100000, 0x00000000e6200000|  0%| F|  |TAMS 0x00000000e6100000, 0x00000000e6100000| Untracked 
|  98|0x00000000e6200000, 0x00000000e6200000, 0x00000000e6300000|  0%| F|  |TAMS 0x00000000e6200000, 0x00000000e6200000| Untracked 
|  99|0x00000000e6300000, 0x00000000e6300000, 0x00000000e6400000|  0%| F|  |TAMS 0x00000000e6300000, 0x00000000e6300000| Untracked 
| 100|0x00000000e6400000, 0x00000000e6400000, 0x00000000e6500000|  0%| F|  |TAMS 0x00000000e6400000, 0x00000000e6400000| Untracked 
| 101|0x00000000e6500000, 0x00000000e6500000, 0x00000000e6600000|  0%| F|  |TAMS 0x00000000e6500000, 0x00000000e6500000| Untracked 
| 102|0x00000000e6600000, 0x00000000e6600000, 0x00000000e6700000|  0%| F|  |TAMS 0x00000000e6600000, 0x00000000e6600000| Untracked 
| 103|0x00000000e6700000, 0x00000000e6700000, 0x00000000e6800000|  0%| F|  |TAMS 0x00000000e6700000, 0x00000000e6700000| Untracked 
| 104|0x00000000e6800000, 0x00000000e6800000, 0x00000000e6900000|  0%| F|  |TAMS 0x00000000e6800000, 0x00000000e6800000| Untracked 
| 105|0x00000000e6900000, 0x00000000e6900000, 0x00000000e6a00000|  0%| F|  |TAMS 0x00000000e6900000, 0x00000000e6900000| Untracked 
| 106|0x00000000e6a00000, 0x00000000e6a00000, 0x00000000e6b00000|  0%| F|  |TAMS 0x00000000e6a00000, 0x00000000e6a00000| Untracked 
| 107|0x00000000e6b00000, 0x00000000e6b00000, 0x00000000e6c00000|  0%| F|  |TAMS 0x00000000e6b00000, 0x00000000e6b00000| Untracked 
| 108|0x00000000e6c00000, 0x00000000e6c00000, 0x00000000e6d00000|  0%| F|  |TAMS 0x00000000e6c00000, 0x00000000e6c00000| Untracked 
| 109|0x00000000e6d00000, 0x00000000e6d00000, 0x00000000e6e00000|  0%| F|  |TAMS 0x00000000e6d00000, 0x00000000e6d00000| Untracked 
| 110|0x00000000e6e00000, 0x00000000e6e00000, 0x00000000e6f00000|  0%| F|  |TAMS 0x00000000e6e00000, 0x00000000e6e00000| Untracked 
| 111|0x00000000e6f00000, 0x00000000e6f00000, 0x00000000e7000000|  0%| F|  |TAMS 0x00000000e6f00000, 0x00000000e6f00000| Untracked 
| 112|0x00000000e7000000, 0x00000000e7000000, 0x00000000e7100000|  0%| F|  |TAMS 0x00000000e7000000, 0x00000000e7000000| Untracked 
| 113|0x00000000e7100000, 0x00000000e7100000, 0x00000000e7200000|  0%| F|  |TAMS 0x00000000e7100000, 0x00000000e7100000| Untracked 
| 114|0x00000000e7200000, 0x00000000e7200000, 0x00000000e7300000|  0%| F|  |TAMS 0x00000000e7200000, 0x00000000e7200000| Untracked 
| 115|0x00000000e7300000, 0x00000000e7300000, 0x00000000e7400000|  0%| F|  |TAMS 0x00000000e7300000, 0x00000000e7300000| Untracked 
| 116|0x00000000e7400000, 0x00000000e7400000, 0x00000000e7500000|  0%| F|  |TAMS 0x00000000e7400000, 0x00000000e7400000| Untracked 
| 117|0x00000000e7500000, 0x00000000e7500000, 0x00000000e7600000|  0%| F|  |TAMS 0x00000000e7500000, 0x00000000e7500000| Untracked 
| 118|0x00000000e7600000, 0x00000000e7600000, 0x00000000e7700000|  0%| F|  |TAMS 0x00000000e7600000, 0x00000000e7600000| Untracked 
| 119|0x00000000e7700000, 0x00000000e7700000, 0x00000000e7800000|  0%| F|  |TAMS 0x00000000e7700000, 0x00000000e7700000| Untracked 
| 120|0x00000000e7800000, 0x00000000e7800000, 0x00000000e7900000|  0%| F|  |TAMS 0x00000000e7800000, 0x00000000e7800000| Untracked 
| 121|0x00000000e7900000, 0x00000000e7900000, 0x00000000e7a00000|  0%| F|  |TAMS 0x00000000e7900000, 0x00000000e7900000| Untracked 
| 122|0x00000000e7a00000, 0x00000000e7a00000, 0x00000000e7b00000|  0%| F|  |TAMS 0x00000000e7a00000, 0x00000000e7a00000| Untracked 
| 123|0x00000000e7b00000, 0x00000000e7b00000, 0x00000000e7c00000|  0%| F|  |TAMS 0x00000000e7b00000, 0x00000000e7b00000| Untracked 
| 124|0x00000000e7c00000, 0x00000000e7c00000, 0x00000000e7d00000|  0%| F|  |TAMS 0x00000000e7c00000, 0x00000000e7c00000| Untracked 
| 125|0x00000000e7d00000, 0x00000000e7d00000, 0x00000000e7e00000|  0%| F|  |TAMS 0x00000000e7d00000, 0x00000000e7d00000| Untracked 
| 126|0x00000000e7e00000, 0x00000000e7e00000, 0x00000000e7f00000|  0%| F|  |TAMS 0x00000000e7e00000, 0x00000000e7e00000| Untracked 
| 127|0x00000000e7f00000, 0x00000000e7f00000, 0x00000000e8000000|  0%| F|  |TAMS 0x00000000e7f00000, 0x00000000e7f00000| Untracked 
| 128|0x00000000e8000000, 0x00000000e8000000, 0x00000000e8100000|  0%| F|  |TAMS 0x00000000e8000000, 0x00000000e8000000| Untracked 
| 129|0x00000000e8100000, 0x00000000e8100000, 0x00000000e8200000|  0%| F|  |TAMS 0x00000000e8100000, 0x00000000e8100000| Untracked 
| 130|0x00000000e8200000, 0x00000000e8300000, 0x00000000e8300000|100%| E|  |TAMS 0x00000000e8200000, 0x00000000e8200000| Complete 
| 131|0x00000000e8300000, 0x00000000e8400000, 0x00000000e8400000|100%| E|CS|TAMS 0x00000000e8300000, 0x00000000e8300000| Complete 
| 132|0x00000000e8400000, 0x00000000e8500000, 0x00000000e8500000|100%| E|CS|TAMS 0x00000000e8400000, 0x00000000e8400000| Complete 
| 133|0x00000000e8500000, 0x00000000e8600000, 0x00000000e8600000|100%| E|CS|TAMS 0x00000000e8500000, 0x00000000e8500000| Complete 
| 134|0x00000000e8600000, 0x00000000e8700000, 0x00000000e8700000|100%| E|CS|TAMS 0x00000000e8600000, 0x00000000e8600000| Complete 
| 135|0x00000000e8700000, 0x00000000e8800000, 0x00000000e8800000|100%| E|CS|TAMS 0x00000000e8700000, 0x00000000e8700000| Complete 
| 136|0x00000000e8800000, 0x00000000e8900000, 0x00000000e8900000|100%| E|CS|TAMS 0x00000000e8800000, 0x00000000e8800000| Complete 
| 137|0x00000000e8900000, 0x00000000e8a00000, 0x00000000e8a00000|100%| E|CS|TAMS 0x00000000e8900000, 0x00000000e8900000| Complete 
| 138|0x00000000e8a00000, 0x00000000e8b00000, 0x00000000e8b00000|100%| E|CS|TAMS 0x00000000e8a00000, 0x00000000e8a00000| Complete 
| 139|0x00000000e8b00000, 0x00000000e8c00000, 0x00000000e8c00000|100%| E|CS|TAMS 0x00000000e8b00000, 0x00000000e8b00000| Complete 
| 140|0x00000000e8c00000, 0x00000000e8d00000, 0x00000000e8d00000|100%| E|CS|TAMS 0x00000000e8c00000, 0x00000000e8c00000| Complete 
| 141|0x00000000e8d00000, 0x00000000e8e00000, 0x00000000e8e00000|100%| E|CS|TAMS 0x00000000e8d00000, 0x00000000e8d00000| Complete 
| 142|0x00000000e8e00000, 0x00000000e8f00000, 0x00000000e8f00000|100%| E|CS|TAMS 0x00000000e8e00000, 0x00000000e8e00000| Complete 
| 143|0x00000000e8f00000, 0x00000000e9000000, 0x00000000e9000000|100%| E|CS|TAMS 0x00000000e8f00000, 0x00000000e8f00000| Complete 
| 144|0x00000000e9000000, 0x00000000e9100000, 0x00000000e9100000|100%| E|CS|TAMS 0x00000000e9000000, 0x00000000e9000000| Complete 
| 145|0x00000000e9100000, 0x00000000e9200000, 0x00000000e9200000|100%| E|CS|TAMS 0x00000000e9100000, 0x00000000e9100000| Complete 
| 146|0x00000000e9200000, 0x00000000e9300000, 0x00000000e9300000|100%| E|CS|TAMS 0x00000000e9200000, 0x00000000e9200000| Complete 
| 147|0x00000000e9300000, 0x00000000e9400000, 0x00000000e9400000|100%| E|CS|TAMS 0x00000000e9300000, 0x00000000e9300000| Complete 
| 148|0x00000000e9400000, 0x00000000e9500000, 0x00000000e9500000|100%| E|CS|TAMS 0x00000000e9400000, 0x00000000e9400000| Complete 
| 149|0x00000000e9500000, 0x00000000e9600000, 0x00000000e9600000|100%| E|CS|TAMS 0x00000000e9500000, 0x00000000e9500000| Complete 
| 150|0x00000000e9600000, 0x00000000e9700000, 0x00000000e9700000|100%| E|CS|TAMS 0x00000000e9600000, 0x00000000e9600000| Complete 
| 151|0x00000000e9700000, 0x00000000e9800000, 0x00000000e9800000|100%| E|CS|TAMS 0x00000000e9700000, 0x00000000e9700000| Complete 
| 152|0x00000000e9800000, 0x00000000e9900000, 0x00000000e9900000|100%| E|CS|TAMS 0x00000000e9800000, 0x00000000e9800000| Complete 
| 153|0x00000000e9900000, 0x00000000e9a00000, 0x00000000e9a00000|100%| E|CS|TAMS 0x00000000e9900000, 0x00000000e9900000| Complete 
| 154|0x00000000e9a00000, 0x00000000e9b00000, 0x00000000e9b00000|100%| E|CS|TAMS 0x00000000e9a00000, 0x00000000e9a00000| Complete 
| 155|0x00000000e9b00000, 0x00000000e9c00000, 0x00000000e9c00000|100%| E|CS|TAMS 0x00000000e9b00000, 0x00000000e9b00000| Complete 
| 156|0x00000000e9c00000, 0x00000000e9d00000, 0x00000000e9d00000|100%| E|CS|TAMS 0x00000000e9c00000, 0x00000000e9c00000| Complete 
| 157|0x00000000e9d00000, 0x00000000e9e00000, 0x00000000e9e00000|100%| E|CS|TAMS 0x00000000e9d00000, 0x00000000e9d00000| Complete 
| 158|0x00000000e9e00000, 0x00000000e9f00000, 0x00000000e9f00000|100%| E|CS|TAMS 0x00000000e9e00000, 0x00000000e9e00000| Complete 
| 159|0x00000000e9f00000, 0x00000000ea000000, 0x00000000ea000000|100%| E|CS|TAMS 0x00000000e9f00000, 0x00000000e9f00000| Complete 
| 160|0x00000000ea000000, 0x00000000ea100000, 0x00000000ea100000|100%| E|CS|TAMS 0x00000000ea000000, 0x00000000ea000000| Complete 
| 161|0x00000000ea100000, 0x00000000ea200000, 0x00000000ea200000|100%| E|CS|TAMS 0x00000000ea100000, 0x00000000ea100000| Complete 
| 162|0x00000000ea200000, 0x00000000ea300000, 0x00000000ea300000|100%| E|CS|TAMS 0x00000000ea200000, 0x00000000ea200000| Complete 
| 163|0x00000000ea300000, 0x00000000ea400000, 0x00000000ea400000|100%| E|CS|TAMS 0x00000000ea300000, 0x00000000ea300000| Complete 
| 164|0x00000000ea400000, 0x00000000ea500000, 0x00000000ea500000|100%| E|CS|TAMS 0x00000000ea400000, 0x00000000ea400000| Complete 
| 165|0x00000000ea500000, 0x00000000ea600000, 0x00000000ea600000|100%| E|CS|TAMS 0x00000000ea500000, 0x00000000ea500000| Complete 
| 166|0x00000000ea600000, 0x00000000ea700000, 0x00000000ea700000|100%| E|CS|TAMS 0x00000000ea600000, 0x00000000ea600000| Complete 
| 167|0x00000000ea700000, 0x00000000ea800000, 0x00000000ea800000|100%| E|CS|TAMS 0x00000000ea700000, 0x00000000ea700000| Complete 
| 168|0x00000000ea800000, 0x00000000ea900000, 0x00000000ea900000|100%| E|CS|TAMS 0x00000000ea800000, 0x00000000ea800000| Complete 
| 169|0x00000000ea900000, 0x00000000eaa00000, 0x00000000eaa00000|100%| E|CS|TAMS 0x00000000ea900000, 0x00000000ea900000| Complete 
| 170|0x00000000eaa00000, 0x00000000eab00000, 0x00000000eab00000|100%| E|CS|TAMS 0x00000000eaa00000, 0x00000000eaa00000| Complete 
| 171|0x00000000eab00000, 0x00000000eac00000, 0x00000000eac00000|100%| E|CS|TAMS 0x00000000eab00000, 0x00000000eab00000| Complete 
| 172|0x00000000eac00000, 0x00000000ead00000, 0x00000000ead00000|100%| E|CS|TAMS 0x00000000eac00000, 0x00000000eac00000| Complete 
| 173|0x00000000ead00000, 0x00000000eae00000, 0x00000000eae00000|100%| E|CS|TAMS 0x00000000ead00000, 0x00000000ead00000| Complete 
| 174|0x00000000eae00000, 0x00000000eaf00000, 0x00000000eaf00000|100%| E|CS|TAMS 0x00000000eae00000, 0x00000000eae00000| Complete 
| 175|0x00000000eaf00000, 0x00000000eb000000, 0x00000000eb000000|100%| E|CS|TAMS 0x00000000eaf00000, 0x00000000eaf00000| Complete 
| 176|0x00000000eb000000, 0x00000000eb100000, 0x00000000eb100000|100%| E|CS|TAMS 0x00000000eb000000, 0x00000000eb000000| Complete 
| 177|0x00000000eb100000, 0x00000000eb200000, 0x00000000eb200000|100%| E|CS|TAMS 0x00000000eb100000, 0x00000000eb100000| Complete 
| 178|0x00000000eb200000, 0x00000000eb300000, 0x00000000eb300000|100%| E|CS|TAMS 0x00000000eb200000, 0x00000000eb200000| Complete 
| 179|0x00000000eb300000, 0x00000000eb400000, 0x00000000eb400000|100%| E|CS|TAMS 0x00000000eb300000, 0x00000000eb300000| Complete 
| 180|0x00000000eb400000, 0x00000000eb500000, 0x00000000eb500000|100%| E|CS|TAMS 0x00000000eb400000, 0x00000000eb400000| Complete 
| 181|0x00000000eb500000, 0x00000000eb600000, 0x00000000eb600000|100%| E|CS|TAMS 0x00000000eb500000, 0x00000000eb500000| Complete 
| 182|0x00000000eb600000, 0x00000000eb700000, 0x00000000eb700000|100%| E|CS|TAMS 0x00000000eb600000, 0x00000000eb600000| Complete 
| 183|0x00000000eb700000, 0x00000000eb800000, 0x00000000eb800000|100%| E|CS|TAMS 0x00000000eb700000, 0x00000000eb700000| Complete 
| 184|0x00000000eb800000, 0x00000000eb900000, 0x00000000eb900000|100%| E|CS|TAMS 0x00000000eb800000, 0x00000000eb800000| Complete 
| 185|0x00000000eb900000, 0x00000000eba00000, 0x00000000eba00000|100%| E|CS|TAMS 0x00000000eb900000, 0x00000000eb900000| Complete 
| 186|0x00000000eba00000, 0x00000000ebb00000, 0x00000000ebb00000|100%| E|CS|TAMS 0x00000000eba00000, 0x00000000eba00000| Complete 
| 187|0x00000000ebb00000, 0x00000000ebc00000, 0x00000000ebc00000|100%| E|CS|TAMS 0x00000000ebb00000, 0x00000000ebb00000| Complete 
| 188|0x00000000ebc00000, 0x00000000ebd00000, 0x00000000ebd00000|100%| E|CS|TAMS 0x00000000ebc00000, 0x00000000ebc00000| Complete 
| 189|0x00000000ebd00000, 0x00000000ebe00000, 0x00000000ebe00000|100%| E|CS|TAMS 0x00000000ebd00000, 0x00000000ebd00000| Complete 
| 190|0x00000000ebe00000, 0x00000000ebf00000, 0x00000000ebf00000|100%| E|CS|TAMS 0x00000000ebe00000, 0x00000000ebe00000| Complete 
| 191|0x00000000ebf00000, 0x00000000ec000000, 0x00000000ec000000|100%| E|CS|TAMS 0x00000000ebf00000, 0x00000000ebf00000| Complete 
| 192|0x00000000ec000000, 0x00000000ec100000, 0x00000000ec100000|100%| E|CS|TAMS 0x00000000ec000000, 0x00000000ec000000| Complete 
| 193|0x00000000ec100000, 0x00000000ec200000, 0x00000000ec200000|100%| E|CS|TAMS 0x00000000ec100000, 0x00000000ec100000| Complete 
| 194|0x00000000ec200000, 0x00000000ec300000, 0x00000000ec300000|100%| E|CS|TAMS 0x00000000ec200000, 0x00000000ec200000| Complete 
| 195|0x00000000ec300000, 0x00000000ec400000, 0x00000000ec400000|100%| E|CS|TAMS 0x00000000ec300000, 0x00000000ec300000| Complete 
| 196|0x00000000ec400000, 0x00000000ec500000, 0x00000000ec500000|100%| E|CS|TAMS 0x00000000ec400000, 0x00000000ec400000| Complete 
| 197|0x00000000ec500000, 0x00000000ec600000, 0x00000000ec600000|100%| E|CS|TAMS 0x00000000ec500000, 0x00000000ec500000| Complete 
| 198|0x00000000ec600000, 0x00000000ec700000, 0x00000000ec700000|100%| E|CS|TAMS 0x00000000ec600000, 0x00000000ec600000| Complete 
| 199|0x00000000ec700000, 0x00000000ec800000, 0x00000000ec800000|100%| E|CS|TAMS 0x00000000ec700000, 0x00000000ec700000| Complete 
| 200|0x00000000ec800000, 0x00000000ec900000, 0x00000000ec900000|100%| E|CS|TAMS 0x00000000ec800000, 0x00000000ec800000| Complete 
| 201|0x00000000ec900000, 0x00000000eca00000, 0x00000000eca00000|100%| E|CS|TAMS 0x00000000ec900000, 0x00000000ec900000| Complete 
| 202|0x00000000eca00000, 0x00000000ecb00000, 0x00000000ecb00000|100%| E|CS|TAMS 0x00000000eca00000, 0x00000000eca00000| Complete 
| 203|0x00000000ecb00000, 0x00000000ecc00000, 0x00000000ecc00000|100%| E|CS|TAMS 0x00000000ecb00000, 0x00000000ecb00000| Complete 
| 204|0x00000000ecc00000, 0x00000000ecd00000, 0x00000000ecd00000|100%| E|CS|TAMS 0x00000000ecc00000, 0x00000000ecc00000| Complete 
| 205|0x00000000ecd00000, 0x00000000ece00000, 0x00000000ece00000|100%| E|CS|TAMS 0x00000000ecd00000, 0x00000000ecd00000| Complete 
| 206|0x00000000ece00000, 0x00000000ecf00000, 0x00000000ecf00000|100%| E|CS|TAMS 0x00000000ece00000, 0x00000000ece00000| Complete 
| 207|0x00000000ecf00000, 0x00000000ed000000, 0x00000000ed000000|100%| E|CS|TAMS 0x00000000ecf00000, 0x00000000ecf00000| Complete 
| 208|0x00000000ed000000, 0x00000000ed100000, 0x00000000ed100000|100%| E|CS|TAMS 0x00000000ed000000, 0x00000000ed000000| Complete 
| 209|0x00000000ed100000, 0x00000000ed200000, 0x00000000ed200000|100%| E|CS|TAMS 0x00000000ed100000, 0x00000000ed100000| Complete 
| 210|0x00000000ed200000, 0x00000000ed300000, 0x00000000ed300000|100%| E|CS|TAMS 0x00000000ed200000, 0x00000000ed200000| Complete 
| 211|0x00000000ed300000, 0x00000000ed400000, 0x00000000ed400000|100%| E|CS|TAMS 0x00000000ed300000, 0x00000000ed300000| Complete 
| 212|0x00000000ed400000, 0x00000000ed500000, 0x00000000ed500000|100%| E|CS|TAMS 0x00000000ed400000, 0x00000000ed400000| Complete 
| 213|0x00000000ed500000, 0x00000000ed600000, 0x00000000ed600000|100%| E|CS|TAMS 0x00000000ed500000, 0x00000000ed500000| Complete 
| 214|0x00000000ed600000, 0x00000000ed700000, 0x00000000ed700000|100%| E|CS|TAMS 0x00000000ed600000, 0x00000000ed600000| Complete 
| 215|0x00000000ed700000, 0x00000000ed800000, 0x00000000ed800000|100%| E|CS|TAMS 0x00000000ed700000, 0x00000000ed700000| Complete 
| 216|0x00000000ed800000, 0x00000000ed900000, 0x00000000ed900000|100%| E|CS|TAMS 0x00000000ed800000, 0x00000000ed800000| Complete 
| 217|0x00000000ed900000, 0x00000000eda00000, 0x00000000eda00000|100%| E|CS|TAMS 0x00000000ed900000, 0x00000000ed900000| Complete 
| 218|0x00000000eda00000, 0x00000000edb00000, 0x00000000edb00000|100%| E|CS|TAMS 0x00000000eda00000, 0x00000000eda00000| Complete 
| 219|0x00000000edb00000, 0x00000000edc00000, 0x00000000edc00000|100%| E|CS|TAMS 0x00000000edb00000, 0x00000000edb00000| Complete 
| 220|0x00000000edc00000, 0x00000000edd00000, 0x00000000edd00000|100%| E|CS|TAMS 0x00000000edc00000, 0x00000000edc00000| Complete 
| 221|0x00000000edd00000, 0x00000000ede00000, 0x00000000ede00000|100%| E|CS|TAMS 0x00000000edd00000, 0x00000000edd00000| Complete 
| 222|0x00000000ede00000, 0x00000000edf00000, 0x00000000edf00000|100%| E|CS|TAMS 0x00000000ede00000, 0x00000000ede00000| Complete 
| 223|0x00000000edf00000, 0x00000000ee000000, 0x00000000ee000000|100%| E|CS|TAMS 0x00000000edf00000, 0x00000000edf00000| Complete 
| 224|0x00000000ee000000, 0x00000000ee100000, 0x00000000ee100000|100%| E|CS|TAMS 0x00000000ee000000, 0x00000000ee000000| Complete 
| 225|0x00000000ee100000, 0x00000000ee200000, 0x00000000ee200000|100%| E|CS|TAMS 0x00000000ee100000, 0x00000000ee100000| Complete 
| 226|0x00000000ee200000, 0x00000000ee300000, 0x00000000ee300000|100%| E|CS|TAMS 0x00000000ee200000, 0x00000000ee200000| Complete 
| 227|0x00000000ee300000, 0x00000000ee400000, 0x00000000ee400000|100%| E|CS|TAMS 0x00000000ee300000, 0x00000000ee300000| Complete 
| 228|0x00000000ee400000, 0x00000000ee500000, 0x00000000ee500000|100%| E|CS|TAMS 0x00000000ee400000, 0x00000000ee400000| Complete 
| 229|0x00000000ee500000, 0x00000000ee600000, 0x00000000ee600000|100%| E|CS|TAMS 0x00000000ee500000, 0x00000000ee500000| Complete 
| 230|0x00000000ee600000, 0x00000000ee700000, 0x00000000ee700000|100%| E|CS|TAMS 0x00000000ee600000, 0x00000000ee600000| Complete 
| 231|0x00000000ee700000, 0x00000000ee800000, 0x00000000ee800000|100%| E|CS|TAMS 0x00000000ee700000, 0x00000000ee700000| Complete 
| 232|0x00000000ee800000, 0x00000000ee900000, 0x00000000ee900000|100%| E|CS|TAMS 0x00000000ee800000, 0x00000000ee800000| Complete 
| 233|0x00000000ee900000, 0x00000000eea00000, 0x00000000eea00000|100%| E|CS|TAMS 0x00000000ee900000, 0x00000000ee900000| Complete 
| 234|0x00000000eea00000, 0x00000000eeb00000, 0x00000000eeb00000|100%| E|CS|TAMS 0x00000000eea00000, 0x00000000eea00000| Complete 
| 235|0x00000000eeb00000, 0x00000000eec00000, 0x00000000eec00000|100%| E|CS|TAMS 0x00000000eeb00000, 0x00000000eeb00000| Complete 
| 236|0x00000000eec00000, 0x00000000eed00000, 0x00000000eed00000|100%| E|CS|TAMS 0x00000000eec00000, 0x00000000eec00000| Complete 
| 237|0x00000000eed00000, 0x00000000eee00000, 0x00000000eee00000|100%| E|CS|TAMS 0x00000000eed00000, 0x00000000eed00000| Complete 
| 238|0x00000000eee00000, 0x00000000eef00000, 0x00000000eef00000|100%| E|CS|TAMS 0x00000000eee00000, 0x00000000eee00000| Complete 
| 239|0x00000000eef00000, 0x00000000ef000000, 0x00000000ef000000|100%| E|CS|TAMS 0x00000000eef00000, 0x00000000eef00000| Complete 
| 240|0x00000000ef000000, 0x00000000ef100000, 0x00000000ef100000|100%| E|CS|TAMS 0x00000000ef000000, 0x00000000ef000000| Complete 
| 241|0x00000000ef100000, 0x00000000ef200000, 0x00000000ef200000|100%| E|CS|TAMS 0x00000000ef100000, 0x00000000ef100000| Complete 
| 242|0x00000000ef200000, 0x00000000ef300000, 0x00000000ef300000|100%| E|CS|TAMS 0x00000000ef200000, 0x00000000ef200000| Complete 
| 243|0x00000000ef300000, 0x00000000ef400000, 0x00000000ef400000|100%| E|CS|TAMS 0x00000000ef300000, 0x00000000ef300000| Complete 
| 244|0x00000000ef400000, 0x00000000ef500000, 0x00000000ef500000|100%| E|CS|TAMS 0x00000000ef400000, 0x00000000ef400000| Complete 
| 245|0x00000000ef500000, 0x00000000ef600000, 0x00000000ef600000|100%| E|CS|TAMS 0x00000000ef500000, 0x00000000ef500000| Complete 
| 246|0x00000000ef600000, 0x00000000ef700000, 0x00000000ef700000|100%| E|CS|TAMS 0x00000000ef600000, 0x00000000ef600000| Complete 
| 247|0x00000000ef700000, 0x00000000ef800000, 0x00000000ef800000|100%| E|CS|TAMS 0x00000000ef700000, 0x00000000ef700000| Complete 
| 248|0x00000000ef800000, 0x00000000ef900000, 0x00000000ef900000|100%| E|CS|TAMS 0x00000000ef800000, 0x00000000ef800000| Complete 
| 249|0x00000000ef900000, 0x00000000efa00000, 0x00000000efa00000|100%| E|CS|TAMS 0x00000000ef900000, 0x00000000ef900000| Complete 
| 250|0x00000000efa00000, 0x00000000efaffce8, 0x00000000efb00000| 99%| E|  |TAMS 0x00000000efa00000, 0x00000000efa00000| Complete 
| 251|0x00000000efb00000, 0x00000000efc00000, 0x00000000efc00000|100%| E|CS|TAMS 0x00000000efb00000, 0x00000000efb00000| Complete 
| 252|0x00000000efc00000, 0x00000000efd00000, 0x00000000efd00000|100%| E|CS|TAMS 0x00000000efc00000, 0x00000000efc00000| Complete 
| 253|0x00000000efd00000, 0x00000000efe00000, 0x00000000efe00000|100%| E|CS|TAMS 0x00000000efd00000, 0x00000000efd00000| Complete 
| 254|0x00000000efe00000, 0x00000000efe60298, 0x00000000eff00000| 37%| S|CS|TAMS 0x00000000efe00000, 0x00000000efe00000| Complete 
| 255|0x00000000eff00000, 0x00000000f0000000, 0x00000000f0000000|100%| E|CS|TAMS 0x00000000eff00000, 0x00000000eff00000| Complete 

Card table byte_map: [0x000001747ecb0000,0x000001747edb0000] _byte_map_base: 0x000001747e5b0000

Marking Bits (Prev, Next): (CMBitMap*) 0x0000017476dc5660, (CMBitMap*) 0x0000017476dc56a0
 Prev Bits: [0x000001747eeb0000, 0x000001747f6b0000)
 Next Bits: [0x000001747f6b0000, 0x000001747feb0000)

Polling page: 0x0000017474c10000

Metaspace:

Usage:
  Non-class:     39.30 MB used.
      Class:      6.56 MB used.
       Both:     45.87 MB used.

Virtual space:
  Non-class space:       64.00 MB reserved,      39.50 MB ( 62%) committed,  1 nodes.
      Class space:      320.00 MB reserved,       6.75 MB (  2%) committed,  1 nodes.
             Both:      384.00 MB reserved,      46.25 MB ( 12%) committed. 

Chunk freelists:
   Non-Class:  7.56 MB
       Class:  9.05 MB
        Both:  16.61 MB

MaxMetaspaceSize: 384.00 MB
CompressedClassSpaceSize: 320.00 MB
Initial GC threshold: 21.00 MB
Current GC threshold: 59.19 MB
CDS: on
MetaspaceReclaimPolicy: balanced
 - commit_granule_bytes: 65536.
 - commit_granule_words: 8192.
 - virtual_space_node_default_size: 8388608.
 - enlarge_chunks_in_place: 1.
 - new_chunks_are_fully_committed: 0.
 - uncommit_free_chunks: 1.
 - use_allocation_guard: 0.
 - handle_deallocations: 1.


Internal statistics:

num_allocs_failed_limit: 9.
num_arena_births: 508.
num_arena_deaths: 0.
num_vsnodes_births: 2.
num_vsnodes_deaths: 0.
num_space_committed: 740.
num_space_uncommitted: 0.
num_chunks_returned_to_freelist: 9.
num_chunks_taken_from_freelist: 2354.
num_chunk_merges: 9.
num_chunk_splits: 1567.
num_chunks_enlarged: 1062.
num_purges: 0.
num_inconsistent_stats: 0.

CodeHeap 'non-profiled nmethods': size=120000Kb used=2627Kb max_used=3192Kb free=117372Kb
 bounds [0x0000017407ad0000, 0x0000017407df0000, 0x000001740f000000]
CodeHeap 'profiled nmethods': size=120000Kb used=8633Kb max_used=9675Kb free=111366Kb
 bounds [0x0000017400000000, 0x0000017400990000, 0x0000017407530000]
CodeHeap 'non-nmethods': size=5760Kb used=2315Kb max_used=2419Kb free=3444Kb
 bounds [0x0000017407530000, 0x00000174077b0000, 0x0000017407ad0000]
 total_blobs=5330 nmethods=4498 adapters=743
 compilation: enabled
              stopped_count=0, restarted_count=0
 full_count=0

Compilation events (20 events):
Event: 15.577 Thread 0x0000017411b5ab20 nmethod 5238 0x00000174002ae990 code [0x00000174002aeb60, 0x00000174002aef08]
Event: 15.577 Thread 0x0000017411b5ab20 5237       3       java.util.Collections$UnmodifiableMap$UnmodifiableEntrySet$1::hasNext (10 bytes)
Event: 15.577 Thread 0x0000017411b5ab20 nmethod 5237 0x0000017400367290 code [0x0000017400367440, 0x0000017400367608]
Event: 15.577 Thread 0x0000017411b5ab20 5239       3       java.beans.FeatureDescriptor::getReturnType (21 bytes)
Event: 15.578 Thread 0x0000017411b5ab20 nmethod 5239 0x000001740050b110 code [0x000001740050b440, 0x000001740050c9c8]
Event: 15.578 Thread 0x0000017411b5ab20 5240       3       java.beans.PropertyDescriptor::setWriteMethod0 (49 bytes)
Event: 15.579 Thread 0x0000017411b5ab20 nmethod 5240 0x000001740009d290 code [0x000001740009d640, 0x000001740009f308]
Event: 15.580 Thread 0x0000017411b5ab20 5241       3       groovy.lang.MetaClassImpl::addMetaBeanProperty (119 bytes)
Event: 15.580 Thread 0x0000017411b5ab20 nmethod 5241 0x000001740036c390 code [0x000001740036c640, 0x000001740036ddc8]
Event: 15.580 Thread 0x0000017411b5ab20 5242       3       org.codehaus.groovy.runtime.GroovyCategorySupport::getCategoryMethods (21 bytes)
Event: 15.580 Thread 0x0000017411b5ab20 nmethod 5242 0x0000017400168d10 code [0x0000017400168f00, 0x00000174001694e8]
Event: 15.580 Thread 0x0000017411b5ab20 5244       3       groovy.lang.MetaClassImpl::getMethods (173 bytes)
Event: 15.581 Thread 0x0000017411b5ab20 nmethod 5244 0x0000017400091c90 code [0x0000017400091fa0, 0x0000017400093378]
Event: 15.581 Thread 0x0000017411b5ab20 5243       3       org.codehaus.groovy.runtime.GroovyCategorySupport$MyThreadLocal::getInfoNullable (24 bytes)
Event: 15.581 Thread 0x0000017411b5ab20 nmethod 5243 0x0000017400168510 code [0x00000174001686e0, 0x0000017400168bf8]
Event: 15.581 Thread 0x0000017411b5ab20 5245       3       org.codehaus.groovy.reflection.CachedField::isStatic (8 bytes)
Event: 15.581 Thread 0x0000017411b5ab20 nmethod 5245 0x0000017400625710 code [0x00000174006258c0, 0x0000017400625b18]
Event: 15.582 Thread 0x0000017411b5ab20 5246       3       java.util.ComparableTimSort::countRunAndMakeAscending (123 bytes)
Event: 15.583 Thread 0x0000017411b5ab20 nmethod 5246 0x00000174003c5710 code [0x00000174003c5940, 0x00000174003c63b8]
Event: 15.585 Thread 0x0000017411b5ab20 5247       3       sun.reflect.generics.reflectiveObjects.ParameterizedTypeImpl::toString (209 bytes)

GC Heap History (12 events):
Event: 0.510 GC heap before
{Heap before GC invocations=0 (full 0):
 garbage-first heap   total 262144K, used 26624K [0x00000000e0000000, 0x0000000100000000)
  region size 1024K, 23 young (23552K), 0 survivors (0K)
 Metaspace       used 3039K, committed 3136K, reserved 393216K
  class space    used 391K, committed 448K, reserved 327680K
}
Event: 0.514 GC heap after
{Heap after GC invocations=1 (full 0):
 garbage-first heap   total 262144K, used 10498K [0x00000000e0000000, 0x0000000100000000)
  region size 1024K, 3 young (3072K), 3 survivors (3072K)
 Metaspace       used 3039K, committed 3136K, reserved 393216K
  class space    used 391K, committed 448K, reserved 327680K
}
Event: 0.911 GC heap before
{Heap before GC invocations=1 (full 0):
 garbage-first heap   total 262144K, used 38146K [0x00000000e0000000, 0x0000000100000000)
  region size 1024K, 30 young (30720K), 3 survivors (3072K)
 Metaspace       used 3989K, committed 4160K, reserved 393216K
  class space    used 492K, committed 576K, reserved 327680K
}
Event: 0.914 GC heap after
{Heap after GC invocations=2 (full 0):
 garbage-first heap   total 262144K, used 11420K [0x00000000e0000000, 0x0000000100000000)
  region size 1024K, 1 young (1024K), 1 survivors (1024K)
 Metaspace       used 3989K, committed 4160K, reserved 393216K
  class space    used 492K, committed 576K, reserved 327680K
}
Event: 4.050 GC heap before
{Heap before GC invocations=2 (full 0):
 garbage-first heap   total 262144K, used 130204K [0x00000000e0000000, 0x0000000100000000)
  region size 1024K, 118 young (120832K), 1 survivors (1024K)
 Metaspace       used 21251K, committed 21504K, reserved 393216K
  class space    used 3132K, committed 3264K, reserved 327680K
}
Event: 4.059 GC heap after
{Heap after GC invocations=3 (full 0):
 garbage-first heap   total 262144K, used 22487K [0x00000000e0000000, 0x0000000100000000)
  region size 1024K, 12 young (12288K), 12 survivors (12288K)
 Metaspace       used 21251K, committed 21504K, reserved 393216K
  class space    used 3132K, committed 3264K, reserved 327680K
}
Event: 10.265 GC heap before
{Heap before GC invocations=4 (full 0):
 garbage-first heap   total 262144K, used 140247K [0x00000000e0000000, 0x0000000100000000)
  region size 1024K, 124 young (126976K), 12 survivors (12288K)
 Metaspace       used 35574K, committed 35968K, reserved 393216K
  class space    used 4968K, committed 5184K, reserved 327680K
}
Event: 10.289 GC heap after
{Heap after GC invocations=5 (full 0):
 garbage-first heap   total 262144K, used 31637K [0x00000000e0000000, 0x0000000100000000)
  region size 1024K, 10 young (10240K), 10 survivors (10240K)
 Metaspace       used 35574K, committed 35968K, reserved 393216K
  class space    used 4968K, committed 5184K, reserved 327680K
}
Event: 10.469 GC heap before
{Heap before GC invocations=5 (full 0):
 garbage-first heap   total 262144K, used 33685K [0x00000000e0000000, 0x0000000100000000)
  region size 1024K, 12 young (12288K), 10 survivors (10240K)
 Metaspace       used 35868K, committed 36288K, reserved 393216K
  class space    used 5016K, committed 5248K, reserved 327680K
}
Event: 10.482 GC heap after
{Heap after GC invocations=6 (full 0):
 garbage-first heap   total 262144K, used 30781K [0x00000000e0000000, 0x0000000100000000)
  region size 1024K, 1 young (1024K), 1 survivors (1024K)
 Metaspace       used 35868K, committed 36288K, reserved 393216K
  class space    used 5016K, committed 5248K, reserved 327680K
}
Event: 10.495 GC heap before
{Heap before GC invocations=6 (full 0):
 garbage-first heap   total 262144K, used 30781K [0x00000000e0000000, 0x0000000100000000)
  region size 1024K, 2 young (2048K), 1 survivors (1024K)
 Metaspace       used 35896K, committed 36288K, reserved 393216K
  class space    used 5018K, committed 5248K, reserved 327680K
}
Event: 10.497 GC heap after
{Heap after GC invocations=7 (full 0):
 garbage-first heap   total 262144K, used 30440K [0x00000000e0000000, 0x0000000100000000)
  region size 1024K, 1 young (1024K), 1 survivors (1024K)
 Metaspace       used 35896K, committed 36288K, reserved 393216K
  class space    used 5018K, committed 5248K, reserved 327680K
}

Deoptimization events (20 events):
Event: 14.351 Thread 0x000001742d51a6e0 Uncommon trap: trap_request=0xffffffde fr.pc=0x0000017407d45824 relative=0x00000000000006c4
Event: 14.351 Thread 0x000001742d51a6e0 Uncommon trap: reason=class_check action=maybe_recompile pc=0x0000017407d45824 method=java.util.regex.Matcher.search(I)Z @ 121 c2
Event: 14.351 Thread 0x000001742d51a6e0 DEOPT PACKING pc=0x0000017407d45824 sp=0x00000033cedf8150
Event: 14.351 Thread 0x000001742d51a6e0 DEOPT UNPACKING pc=0x00000174075823a3 sp=0x00000033cedf8130 mode 2
Event: 14.357 Thread 0x000001742d51a6e0 Uncommon trap: trap_request=0xffffff76 fr.pc=0x0000017407b68738 relative=0x0000000000000798
Event: 14.357 Thread 0x000001742d51a6e0 Uncommon trap: reason=predicate action=maybe_recompile pc=0x0000017407b68738 method=java.util.AbstractCollection.addAll(Ljava/util/Collection;)Z @ 15 c2
Event: 14.357 Thread 0x000001742d51a6e0 DEOPT PACKING pc=0x0000017407b68738 sp=0x00000033cedf8b70
Event: 14.357 Thread 0x000001742d51a6e0 DEOPT UNPACKING pc=0x00000174075823a3 sp=0x00000033cedf8b18 mode 2
Event: 14.687 Thread 0x000001742d51a6e0 Uncommon trap: trap_request=0xffffff76 fr.pc=0x0000017407cc323c relative=0x000000000000021c
Event: 14.687 Thread 0x000001742d51a6e0 Uncommon trap: reason=predicate action=maybe_recompile pc=0x0000017407cc323c method=sun.instrument.TransformerManager.transform(Ljava/lang/Module;Ljava/lang/ClassLoader;Ljava/lang/String;Ljava/lang/Class;Ljava/security/ProtectionDomain;[B)[B @ 21 c2
Event: 14.687 Thread 0x000001742d51a6e0 DEOPT PACKING pc=0x0000017407cc323c sp=0x00000033cedf7840
Event: 14.687 Thread 0x000001742d51a6e0 DEOPT UNPACKING pc=0x00000174075823a3 sp=0x00000033cedf7750 mode 2
Event: 14.693 Thread 0x000001742d51a6e0 Uncommon trap: trap_request=0xffffff76 fr.pc=0x0000017407cc3a64 relative=0x00000000000001c4
Event: 14.693 Thread 0x000001742d51a6e0 Uncommon trap: reason=predicate action=maybe_recompile pc=0x0000017407cc3a64 method=sun.instrument.TransformerManager.transform(Ljava/lang/Module;Ljava/lang/ClassLoader;Ljava/lang/String;Ljava/lang/Class;Ljava/security/ProtectionDomain;[B)[B @ 21 c2
Event: 14.693 Thread 0x000001742d51a6e0 DEOPT PACKING pc=0x0000017407cc3a64 sp=0x00000033cedf5fc0
Event: 14.693 Thread 0x000001742d51a6e0 DEOPT UNPACKING pc=0x00000174075823a3 sp=0x00000033cedf5f68 mode 2
Event: 14.790 Thread 0x000001742d51a6e0 DEOPT PACKING pc=0x00000174003a795c sp=0x00000033cedf76f0
Event: 14.790 Thread 0x000001742d51a6e0 DEOPT UNPACKING pc=0x0000017407582b43 sp=0x00000033cedf6c70 mode 0
Event: 14.791 Thread 0x000001742d51a6e0 DEOPT PACKING pc=0x00000174000ca1bd sp=0x00000033cedf79f0
Event: 14.791 Thread 0x000001742d51a6e0 DEOPT UNPACKING pc=0x0000017407582b43 sp=0x00000033cedf6e88 mode 0

Classes unloaded (0 events):
No events

Classes redefined (0 events):
No events

Internal exceptions (20 events):
Event: 12.635 Thread 0x000001742d51a6e0 Exception <a 'java/lang/NoSuchMethodError'{0x00000000ed0f6698}: 'java.lang.Object java.lang.invoke.DirectMethodHandle$Holder.invokeStatic(java.lang.Object, java.lang.Object, java.lang.Object, java.lang.Object, java.lang.Object, java.lang.Object, java.lang.Object, java.lang.Object, java.lang.Object, java.lang.Object, java.lang.Object, java.lang.Object, java.lang.Object, java.lang.Object, java.lang.Object, java.lang.Object, java.lang.Object, java.lang.Object, java.lang.Object, java.lang.Object, java.lang.Obj
Event: 14.114 Thread 0x000001742d51a6e0 Exception <a 'java/lang/NoSuchMethodError'{0x00000000ebcae938}: 'java.lang.Object java.lang.invoke.DirectMethodHandle$Holder.newInvokeSpecial(java.lang.Object, java.lang.Object, java.lang.Object, java.lang.Object, int)'> (0x00000000ebcae938) 
thrown [s\open\src\hotspot\share\interpreter\linkResolver.cpp, line 759]
Event: 14.115 Thread 0x000001742d51a6e0 Exception <a 'java/lang/NoSuchMethodError'{0x00000000ebcb4028}: 'java.lang.Object java.lang.invoke.DirectMethodHandle$Holder.invokeSpecial(java.lang.Object, java.lang.Object, java.lang.Object, java.lang.Object, java.lang.Object, int)'> (0x00000000ebcb4028) 
thrown [s\open\src\hotspot\share\interpreter\linkResolver.cpp, line 759]
Event: 14.115 Thread 0x000001742d51a6e0 Exception <a 'java/lang/NoSuchMethodError'{0x00000000ebcb9050}: 'java.lang.Object java.lang.invoke.Invokers$Holder.linkToTargetMethod(java.lang.Object, java.lang.Object, java.lang.Object, int, java.lang.Object)'> (0x00000000ebcb9050) 
thrown [s\open\src\hotspot\share\interpreter\linkResolver.cpp, line 759]
Event: 14.798 Thread 0x000001742d51a6e0 Exception <a 'java/lang/ClassNotFoundException'{0x00000000ea167098}: sun/misc/SharedSecrets> (0x00000000ea167098) 
thrown [s\open\src\hotspot\share\classfile\systemDictionary.cpp, line 256]
Event: 14.798 Thread 0x000001742d51a6e0 Exception <a 'java/lang/NoClassDefFoundError'{0x00000000ea1683b8}: org/jetbrains/kotlin/gradle/plugin/KotlinPluginWrapper> (0x00000000ea1683b8) 
thrown [s\open\src\hotspot\share\classfile\systemDictionary.cpp, line 245]
Event: 14.798 Thread 0x000001742d51a6e0 Exception <a 'java/lang/NoClassDefFoundError'{0x00000000ea16e770}: org/graalvm/buildtools/gradle/NativeImagePlugin> (0x00000000ea16e770) 
thrown [s\open\src\hotspot\share\classfile\systemDictionary.cpp, line 245]
Event: 14.836 Thread 0x000001742d51a6e0 Exception <a 'java/lang/ClassNotFoundException'{0x00000000e9f3ccf0}: io/spring/gradle/dependencymanagement/internal/dsl/StandardDependencyManagementExtensionBeanInfo> (0x00000000e9f3ccf0) 
thrown [s\open\src\hotspot\share\classfile\systemDictionary.cpp, line 256]
Event: 14.837 Thread 0x000001742d51a6e0 Exception <a 'java/lang/ClassNotFoundException'{0x00000000e9f45e60}: io/spring/gradle/dependencymanagement/internal/dsl/StandardDependencyManagementExtensionCustomizer> (0x00000000e9f45e60) 
thrown [s\open\src\hotspot\share\classfile\systemDictionary.cpp, line 256]
Event: 14.902 Thread 0x000001742d51a6e0 Exception <a 'java/lang/ClassNotFoundException'{0x00000000e9cb6ed8}: io/spring/gradle/dependencymanagement/internal/dsl/StandardImportsHandlerBeanInfo> (0x00000000e9cb6ed8) 
thrown [s\open\src\hotspot\share\classfile\systemDictionary.cpp, line 256]
Event: 14.903 Thread 0x000001742d51a6e0 Exception <a 'java/lang/ClassNotFoundException'{0x00000000e9cc11a0}: io/spring/gradle/dependencymanagement/internal/dsl/StandardImportsHandlerCustomizer> (0x00000000e9cc11a0) 
thrown [s\open\src\hotspot\share\classfile\systemDictionary.cpp, line 256]
Event: 15.562 Thread 0x000001742d51a6e0 Exception <a 'java/lang/ClassNotFoundException'{0x00000000e9b7ce28}: build_dz89poiuox98ewi6za5mxygubBeanInfo> (0x00000000e9b7ce28) 
thrown [s\open\src\hotspot\share\classfile\systemDictionary.cpp, line 256]
Event: 15.562 Thread 0x000001742d51a6e0 Exception <a 'java/lang/ClassNotFoundException'{0x00000000e9bafcd8}: build_dz89poiuox98ewi6za5mxygubCustomizer> (0x00000000e9bafcd8) 
thrown [s\open\src\hotspot\share\classfile\systemDictionary.cpp, line 256]
Event: 15.569 Thread 0x000001742d51a6e0 Exception <a 'java/lang/ClassNotFoundException'{0x00000000e9a97a30}: org/gradle/api/internal/project/DefaultProject_DecoratedBeanInfo> (0x00000000e9a97a30) 
thrown [s\open\src\hotspot\share\classfile\systemDictionary.cpp, line 256]
Event: 15.569 Thread 0x000001742d51a6e0 Exception <a 'java/lang/ClassNotFoundException'{0x00000000e9aa9548}: org/gradle/api/internal/project/DefaultProjectBeanInfo> (0x00000000e9aa9548) 
thrown [s\open\src\hotspot\share\classfile\systemDictionary.cpp, line 256]
Event: 15.570 Thread 0x000001742d51a6e0 Exception <a 'java/lang/ClassNotFoundException'{0x00000000e9abb0f0}: org/gradle/api/internal/project/DefaultProjectCustomizer> (0x00000000e9abb0f0) 
thrown [s\open\src\hotspot\share\classfile\systemDictionary.cpp, line 256]
Event: 15.575 Thread 0x000001742d51a6e0 Exception <a 'java/lang/ClassNotFoundException'{0x00000000e996a878}: org/gradle/api/internal/project/DefaultProject_DecoratedCustomizer> (0x00000000e996a878) 
thrown [s\open\src\hotspot\share\classfile\systemDictionary.cpp, line 256]
Event: 15.583 Thread 0x000001742d51a6e0 Exception <a 'java/lang/ClassNotFoundException'{0x00000000e982ef68}: org/gradle/api/plugins/internal/DefaultJavaPluginExtension_DecoratedBeanInfo> (0x00000000e982ef68) 
thrown [s\open\src\hotspot\share\classfile\systemDictionary.cpp, line 256]
Event: 15.584 Thread 0x000001742d51a6e0 Exception <a 'java/lang/ClassNotFoundException'{0x00000000e9845538}: org/gradle/api/plugins/internal/DefaultJavaPluginExtensionBeanInfo> (0x00000000e9845538) 
thrown [s\open\src\hotspot\share\classfile\systemDictionary.cpp, line 256]
Event: 15.584 Thread 0x000001742d51a6e0 Exception <a 'java/lang/ClassNotFoundException'{0x00000000e985bb10}: org/gradle/api/plugins/internal/DefaultJavaPluginExtensionCustomizer> (0x00000000e985bb10) 
thrown [s\open\src\hotspot\share\classfile\systemDictionary.cpp, line 256]

VM Operations (20 events):
Event: 10.533 Executing VM operation: G1Concurrent
Event: 10.533 Executing VM operation: G1Concurrent done
Event: 11.546 Executing VM operation: Cleanup
Event: 11.549 Executing VM operation: Cleanup done
Event: 11.921 Executing VM operation: HandshakeAllThreads
Event: 11.921 Executing VM operation: HandshakeAllThreads done
Event: 12.925 Executing VM operation: Cleanup
Event: 12.925 Executing VM operation: Cleanup done
Event: 13.938 Executing VM operation: Cleanup
Event: 13.939 Executing VM operation: Cleanup done
Event: 14.068 Executing VM operation: HandshakeAllThreads
Event: 14.068 Executing VM operation: HandshakeAllThreads done
Event: 14.084 Executing VM operation: HandshakeAllThreads
Event: 14.084 Executing VM operation: HandshakeAllThreads done
Event: 14.097 Executing VM operation: HandshakeAllThreads
Event: 14.097 Executing VM operation: HandshakeAllThreads done
Event: 14.312 Executing VM operation: ICBufferFull
Event: 14.313 Executing VM operation: ICBufferFull done
Event: 15.316 Executing VM operation: Cleanup
Event: 15.316 Executing VM operation: Cleanup done

Events (20 events):
Event: 14.149 loading class com/sun/org/apache/xerces/internal/utils/XMLSecurityPropertyManager$State
Event: 14.149 loading class com/sun/org/apache/xerces/internal/utils/XMLSecurityPropertyManager$State done
Event: 14.149 loading class com/sun/org/apache/xerces/internal/utils/XMLSecurityPropertyManager$Property
Event: 14.149 loading class com/sun/org/apache/xerces/internal/utils/XMLSecurityPropertyManager$Property done
Event: 14.200 loading class java/util/regex/Pattern$SliceI
Event: 14.200 loading class java/util/regex/Pattern$SliceI done
Event: 14.218 Thread 0x000001742f485f10 Thread added: 0x000001742f485f10
Event: 14.220 loading class java/lang/Byte$ByteCache
Event: 14.220 loading class java/lang/Byte$ByteCache done
Event: 14.797 loading class sun/misc/SharedSecrets
Event: 14.797 loading class sun/misc/SharedSecrets done
Event: 15.349 Thread 0x000001742fc22ad0 Thread exited: 0x000001742fc22ad0
Event: 15.572 loading class sun/reflect/generics/tree/BooleanSignature
Event: 15.572 loading class sun/reflect/generics/tree/BooleanSignature done
Event: 15.578 loading class org/xml/sax/Locator
Event: 15.578 loading class org/xml/sax/Locator done
Event: 15.578 loading class org/xml/sax/SAXParseException
Event: 15.578 loading class org/xml/sax/SAXParseException done
Event: 15.579 loading class org/xml/sax/Attributes
Event: 15.579 loading class org/xml/sax/Attributes done


Dynamic libraries:
0x00007ff7c6170000 - 0x00007ff7c6180000 	C:\Java\jdk-17\bin\java.exe
0x00007fff66670000 - 0x00007fff66865000 	C:\Windows\SYSTEM32\ntdll.dll
0x00007fff66570000 - 0x00007fff6662d000 	C:\Windows\System32\KERNEL32.DLL
0x00007fff64400000 - 0x00007fff646c9000 	C:\Windows\System32\KERNELBASE.dll
0x00007fff64300000 - 0x00007fff64400000 	C:\Windows\System32\ucrtbase.dll
0x00007fff4aa10000 - 0x00007fff4aa29000 	C:\Java\jdk-17\bin\jli.dll
0x00007fff4aef0000 - 0x00007fff4af0b000 	C:\Java\jdk-17\bin\VCRUNTIME140.dll
0x00007fff661a0000 - 0x00007fff6624c000 	C:\Windows\System32\ADVAPI32.dll
0x00007fff660a0000 - 0x00007fff6613e000 	C:\Windows\System32\msvcrt.dll
0x00007fff64d30000 - 0x00007fff64dcc000 	C:\Windows\System32\sechost.dll
0x00007fff66300000 - 0x00007fff6642b000 	C:\Windows\System32\RPCRT4.dll
0x00007fff647f0000 - 0x00007fff64990000 	C:\Windows\System32\USER32.dll
0x00007fff46930000 - 0x00007fff46bca000 	C:\Windows\WinSxS\amd64_microsoft.windows.common-controls_6595b64144ccf1df_6.0.19041.844_none_ca00b6081b84eb1d\COMCTL32.dll
0x00007fff642a0000 - 0x00007fff642c2000 	C:\Windows\System32\win32u.dll
0x00007fff64c20000 - 0x00007fff64c4a000 	C:\Windows\System32\GDI32.dll
0x00007fff64010000 - 0x00007fff6411b000 	C:\Windows\System32\gdi32full.dll
0x00007fff63db0000 - 0x00007fff63e4d000 	C:\Windows\System32\msvcp_win.dll
0x00007fff5d220000 - 0x00007fff5d22a000 	C:\Windows\SYSTEM32\VERSION.dll
0x00007fff66540000 - 0x00007fff66570000 	C:\Windows\System32\IMM32.DLL
0x00007fff59e10000 - 0x00007fff59e1c000 	C:\Java\jdk-17\bin\vcruntime140_1.dll
0x00007fff3c930000 - 0x00007fff3c9be000 	C:\Java\jdk-17\bin\msvcp140.dll
0x00007fff194d0000 - 0x00007fff1a0ae000 	C:\Java\jdk-17\bin\server\jvm.dll
0x00007fff66430000 - 0x00007fff66438000 	C:\Windows\System32\PSAPI.DLL
0x00007fff4ae90000 - 0x00007fff4ae99000 	C:\Windows\SYSTEM32\WSOCK32.dll
0x00007fff64e30000 - 0x00007fff64e9b000 	C:\Windows\System32\WS2_32.dll
0x00007fff51460000 - 0x00007fff51487000 	C:\Windows\SYSTEM32\WINMM.dll
0x00007fff61c10000 - 0x00007fff61c22000 	C:\Windows\SYSTEM32\kernel.appcore.dll
0x00007fff58060000 - 0x00007fff5806a000 	C:\Java\jdk-17\bin\jimage.dll
0x00007fff51270000 - 0x00007fff51454000 	C:\Windows\SYSTEM32\DBGHELP.DLL
0x00007fff50a30000 - 0x00007fff50a5c000 	C:\Windows\SYSTEM32\dbgcore.DLL
0x00007fff64120000 - 0x00007fff641a0000 	C:\Windows\System32\bcryptPrimitives.dll
0x00007fff5f980000 - 0x00007fff5f98e000 	C:\Java\jdk-17\bin\instrument.dll
0x00007fff49a10000 - 0x00007fff49a35000 	C:\Java\jdk-17\bin\java.dll
0x00007fff3a9f0000 - 0x00007fff3aac7000 	C:\Java\jdk-17\bin\jsvml.dll
0x00007fff65950000 - 0x00007fff66092000 	C:\Windows\System32\SHELL32.dll
0x00007fff61ef0000 - 0x00007fff62680000 	C:\Windows\SYSTEM32\windows.storage.dll
0x00007fff65440000 - 0x00007fff65795000 	C:\Windows\System32\combase.dll
0x00007fff63680000 - 0x00007fff636ac000 	C:\Windows\SYSTEM32\Wldp.dll
0x00007fff66250000 - 0x00007fff662fe000 	C:\Windows\System32\SHCORE.dll
0x00007fff64790000 - 0x00007fff647e5000 	C:\Windows\System32\shlwapi.dll
0x00007fff63cf0000 - 0x00007fff63d0f000 	C:\Windows\SYSTEM32\profapi.dll
0x00007fff47b50000 - 0x00007fff47b68000 	C:\Java\jdk-17\bin\zip.dll
0x00007fff4a4e0000 - 0x00007fff4a4f9000 	C:\Java\jdk-17\bin\net.dll
0x00007fff5dd90000 - 0x00007fff5de9c000 	C:\Windows\SYSTEM32\WINHTTP.dll
0x00007fff63470000 - 0x00007fff634da000 	C:\Windows\system32\mswsock.dll
0x00007fff4a2f0000 - 0x00007fff4a306000 	C:\Java\jdk-17\bin\nio.dll
0x00007fff4acb0000 - 0x00007fff4acc0000 	C:\Java\jdk-17\bin\verify.dll
0x00007fff5e750000 - 0x00007fff5e777000 	C:\Users\Student\.gradle\native\c067742578af261105cb4f569cf0c3c89f3d7b1fecec35dd04571415982c5e48\windows-amd64\native-platform.dll
0x00007fff4a180000 - 0x00007fff4a2c4000 	C:\Users\Student\.gradle\native\38dada09dfb8b06ba9b0570ebf7e218e3eb74d4ef43ca46872605cf95ebc2f47\windows-amd64\native-platform-file-events.dll
0x00007fff5fcc0000 - 0x00007fff5fcca000 	C:\Java\jdk-17\bin\management.dll
0x00007fff5fc00000 - 0x00007fff5fc0b000 	C:\Java\jdk-17\bin\management_ext.dll
0x00007fff63730000 - 0x00007fff63748000 	C:\Windows\SYSTEM32\CRYPTSP.dll
0x00007fff62e30000 - 0x00007fff62e64000 	C:\Windows\system32\rsaenh.dll
0x00007fff642d0000 - 0x00007fff642f7000 	C:\Windows\System32\bcrypt.dll
0x00007fff63cb0000 - 0x00007fff63cde000 	C:\Windows\SYSTEM32\USERENV.dll
0x00007fff635f0000 - 0x00007fff635fc000 	C:\Windows\SYSTEM32\CRYPTBASE.dll
0x00007fff63180000 - 0x00007fff631bb000 	C:\Windows\SYSTEM32\IPHLPAPI.DLL
0x00007fff64780000 - 0x00007fff64788000 	C:\Windows\System32\NSI.dll
0x00007fff5dd70000 - 0x00007fff5dd87000 	C:\Windows\SYSTEM32\dhcpcsvc6.DLL
0x00007fff5dd40000 - 0x00007fff5dd5d000 	C:\Windows\SYSTEM32\dhcpcsvc.DLL
0x00007fff631c0000 - 0x00007fff6328b000 	C:\Windows\SYSTEM32\DNSAPI.dll
0x00007fff5e660000 - 0x00007fff5e66e000 	C:\Java\jdk-17\bin\sunmscapi.dll
0x00007fff63e50000 - 0x00007fff63faf000 	C:\Windows\System32\CRYPT32.dll
0x00007fff636f0000 - 0x00007fff63717000 	C:\Windows\SYSTEM32\ncrypt.dll
0x00007fff636b0000 - 0x00007fff636eb000 	C:\Windows\SYSTEM32\NTASN1.dll
0x00007fff5fa10000 - 0x00007fff5fa17000 	C:\Windows\system32\wshunix.dll

dbghelp: loaded successfully - version: 4.0.5 - missing functions: none
symbol engine: initialized successfully - sym options: 0x614 - pdb path: .;C:\Java\jdk-17\bin;C:\Windows\SYSTEM32;C:\Windows\WinSxS\amd64_microsoft.windows.common-controls_6595b64144ccf1df_6.0.19041.844_none_ca00b6081b84eb1d;C:\Java\jdk-17\bin\server;C:\Users\Student\.gradle\native\c067742578af261105cb4f569cf0c3c89f3d7b1fecec35dd04571415982c5e48\windows-amd64;C:\Users\Student\.gradle\native\38dada09dfb8b06ba9b0570ebf7e218e3eb74d4ef43ca46872605cf95ebc2f47\windows-amd64

VM Arguments:
jvm_args: --add-opens=java.base/java.util=ALL-UNNAMED --add-opens=java.base/java.lang=ALL-UNNAMED --add-opens=java.base/java.lang.invoke=ALL-UNNAMED --add-opens=java.prefs/java.util.prefs=ALL-UNNAMED --add-opens=java.base/java.nio.charset=ALL-UNNAMED --add-opens=java.base/java.net=ALL-UNNAMED --add-opens=java.base/java.util.concurrent.atomic=ALL-UNNAMED -XX:MaxMetaspaceSize=384m -XX:+HeapDumpOnOutOfMemoryError -Xms256m -Xmx512m -Dfile.encoding=windows-1252 -Duser.country=US -Duser.language=en -Duser.variant -javaagent:C:\Users\Student\.gradle\wrapper\dists\gradle-8.5-bin\5t9huq95ubn472n8rpzujfbqh\gradle-8.5\lib\agents\gradle-instrumentation-agent-8.5.jar 
java_command: org.gradle.launcher.daemon.bootstrap.GradleDaemon 8.5
java_class_path (initial): C:\Users\Student\.gradle\wrapper\dists\gradle-8.5-bin\5t9huq95ubn472n8rpzujfbqh\gradle-8.5\lib\gradle-launcher-8.5.jar
Launcher Type: SUN_STANDARD

[Global flags]
     intx CICompilerCount                          = 4                                         {product} {ergonomic}
   size_t CompressedClassSpaceSize                 = 335544320                                 {product} {ergonomic}
     uint ConcGCThreads                            = 3                                         {product} {ergonomic}
     uint G1ConcRefinementThreads                  = 10                                        {product} {ergonomic}
   size_t G1HeapRegionSize                         = 1048576                                   {product} {ergonomic}
    uintx GCDrainStackTargetSize                   = 64                                        {product} {ergonomic}
     bool HeapDumpOnOutOfMemoryError               = true                                   {manageable} {command line}
   size_t InitialHeapSize                          = 268435456                                 {product} {command line}
   size_t MarkStackSize                            = 4194304                                   {product} {ergonomic}
   size_t MaxHeapSize                              = 536870912                                 {product} {command line}
   size_t MaxMetaspaceSize                         = 402653184                                 {product} {command line}
   size_t MaxNewSize                               = 321912832                                 {product} {ergonomic}
   size_t MinHeapDeltaBytes                        = 1048576                                   {product} {ergonomic}
   size_t MinHeapSize                              = 268435456                                 {product} {command line}
    uintx NonNMethodCodeHeapSize                   = 5839372                                {pd product} {ergonomic}
    uintx NonProfiledCodeHeapSize                  = 122909434                              {pd product} {ergonomic}
    uintx ProfiledCodeHeapSize                     = 122909434                              {pd product} {ergonomic}
    uintx ReservedCodeCacheSize                    = 251658240                              {pd product} {ergonomic}
     bool SegmentedCodeCache                       = true                                      {product} {ergonomic}
   size_t SoftMaxHeapSize                          = 536870912                              {manageable} {ergonomic}
     bool UseCompressedClassPointers               = true                           {product lp64_product} {ergonomic}
     bool UseCompressedOops                        = true                           {product lp64_product} {ergonomic}
     bool UseG1GC                                  = true                                      {product} {ergonomic}
     bool UseLargePagesIndividualAllocation        = false                                  {pd product} {ergonomic}

Logging:
Log output configuration:
 #0: stdout all=warning uptime,level,tags
 #1: stderr all=off uptime,level,tags

Environment Variables:
JAVA_HOME=C:\Java\jdk-17
PATH=C:\Program Files\Common Files\Oracle\Java\javapath;C:\Program Files\copasi.org\COPASI 4.30.240\bin;C:\Program Files (x86)\Common Files\Intel\Shared Files\cpp\bin\Intel64;C:\ProgramData\Anaconda3;C:\ProgramData\Anaconda3\Library\mingw-w64\bin;C:\ProgramData\Anaconda3\Library\usr\bin;C:\ProgramData\Anaconda3\Library\bin;C:\ProgramData\Anaconda3\Scripts;C:\Windows\system32;C:\Windows;C:\Windows\System32\Wbem;C:\Windows\System32\WindowsPowerShell\v1.0\;C:\Windows\System32\OpenSSH\;C:\Program Files\MATLAB\R2013a\runtime\win64;C:\Program Files\MATLAB\R2013a\bin;C:\Program Files (x86)\Microsoft SQL Server\110\Tools\Binn\;C:\Program Files\Microsoft SQL Server\110\Tools\Binn\;C:\Program Files\Microsoft SQL Server\110\DTS\Binn\;C:\Program Files (x86)\Microsoft SQL Server\110\Tools\Binn\ManagementStudio\;C:\Program Files (x86)\Microsoft Visual Studio 10.0\Common7\IDE\PrivateAssemblies\;C:\Program Files (x86)\Microsoft SQL Server\110\DTS\Binn\;C:\Program Files\java\jdk-11.0.9\bin\;C:\Program Files\Git\cmd\;C:\Program Files (x86)\Microsoft SQL Server\Client SDK\ODBC\110\Tools\Binn\;C:\Program Files (x86)\Microsoft SQL Server\120\Tools\Binn\;C:\Program Files (x86)\Microsoft SQL Server\120\DTS\Binn\;C:\Program Files\Microsoft SQL Server\130\Tools\Binn\;C:\Program Files\dotnet\;C:\Program Files\Microsoft SQL Server\Client SDK\ODBC\170\Tools\Binn\;C:\Program Files\nodejs\;C:\gradle-8.2.1\bin\;C:\Program Files\MongoDB\Server\5.0\bin\;C:\Program Files\MongoDB\Tools\100\bin\;C:\Java\apache-maven-3.9.4\bin;;C:\Program Files\Docker\Docker\resources\bin;C:\Users\Student\AppData\Local\Programs\Python\Python312\Scripts\;C:\Users\Student\AppData\Local\Programs\Python\Python312\;C:\Users\Student\AppData\Local\Microsoft\WindowsApps;C:\Users\Student\AppData\Local\Programs\Microsoft VS Code\bin;C:\Users\Student\.dotnet\tools;C:\Users\Student\AppData\Roaming\npm;C:\Users\Student\AppData\Local\Programs\mongosh\;C:\Program Files\MongoDB\Tools\100;C:\Program Files\MongoDB\Server\5.0\bin;;C:\Progra
USERNAME=Student
OS=Windows_NT
PROCESSOR_IDENTIFIER=Intel64 Family 6 Model 165 Stepping 3, GenuineIntel



---------------  S Y S T E M  ---------------

OS:
 Windows 10 , 64 bit Build 19041 (10.0.19041.804)
OS uptime: 0 days 1:36 hours
Hyper-V role detected

CPU: total 12 (initial active 12) (6 cores per cpu, 2 threads per core) family 6 model 165 stepping 3 microcode 0xe0, cx8, cmov, fxsr, ht, mmx, 3dnowpref, sse, sse2, sse3, ssse3, sse4.1, sse4.2, popcnt, lzcnt, tsc, tscinvbit, avx, avx2, aes, erms, clmul, bmi1, bmi2, adx, fma, vzeroupper, clflush, clflushopt, hv

Memory: 4k page, system-wide physical 7939M (827M free)
TotalPageFile size 11539M (AvailPageFile size 298M)
current process WorkingSet (physical memory assigned to process): 314M, peak: 354M
current process commit charge ("private bytes"): 460M, peak: 491M

vm_info: Java HotSpot(TM) 64-Bit Server VM (17.0.8+9-LTS-211) for windows-amd64 JRE (17.0.8+9-LTS-211), built on Jun 14 2023 10:34:31 by "mach5one" with MS VC++ 17.1 (VS2022)

END.
